==============================================================
Vitis HLS - High-Level Synthesis from C, C++ and OpenCL v2023.1 (64-bit)
Tool Version Limit: 2023.05
Copyright 1986-2022 Xilinx, Inc. All Rights Reserved.
Copyright 2022-2023 Advanced Micro Devices, Inc. All Rights Reserved.

==============================================================
INFO: [HLS 200-1505] Using flow_target 'vitis'
INFO: [HLS 200-435] Setting 'open_solution -flow_target vitis' configuration: config_interface -m_axi_latency=64
INFO: [HLS 200-435] Setting 'open_solution -flow_target vitis' configuration: config_interface -m_axi_alignment_byte_size=64
INFO: [HLS 200-435] Setting 'open_solution -flow_target vitis' configuration: config_interface -m_axi_max_widen_bitwidth=512
INFO: [HLS 200-435] Setting 'open_solution -flow_target vitis' configuration: config_rtl -register_reset_num=3
INFO: [HLS 200-1510] Running: set_part xcu250-figd2104-2L-e 
INFO: [HLS 200-1611] Setting target device to 'xcu250-figd2104-2L-e'
INFO: [HLS 200-1510] Running: create_clock -period 300.000000MHz -name default 
INFO: [SYN 201-201] Setting up clock 'default' with a period of 3.333ns.
INFO: [HLS 200-1510] Running: config_dataflow -strict_mode warning 
INFO: [HLS 200-1510] Running: config_rtl -deadlock_detection sim 
INFO: [HLS 200-1510] Running: config_interface -m_axi_conservative_mode=1 
INFO: [HLS 200-1510] Running: config_interface -m_axi_addr64 
INFO: [HLS 200-1510] Running: config_interface -m_axi_auto_max_ports=0 
INFO: [HLS 200-1510] Running: config_export -format xo -ipname kernel_0_0 
INFO: [HLS 200-1510] Running: config_compile -pipeline_style frp 
INFO: [HLS 200-1510] Running: csynth_design 
INFO: [HLS 200-111] Finished File checks and directory preparation: CPU user time: 0.1 seconds. CPU system time: 0.03 seconds. Elapsed time: 0.18 seconds; current allocated memory: 1.079 GB.
INFO: [HLS 200-10] Analyzing design file '/net/myshella/home/grodzki/PyVectors/.dacecache/kernel/src/xilinx/device/kernel_0_0.cpp' ... 
WARNING: [HLS 214-114] Since the only kind of statements allowed in a canonical dataflow region are variable declarations and function calls, the compiler may not be able to correctly handle the region (/net/myshella/home/grodzki/PyVectors/.dacecache/kernel/src/xilinx/device/kernel_0_0.cpp:312:9)
WARNING: [HLS 200-471] Dataflow form checks found 1 issue(s) in file /net/myshella/home/grodzki/PyVectors/.dacecache/kernel/src/xilinx/device/kernel_0_0.cpp
WARNING: [HLS 207-5292] unused parameter 'a' (/home/grodzki/.local/lib/python3.10/site-packages/dace/codegen/../runtime/include/dace/reduction.h:499:38)
WARNING: [HLS 207-5292] unused parameter 'fifos' (/home/grodzki/.local/lib/python3.10/site-packages/dace/codegen/../runtime/include/dace/xilinx/stream.h:88:48)
WARNING: [HLS 207-5292] unused parameter 'str' (/home/grodzki/.local/lib/python3.10/site-packages/dace/codegen/../runtime/include/dace/xilinx/stream.h:88:75)
WARNING: [HLS 207-5292] unused parameter 'num' (/home/grodzki/.local/lib/python3.10/site-packages/dace/codegen/../runtime/include/dace/xilinx/stream.h:89:30)
INFO: [HLS 200-111] Finished Source Code Analysis and Preprocessing: CPU user time: 6.95 seconds. CPU system time: 1.36 seconds. Elapsed time: 11.9 seconds; current allocated memory: 1.086 GB.
INFO: [HLS 200-777] Using interface defaults for 'Vitis' flow target.
INFO: [HLS 200-1995] There were 794 instructions in the design after the 'Compile/Link' phase of compilation. See the Design Size Report for more details: /net/myshella/home/grodzki/PyVectors/.dacecache/kernel/build/_x/kernel_0_0_hw_emu/kernel_0_0/kernel_0_0/solution/syn/report/csynth_design_size.rpt
INFO: [HLS 214-131] Inlining function 'hlslib::Stream<double, 0ul, (hlslib::Storage)0>::Stream(char const*, unsigned long, hlslib::Storage)' into 'hlslib::Stream<double, 32ul, (hlslib::Storage)0>::Stream(char const*)' (/home/grodzki/.local/lib/python3.10/site-packages/dace/codegen/../external/hlslib/include/hlslib/xilinx/Stream.h:497:36)
INFO: [HLS 214-131] Inlining function 'hlslib::Stream<double, 32ul, (hlslib::Storage)0>::Stream(char const*)' into 'hlslib::Stream<double, 32ul, (hlslib::Storage)0>::Stream()' (/home/grodzki/.local/lib/python3.10/site-packages/dace/codegen/../external/hlslib/include/hlslib/xilinx/Stream.h:493:14)
INFO: [HLS 214-131] Inlining function 'hlslib::Stream<double, 32ul, (hlslib::Storage)0>::Stream()' into 'dace::FIFO<double, 1u, 32u>::FIFO()' (/home/grodzki/.local/lib/python3.10/site-packages/dace/codegen/../runtime/include/dace/xilinx/stream.h:17:12)
INFO: [HLS 214-131] Inlining function 'hlslib::Stream<double, 0ul, (hlslib::Storage)0>::Stream(char const*, unsigned long, hlslib::Storage)' into 'hlslib::Stream<double, 1ul, (hlslib::Storage)0>::Stream(char const*)' (/home/grodzki/.local/lib/python3.10/site-packages/dace/codegen/../external/hlslib/include/hlslib/xilinx/Stream.h:497:36)
INFO: [HLS 214-131] Inlining function 'hlslib::Stream<double, 1ul, (hlslib::Storage)0>::Stream(char const*)' into 'hlslib::Stream<double, 1ul, (hlslib::Storage)0>::Stream()' (/home/grodzki/.local/lib/python3.10/site-packages/dace/codegen/../external/hlslib/include/hlslib/xilinx/Stream.h:493:14)
INFO: [HLS 214-131] Inlining function 'hlslib::Stream<double, 1ul, (hlslib::Storage)0>::Stream()' into 'dace::FIFO<double, 1u, 1u>::FIFO()' (/home/grodzki/.local/lib/python3.10/site-packages/dace/codegen/../runtime/include/dace/xilinx/stream.h:17:12)
INFO: [HLS 214-131] Inlining function 'hlslib::Stream<double, 0ul, (hlslib::Storage)0>::Stream(char const*, unsigned long, hlslib::Storage)' into 'hlslib::Stream<double, 70ul, (hlslib::Storage)0>::Stream(char const*)' (/home/grodzki/.local/lib/python3.10/site-packages/dace/codegen/../external/hlslib/include/hlslib/xilinx/Stream.h:497:36)
INFO: [HLS 214-131] Inlining function 'hlslib::Stream<double, 70ul, (hlslib::Storage)0>::Stream(char const*)' into 'hlslib::Stream<double, 70ul, (hlslib::Storage)0>::Stream()' (/home/grodzki/.local/lib/python3.10/site-packages/dace/codegen/../external/hlslib/include/hlslib/xilinx/Stream.h:493:14)
INFO: [HLS 214-131] Inlining function 'hlslib::Stream<double, 70ul, (hlslib::Storage)0>::Stream()' into 'dace::FIFO<double, 1u, 70u>::FIFO()' (/home/grodzki/.local/lib/python3.10/site-packages/dace/codegen/../runtime/include/dace/xilinx/stream.h:17:12)
INFO: [HLS 214-131] Inlining function 'hlslib::Stream<double, 0ul, (hlslib::Storage)0>::WriteBlocking(double const&, unsigned long)' into 'hlslib::Stream<double, 0ul, (hlslib::Storage)0>::WriteBlocking(double const&)' (/home/grodzki/.local/lib/python3.10/site-packages/dace/codegen/../external/hlslib/include/hlslib/xilinx/Stream.h:277:2)
INFO: [HLS 214-131] Inlining function 'hlslib::Stream<double, 0ul, (hlslib::Storage)0>::WriteBlocking(double const&)' into 'void dace::FIFO<double, 1u, 32u>::push_blocking<double&>(double&)' (/home/grodzki/.local/lib/python3.10/site-packages/dace/codegen/../runtime/include/dace/xilinx/stream.h:49:10)
INFO: [HLS 214-131] Inlining function 'void dace::FIFO<double, 1u, 32u>::push_blocking<double&>(double&)' into 'void dace::FIFO<double, 1u, 32u>::push<double&>(double&)' (/home/grodzki/.local/lib/python3.10/site-packages/dace/codegen/../runtime/include/dace/xilinx/stream.h:55:2)
INFO: [HLS 214-131] Inlining function 'void dace::FIFO<double, 1u, 32u>::push<double&>(double&)' into 'module__Mult__7_0(dace::FIFO<double, 1u, 32u>*, double*, double, double*)' (/net/myshella/home/grodzki/PyVectors/.dacecache/kernel/src/xilinx/device/kernel_0_0.cpp:50:47)
INFO: [HLS 214-131] Inlining function 'hlslib::Stream<double, 0ul, (hlslib::Storage)0>::WriteBlocking(double const&)' into 'void dace::FIFO<double, 1u, 1u>::push_blocking<double&>(double&)' (/home/grodzki/.local/lib/python3.10/site-packages/dace/codegen/../runtime/include/dace/xilinx/stream.h:49:10)
INFO: [HLS 214-131] Inlining function 'void dace::FIFO<double, 1u, 1u>::push_blocking<double&>(double&)' into 'void dace::FIFO<double, 1u, 1u>::push<double&>(double&)' (/home/grodzki/.local/lib/python3.10/site-packages/dace/codegen/../runtime/include/dace/xilinx/stream.h:55:2)
INFO: [HLS 214-131] Inlining function 'void dace::FIFO<double, 1u, 1u>::push<double&>(double&)' into 'module_init_dummy_B_25_read_B_27_0(dace::FIFO<double, 1u, 1u>*, double*)' (/net/myshella/home/grodzki/PyVectors/.dacecache/kernel/src/xilinx/device/kernel_0_0.cpp:90:39)
INFO: [HLS 214-131] Inlining function 'hlslib::Stream<double, 0ul, (hlslib::Storage)0>::ReadBlocking()' into 'dace::FIFO<double, 1u, 32u>::pop_blocking()' (/home/grodzki/.local/lib/python3.10/site-packages/dace/codegen/../runtime/include/dace/xilinx/stream.h:33:17)
INFO: [HLS 214-131] Inlining function 'dace::FIFO<double, 1u, 32u>::pop_blocking()' into 'dace::FIFO<double, 1u, 32u>::pop()' (/home/grodzki/.local/lib/python3.10/site-packages/dace/codegen/../runtime/include/dace/xilinx/stream.h:38:9)
INFO: [HLS 214-131] Inlining function 'hlslib::Stream<double, 0ul, (hlslib::Storage)0>::ReadBlocking()' into 'dace::FIFO<double, 1u, 1u>::pop_blocking()' (/home/grodzki/.local/lib/python3.10/site-packages/dace/codegen/../runtime/include/dace/xilinx/stream.h:33:17)
INFO: [HLS 214-131] Inlining function 'dace::FIFO<double, 1u, 1u>::pop_blocking()' into 'dace::FIFO<double, 1u, 1u>::pop()' (/home/grodzki/.local/lib/python3.10/site-packages/dace/codegen/../runtime/include/dace/xilinx/stream.h:38:9)
INFO: [HLS 214-131] Inlining function 'hlslib::Stream<double, 0ul, (hlslib::Storage)0>::ReadBlocking()' into 'dace::FIFO<double, 1u, 70u>::pop_blocking()' (/home/grodzki/.local/lib/python3.10/site-packages/dace/codegen/../runtime/include/dace/xilinx/stream.h:33:17)
INFO: [HLS 214-131] Inlining function 'dace::FIFO<double, 1u, 70u>::pop_blocking()' into 'dace::FIFO<double, 1u, 70u>::pop()' (/home/grodzki/.local/lib/python3.10/site-packages/dace/codegen/../runtime/include/dace/xilinx/stream.h:38:9)
INFO: [HLS 214-131] Inlining function 'hlslib::Stream<double, 0ul, (hlslib::Storage)0>::WriteBlocking(double const&)' into 'void dace::FIFO<double, 1u, 70u>::push_blocking<double&>(double&)' (/home/grodzki/.local/lib/python3.10/site-packages/dace/codegen/../runtime/include/dace/xilinx/stream.h:49:10)
INFO: [HLS 214-131] Inlining function 'void dace::FIFO<double, 1u, 70u>::push_blocking<double&>(double&)' into 'void dace::FIFO<double, 1u, 70u>::push<double>(double&&)' (/home/grodzki/.local/lib/python3.10/site-packages/dace/codegen/../runtime/include/dace/xilinx/stream.h:55:2)
INFO: [HLS 214-131] Inlining function 'dace::FIFO<double, 1u, 32u>::pop()' into 'module_compute_and_drain_44_buffer_b_43_buffer_a_41_C_data_init_40_0(dace::FIFO<double, 1u, 32u>*, dace::FIFO<double, 1u, 1u>*, dace::FIFO<double, 1u, 70u>*, int)' (/net/myshella/home/grodzki/PyVectors/.dacecache/kernel/src/xilinx/device/kernel_0_0.cpp:135:69)
INFO: [HLS 214-131] Inlining function 'void dace::FIFO<double, 1u, 70u>::push<double>(double&&)' into 'module_compute_and_drain_44_buffer_b_43_buffer_a_41_C_data_init_40_0(dace::FIFO<double, 1u, 32u>*, dace::FIFO<double, 1u, 1u>*, dace::FIFO<double, 1u, 70u>*, int)' (/net/myshella/home/grodzki/PyVectors/.dacecache/kernel/src/xilinx/device/kernel_0_0.cpp:170:165)
INFO: [HLS 214-131] Inlining function 'dace::FIFO<double, 1u, 1u>::pop()' into 'module_compute_and_drain_44_buffer_b_43_buffer_a_41_C_data_init_40_0(dace::FIFO<double, 1u, 32u>*, dace::FIFO<double, 1u, 1u>*, dace::FIFO<double, 1u, 70u>*, int)' (/net/myshella/home/grodzki/PyVectors/.dacecache/kernel/src/xilinx/device/kernel_0_0.cpp:146:69)
INFO: [HLS 214-131] Inlining function 'dace::FIFO<double, 1u, 70u>::pop()' into 'module_compute_and_drain_44_buffer_b_43_buffer_a_41_C_data_init_40_0(dace::FIFO<double, 1u, 32u>*, dace::FIFO<double, 1u, 1u>*, dace::FIFO<double, 1u, 70u>*, int)' (/net/myshella/home/grodzki/PyVectors/.dacecache/kernel/src/xilinx/device/kernel_0_0.cpp:170:253)
INFO: [HLS 214-131] Inlining function 'void dace::FIFO<double, 1u, 1u>::push<double&>(double&)' into 'module_compute_and_drain_44_buffer_b_43_buffer_a_41_C_data_init_40_0(dace::FIFO<double, 1u, 32u>*, dace::FIFO<double, 1u, 1u>*, dace::FIFO<double, 1u, 70u>*, int)' (/net/myshella/home/grodzki/PyVectors/.dacecache/kernel/src/xilinx/device/kernel_0_0.cpp:167:58)
INFO: [HLS 214-131] Inlining function 'dace::FIFO<double, 1u, 70u>::pop()' into 'module_write_C_51__Mult__12_0(dace::FIFO<double, 1u, 70u>*, double*, double*, double, double*)' (/net/myshella/home/grodzki/PyVectors/.dacecache/kernel/src/xilinx/device/kernel_0_0.cpp:258:77)
INFO: [HLS 214-131] Inlining function 'dace::FIFO<double, 1u, 32u>::FIFO()' into 'kernel_0_0' (/net/myshella/home/grodzki/PyVectors/.dacecache/kernel/src/xilinx/device/kernel_0_0.cpp:315:31)
INFO: [HLS 214-131] Inlining function 'dace::FIFO<double, 1u, 1u>::FIFO()' into 'kernel_0_0' (/net/myshella/home/grodzki/PyVectors/.dacecache/kernel/src/xilinx/device/kernel_0_0.cpp:317:30)
INFO: [HLS 214-131] Inlining function 'dace::FIFO<double, 1u, 70u>::FIFO()' into 'kernel_0_0' (/net/myshella/home/grodzki/PyVectors/.dacecache/kernel/src/xilinx/device/kernel_0_0.cpp:319:31)
WARNING: [HLS 214-386] A depth specification is required for MAXI interface port '__tmp0_0' for cosimulation. (/net/myshella/home/grodzki/PyVectors/.dacecache/kernel/src/xilinx/device/kernel_0_0.cpp:295:0)
WARNING: [HLS 214-386] A depth specification is required for MAXI interface port '__tmp1_0' for cosimulation. (/net/myshella/home/grodzki/PyVectors/.dacecache/kernel/src/xilinx/device/kernel_0_0.cpp:295:0)
WARNING: [HLS 214-386] A depth specification is required for MAXI interface port '__tmp2_0' for cosimulation. (/net/myshella/home/grodzki/PyVectors/.dacecache/kernel/src/xilinx/device/kernel_0_0.cpp:295:0)
WARNING: [HLS 214-386] A depth specification is required for MAXI interface port 'fpga_A_0' for cosimulation. (/net/myshella/home/grodzki/PyVectors/.dacecache/kernel/src/xilinx/device/kernel_0_0.cpp:295:0)
WARNING: [HLS 214-386] A depth specification is required for MAXI interface port 'fpga_B_0' for cosimulation. (/net/myshella/home/grodzki/PyVectors/.dacecache/kernel/src/xilinx/device/kernel_0_0.cpp:295:0)
WARNING: [HLS 214-386] A depth specification is required for MAXI interface port 'fpga_C_0' for cosimulation. (/net/myshella/home/grodzki/PyVectors/.dacecache/kernel/src/xilinx/device/kernel_0_0.cpp:295:0)
INFO: [HLS 214-377] Adding 'C_pipe' into disaggregation list because there's stream pragma applied on the struct field (/home/grodzki/.local/lib/python3.10/site-packages/dace/codegen/../external/hlslib/include/hlslib/xilinx/Stream.h:500:9)
INFO: [HLS 214-377] Adding 'B_pipe' into disaggregation list because there's stream pragma applied on the struct field (/home/grodzki/.local/lib/python3.10/site-packages/dace/codegen/../external/hlslib/include/hlslib/xilinx/Stream.h:500:9)
INFO: [HLS 214-377] Adding 'A_pipe' into disaggregation list because there's stream pragma applied on the struct field (/home/grodzki/.local/lib/python3.10/site-packages/dace/codegen/../external/hlslib/include/hlslib/xilinx/Stream.h:500:9)
ERROR: [HLS 214-177] in function 'kernel_0_0': Cannot apply disaggregate pragma/directive on object 'A_pipe' as there is an unresolved Phi node on it (/net/myshella/home/grodzki/PyVectors/.dacecache/kernel/src/xilinx/device/kernel_0_0.cpp:329:1)
ERROR: [HLS 214-177] in function 'kernel_0_0': Cannot apply disaggregate pragma/directive on object 'B_pipe' as there is an unresolved Phi node on it (/net/myshella/home/grodzki/PyVectors/.dacecache/kernel/src/xilinx/device/kernel_0_0.cpp:329:1)
ERROR: [HLS 214-177] in function 'kernel_0_0': Cannot apply disaggregate pragma/directive on object 'C_pipe' as there is an unresolved Phi node on it (/net/myshella/home/grodzki/PyVectors/.dacecache/kernel/src/xilinx/device/kernel_0_0.cpp:329:1)
ERROR: [HLS 200-1715] Encountered problem during source synthesis
INFO: [HLS 200-111] Finished Command csynth_design CPU user time: 10.21 seconds. CPU system time: 2.17 seconds. Elapsed time: 22.84 seconds; current allocated memory: 7.898 MB.
