INFO: [v++ 60-1306] Additional information associated with this v++ link can be found at:
	Reports: /net/myshella/home/grodzki/PyVectors/.dacecache/atax/build/_x/reports/link
	Log files: /net/myshella/home/grodzki/PyVectors/.dacecache/atax/build/_x/logs/link
INFO: [v++ 60-1548] Creating build summary session with primary output /net/myshella/home/grodzki/PyVectors/.dacecache/atax/build/atax_hw.xclbin.link_summary, at Wed Nov 20 15:36:39 2024
INFO: [v++ 60-1315] Creating rulecheck session with output '/net/myshella/home/grodzki/PyVectors/.dacecache/atax/build/_x/reports/link/v++_link_atax_hw_guidance.html', at Wed Nov 20 15:36:39 2024
INFO: [v++ 60-895]   Target platform: /home/rasr/pkgs/vitis_2023.1/Vitis/2023.1/platforms/xilinx_u250_gen3x16_xdma_4_1_202210_1/xilinx_u250_gen3x16_xdma_4_1_202210_1.xpfm
INFO: [v++ 60-1578]   This platform contains Xilinx Shell Archive '/home/rasr/pkgs/vitis_2023.1/Vitis/2023.1/platforms/xilinx_u250_gen3x16_xdma_4_1_202210_1/hw/hw.xsa'
INFO: [v++ 74-78] Compiler Version string: 2023.1
INFO: [v++ 60-629] Linking for hardware target
INFO: [v++ 60-423]   Target device: xilinx_u250_gen3x16_xdma_4_1_202210_1
INFO: [v++ 60-1332] Run 'run_link' status: Not started
INFO: [v++ 60-1443] [15:36:48] Run run_link: Step system_link: Started
INFO: [v++ 60-1453] Command Line: system_link --xo /net/myshella/home/grodzki/PyVectors/.dacecache/atax/build/atax_0_0_hw.xo --config /net/myshella/home/grodzki/PyVectors/.dacecache/atax/build/_x/link/int/syslinkConfig.ini --xpfm /home/rasr/pkgs/vitis_2023.1/Vitis/2023.1/platforms/xilinx_u250_gen3x16_xdma_4_1_202210_1/xilinx_u250_gen3x16_xdma_4_1_202210_1.xpfm --target hw --output_dir /net/myshella/home/grodzki/PyVectors/.dacecache/atax/build/_x/link/int --temp_dir /net/myshella/home/grodzki/PyVectors/.dacecache/atax/build/_x/link/sys_link
INFO: [v++ 60-1454] Run Directory: /net/myshella/home/grodzki/PyVectors/.dacecache/atax/build/_x/link/run_link
INFO: [SYSTEM_LINK 82-70] Extracting xo v3 file /net/myshella/home/grodzki/PyVectors/.dacecache/atax/build/atax_0_0_hw.xo
INFO: [SYSTEM_LINK 82-53] Creating IP database /net/myshella/home/grodzki/PyVectors/.dacecache/atax/build/_x/link/sys_link/_sysl/.cdb/xd_ip_db.xml
INFO: [SYSTEM_LINK 82-38] [15:37:00] build_xd_ip_db started: /home/rasr/pkgs/vitis_2023.1/Vitis/2023.1/bin/build_xd_ip_db -ip_search 0  -sds-pf /net/myshella/home/grodzki/PyVectors/.dacecache/atax/build/_x/link/sys_link/hw.hpfm -clkid 0 -ip /net/myshella/home/grodzki/PyVectors/.dacecache/atax/build/_x/link/sys_link/iprepo/xilinx_com_hls_atax_0_0_1_0,atax_0_0 -o /net/myshella/home/grodzki/PyVectors/.dacecache/atax/build/_x/link/sys_link/_sysl/.cdb/xd_ip_db.xml
INFO: [SYSTEM_LINK 82-37] [15:37:11] build_xd_ip_db finished successfully
Time (s): cpu = 00:00:08 ; elapsed = 00:00:10 . Memory (MB): peak = 443.539 ; gain = 0.000 ; free physical = 6109 ; free virtual = 31942
INFO: [SYSTEM_LINK 82-51] Create system connectivity graph
INFO: [SYSTEM_LINK 82-102] Applying explicit connections to the system connectivity graph: /net/myshella/home/grodzki/PyVectors/.dacecache/atax/build/_x/link/sys_link/cfgraph/cfgen_cfgraph.xml
INFO: [SYSTEM_LINK 82-38] [15:37:11] cfgen started: /home/rasr/pkgs/vitis_2023.1/Vitis/2023.1/bin/cfgen  -slr atax_0_0_1:SLR0 -sp atax_0_0_1.m_axi_gmem0:DDR[0] -sp atax_0_0_1.m_axi_gmem1:DDR[1] -sp atax_0_0_1.m_axi_gmem2:DDR[3] -sp atax_0_0_1.m_axi_gmem3:DDR[2] -dpa_mem_offload false -dmclkid 0 -r /net/myshella/home/grodzki/PyVectors/.dacecache/atax/build/_x/link/sys_link/_sysl/.cdb/xd_ip_db.xml -o /net/myshella/home/grodzki/PyVectors/.dacecache/atax/build/_x/link/sys_link/cfgraph/cfgen_cfgraph.xml
INFO: [CFGEN 83-0] Kernel Specs: 
INFO: [CFGEN 83-0]   kernel: atax_0_0, num: 1  {atax_0_0_1}
INFO: [CFGEN 83-0] Port Specs: 
INFO: [CFGEN 83-0]   kernel: atax_0_0_1, k_port: m_axi_gmem0, sptag: DDR[0]
INFO: [CFGEN 83-0]   kernel: atax_0_0_1, k_port: m_axi_gmem1, sptag: DDR[1]
INFO: [CFGEN 83-0]   kernel: atax_0_0_1, k_port: m_axi_gmem2, sptag: DDR[3]
INFO: [CFGEN 83-0]   kernel: atax_0_0_1, k_port: m_axi_gmem3, sptag: DDR[2]
INFO: [CFGEN 83-0] SLR Specs: 
INFO: [CFGEN 83-0]   instance: atax_0_0_1, SLR: SLR0
INFO: [SYSTEM_LINK 82-37] [15:37:18] cfgen finished successfully
Time (s): cpu = 00:00:07 ; elapsed = 00:00:07 . Memory (MB): peak = 443.539 ; gain = 0.000 ; free physical = 6121 ; free virtual = 31957
INFO: [SYSTEM_LINK 82-52] Create top-level block diagram
INFO: [SYSTEM_LINK 82-38] [15:37:18] cf2bd started: /home/rasr/pkgs/vitis_2023.1/Vitis/2023.1/bin/cf2bd  --linux --trace_buffer 1024 --input_file /net/myshella/home/grodzki/PyVectors/.dacecache/atax/build/_x/link/sys_link/cfgraph/cfgen_cfgraph.xml --ip_db /net/myshella/home/grodzki/PyVectors/.dacecache/atax/build/_x/link/sys_link/_sysl/.cdb/xd_ip_db.xml --cf_name dr --working_dir /net/myshella/home/grodzki/PyVectors/.dacecache/atax/build/_x/link/sys_link/_sysl/.xsd --temp_dir /net/myshella/home/grodzki/PyVectors/.dacecache/atax/build/_x/link/sys_link --output_dir /net/myshella/home/grodzki/PyVectors/.dacecache/atax/build/_x/link/int --target_bd ulp.bd
INFO: [CF2BD 82-31] Launching cf2xd: cf2xd -linux -trace-buffer 1024 -i /net/myshella/home/grodzki/PyVectors/.dacecache/atax/build/_x/link/sys_link/cfgraph/cfgen_cfgraph.xml -r /net/myshella/home/grodzki/PyVectors/.dacecache/atax/build/_x/link/sys_link/_sysl/.cdb/xd_ip_db.xml -o dr.xml
INFO: [CF2BD 82-28] cf2xd finished successfully
INFO: [CF2BD 82-31] Launching cf_xsd: cf_xsd -disable-address-gen -bd ulp.bd -dn dr -dp /net/myshella/home/grodzki/PyVectors/.dacecache/atax/build/_x/link/sys_link/_sysl/.xsd
INFO: [CF2BD 82-28] cf_xsd finished successfully
INFO: [SYSTEM_LINK 82-37] [15:37:25] cf2bd finished successfully
Time (s): cpu = 00:00:04 ; elapsed = 00:00:08 . Memory (MB): peak = 443.539 ; gain = 0.000 ; free physical = 6132 ; free virtual = 31980
INFO: [v++ 60-1441] [15:37:27] Run run_link: Step system_link: Completed
Time (s): cpu = 00:00:21 ; elapsed = 00:00:39 . Memory (MB): peak = 449.562 ; gain = 0.000 ; free physical = 6205 ; free virtual = 32040
INFO: [v++ 60-1443] [15:37:27] Run run_link: Step cf2sw: Started
INFO: [v++ 60-1453] Command Line: cf2sw -sdsl /net/myshella/home/grodzki/PyVectors/.dacecache/atax/build/_x/link/int/sdsl.dat -rtd /net/myshella/home/grodzki/PyVectors/.dacecache/atax/build/_x/link/int/cf2sw.rtd -nofilter /net/myshella/home/grodzki/PyVectors/.dacecache/atax/build/_x/link/int/cf2sw_full.rtd -xclbin /net/myshella/home/grodzki/PyVectors/.dacecache/atax/build/_x/link/int/xclbin_orig.xml -o /net/myshella/home/grodzki/PyVectors/.dacecache/atax/build/_x/link/int/xclbin_orig.1.xml
INFO: [v++ 60-1454] Run Directory: /net/myshella/home/grodzki/PyVectors/.dacecache/atax/build/_x/link/run_link
INFO: [v++ 60-1441] [15:37:33] Run run_link: Step cf2sw: Completed
Time (s): cpu = 00:00:05 ; elapsed = 00:00:06 . Memory (MB): peak = 449.562 ; gain = 0.000 ; free physical = 6206 ; free virtual = 32041
INFO: [v++ 60-1443] [15:37:33] Run run_link: Step rtd2_system_diagram: Started
INFO: [v++ 60-1453] Command Line: rtd2SystemDiagram
INFO: [v++ 60-1454] Run Directory: /net/myshella/home/grodzki/PyVectors/.dacecache/atax/build/_x/link/run_link
INFO: [v++ 60-1441] [15:37:33] Run run_link: Step rtd2_system_diagram: Completed
Time (s): cpu = 00:00:00 ; elapsed = 00:00:00.55 . Memory (MB): peak = 449.562 ; gain = 0.000 ; free physical = 6187 ; free virtual = 32022
INFO: [v++ 60-1443] [15:37:33] Run run_link: Step vpl: Started
INFO: [v++ 60-1453] Command Line: vpl -t hw -f xilinx_u250_gen3x16_xdma_4_1_202210_1 --remote_ip_cache /net/myshella/home/grodzki/PyVectors/.dacecache/atax/build/.ipcache --output_dir /net/myshella/home/grodzki/PyVectors/.dacecache/atax/build/_x/link/int --log_dir /net/myshella/home/grodzki/PyVectors/.dacecache/atax/build/_x/logs/link --report_dir /net/myshella/home/grodzki/PyVectors/.dacecache/atax/build/_x/reports/link --config /net/myshella/home/grodzki/PyVectors/.dacecache/atax/build/_x/link/int/vplConfig.ini -k /net/myshella/home/grodzki/PyVectors/.dacecache/atax/build/_x/link/int/kernel_info.dat --webtalk_flag Vitis --temp_dir /net/myshella/home/grodzki/PyVectors/.dacecache/atax/build/_x/link --no-info --iprepo /net/myshella/home/grodzki/PyVectors/.dacecache/atax/build/_x/link/int/xo/ip_repo/xilinx_com_hls_atax_0_0_1_0 --messageDb /net/myshella/home/grodzki/PyVectors/.dacecache/atax/build/_x/link/run_link/vpl.pb /net/myshella/home/grodzki/PyVectors/.dacecache/atax/build/_x/link/int/dr.bd.tcl
INFO: [v++ 60-1454] Run Directory: /net/myshella/home/grodzki/PyVectors/.dacecache/atax/build/_x/link/run_link

****** vpl v2023.1 (64-bit)
  **** SW Build 3860322 on 2023-05-04-06:32:48
    ** Copyright 1986-2022 Xilinx, Inc. All Rights Reserved.
    ** Copyright 2022-2023 Advanced Micro Devices, Inc. All Rights Reserved.

INFO: [VPL 60-839] Read in kernel information from file '/net/myshella/home/grodzki/PyVectors/.dacecache/atax/build/_x/link/int/kernel_info.dat'.
INFO: [VPL 74-78] Compiler Version string: 2023.1
INFO: [VPL 60-423]   Target device: xilinx_u250_gen3x16_xdma_4_1_202210_1
INFO: [VPL 60-1032] Extracting hardware platform to /net/myshella/home/grodzki/PyVectors/.dacecache/atax/build/_x/link/vivado/vpl/.local/hw_platform
[15:38:23] Run vpl: Step create_project: Started
Creating Vivado project.
[15:38:40] Run vpl: Step create_project: Completed
[15:38:40] Run vpl: Step create_bd: Started
[15:39:58] Run vpl: Step create_bd: RUNNING...
[15:40:10] Run vpl: Step create_bd: Completed
[15:40:10] Run vpl: Step update_bd: Started
[15:40:11] Run vpl: Step update_bd: Completed
[15:40:11] Run vpl: Step generate_target: Started
[15:41:29] Run vpl: Step generate_target: RUNNING...
[15:42:45] Run vpl: Step generate_target: RUNNING...
[15:44:02] Run vpl: Step generate_target: RUNNING...
[15:45:21] Run vpl: Step generate_target: RUNNING...
[15:46:39] Run vpl: Step generate_target: RUNNING...
[15:46:52] Run vpl: Step generate_target: Completed
[15:46:52] Run vpl: Step config_hw_runs: Started
[15:48:14] Run vpl: Step config_hw_runs: RUNNING...
[15:49:34] Run vpl: Step config_hw_runs: RUNNING...
[15:50:54] Run vpl: Step config_hw_runs: RUNNING...
[15:52:15] Run vpl: Step config_hw_runs: RUNNING...
[15:53:34] Run vpl: Step config_hw_runs: RUNNING...
[15:54:54] Run vpl: Step config_hw_runs: RUNNING...
[15:56:13] Run vpl: Step config_hw_runs: RUNNING...
[15:57:34] Run vpl: Step config_hw_runs: RUNNING...
[15:58:53] Run vpl: Step config_hw_runs: RUNNING...
[16:00:12] Run vpl: Step config_hw_runs: RUNNING...
[16:00:31] Run vpl: Step config_hw_runs: Completed
[16:00:31] Run vpl: Step synth: Started
[16:03:14] Block-level synthesis in progress, 0 of 211 jobs complete, 8 jobs running.
[16:03:56] Block-level synthesis in progress, 0 of 211 jobs complete, 8 jobs running.
[16:04:32] Block-level synthesis in progress, 0 of 211 jobs complete, 8 jobs running.
[16:05:05] Block-level synthesis in progress, 0 of 211 jobs complete, 8 jobs running.
[16:05:50] Block-level synthesis in progress, 0 of 211 jobs complete, 8 jobs running.
[16:06:24] Block-level synthesis in progress, 7 of 211 jobs complete, 1 job running.
[16:06:58] Block-level synthesis in progress, 8 of 211 jobs complete, 0 jobs running.
[16:07:30] Block-level synthesis in progress, 8 of 211 jobs complete, 0 jobs running.
[16:08:05] Block-level synthesis in progress, 11 of 211 jobs complete, 5 jobs running.
[16:08:38] Block-level synthesis in progress, 12 of 211 jobs complete, 8 jobs running.
[16:09:12] Block-level synthesis in progress, 13 of 211 jobs complete, 7 jobs running.
[16:09:47] Block-level synthesis in progress, 13 of 211 jobs complete, 8 jobs running.
[16:10:20] Block-level synthesis in progress, 19 of 211 jobs complete, 2 jobs running.
[16:10:59] Block-level synthesis in progress, 19 of 211 jobs complete, 2 jobs running.
[16:11:32] Block-level synthesis in progress, 20 of 211 jobs complete, 1 job running.
[16:12:05] Block-level synthesis in progress, 20 of 211 jobs complete, 8 jobs running.
[16:12:44] Block-level synthesis in progress, 20 of 211 jobs complete, 8 jobs running.
[16:13:17] Block-level synthesis in progress, 20 of 211 jobs complete, 8 jobs running.
[16:13:54] Block-level synthesis in progress, 22 of 211 jobs complete, 6 jobs running.
[16:14:28] Block-level synthesis in progress, 27 of 211 jobs complete, 1 job running.
[16:15:01] Block-level synthesis in progress, 27 of 211 jobs complete, 1 job running.
[16:15:34] Block-level synthesis in progress, 27 of 211 jobs complete, 6 jobs running.
[16:16:07] Block-level synthesis in progress, 31 of 211 jobs complete, 4 jobs running.
[16:16:46] Block-level synthesis in progress, 31 of 211 jobs complete, 8 jobs running.
[16:17:26] Block-level synthesis in progress, 31 of 211 jobs complete, 8 jobs running.
[16:17:58] Block-level synthesis in progress, 32 of 211 jobs complete, 7 jobs running.
[16:18:48] Block-level synthesis in progress, 32 of 211 jobs complete, 7 jobs running.
[16:20:23] Block-level synthesis in progress, 33 of 211 jobs complete, 6 jobs running.
[16:21:34] Block-level synthesis in progress, 33 of 211 jobs complete, 6 jobs running.
[16:22:22] Block-level synthesis in progress, 33 of 211 jobs complete, 6 jobs running.
[16:22:58] Block-level synthesis in progress, 37 of 211 jobs complete, 2 jobs running.
[16:23:31] Block-level synthesis in progress, 37 of 211 jobs complete, 5 jobs running.
[16:24:06] Block-level synthesis in progress, 38 of 211 jobs complete, 7 jobs running.
[16:24:40] Block-level synthesis in progress, 38 of 211 jobs complete, 8 jobs running.
[16:25:14] Block-level synthesis in progress, 39 of 211 jobs complete, 8 jobs running.
[16:25:49] Block-level synthesis in progress, 41 of 211 jobs complete, 6 jobs running.
[16:26:42] Block-level synthesis in progress, 42 of 211 jobs complete, 5 jobs running.
[16:28:11] Block-level synthesis in progress, 43 of 211 jobs complete, 4 jobs running.
[16:30:07] Block-level synthesis in progress, 43 of 211 jobs complete, 4 jobs running.
[16:31:58] Block-level synthesis in progress, 43 of 211 jobs complete, 4 jobs running.
[16:33:37] Block-level synthesis in progress, 44 of 211 jobs complete, 3 jobs running.
[16:35:51] Block-level synthesis in progress, 44 of 211 jobs complete, 3 jobs running.
[16:38:43] Block-level synthesis in progress, 44 of 211 jobs complete, 3 jobs running.
[16:40:15] Block-level synthesis in progress, 44 of 211 jobs complete, 3 jobs running.
[16:40:48] Block-level synthesis in progress, 44 of 211 jobs complete, 7 jobs running.
[16:41:33] Block-level synthesis in progress, 44 of 211 jobs complete, 8 jobs running.
[16:42:07] Block-level synthesis in progress, 45 of 211 jobs complete, 7 jobs running.
[16:42:47] Block-level synthesis in progress, 45 of 211 jobs complete, 7 jobs running.
[16:43:19] Block-level synthesis in progress, 49 of 211 jobs complete, 3 jobs running.
[16:43:52] Block-level synthesis in progress, 50 of 211 jobs complete, 5 jobs running.
[16:44:25] Block-level synthesis in progress, 53 of 211 jobs complete, 4 jobs running.
[16:44:58] Block-level synthesis in progress, 56 of 211 jobs complete, 5 jobs running.
[16:45:31] Block-level synthesis in progress, 59 of 211 jobs complete, 4 jobs running.
[16:46:04] Block-level synthesis in progress, 59 of 211 jobs complete, 5 jobs running.
[16:46:37] Block-level synthesis in progress, 62 of 211 jobs complete, 3 jobs running.
[16:47:11] Block-level synthesis in progress, 65 of 211 jobs complete, 3 jobs running.
[16:47:44] Block-level synthesis in progress, 65 of 211 jobs complete, 7 jobs running.
[16:48:18] Block-level synthesis in progress, 70 of 211 jobs complete, 6 jobs running.
[16:48:52] Block-level synthesis in progress, 72 of 211 jobs complete, 5 jobs running.
[16:49:26] Block-level synthesis in progress, 76 of 211 jobs complete, 3 jobs running.
[16:49:59] Block-level synthesis in progress, 82 of 211 jobs complete, 2 jobs running.
[16:50:31] Block-level synthesis in progress, 82 of 211 jobs complete, 6 jobs running.
[16:51:04] Block-level synthesis in progress, 86 of 211 jobs complete, 7 jobs running.
[16:51:36] Block-level synthesis in progress, 93 of 211 jobs complete, 6 jobs running.
[16:52:14] Block-level synthesis in progress, 95 of 211 jobs complete, 6 jobs running.
[16:52:48] Block-level synthesis in progress, 98 of 211 jobs complete, 6 jobs running.
[16:53:22] Block-level synthesis in progress, 102 of 211 jobs complete, 5 jobs running.
[16:53:55] Block-level synthesis in progress, 107 of 211 jobs complete, 4 jobs running.
[16:54:28] Block-level synthesis in progress, 114 of 211 jobs complete, 4 jobs running.
[16:55:11] Block-level synthesis in progress, 117 of 211 jobs complete, 8 jobs running.
[16:55:45] Block-level synthesis in progress, 119 of 211 jobs complete, 6 jobs running.
[16:56:20] Block-level synthesis in progress, 122 of 211 jobs complete, 5 jobs running.
[16:56:54] Block-level synthesis in progress, 125 of 211 jobs complete, 3 jobs running.
[16:57:27] Block-level synthesis in progress, 126 of 211 jobs complete, 4 jobs running.
[16:58:02] Block-level synthesis in progress, 129 of 211 jobs complete, 5 jobs running.
[16:58:36] Block-level synthesis in progress, 130 of 211 jobs complete, 6 jobs running.
[16:59:11] Block-level synthesis in progress, 130 of 211 jobs complete, 8 jobs running.
[16:59:44] Block-level synthesis in progress, 134 of 211 jobs complete, 4 jobs running.
[17:00:18] Block-level synthesis in progress, 135 of 211 jobs complete, 3 jobs running.
[17:00:52] Block-level synthesis in progress, 136 of 211 jobs complete, 6 jobs running.
[17:01:25] Block-level synthesis in progress, 142 of 211 jobs complete, 2 jobs running.
[17:01:58] Block-level synthesis in progress, 147 of 211 jobs complete, 3 jobs running.
[17:02:33] Block-level synthesis in progress, 153 of 211 jobs complete, 2 jobs running.
[17:03:06] Block-level synthesis in progress, 156 of 211 jobs complete, 3 jobs running.
[17:03:41] Block-level synthesis in progress, 157 of 211 jobs complete, 7 jobs running.
[17:04:19] Block-level synthesis in progress, 158 of 211 jobs complete, 6 jobs running.
[17:04:51] Block-level synthesis in progress, 158 of 211 jobs complete, 7 jobs running.
[17:05:21] Block-level synthesis in progress, 160 of 211 jobs complete, 6 jobs running.
[17:05:55] Block-level synthesis in progress, 164 of 211 jobs complete, 2 jobs running.
[17:06:31] Block-level synthesis in progress, 164 of 211 jobs complete, 2 jobs running.
[17:07:05] Block-level synthesis in progress, 167 of 211 jobs complete, 6 jobs running.
[17:07:40] Block-level synthesis in progress, 167 of 211 jobs complete, 7 jobs running.
[17:08:15] Block-level synthesis in progress, 167 of 211 jobs complete, 8 jobs running.
[17:08:49] Block-level synthesis in progress, 168 of 211 jobs complete, 7 jobs running.
[17:09:22] Block-level synthesis in progress, 175 of 211 jobs complete, 0 jobs running.
[17:09:56] Block-level synthesis in progress, 175 of 211 jobs complete, 0 jobs running.
[17:10:29] Block-level synthesis in progress, 175 of 211 jobs complete, 8 jobs running.
[17:11:06] Block-level synthesis in progress, 176 of 211 jobs complete, 7 jobs running.
[17:11:41] Block-level synthesis in progress, 176 of 211 jobs complete, 8 jobs running.
[17:12:16] Block-level synthesis in progress, 177 of 211 jobs complete, 7 jobs running.
[17:12:50] Block-level synthesis in progress, 182 of 211 jobs complete, 2 jobs running.
[17:13:25] Block-level synthesis in progress, 182 of 211 jobs complete, 2 jobs running.
[17:13:58] Block-level synthesis in progress, 183 of 211 jobs complete, 7 jobs running.
[17:14:34] Block-level synthesis in progress, 184 of 211 jobs complete, 8 jobs running.
[17:15:09] Block-level synthesis in progress, 184 of 211 jobs complete, 8 jobs running.
[17:21:17] Block-level synthesis in progress, 184 of 211 jobs complete, 8 jobs running.
[17:22:42] Block-level synthesis in progress, 184 of 211 jobs complete, 8 jobs running.
[17:24:07] Block-level synthesis in progress, 187 of 211 jobs complete, 5 jobs running.
[17:25:58] Block-level synthesis in progress, 187 of 211 jobs complete, 5 jobs running.
[17:27:00] Block-level synthesis in progress, 187 of 211 jobs complete, 5 jobs running.
[17:28:10] Block-level synthesis in progress, 188 of 211 jobs complete, 4 jobs running.
[17:29:17] Block-level synthesis in progress, 188 of 211 jobs complete, 4 jobs running.
[17:29:52] Block-level synthesis in progress, 188 of 211 jobs complete, 8 jobs running.
[17:30:29] Block-level synthesis in progress, 191 of 211 jobs complete, 7 jobs running.
[17:31:04] Block-level synthesis in progress, 194 of 211 jobs complete, 5 jobs running.
[17:31:54] Block-level synthesis in progress, 199 of 211 jobs complete, 3 jobs running.
[17:32:25] Block-level synthesis in progress, 199 of 211 jobs complete, 7 jobs running.
[17:32:59] Block-level synthesis in progress, 201 of 211 jobs complete, 5 jobs running.
[17:33:33] Block-level synthesis in progress, 203 of 211 jobs complete, 3 jobs running.
[17:34:07] Block-level synthesis in progress, 206 of 211 jobs complete, 4 jobs running.
[17:34:40] Block-level synthesis in progress, 207 of 211 jobs complete, 3 jobs running.
[17:35:13] Block-level synthesis in progress, 208 of 211 jobs complete, 2 jobs running.
[17:35:47] Block-level synthesis in progress, 208 of 211 jobs complete, 2 jobs running.
[17:36:19] Block-level synthesis in progress, 208 of 211 jobs complete, 2 jobs running.
[17:36:52] Block-level synthesis in progress, 208 of 211 jobs complete, 2 jobs running.
[17:37:25] Block-level synthesis in progress, 209 of 211 jobs complete, 1 job running.
[17:37:58] Block-level synthesis in progress, 210 of 211 jobs complete, 0 jobs running.
[17:38:31] Block-level synthesis in progress, 210 of 211 jobs complete, 1 job running.
[17:39:04] Block-level synthesis in progress, 210 of 211 jobs complete, 1 job running.
[17:39:37] Block-level synthesis in progress, 210 of 211 jobs complete, 1 job running.
[17:40:10] Block-level synthesis in progress, 210 of 211 jobs complete, 1 job running.
[17:40:43] Top-level synthesis in progress.
[17:41:16] Top-level synthesis in progress.
[17:41:48] Top-level synthesis in progress.
[17:42:20] Top-level synthesis in progress.
[17:42:54] Top-level synthesis in progress.
[17:43:52] Run vpl: Step synth: Completed
[17:43:52] Run vpl: Step impl: Started
[17:56:28] Finished 2nd of 6 tasks (FPGA linking synthesized kernels to platform). Elapsed time: 02h 18m 52s 

[17:56:28] Starting logic optimization..
[17:57:00] Phase 1 Generate And Synthesize MIG Cores
[18:07:31] Phase 2 Generate And Synthesize Debug Cores
[18:12:02] Phase 3 Retarget
[18:12:02] Phase 4 Constant propagation
[18:12:34] Phase 5 Sweep
[18:13:08] Phase 6 BUFG optimization
[18:13:08] Phase 7 Shift Register Optimization
[18:13:40] Phase 8 Post Processing Netlist
[18:15:19] Finished 3rd of 6 tasks (FPGA logic optimization). Elapsed time: 00h 18m 51s 

[18:15:19] Starting logic placement..
[18:15:52] Phase 1 Placer Initialization
[18:15:52] Phase 1.1 Placer Initialization Netlist Sorting
[18:21:20] Phase 1.2 IO Placement/ Clock Placement/ Build Placer Device
[18:22:25] Phase 1.3 Build Placer Netlist Model
[18:25:42] Phase 1.4 Constrain Clocks/Macros
[18:26:15] Phase 2 Global Placement
[18:26:15] Phase 2.1 Floorplanning
[18:27:20] Phase 2.1.1 Partition Driven Placement
[18:27:20] Phase 2.1.1.1 PBP: Partition Driven Placement
[18:28:59] Phase 2.1.1.2 PBP: Clock Region Placement
[18:31:44] Phase 2.1.1.3 PBP: Compute Congestion
[18:32:17] Phase 2.1.1.4 PBP: UpdateTiming
[18:32:50] Phase 2.1.1.5 PBP: Add part constraints
[18:32:50] Phase 2.2 Physical Synthesis After Floorplan
[18:33:23] Phase 2.3 Update Timing before SLR Path Opt
[18:33:23] Phase 2.4 Post-Processing in Floorplanning
[18:33:23] Phase 2.5 Global Placement Core
[18:42:10] Phase 2.5.1 UpdateTiming Before Physical Synthesis
[18:42:10] Phase 2.5.2 Physical Synthesis In Placer
[18:48:46] Phase 3 Detail Placement
[18:48:46] Phase 3.1 Commit Multi Column Macros
[18:48:46] Phase 3.2 Commit Most Macros & LUTRAMs
[18:52:39] Phase 3.3 Small Shape DP
[18:52:39] Phase 3.3.1 Small Shape Clustering
[18:53:11] Phase 3.3.2 Flow Legalize Slice Clusters
[18:53:45] Phase 3.3.3 Slice Area Swap
[18:53:45] Phase 3.3.3.1 Slice Area Swap Initial
[18:55:57] Phase 3.4 Place Remaining
[18:56:29] Phase 3.5 Re-assign LUT pins
[18:58:42] Phase 3.6 Pipeline Register Optimization
[18:58:42] Phase 3.7 Fast Optimization
[18:59:48] Phase 4 Post Placement Optimization and Clean-Up
[18:59:48] Phase 4.1 Post Commit Optimization
[19:01:27] Phase 4.1.1 Post Placement Optimization
[19:02:00] Phase 4.1.1.1 BUFG Insertion
[19:02:00] Phase 1 Physical Synthesis Initialization
[19:02:33] Phase 4.1.1.2 BUFG Replication
[19:02:33] Phase 4.1.1.3 Post Placement Timing Optimization
[19:03:06] Phase 4.1.1.4 Replication
[19:05:17] Phase 4.2 Post Placement Cleanup
[19:05:17] Phase 4.3 Placer Reporting
[19:05:17] Phase 4.3.1 Print Estimated Congestion
[19:05:50] Phase 4.4 Final Placement Cleanup
[19:09:08] Finished 4th of 6 tasks (FPGA logic placement). Elapsed time: 00h 53m 48s 

[19:09:08] Starting logic routing..
[19:10:14] Phase 1 Build RT Design
[19:12:59] Phase 2 Router Initialization
[19:12:59] Phase 2.1 Fix Topology Constraints
[19:13:32] Phase 2.2 Pre Route Cleanup
[19:13:32] Phase 2.3 Global Clock Net Routing
[19:14:38] Phase 2.4 Update Timing
[19:16:17] Phase 2.5 Update Timing for Bus Skew
[19:16:17] Phase 2.5.1 Update Timing
[19:17:56] Phase 3 Initial Routing
[19:17:56] Phase 3.1 Global Routing
[19:20:08] Phase 4 Rip-up And Reroute
[19:20:08] Phase 4.1 Global Iteration 0
[19:29:26] Phase 4.2 Global Iteration 1
[19:31:06] Phase 5 Delay and Skew Optimization
[19:31:06] Phase 5.1 Delay CleanUp
[19:31:06] Phase 5.1.1 Update Timing
[19:31:38] Phase 5.1.2 Update Timing
[19:32:44] Phase 5.2 Clock Skew Optimization
[19:33:18] Phase 6 Post Hold Fix
[19:33:18] Phase 6.1 Hold Fix Iter
[19:33:18] Phase 6.1.1 Update Timing
[19:34:24] Phase 7 Leaf Clock Prog Delay Opt
[19:34:57] Phase 8 Route finalize
[19:35:30] Phase 9 Verifying routed nets
[19:35:30] Phase 10 Depositing Routes
[19:36:35] Phase 11 Resolve XTalk
[19:36:35] Phase 12 Post Router Timing
[19:36:35] Phase 12.1 Update Timing
[19:37:41] Finished 5th of 6 tasks (FPGA routing). Elapsed time: 00h 28m 32s 

[19:37:41] Starting bitstream generation..
[19:37:41] Phase 13 Post-Route Event Processing
Starting optional post-route physical design optimization.
Finished optional post-route physical design optimization.
[19:59:52] Creating bitmap...
[20:23:37] Writing bitstream ./level0_i_level1_level1_i_ulp_my_rm_partial.bit...
[20:23:37] Finished 6th of 6 tasks (FPGA bitstream generation). Elapsed time: 00h 45m 55s 
Check VPL, containing 11 checks, has run: 0 errors, 3 warning violations, 1 advisory violation
WARNING: [ACCELERATOR-SLR-01] The compute unit atax_0_0_1 is located in SLR0 while its port atax_0_0_1/m_axi_gmem1 is connected to a memory in SLR1.
WARNING: [ACCELERATOR-SLR-01] The compute unit atax_0_0_1 is located in SLR0 while its port atax_0_0_1/m_axi_gmem2 is connected to a memory in SLR3.
WARNING: [ACCELERATOR-SLR-01] The compute unit atax_0_0_1 is located in SLR0 while its port atax_0_0_1/m_axi_gmem3 is connected to a memory in SLR2.
ADVISORY: [AUTO-FREQ-SCALING-08] For clock clk_kernel_00_unbuffered_net, the auto scaled frequency 306.2 MHz exceeds the original specified frequency. The compiler will select the original specified frequency of 300.0 MHz.
[20:27:51] Run vpl: Step impl: Completed
[20:27:54] Run vpl: FINISHED. Run Status: impl Complete!
INFO: [v++ 60-1441] [20:28:18] Run run_link: Step vpl: Completed
Time (s): cpu = 00:06:28 ; elapsed = 04:50:44 . Memory (MB): peak = 449.562 ; gain = 0.000 ; free physical = 12788 ; free virtual = 32586
INFO: [v++ 60-1443] [20:28:18] Run run_link: Step rtdgen: Started
INFO: [v++ 60-1453] Command Line: rtdgen
INFO: [v++ 60-1454] Run Directory: /net/myshella/home/grodzki/PyVectors/.dacecache/atax/build/_x/link/run_link
INFO: [v++ 60-991] clock name 'ss_ucs/aclk_kernel_00' (clock ID '0') is being mapped to clock name 'DATA_CLK' in the xclbin
INFO: [v++ 60-991] clock name 'ss_ucs/aclk_kernel_01' (clock ID '1') is being mapped to clock name 'KERNEL_CLK' in the xclbin
INFO: [v++ 60-1230] The compiler selected the following frequencies for the runtime controllable kernel clock(s) and scalable system clock(s): Kernel (DATA) clock: ss_ucs/aclk_kernel_00 = 300, Kernel (KERNEL) clock: ss_ucs/aclk_kernel_01 = 500
INFO: [v++ 60-1453] Command Line: cf2sw -a /net/myshella/home/grodzki/PyVectors/.dacecache/atax/build/_x/link/int/address_map.xml -sdsl /net/myshella/home/grodzki/PyVectors/.dacecache/atax/build/_x/link/int/sdsl.dat -xclbin /net/myshella/home/grodzki/PyVectors/.dacecache/atax/build/_x/link/int/xclbin_orig.xml -rtd /net/myshella/home/grodzki/PyVectors/.dacecache/atax/build/_x/link/int/atax_hw.rtd -o /net/myshella/home/grodzki/PyVectors/.dacecache/atax/build/_x/link/int/atax_hw.xml
INFO: [v++ 60-1652] Cf2sw returned exit code: 0
INFO: [v++ 60-1441] [20:28:24] Run run_link: Step rtdgen: Completed
Time (s): cpu = 00:00:05 ; elapsed = 00:00:06 . Memory (MB): peak = 449.562 ; gain = 0.000 ; free physical = 12374 ; free virtual = 32584
INFO: [v++ 60-1443] [20:28:24] Run run_link: Step xclbinutil: Started
INFO: [v++ 60-1453] Command Line: xclbinutil --add-section BITSTREAM:RAW:/net/myshella/home/grodzki/PyVectors/.dacecache/atax/build/_x/link/int/partial.bit --force --target hw --key-value SYS:dfx_enable:true --add-section :JSON:/net/myshella/home/grodzki/PyVectors/.dacecache/atax/build/_x/link/int/atax_hw.rtd --append-section :JSON:/net/myshella/home/grodzki/PyVectors/.dacecache/atax/build/_x/link/int/appendSection.rtd --add-section CLOCK_FREQ_TOPOLOGY:JSON:/net/myshella/home/grodzki/PyVectors/.dacecache/atax/build/_x/link/int/atax_hw_xml.rtd --add-section BUILD_METADATA:JSON:/net/myshella/home/grodzki/PyVectors/.dacecache/atax/build/_x/link/int/atax_hw_build.rtd --add-section EMBEDDED_METADATA:RAW:/net/myshella/home/grodzki/PyVectors/.dacecache/atax/build/_x/link/int/atax_hw.xml --add-section SYSTEM_METADATA:RAW:/net/myshella/home/grodzki/PyVectors/.dacecache/atax/build/_x/link/int/systemDiagramModelSlrBaseAddress.json --key-value SYS:PlatformVBNV:xilinx_u250_gen3x16_xdma_4_1_202210_1 --output /net/myshella/home/grodzki/PyVectors/.dacecache/atax/build/atax_hw.xclbin
INFO: [v++ 60-1454] Run Directory: /net/myshella/home/grodzki/PyVectors/.dacecache/atax/build/_x/link/run_link
XRT Build Version: 2.15.0 (Vitis)
       Build Date: 2023-01-17 15:08:40
          Hash ID: e9fc047c277d2d5b1991962729f4b5ed76110bb6
Creating a default 'in-memory' xclbin image.

Section: 'BITSTREAM'(0) was successfully added.
Size   : 54143790 bytes
Format : RAW
File   : '/net/myshella/home/grodzki/PyVectors/.dacecache/atax/build/_x/link/int/partial.bit'

Section: 'MEM_TOPOLOGY'(6) was successfully added.
Format : JSON
File   : 'mem_topology'

Section: 'IP_LAYOUT'(8) was successfully added.
Format : JSON
File   : 'ip_layout'

Section: 'CONNECTIVITY'(7) was successfully added.
Format : JSON
File   : 'connectivity'

Section: 'CLOCK_FREQ_TOPOLOGY'(11) was successfully added.
Size   : 274 bytes
Format : JSON
File   : '/net/myshella/home/grodzki/PyVectors/.dacecache/atax/build/_x/link/int/atax_hw_xml.rtd'

Section: 'BUILD_METADATA'(14) was successfully added.
Size   : 2890 bytes
Format : JSON
File   : '/net/myshella/home/grodzki/PyVectors/.dacecache/atax/build/_x/link/int/atax_hw_build.rtd'

Section: 'EMBEDDED_METADATA'(2) was successfully added.
Size   : 8033 bytes
Format : RAW
File   : '/net/myshella/home/grodzki/PyVectors/.dacecache/atax/build/_x/link/int/atax_hw.xml'

Section: 'SYSTEM_METADATA'(22) was successfully added.
Size   : 23146 bytes
Format : RAW
File   : '/net/myshella/home/grodzki/PyVectors/.dacecache/atax/build/_x/link/int/systemDiagramModelSlrBaseAddress.json'

Section: 'PARTITION_METADATA'(20) was successfully appended to.
Format : JSON
File   : 'partition_metadata'

Section: 'IP_LAYOUT'(8) was successfully appended to.
Format : JSON
File   : 'ip_layout'
Successfully wrote (54192728 bytes) to the output file: /net/myshella/home/grodzki/PyVectors/.dacecache/atax/build/atax_hw.xclbin
Leaving xclbinutil.
INFO: [v++ 60-1441] [20:28:28] Run run_link: Step xclbinutil: Completed
Time (s): cpu = 00:00:01 ; elapsed = 00:00:05 . Memory (MB): peak = 449.562 ; gain = 0.000 ; free physical = 11990 ; free virtual = 32544
INFO: [v++ 60-1443] [20:28:28] Run run_link: Step xclbinutilinfo: Started
INFO: [v++ 60-1453] Command Line: xclbinutil --quiet --force --info /net/myshella/home/grodzki/PyVectors/.dacecache/atax/build/atax_hw.xclbin.info --input /net/myshella/home/grodzki/PyVectors/.dacecache/atax/build/atax_hw.xclbin
INFO: [v++ 60-1454] Run Directory: /net/myshella/home/grodzki/PyVectors/.dacecache/atax/build/_x/link/run_link
INFO: [v++ 60-1441] [20:28:31] Run run_link: Step xclbinutilinfo: Completed
Time (s): cpu = 00:00:02 ; elapsed = 00:00:02 . Memory (MB): peak = 449.562 ; gain = 0.000 ; free physical = 11905 ; free virtual = 32507
INFO: [v++ 60-1443] [20:28:31] Run run_link: Step generate_sc_driver: Started
INFO: [v++ 60-1453] Command Line: 
INFO: [v++ 60-1454] Run Directory: /net/myshella/home/grodzki/PyVectors/.dacecache/atax/build/_x/link/run_link
INFO: [v++ 60-1441] [20:28:31] Run run_link: Step generate_sc_driver: Completed
Time (s): cpu = 00:00:00 ; elapsed = 00:00:00.04 . Memory (MB): peak = 449.562 ; gain = 0.000 ; free physical = 11900 ; free virtual = 32502
INFO: [v++ 60-2331] SLR0 was specfied for compute unit atax_0_0_1, and verified as such in implementation.
INFO: [v++ 60-244] Generating system estimate report...
INFO: [v++ 60-1092] Generated system estimate report: /net/myshella/home/grodzki/PyVectors/.dacecache/atax/build/_x/reports/link/system_estimate_atax_hw.xtxt
INFO: [v++ 60-586] Created /net/myshella/home/grodzki/PyVectors/.dacecache/atax/build/atax_hw.ltx
INFO: [v++ 60-586] Created /net/myshella/home/grodzki/PyVectors/.dacecache/atax/build/atax_hw.xclbin
INFO: [v++ 60-1307] Run completed. Additional information can be found in:
	Guidance: /net/myshella/home/grodzki/PyVectors/.dacecache/atax/build/_x/reports/link/v++_link_atax_hw_guidance.html
	Timing Report: /net/myshella/home/grodzki/PyVectors/.dacecache/atax/build/_x/reports/link/imp/impl_1_hw_bb_locked_timing_summary_routed.rpt
	Vivado Log: /net/myshella/home/grodzki/PyVectors/.dacecache/atax/build/_x/logs/link/vivado.log
	Steps Log File: /net/myshella/home/grodzki/PyVectors/.dacecache/atax/build/_x/logs/link/link.steps.log

INFO: [v++ 60-2343] Use the vitis_analyzer tool to visualize and navigate the relevant reports. Run the following command. 
    vitis_analyzer /net/myshella/home/grodzki/PyVectors/.dacecache/atax/build/atax_hw.xclbin.link_summary 
INFO: [v++ 60-791] Total elapsed time: 4h 53m 39s
