
*** Running vivado
    with args -log bd_1361_clock_throttling_aclk_kernel_00_0.vds -m64 -product Vivado -mode batch -messageDb vivado.pb -notrace -source bd_1361_clock_throttling_aclk_kernel_00_0.tcl


****** Vivado v2023.1 (64-bit)
  **** SW Build 3865809 on Sun May  7 15:04:56 MDT 2023
  **** IP Build 3864474 on Sun May  7 20:36:21 MDT 2023
  **** SharedData Build 3865790 on Sun May 07 13:33:03 MDT 2023
    ** Copyright 1986-2022 Xilinx, Inc. All Rights Reserved.
    ** Copyright 2022-2023 Advanced Micro Devices, Inc. All Rights Reserved.

source bd_1361_clock_throttling_aclk_kernel_00_0.tcl -notrace
INFO: Dispatch client connection id - 43863
create_project: Time (s): cpu = 00:00:09 ; elapsed = 00:00:10 . Memory (MB): peak = 2108.820 ; gain = 131.047 ; free physical = 672 ; free virtual = 11744
INFO: [IP_Flow 19-234] Refreshing IP repositories
INFO: [IP_Flow 19-1700] Loaded user IP repository '/net/myshella/home/grodzki/PyVectors/.dacecache/atax/build/_x/link/int/xo/ip_repo/xilinx_com_hls_atax_0_0_1_0'.
INFO: [IP_Flow 19-1700] Loaded user IP repository '/net/myshella/home/grodzki/PyVectors/.dacecache/atax/build/_x/link/vivado/vpl/.local/hw_platform/iprepo'.
INFO: [IP_Flow 19-1700] Loaded user IP repository '/net/myshella/home/grodzki/PyVectors/.dacecache/atax/build/_x/link/vivado/vpl/.local/hw_platform/ipcache'.
INFO: [IP_Flow 19-1700] Loaded user IP repository '/home/rasr/pkgs/vitis_2023.1/Vitis/2023.1/data/ip'.
INFO: [IP_Flow 19-2313] Loaded Vivado IP repository '/home/rasr/pkgs/vitis_2023.1/Vivado/2023.1/data/ip'.
WARNING: [IP_Flow 19-1663] Duplicate IP found for 'xilinx.com:ip:pipeline_reg:1.0'. The one found in IP location '/net/myshella/home/grodzki/PyVectors/.dacecache/atax/build/_x/link/vivado/vpl/.local/hw_platform/iprepo/ip_repo/pxi_ii_infra/pipeline_reg_v1_0' will take precedence over the same IP in location /net/myshella/home/grodzki/PyVectors/.dacecache/atax/build/_x/link/vivado/vpl/.local/hw_platform/iprepo/ip_repo/shell_subsystem_ipdefs/pipeline_reg_v1_0
WARNING: [IP_Flow 19-1663] Duplicate IP found for 'xilinx.com:ip:clk_metadata_adapter:1.0'. The one found in IP location '/net/myshella/home/grodzki/PyVectors/.dacecache/atax/build/_x/link/vivado/vpl/.local/hw_platform/iprepo/ip_repo/pxi_ii_infra/clk_metadata_adapter_v1_0' will take precedence over the same IP in location /net/myshella/home/grodzki/PyVectors/.dacecache/atax/build/_x/link/vivado/vpl/.local/hw_platform/iprepo/ip_repo/shell_subsystem_ipdefs/clk_metadata_adapter_v1_0
WARNING: [IP_Flow 19-1663] Duplicate IP found for 'xilinx.com:ip:axis_clk_metadata_adapter:1.0'. The one found in IP location '/net/myshella/home/grodzki/PyVectors/.dacecache/atax/build/_x/link/vivado/vpl/.local/hw_platform/iprepo/ip_repo/shell_subsystem_ipdefs/axis_clk_metadata_adapter_v1_0' will take precedence over the same IP in location /net/myshella/home/grodzki/PyVectors/.dacecache/atax/build/_x/link/vivado/vpl/.local/hw_platform/iprepo/ip_repo/pxi_ii_infra/axis_clk_metadata_adapter_v1_0
WARNING: [IP_Flow 19-1663] Duplicate IP found for 'xilinx.com:ip:axi_clk_metadata_adapter:1.0'. The one found in IP location '/net/myshella/home/grodzki/PyVectors/.dacecache/atax/build/_x/link/vivado/vpl/.local/hw_platform/iprepo/ip_repo/shell_subsystem_ipdefs/axi_clk_metadata_adapter_v1_0' will take precedence over the same IP in location /net/myshella/home/grodzki/PyVectors/.dacecache/atax/build/_x/link/vivado/vpl/.local/hw_platform/iprepo/ip_repo/pxi_ii_infra/axi_clk_metadata_adapter_v1_0
WARNING: [IP_Flow 19-1663] Duplicate IP found for 'xilinx.com:ip:shell_utils_build_info:1.0'. The one found in IP location '/net/myshella/home/grodzki/PyVectors/.dacecache/atax/build/_x/link/vivado/vpl/.local/hw_platform/iprepo/ip_repo/shell_subsystem_ipdefs/shell_utils_build_info_v1_0' will take precedence over the same IP in the Xilinx installed IP.
INFO: [IP_Flow 19-6924] IPCACHE: Running cache check for IP inst: bd_1361_clock_throttling_aclk_kernel_00_0
Command: synth_design -top bd_1361_clock_throttling_aclk_kernel_00_0 -part xcu250-figd2104-2L-e -incremental_mode off -mode out_of_context
Starting synth_design
Attempting to get a license for feature 'Synthesis' and/or device 'xcu250'
INFO: [Common 17-349] Got license for feature 'Synthesis' and/or device 'xcu250'
INFO: [Device 21-403] Loading part xcu250-figd2104-2L-e
INFO: [Synth 8-7079] Multithreading enabled for synth_design using a maximum of 1 processes.
INFO: [Synth 8-7078] Launching helper process for spawning children vivado processes
INFO: [Synth 8-7075] Helper process launched with PID 2054222
---------------------------------------------------------------------------------
Starting RTL Elaboration : Time (s): cpu = 00:00:08 ; elapsed = 00:00:15 . Memory (MB): peak = 3726.609 ; gain = 370.766 ; free physical = 235 ; free virtual = 2552
---------------------------------------------------------------------------------
INFO: [Synth 8-638] synthesizing module 'bd_1361_clock_throttling_aclk_kernel_00_0' [/net/myshella/home/grodzki/PyVectors/.dacecache/atax/build/_x/link/vivado/vpl/prj/prj.gen/my_rm/bd/ulp/ip/ulp_ss_ucs_0/bd_0/ip/ip_66/synth/bd_1361_clock_throttling_aclk_kernel_00_0.vhd:74]
	Parameter CLK_SLOW_DIV bound to: 1 - type: integer 
	Parameter SYNTH_SIZE bound to: 8 - type: integer 
	Parameter IS_VERSAL bound to: 0 - type: bool 
	Parameter SIM_DEVICE bound to: ULTRASCALE_PLUS - type: string 
INFO: [Synth 8-3491] module 'shell_utils_clock_throttling' declared at '/net/myshella/home/grodzki/PyVectors/.dacecache/atax/build/_x/link/vivado/vpl/prj/prj.gen/my_rm/bd/ulp/ipshared/f1e8/hdl/shell_utils_clock_throttling_v2_0_vh_rfs.vhd:56' bound to instance 'U0' of component 'shell_utils_clock_throttling' [/net/myshella/home/grodzki/PyVectors/.dacecache/atax/build/_x/link/vivado/vpl/prj/prj.gen/my_rm/bd/ulp/ip/ulp_ss_ucs_0/bd_0/ip/ip_66/synth/bd_1361_clock_throttling_aclk_kernel_00_0.vhd:117]
INFO: [Synth 8-638] synthesizing module 'shell_utils_clock_throttling' [/net/myshella/home/grodzki/PyVectors/.dacecache/atax/build/_x/link/vivado/vpl/prj/prj.gen/my_rm/bd/ulp/ipshared/f1e8/hdl/shell_utils_clock_throttling_v2_0_vh_rfs.vhd:82]
	Parameter DEST_SYNC_FF bound to: 4 - type: integer 
	Parameter SRC_INPUT_REG bound to: 0 - type: integer 
INFO: [Synth 8-3491] module 'xpm_cdc_single' declared at '/home/rasr/pkgs/vitis_2023.1/Vivado/2023.1/data/ip/xpm/xpm_cdc/hdl/xpm_cdc.sv:152' bound to instance 'UP_CDC' of component 'xpm_cdc_single' [/net/myshella/home/grodzki/PyVectors/.dacecache/atax/build/_x/link/vivado/vpl/prj/prj.gen/my_rm/bd/ulp/ipshared/f1e8/hdl/shell_utils_clock_throttling_v2_0_vh_rfs.vhd:159]
INFO: [Synth 8-6157] synthesizing module 'xpm_cdc_single' [/home/rasr/pkgs/vitis_2023.1/Vivado/2023.1/data/ip/xpm/xpm_cdc/hdl/xpm_cdc.sv:152]
INFO: [Synth 8-6155] done synthesizing module 'xpm_cdc_single' (0#1) [/home/rasr/pkgs/vitis_2023.1/Vivado/2023.1/data/ip/xpm/xpm_cdc/hdl/xpm_cdc.sv:152]
	Parameter DEST_SYNC_FF bound to: 4 - type: integer 
	Parameter SRC_INPUT_REG bound to: 0 - type: integer 
INFO: [Synth 8-3491] module 'xpm_cdc_single' declared at '/home/rasr/pkgs/vitis_2023.1/Vivado/2023.1/data/ip/xpm/xpm_cdc/hdl/xpm_cdc.sv:152' bound to instance 'LA_CDC' of component 'xpm_cdc_single' [/net/myshella/home/grodzki/PyVectors/.dacecache/atax/build/_x/link/vivado/vpl/prj/prj.gen/my_rm/bd/ulp/ipshared/f1e8/hdl/shell_utils_clock_throttling_v2_0_vh_rfs.vhd:173]
	Parameter DEST_SYNC_FF bound to: 4 - type: integer 
	Parameter INIT_SYNC_FF bound to: 1 - type: integer 
	Parameter RST_ACTIVE_HIGH bound to: 0 - type: integer 
INFO: [Synth 8-3491] module 'xpm_cdc_async_rst' declared at '/home/rasr/pkgs/vitis_2023.1/Vivado/2023.1/data/ip/xpm/xpm_cdc/hdl/xpm_cdc.sv:1174' bound to instance 'RST_CDC' of component 'xpm_cdc_async_rst' [/net/myshella/home/grodzki/PyVectors/.dacecache/atax/build/_x/link/vivado/vpl/prj/prj.gen/my_rm/bd/ulp/ipshared/f1e8/hdl/shell_utils_clock_throttling_v2_0_vh_rfs.vhd:193]
INFO: [Synth 8-6157] synthesizing module 'xpm_cdc_async_rst' [/home/rasr/pkgs/vitis_2023.1/Vivado/2023.1/data/ip/xpm/xpm_cdc/hdl/xpm_cdc.sv:1174]
INFO: [Synth 8-6155] done synthesizing module 'xpm_cdc_async_rst' (0#1) [/home/rasr/pkgs/vitis_2023.1/Vivado/2023.1/data/ip/xpm/xpm_cdc/hdl/xpm_cdc.sv:1174]
	Parameter DEST_SYNC_FF bound to: 4 - type: integer 
	Parameter INIT_SYNC_FF bound to: 1 - type: integer 
	Parameter RST_ACTIVE_HIGH bound to: 0 - type: integer 
INFO: [Synth 8-3491] module 'xpm_cdc_async_rst' declared at '/home/rasr/pkgs/vitis_2023.1/Vivado/2023.1/data/ip/xpm/xpm_cdc/hdl/xpm_cdc.sv:1174' bound to instance 'LCK_CDC' of component 'xpm_cdc_async_rst' [/net/myshella/home/grodzki/PyVectors/.dacecache/atax/build/_x/link/vivado/vpl/prj/prj.gen/my_rm/bd/ulp/ipshared/f1e8/hdl/shell_utils_clock_throttling_v2_0_vh_rfs.vhd:205]
	Parameter DEST_SYNC_FF bound to: 4 - type: integer 
	Parameter INIT_SYNC_FF bound to: 1 - type: integer 
	Parameter RST_ACTIVE_HIGH bound to: 0 - type: integer 
INFO: [Synth 8-3491] module 'xpm_cdc_async_rst' declared at '/home/rasr/pkgs/vitis_2023.1/Vivado/2023.1/data/ip/xpm/xpm_cdc/hdl/xpm_cdc.sv:1174' bound to instance 'SRT_CDC' of component 'xpm_cdc_async_rst' [/net/myshella/home/grodzki/PyVectors/.dacecache/atax/build/_x/link/vivado/vpl/prj/prj.gen/my_rm/bd/ulp/ipshared/f1e8/hdl/shell_utils_clock_throttling_v2_0_vh_rfs.vhd:217]
INFO: [Synth 8-113] binding component instance 'ICCLK' to cell 'BUFG' [/net/myshella/home/grodzki/PyVectors/.dacecache/atax/build/_x/link/vivado/vpl/prj/prj.gen/my_rm/bd/ulp/ipshared/f1e8/hdl/shell_utils_clock_throttling_v2_0_vh_rfs.vhd:235]
	Parameter CE_TYPE bound to: ASYNC - type: string 
	Parameter SIM_DEVICE bound to: ULTRASCALE_PLUS - type: string 
INFO: [Synth 8-113] binding component instance 'ECCLK' to cell 'BUFGCE' [/net/myshella/home/grodzki/PyVectors/.dacecache/atax/build/_x/link/vivado/vpl/prj/prj.gen/my_rm/bd/ulp/ipshared/f1e8/hdl/shell_utils_clock_throttling_v2_0_vh_rfs.vhd:248]
INFO: [Synth 8-113] binding component instance 'FCLK' to cell 'BUFGCE' [/net/myshella/home/grodzki/PyVectors/.dacecache/atax/build/_x/link/vivado/vpl/prj/prj.gen/my_rm/bd/ulp/ipshared/f1e8/hdl/shell_utils_clock_throttling_v2_0_vh_rfs.vhd:292]
WARNING: [Synth 8-614] signal 'Rst_Int' is read in the process but is not in the sensitivity list [/net/myshella/home/grodzki/PyVectors/.dacecache/atax/build/_x/link/vivado/vpl/prj/prj.gen/my_rm/bd/ulp/ipshared/f1e8/hdl/shell_utils_clock_throttling_v2_0_vh_rfs.vhd:365]
INFO: [Synth 8-256] done synthesizing module 'shell_utils_clock_throttling' (0#1) [/net/myshella/home/grodzki/PyVectors/.dacecache/atax/build/_x/link/vivado/vpl/prj/prj.gen/my_rm/bd/ulp/ipshared/f1e8/hdl/shell_utils_clock_throttling_v2_0_vh_rfs.vhd:82]
INFO: [Synth 8-256] done synthesizing module 'bd_1361_clock_throttling_aclk_kernel_00_0' (0#1) [/net/myshella/home/grodzki/PyVectors/.dacecache/atax/build/_x/link/vivado/vpl/prj/prj.gen/my_rm/bd/ulp/ip/ulp_ss_ucs_0/bd_0/ip/ip_66/synth/bd_1361_clock_throttling_aclk_kernel_00_0.vhd:74]
WARNING: [Synth 8-6014] Unused sequential element Mbufg_Clrb_SR_reg was removed.  [/net/myshella/home/grodzki/PyVectors/.dacecache/atax/build/_x/link/vivado/vpl/prj/prj.gen/my_rm/bd/ulp/ipshared/f1e8/hdl/shell_utils_clock_throttling_v2_0_vh_rfs.vhd:383]
WARNING: [Synth 8-3848] Net Clk_Out_Div in module/entity shell_utils_clock_throttling does not have driver. [/net/myshella/home/grodzki/PyVectors/.dacecache/atax/build/_x/link/vivado/vpl/prj/prj.gen/my_rm/bd/ulp/ipshared/f1e8/hdl/shell_utils_clock_throttling_v2_0_vh_rfs.vhd:77]
WARNING: [Synth 8-7129] Port src_clk in module xpm_cdc_single is either unconnected or has no load
WARNING: [Synth 8-7129] Port Clk_Out_Div in module shell_utils_clock_throttling is either unconnected or has no load
---------------------------------------------------------------------------------
Finished RTL Elaboration : Time (s): cpu = 00:00:10 ; elapsed = 00:00:18 . Memory (MB): peak = 3797.562 ; gain = 441.719 ; free physical = 352 ; free virtual = 2223
---------------------------------------------------------------------------------
---------------------------------------------------------------------------------
Start Handling Custom Attributes
---------------------------------------------------------------------------------
---------------------------------------------------------------------------------
Finished Handling Custom Attributes : Time (s): cpu = 00:00:10 ; elapsed = 00:00:18 . Memory (MB): peak = 3806.469 ; gain = 450.625 ; free physical = 340 ; free virtual = 2218
---------------------------------------------------------------------------------
---------------------------------------------------------------------------------
Finished RTL Optimization Phase 1 : Time (s): cpu = 00:00:10 ; elapsed = 00:00:18 . Memory (MB): peak = 3806.469 ; gain = 450.625 ; free physical = 340 ; free virtual = 2218
---------------------------------------------------------------------------------
Netlist sorting complete. Time (s): cpu = 00:00:00 ; elapsed = 00:00:00 . Memory (MB): peak = 3817.438 ; gain = 0.000 ; free physical = 316 ; free virtual = 2209
INFO: [Netlist 29-17] Analyzing 1 Unisim elements for replacement
INFO: [Netlist 29-28] Unisim Transformation completed in 0 CPU seconds
INFO: [Project 1-570] Preparing netlist for logic optimization

Processing XDC Constraints
Initializing timing engine
Parsing XDC File [/net/myshella/home/grodzki/PyVectors/.dacecache/atax/build/_x/link/vivado/vpl/prj/prj.gen/my_rm/bd/ulp/ip/ulp_ss_ucs_0/bd_0/ip/ip_66/bd_1361_clock_throttling_aclk_kernel_00_0_ooc.xdc] for cell 'U0'
create_clock: Time (s): cpu = 00:00:08 ; elapsed = 00:00:10 . Memory (MB): peak = 3903.152 ; gain = 0.000 ; free physical = 265 ; free virtual = 1517
Finished Parsing XDC File [/net/myshella/home/grodzki/PyVectors/.dacecache/atax/build/_x/link/vivado/vpl/prj/prj.gen/my_rm/bd/ulp/ip/ulp_ss_ucs_0/bd_0/ip/ip_66/bd_1361_clock_throttling_aclk_kernel_00_0_ooc.xdc] for cell 'U0'
Parsing XDC File [/net/myshella/home/grodzki/PyVectors/.dacecache/atax/build/_x/link/vivado/vpl/prj/prj.runs/bd_1361_clock_throttling_aclk_kernel_00_0_synth_1/dont_touch.xdc]
Finished Parsing XDC File [/net/myshella/home/grodzki/PyVectors/.dacecache/atax/build/_x/link/vivado/vpl/prj/prj.runs/bd_1361_clock_throttling_aclk_kernel_00_0_synth_1/dont_touch.xdc]
Parsing XDC File [/net/myshella/home/grodzki/PyVectors/.dacecache/atax/build/_x/link/vivado/vpl/prj/prj.gen/my_rm/bd/ulp/ip/ulp_ss_ucs_0/bd_0/ip/ip_66/bd_1361_clock_throttling_aclk_kernel_00_0.xdc] for cell 'U0'
Finished Parsing XDC File [/net/myshella/home/grodzki/PyVectors/.dacecache/atax/build/_x/link/vivado/vpl/prj/prj.gen/my_rm/bd/ulp/ip/ulp_ss_ucs_0/bd_0/ip/ip_66/bd_1361_clock_throttling_aclk_kernel_00_0.xdc] for cell 'U0'
INFO: [Project 1-236] Implementation specific constraints were found while reading constraint file [/home/rasr/pkgs/vitis_2023.1/Vivado/2023.1/data/ip/xpm/xpm_cdc/tcl/xpm_cdc_single.tcl]. These constraints will be ignored for synthesis but will be used in implementation. Impacted constraints are listed in the file [.Xil/bd_1361_clock_throttling_aclk_kernel_00_0_propImpl.xdc].
Resolution: To avoid this warning, move constraints listed in [.Xil/bd_1361_clock_throttling_aclk_kernel_00_0_propImpl.xdc] to another XDC file and exclude this new file from synthesis with the used_in_synthesis property (File Properties dialog in GUI) and re-run elaboration/synthesis.
INFO: [Project 1-1714] 5 XPM XDC files have been applied to the design.
Completed Processing XDC Constraints

Netlist sorting complete. Time (s): cpu = 00:00:00 ; elapsed = 00:00:00.01 . Memory (MB): peak = 3903.152 ; gain = 0.000 ; free physical = 257 ; free virtual = 1508
INFO: [Project 1-111] Unisim Transformation Summary:
  A total of 1 instances were transformed.
  BUFG => BUFGCE: 1 instance 

Constraint Validation Runtime : Time (s): cpu = 00:00:00.02 ; elapsed = 00:00:00.07 . Memory (MB): peak = 3903.152 ; gain = 0.000 ; free physical = 250 ; free virtual = 1501
INFO: [Designutils 20-5008] Incremental synthesis strategy off
---------------------------------------------------------------------------------
Finished Constraint Validation : Time (s): cpu = 00:00:29 ; elapsed = 00:00:41 . Memory (MB): peak = 3903.152 ; gain = 547.309 ; free physical = 345 ; free virtual = 1467
---------------------------------------------------------------------------------
---------------------------------------------------------------------------------
Start Loading Part and Timing Information
---------------------------------------------------------------------------------
Loading part: xcu250-figd2104-2L-e
INFO: [Synth 8-6742] Reading net delay rules and data
---------------------------------------------------------------------------------
Finished Loading Part and Timing Information : Time (s): cpu = 00:00:29 ; elapsed = 00:00:41 . Memory (MB): peak = 3903.152 ; gain = 547.309 ; free physical = 345 ; free virtual = 1467
---------------------------------------------------------------------------------
---------------------------------------------------------------------------------
Start Applying 'set_property' XDC Constraints
---------------------------------------------------------------------------------
Applied set_property KEEP_HIERARCHY = SOFT for U0. (constraint file  /net/myshella/home/grodzki/PyVectors/.dacecache/atax/build/_x/link/vivado/vpl/prj/prj.runs/bd_1361_clock_throttling_aclk_kernel_00_0_synth_1/dont_touch.xdc, line 6).
Applied set_property KEEP_HIERARCHY = SOFT for U0/LCK_CDC. (constraint file  auto generated constraint).
Applied set_property KEEP_HIERARCHY = SOFT for U0/RST_CDC. (constraint file  auto generated constraint).
Applied set_property KEEP_HIERARCHY = SOFT for U0/SRT_CDC. (constraint file  auto generated constraint).
Applied set_property KEEP_HIERARCHY = SOFT for U0/LA_CDC. (constraint file  auto generated constraint).
Applied set_property KEEP_HIERARCHY = SOFT for U0/UP_CDC. (constraint file  auto generated constraint).
---------------------------------------------------------------------------------
Finished applying 'set_property' XDC Constraints : Time (s): cpu = 00:00:29 ; elapsed = 00:00:41 . Memory (MB): peak = 3903.152 ; gain = 547.309 ; free physical = 339 ; free virtual = 1465
---------------------------------------------------------------------------------
---------------------------------------------------------------------------------
Finished RTL Optimization Phase 2 : Time (s): cpu = 00:00:30 ; elapsed = 00:00:42 . Memory (MB): peak = 3903.152 ; gain = 547.309 ; free physical = 310 ; free virtual = 1729
---------------------------------------------------------------------------------
---------------------------------------------------------------------------------
Start RTL Component Statistics 
---------------------------------------------------------------------------------
Detailed RTL Component Info : 
+---Adders : 
	   2 Input    8 Bit       Adders := 1     
	   2 Input    1 Bit       Adders := 1     
+---XORs : 
	   2 Input      1 Bit         XORs := 4     
+---Registers : 
	                8 Bit    Registers := 3     
	                4 Bit    Registers := 5     
	                1 Bit    Registers := 11    
+---Muxes : 
	   2 Input    8 Bit        Muxes := 1     
	   2 Input    1 Bit        Muxes := 1     
---------------------------------------------------------------------------------
Finished RTL Component Statistics 
---------------------------------------------------------------------------------
---------------------------------------------------------------------------------
Start Part Resource Summary
---------------------------------------------------------------------------------
Part Resources:
DSPs: 12288 (col length:96)
BRAMs: 5376 (col length: RAMB18 384 RAMB36 192)
---------------------------------------------------------------------------------
Finished Part Resource Summary
---------------------------------------------------------------------------------
---------------------------------------------------------------------------------
Start Cross Boundary and Area Optimization
---------------------------------------------------------------------------------
WARNING: [Synth 8-7080] Parallel synthesis criteria is not met
WARNING: [Synth 8-7129] Port src_clk in module xpm_cdc_single is either unconnected or has no load
WARNING: [Synth 8-7129] Port Clk_Out_Div in module shell_utils_clock_throttling is either unconnected or has no load
---------------------------------------------------------------------------------
Finished Cross Boundary and Area Optimization : Time (s): cpu = 00:00:31 ; elapsed = 00:00:43 . Memory (MB): peak = 3903.152 ; gain = 547.309 ; free physical = 271 ; free virtual = 1702
---------------------------------------------------------------------------------
---------------------------------------------------------------------------------
Start Applying XDC Timing Constraints
---------------------------------------------------------------------------------
INFO: [Synth 8-5578] Moved timing constraint from pin 'U0/LCK_CDC/src_arst' to pin 'Locked'
INFO: [Synth 8-5578] Moved timing constraint from pin 'U0/RST_CDC/src_arst' to pin 'Rst_In'
INFO: [Synth 8-5819] Moved 2 constraints on hierarchical pins to their respective driving/loading pins
---------------------------------------------------------------------------------
Finished Applying XDC Timing Constraints : Time (s): cpu = 00:00:45 ; elapsed = 00:01:16 . Memory (MB): peak = 4187.480 ; gain = 831.637 ; free physical = 708 ; free virtual = 1130
---------------------------------------------------------------------------------
---------------------------------------------------------------------------------
Start Timing Optimization
---------------------------------------------------------------------------------
---------------------------------------------------------------------------------
Finished Timing Optimization : Time (s): cpu = 00:00:45 ; elapsed = 00:01:16 . Memory (MB): peak = 4197.496 ; gain = 841.652 ; free physical = 696 ; free virtual = 1118
---------------------------------------------------------------------------------
---------------------------------------------------------------------------------
Start Technology Mapping
---------------------------------------------------------------------------------
---------------------------------------------------------------------------------
Finished Technology Mapping : Time (s): cpu = 00:00:45 ; elapsed = 00:01:16 . Memory (MB): peak = 4206.512 ; gain = 850.668 ; free physical = 662 ; free virtual = 1086
---------------------------------------------------------------------------------
---------------------------------------------------------------------------------
Start IO Insertion
---------------------------------------------------------------------------------
---------------------------------------------------------------------------------
Start Flattening Before IO Insertion
---------------------------------------------------------------------------------
---------------------------------------------------------------------------------
Finished Flattening Before IO Insertion
---------------------------------------------------------------------------------
---------------------------------------------------------------------------------
Start Final Netlist Cleanup
---------------------------------------------------------------------------------
---------------------------------------------------------------------------------
Finished Final Netlist Cleanup
---------------------------------------------------------------------------------
---------------------------------------------------------------------------------
Finished IO Insertion : Time (s): cpu = 00:00:50 ; elapsed = 00:01:21 . Memory (MB): peak = 4212.449 ; gain = 856.605 ; free physical = 272 ; free virtual = 779
---------------------------------------------------------------------------------
---------------------------------------------------------------------------------
Start Renaming Generated Instances
---------------------------------------------------------------------------------
---------------------------------------------------------------------------------
Finished Renaming Generated Instances : Time (s): cpu = 00:00:50 ; elapsed = 00:01:21 . Memory (MB): peak = 4212.449 ; gain = 856.605 ; free physical = 272 ; free virtual = 779
---------------------------------------------------------------------------------
---------------------------------------------------------------------------------
Start Rebuilding User Hierarchy
---------------------------------------------------------------------------------
---------------------------------------------------------------------------------
Finished Rebuilding User Hierarchy : Time (s): cpu = 00:00:50 ; elapsed = 00:01:21 . Memory (MB): peak = 4212.449 ; gain = 856.605 ; free physical = 272 ; free virtual = 779
---------------------------------------------------------------------------------
---------------------------------------------------------------------------------
Start Renaming Generated Ports
---------------------------------------------------------------------------------
---------------------------------------------------------------------------------
Finished Renaming Generated Ports : Time (s): cpu = 00:00:50 ; elapsed = 00:01:21 . Memory (MB): peak = 4212.449 ; gain = 856.605 ; free physical = 272 ; free virtual = 779
---------------------------------------------------------------------------------
---------------------------------------------------------------------------------
Start Handling Custom Attributes
---------------------------------------------------------------------------------
---------------------------------------------------------------------------------
Finished Handling Custom Attributes : Time (s): cpu = 00:00:50 ; elapsed = 00:01:21 . Memory (MB): peak = 4212.449 ; gain = 856.605 ; free physical = 272 ; free virtual = 779
---------------------------------------------------------------------------------
---------------------------------------------------------------------------------
Start Renaming Generated Nets
---------------------------------------------------------------------------------
---------------------------------------------------------------------------------
Finished Renaming Generated Nets : Time (s): cpu = 00:00:50 ; elapsed = 00:01:21 . Memory (MB): peak = 4212.449 ; gain = 856.605 ; free physical = 272 ; free virtual = 779
---------------------------------------------------------------------------------
---------------------------------------------------------------------------------
Start Writing Synthesis Report
---------------------------------------------------------------------------------

Report BlackBoxes: 
+-+--------------+----------+
| |BlackBox name |Instances |
+-+--------------+----------+
+-+--------------+----------+

Report Cell Usage: 
+------+-------+------+
|      |Cell   |Count |
+------+-------+------+
|1     |BUFG   |     1|
|2     |BUFGCE |     2|
|4     |CARRY8 |     1|
|5     |LUT1   |     4|
|6     |LUT2   |     2|
|7     |LUT3   |     8|
|8     |LUT4   |     1|
|9     |FDCE   |    12|
|10    |FDRE   |    25|
|11    |FDSE   |    17|
+------+-------+------+
---------------------------------------------------------------------------------
Finished Writing Synthesis Report : Time (s): cpu = 00:00:50 ; elapsed = 00:01:21 . Memory (MB): peak = 4212.449 ; gain = 856.605 ; free physical = 272 ; free virtual = 779
---------------------------------------------------------------------------------
Synthesis finished with 0 errors, 0 critical warnings and 3 warnings.
Synthesis Optimization Runtime : Time (s): cpu = 00:00:39 ; elapsed = 00:01:12 . Memory (MB): peak = 4212.449 ; gain = 759.922 ; free physical = 257 ; free virtual = 763
Synthesis Optimization Complete : Time (s): cpu = 00:00:50 ; elapsed = 00:01:26 . Memory (MB): peak = 4212.457 ; gain = 856.605 ; free physical = 258 ; free virtual = 762
INFO: [Project 1-571] Translating synthesized netlist
Netlist sorting complete. Time (s): cpu = 00:00:00 ; elapsed = 00:00:00 . Memory (MB): peak = 4212.457 ; gain = 0.000 ; free physical = 258 ; free virtual = 755
INFO: [Netlist 29-17] Analyzing 2 Unisim elements for replacement
INFO: [Netlist 29-28] Unisim Transformation completed in 0 CPU seconds
INFO: [Project 1-570] Preparing netlist for logic optimization
INFO: [Opt 31-138] Pushed 0 inverter(s) to 0 load pin(s).
Netlist sorting complete. Time (s): cpu = 00:00:00 ; elapsed = 00:00:00 . Memory (MB): peak = 4297.004 ; gain = 0.000 ; free physical = 258 ; free virtual = 844
INFO: [Project 1-111] Unisim Transformation Summary:
  A total of 1 instances were transformed.
  BUFG => BUFGCE: 1 instance 

Synth Design complete | Checksum: f97ae385
INFO: [Common 17-83] Releasing license: Synthesis
47 Infos, 13 Warnings, 0 Critical Warnings and 0 Errors encountered.
synth_design completed successfully
synth_design: Time (s): cpu = 00:01:14 ; elapsed = 00:01:58 . Memory (MB): peak = 4297.004 ; gain = 2080.559 ; free physical = 259 ; free virtual = 840
INFO: [Common 17-2834] synth_design peak Physical Memory [PSS] (MB): overall = 2352.633; main = 2063.405; forked = 313.062
INFO: [Common 17-2834] synth_design peak Virtual Memory [VSS] (MB): overall = 5184.629; main = 4297.008; forked = 978.113
INFO: [Common 17-600] The following parameters have non-default value.
general.maxThreads
INFO: [Common 17-1381] The checkpoint '/net/myshella/home/grodzki/PyVectors/.dacecache/atax/build/_x/link/vivado/vpl/prj/prj.runs/bd_1361_clock_throttling_aclk_kernel_00_0_synth_1/bd_1361_clock_throttling_aclk_kernel_00_0.dcp' has been generated.
INFO: [Coretcl 2-1648] Added synthesis output to IP cache for IP bd_1361_clock_throttling_aclk_kernel_00_0, cache-ID = 69084821c1456d6c
INFO: [Coretcl 2-1174] Renamed 6 cell refs.
INFO: [Common 17-1381] The checkpoint '/net/myshella/home/grodzki/PyVectors/.dacecache/atax/build/_x/link/vivado/vpl/prj/prj.runs/bd_1361_clock_throttling_aclk_kernel_00_0_synth_1/bd_1361_clock_throttling_aclk_kernel_00_0.dcp' has been generated.
INFO: [runtcl-4] Executing : report_utilization -file bd_1361_clock_throttling_aclk_kernel_00_0_utilization_synth.rpt -pb bd_1361_clock_throttling_aclk_kernel_00_0_utilization_synth.pb
INFO: [Common 17-206] Exiting Vivado at Wed Nov 20 16:42:56 2024...
