
*** Running vivado
    with args -log bd_53f9_bsip_0.vds -m64 -product Vivado -mode batch -messageDb vivado.pb -notrace -source bd_53f9_bsip_0.tcl


****** Vivado v2023.1 (64-bit)
  **** SW Build 3865809 on Sun May  7 15:04:56 MDT 2023
  **** IP Build 3864474 on Sun May  7 20:36:21 MDT 2023
  **** SharedData Build 3865790 on Sun May 07 13:33:03 MDT 2023
    ** Copyright 1986-2022 Xilinx, Inc. All Rights Reserved.
    ** Copyright 2022-2023 Advanced Micro Devices, Inc. All Rights Reserved.

source bd_53f9_bsip_0.tcl -notrace
INFO: Dispatch client connection id - 43863
create_project: Time (s): cpu = 00:00:10 ; elapsed = 00:00:12 . Memory (MB): peak = 2092.117 ; gain = 128.055 ; free physical = 277 ; free virtual = 7378
INFO: [IP_Flow 19-234] Refreshing IP repositories
INFO: [IP_Flow 19-1700] Loaded user IP repository '/net/myshella/home/grodzki/PyVectors/.dacecache/atax/build/_x/link/int/xo/ip_repo/xilinx_com_hls_atax_0_0_1_0'.
INFO: [IP_Flow 19-1700] Loaded user IP repository '/net/myshella/home/grodzki/PyVectors/.dacecache/atax/build/_x/link/vivado/vpl/.local/hw_platform/iprepo'.
INFO: [IP_Flow 19-1700] Loaded user IP repository '/net/myshella/home/grodzki/PyVectors/.dacecache/atax/build/_x/link/vivado/vpl/.local/hw_platform/ipcache'.
INFO: [IP_Flow 19-1700] Loaded user IP repository '/home/rasr/pkgs/vitis_2023.1/Vitis/2023.1/data/ip'.
INFO: [IP_Flow 19-2313] Loaded Vivado IP repository '/home/rasr/pkgs/vitis_2023.1/Vivado/2023.1/data/ip'.
WARNING: [IP_Flow 19-1663] Duplicate IP found for 'xilinx.com:ip:pipeline_reg:1.0'. The one found in IP location '/net/myshella/home/grodzki/PyVectors/.dacecache/atax/build/_x/link/vivado/vpl/.local/hw_platform/iprepo/ip_repo/pxi_ii_infra/pipeline_reg_v1_0' will take precedence over the same IP in location /net/myshella/home/grodzki/PyVectors/.dacecache/atax/build/_x/link/vivado/vpl/.local/hw_platform/iprepo/ip_repo/shell_subsystem_ipdefs/pipeline_reg_v1_0
WARNING: [IP_Flow 19-1663] Duplicate IP found for 'xilinx.com:ip:clk_metadata_adapter:1.0'. The one found in IP location '/net/myshella/home/grodzki/PyVectors/.dacecache/atax/build/_x/link/vivado/vpl/.local/hw_platform/iprepo/ip_repo/pxi_ii_infra/clk_metadata_adapter_v1_0' will take precedence over the same IP in location /net/myshella/home/grodzki/PyVectors/.dacecache/atax/build/_x/link/vivado/vpl/.local/hw_platform/iprepo/ip_repo/shell_subsystem_ipdefs/clk_metadata_adapter_v1_0
WARNING: [IP_Flow 19-1663] Duplicate IP found for 'xilinx.com:ip:axis_clk_metadata_adapter:1.0'. The one found in IP location '/net/myshella/home/grodzki/PyVectors/.dacecache/atax/build/_x/link/vivado/vpl/.local/hw_platform/iprepo/ip_repo/shell_subsystem_ipdefs/axis_clk_metadata_adapter_v1_0' will take precedence over the same IP in location /net/myshella/home/grodzki/PyVectors/.dacecache/atax/build/_x/link/vivado/vpl/.local/hw_platform/iprepo/ip_repo/pxi_ii_infra/axis_clk_metadata_adapter_v1_0
WARNING: [IP_Flow 19-1663] Duplicate IP found for 'xilinx.com:ip:axi_clk_metadata_adapter:1.0'. The one found in IP location '/net/myshella/home/grodzki/PyVectors/.dacecache/atax/build/_x/link/vivado/vpl/.local/hw_platform/iprepo/ip_repo/shell_subsystem_ipdefs/axi_clk_metadata_adapter_v1_0' will take precedence over the same IP in location /net/myshella/home/grodzki/PyVectors/.dacecache/atax/build/_x/link/vivado/vpl/.local/hw_platform/iprepo/ip_repo/pxi_ii_infra/axi_clk_metadata_adapter_v1_0
WARNING: [IP_Flow 19-1663] Duplicate IP found for 'xilinx.com:ip:shell_utils_build_info:1.0'. The one found in IP location '/net/myshella/home/grodzki/PyVectors/.dacecache/atax/build/_x/link/vivado/vpl/.local/hw_platform/iprepo/ip_repo/shell_subsystem_ipdefs/shell_utils_build_info_v1_0' will take precedence over the same IP in the Xilinx installed IP.
INFO: [IP_Flow 19-6924] IPCACHE: Running cache check for IP inst: bd_53f9_bsip_0
Command: synth_design -top bd_53f9_bsip_0 -part xcu250-figd2104-2L-e -incremental_mode off -mode out_of_context
Starting synth_design
Attempting to get a license for feature 'Synthesis' and/or device 'xcu250'
INFO: [Common 17-349] Got license for feature 'Synthesis' and/or device 'xcu250'
INFO: [Device 21-403] Loading part xcu250-figd2104-2L-e
INFO: [Synth 8-7079] Multithreading enabled for synth_design using a maximum of 1 processes.
INFO: [Synth 8-7078] Launching helper process for spawning children vivado processes
INFO: [Synth 8-7075] Helper process launched with PID 2058963
---------------------------------------------------------------------------------
Starting RTL Elaboration : Time (s): cpu = 00:00:05 ; elapsed = 00:00:05 . Memory (MB): peak = 3708.875 ; gain = 368.797 ; free physical = 295 ; free virtual = 10483
---------------------------------------------------------------------------------
INFO: [Synth 8-6157] synthesizing module 'bd_53f9_bsip_0' [/net/myshella/home/grodzki/PyVectors/.dacecache/atax/build/_x/link/vivado/vpl/prj/prj.gen/my_rm/bd/ulp/ip/ulp_shell_cmp_subsystem_0_0/bd_1/ip/ip_1/synth/bd_53f9_bsip_0.v:53]
INFO: [Synth 8-6155] done synthesizing module 'bd_53f9_bsip_0' (0#1) [/net/myshella/home/grodzki/PyVectors/.dacecache/atax/build/_x/link/vivado/vpl/prj/prj.gen/my_rm/bd/ulp/ip/ulp_shell_cmp_subsystem_0_0/bd_1/ip/ip_1/synth/bd_53f9_bsip_0.v:53]
WARNING: [Synth 8-7129] Port prim_tdo in module bsip_v1_1_0_bsip is either unconnected or has no load
WARNING: [Synth 8-7129] Port prim_drck in module bsip_v1_1_0_bsip is either unconnected or has no load
WARNING: [Synth 8-7129] Port prim_reset in module bsip_v1_1_0_bsip is either unconnected or has no load
WARNING: [Synth 8-7129] Port prim_sel in module bsip_v1_1_0_bsip is either unconnected or has no load
WARNING: [Synth 8-7129] Port prim_capture in module bsip_v1_1_0_bsip is either unconnected or has no load
WARNING: [Synth 8-7129] Port prim_shift in module bsip_v1_1_0_bsip is either unconnected or has no load
WARNING: [Synth 8-7129] Port prim_runtest in module bsip_v1_1_0_bsip is either unconnected or has no load
WARNING: [Synth 8-7129] Port prim_tdi in module bsip_v1_1_0_bsip is either unconnected or has no load
WARNING: [Synth 8-7129] Port prim_tck in module bsip_v1_1_0_bsip is either unconnected or has no load
WARNING: [Synth 8-7129] Port prim_tms in module bsip_v1_1_0_bsip is either unconnected or has no load
WARNING: [Synth 8-7129] Port prim_update in module bsip_v1_1_0_bsip is either unconnected or has no load
---------------------------------------------------------------------------------
Finished RTL Elaboration : Time (s): cpu = 00:00:07 ; elapsed = 00:00:08 . Memory (MB): peak = 3781.789 ; gain = 441.711 ; free physical = 332 ; free virtual = 10222
---------------------------------------------------------------------------------
---------------------------------------------------------------------------------
Start Handling Custom Attributes
---------------------------------------------------------------------------------
---------------------------------------------------------------------------------
Finished Handling Custom Attributes : Time (s): cpu = 00:00:07 ; elapsed = 00:00:08 . Memory (MB): peak = 3784.758 ; gain = 444.680 ; free physical = 335 ; free virtual = 10220
---------------------------------------------------------------------------------
---------------------------------------------------------------------------------
Finished RTL Optimization Phase 1 : Time (s): cpu = 00:00:07 ; elapsed = 00:00:08 . Memory (MB): peak = 3784.758 ; gain = 444.680 ; free physical = 335 ; free virtual = 10220
---------------------------------------------------------------------------------
Netlist sorting complete. Time (s): cpu = 00:00:00.01 ; elapsed = 00:00:00 . Memory (MB): peak = 3795.727 ; gain = 0.000 ; free physical = 297 ; free virtual = 10195
INFO: [Netlist 29-17] Analyzing 1 Unisim elements for replacement
INFO: [Netlist 29-28] Unisim Transformation completed in 0 CPU seconds
INFO: [Project 1-570] Preparing netlist for logic optimization

Processing XDC Constraints
Initializing timing engine
Parsing XDC File [/net/myshella/home/grodzki/PyVectors/.dacecache/atax/build/_x/link/vivado/vpl/prj/prj.gen/my_rm/bd/ulp/ip/ulp_shell_cmp_subsystem_0_0/bd_1/ip/ip_1/bd_53f9_bsip_0_ooc.xdc] for cell 'inst'
create_clock: Time (s): cpu = 00:00:09 ; elapsed = 00:00:09 . Memory (MB): peak = 3877.441 ; gain = 0.000 ; free physical = 760 ; free virtual = 12277
Finished Parsing XDC File [/net/myshella/home/grodzki/PyVectors/.dacecache/atax/build/_x/link/vivado/vpl/prj/prj.gen/my_rm/bd/ulp/ip/ulp_shell_cmp_subsystem_0_0/bd_1/ip/ip_1/bd_53f9_bsip_0_ooc.xdc] for cell 'inst'
Parsing XDC File [/net/myshella/home/grodzki/PyVectors/.dacecache/atax/build/_x/link/vivado/vpl/prj/prj.runs/bd_53f9_bsip_0_synth_1/dont_touch.xdc]
Finished Parsing XDC File [/net/myshella/home/grodzki/PyVectors/.dacecache/atax/build/_x/link/vivado/vpl/prj/prj.runs/bd_53f9_bsip_0_synth_1/dont_touch.xdc]
Parsing XDC File [/net/myshella/home/grodzki/PyVectors/.dacecache/atax/build/_x/link/vivado/vpl/prj/prj.gen/my_rm/bd/ulp/ip/ulp_shell_cmp_subsystem_0_0/bd_1/ip/ip_1/constraints/bsip.xdc] for cell 'inst'
Finished Parsing XDC File [/net/myshella/home/grodzki/PyVectors/.dacecache/atax/build/_x/link/vivado/vpl/prj/prj.gen/my_rm/bd/ulp/ip/ulp_shell_cmp_subsystem_0_0/bd_1/ip/ip_1/constraints/bsip.xdc] for cell 'inst'
INFO: [Project 1-236] Implementation specific constraints were found while reading constraint file [/net/myshella/home/grodzki/PyVectors/.dacecache/atax/build/_x/link/vivado/vpl/prj/prj.gen/my_rm/bd/ulp/ip/ulp_shell_cmp_subsystem_0_0/bd_1/ip/ip_1/constraints/bsip.xdc]. These constraints will be ignored for synthesis but will be used in implementation. Impacted constraints are listed in the file [.Xil/bd_53f9_bsip_0_propImpl.xdc].
Resolution: To avoid this warning, move constraints listed in [.Xil/bd_53f9_bsip_0_propImpl.xdc] to another XDC file and exclude this new file from synthesis with the used_in_synthesis property (File Properties dialog in GUI) and re-run elaboration/synthesis.
Completed Processing XDC Constraints

Netlist sorting complete. Time (s): cpu = 00:00:00 ; elapsed = 00:00:00 . Memory (MB): peak = 3877.441 ; gain = 0.000 ; free physical = 734 ; free virtual = 12257
INFO: [Project 1-111] Unisim Transformation Summary:
  A total of 1 instances were transformed.
  BUFG => BUFGCE: 1 instance 

Constraint Validation Runtime : Time (s): cpu = 00:00:00.03 ; elapsed = 00:00:00.18 . Memory (MB): peak = 3877.441 ; gain = 0.000 ; free physical = 623 ; free virtual = 12162
INFO: [Designutils 20-5008] Incremental synthesis strategy off
---------------------------------------------------------------------------------
Finished Constraint Validation : Time (s): cpu = 00:00:25 ; elapsed = 00:00:28 . Memory (MB): peak = 3877.441 ; gain = 537.363 ; free physical = 320 ; free virtual = 11396
---------------------------------------------------------------------------------
---------------------------------------------------------------------------------
Start Loading Part and Timing Information
---------------------------------------------------------------------------------
Loading part: xcu250-figd2104-2L-e
INFO: [Synth 8-6742] Reading net delay rules and data
---------------------------------------------------------------------------------
Finished Loading Part and Timing Information : Time (s): cpu = 00:00:25 ; elapsed = 00:00:28 . Memory (MB): peak = 3877.441 ; gain = 537.363 ; free physical = 318 ; free virtual = 11394
---------------------------------------------------------------------------------
---------------------------------------------------------------------------------
Start Applying 'set_property' XDC Constraints
---------------------------------------------------------------------------------
Applied set_property KEEP_HIERARCHY = SOFT for inst. (constraint file  /net/myshella/home/grodzki/PyVectors/.dacecache/atax/build/_x/link/vivado/vpl/prj/prj.runs/bd_53f9_bsip_0_synth_1/dont_touch.xdc, line 6).
---------------------------------------------------------------------------------
Finished applying 'set_property' XDC Constraints : Time (s): cpu = 00:00:26 ; elapsed = 00:00:28 . Memory (MB): peak = 3877.441 ; gain = 537.363 ; free physical = 315 ; free virtual = 11392
---------------------------------------------------------------------------------
INFO: [Synth 8-802] inferred FSM for state register 'current_state_reg' in module 'bsip_v1_1_0_jtag_tapctl'
INFO: [Synth 8-6159] Found Keep on FSM register 'current_state_reg' in module 'bsip_v1_1_0_jtag_tapctl', re-encoding will not be performed
---------------------------------------------------------------------------------------------------
                   State |                     New Encoding |                Previous Encoding 
---------------------------------------------------------------------------------------------------
                  tlr_st |                             1111 |                             1111
                  rti_st |                             1100 |                             1100
                seldr_st |                             0111 |                             0111
                selir_st |                             0100 |                             0100
                capir_st |                             1110 |                             1110
                 shir_st |                             1010 |                             1010
                ex1ir_st |                             1001 |                             1001
                  pir_st |                             1011 |                             1011
                ex2ir_st |                             1000 |                             1000
                  uir_st |                             1101 |                             1101
                capdr_st |                             0110 |                             0110
                 shdr_st |                             0010 |                             0010
                ex1dr_st |                             0001 |                             0001
                  pdr_st |                             0011 |                             0011
                ex2dr_st |                             0000 |                             0000
                  udr_st |                             0101 |                             0101
---------------------------------------------------------------------------------------------------
---------------------------------------------------------------------------------
Finished RTL Optimization Phase 2 : Time (s): cpu = 00:00:26 ; elapsed = 00:00:29 . Memory (MB): peak = 3877.441 ; gain = 537.363 ; free physical = 257 ; free virtual = 11188
---------------------------------------------------------------------------------
---------------------------------------------------------------------------------
Start RTL Component Statistics 
---------------------------------------------------------------------------------
Detailed RTL Component Info : 
+---Registers : 
	               32 Bit    Registers := 2     
	                6 Bit    Registers := 2     
	                1 Bit    Registers := 13    
+---Muxes : 
	   2 Input   32 Bit        Muxes := 1     
	   2 Input    6 Bit        Muxes := 1     
	  16 Input    4 Bit        Muxes := 1     
	   2 Input    4 Bit        Muxes := 23    
	   2 Input    3 Bit        Muxes := 9     
	   2 Input    2 Bit        Muxes := 8     
	   3 Input    2 Bit        Muxes := 1     
	   2 Input    1 Bit        Muxes := 14    
	   3 Input    1 Bit        Muxes := 1     
---------------------------------------------------------------------------------
Finished RTL Component Statistics 
---------------------------------------------------------------------------------
---------------------------------------------------------------------------------
Start Part Resource Summary
---------------------------------------------------------------------------------
Part Resources:
DSPs: 12288 (col length:96)
BRAMs: 5376 (col length: RAMB18 384 RAMB36 192)
---------------------------------------------------------------------------------
Finished Part Resource Summary
---------------------------------------------------------------------------------
---------------------------------------------------------------------------------
Start Cross Boundary and Area Optimization
---------------------------------------------------------------------------------
WARNING: [Synth 8-7080] Parallel synthesis criteria is not met
WARNING: [Synth 8-7129] Port prim_tdo in module bsip_v1_1_0_bsip is either unconnected or has no load
WARNING: [Synth 8-7129] Port prim_drck in module bsip_v1_1_0_bsip is either unconnected or has no load
WARNING: [Synth 8-7129] Port prim_reset in module bsip_v1_1_0_bsip is either unconnected or has no load
WARNING: [Synth 8-7129] Port prim_sel in module bsip_v1_1_0_bsip is either unconnected or has no load
WARNING: [Synth 8-7129] Port prim_capture in module bsip_v1_1_0_bsip is either unconnected or has no load
WARNING: [Synth 8-7129] Port prim_shift in module bsip_v1_1_0_bsip is either unconnected or has no load
WARNING: [Synth 8-7129] Port prim_runtest in module bsip_v1_1_0_bsip is either unconnected or has no load
WARNING: [Synth 8-7129] Port prim_tdi in module bsip_v1_1_0_bsip is either unconnected or has no load
WARNING: [Synth 8-7129] Port prim_tck in module bsip_v1_1_0_bsip is either unconnected or has no load
WARNING: [Synth 8-7129] Port prim_tms in module bsip_v1_1_0_bsip is either unconnected or has no load
WARNING: [Synth 8-7129] Port prim_update in module bsip_v1_1_0_bsip is either unconnected or has no load
---------------------------------------------------------------------------------
Finished Cross Boundary and Area Optimization : Time (s): cpu = 00:00:28 ; elapsed = 00:00:32 . Memory (MB): peak = 3877.441 ; gain = 537.363 ; free physical = 367 ; free virtual = 10642
---------------------------------------------------------------------------------
---------------------------------------------------------------------------------
Start Applying XDC Timing Constraints
---------------------------------------------------------------------------------
---------------------------------------------------------------------------------
Finished Applying XDC Timing Constraints : Time (s): cpu = 00:00:41 ; elapsed = 00:00:50 . Memory (MB): peak = 4172.676 ; gain = 832.598 ; free physical = 321 ; free virtual = 9934
---------------------------------------------------------------------------------
---------------------------------------------------------------------------------
Start Timing Optimization
---------------------------------------------------------------------------------
---------------------------------------------------------------------------------
Finished Timing Optimization : Time (s): cpu = 00:00:41 ; elapsed = 00:00:50 . Memory (MB): peak = 4172.676 ; gain = 832.598 ; free physical = 326 ; free virtual = 9932
---------------------------------------------------------------------------------
---------------------------------------------------------------------------------
Start Technology Mapping
---------------------------------------------------------------------------------
---------------------------------------------------------------------------------
Finished Technology Mapping : Time (s): cpu = 00:00:41 ; elapsed = 00:00:50 . Memory (MB): peak = 4201.730 ; gain = 861.652 ; free physical = 324 ; free virtual = 9902
---------------------------------------------------------------------------------
---------------------------------------------------------------------------------
Start IO Insertion
---------------------------------------------------------------------------------
---------------------------------------------------------------------------------
Start Flattening Before IO Insertion
---------------------------------------------------------------------------------
---------------------------------------------------------------------------------
Finished Flattening Before IO Insertion
---------------------------------------------------------------------------------
---------------------------------------------------------------------------------
Start Final Netlist Cleanup
---------------------------------------------------------------------------------
---------------------------------------------------------------------------------
Finished Final Netlist Cleanup
---------------------------------------------------------------------------------
---------------------------------------------------------------------------------
Finished IO Insertion : Time (s): cpu = 00:00:46 ; elapsed = 00:00:55 . Memory (MB): peak = 4201.730 ; gain = 861.652 ; free physical = 1759 ; free virtual = 13164
---------------------------------------------------------------------------------
---------------------------------------------------------------------------------
Start Renaming Generated Instances
---------------------------------------------------------------------------------
---------------------------------------------------------------------------------
Finished Renaming Generated Instances : Time (s): cpu = 00:00:46 ; elapsed = 00:00:55 . Memory (MB): peak = 4201.730 ; gain = 861.652 ; free physical = 1759 ; free virtual = 13164
---------------------------------------------------------------------------------
---------------------------------------------------------------------------------
Start Rebuilding User Hierarchy
---------------------------------------------------------------------------------
---------------------------------------------------------------------------------
Finished Rebuilding User Hierarchy : Time (s): cpu = 00:00:46 ; elapsed = 00:00:55 . Memory (MB): peak = 4201.730 ; gain = 861.652 ; free physical = 1758 ; free virtual = 13163
---------------------------------------------------------------------------------
---------------------------------------------------------------------------------
Start Renaming Generated Ports
---------------------------------------------------------------------------------
---------------------------------------------------------------------------------
Finished Renaming Generated Ports : Time (s): cpu = 00:00:46 ; elapsed = 00:00:55 . Memory (MB): peak = 4201.730 ; gain = 861.652 ; free physical = 1758 ; free virtual = 13164
---------------------------------------------------------------------------------
---------------------------------------------------------------------------------
Start Handling Custom Attributes
---------------------------------------------------------------------------------
---------------------------------------------------------------------------------
Finished Handling Custom Attributes : Time (s): cpu = 00:00:46 ; elapsed = 00:00:55 . Memory (MB): peak = 4201.730 ; gain = 861.652 ; free physical = 1757 ; free virtual = 13163
---------------------------------------------------------------------------------
---------------------------------------------------------------------------------
Start Renaming Generated Nets
---------------------------------------------------------------------------------
---------------------------------------------------------------------------------
Finished Renaming Generated Nets : Time (s): cpu = 00:00:46 ; elapsed = 00:00:55 . Memory (MB): peak = 4201.730 ; gain = 861.652 ; free physical = 1757 ; free virtual = 13163
---------------------------------------------------------------------------------
---------------------------------------------------------------------------------
Start Writing Synthesis Report
---------------------------------------------------------------------------------

Report BlackBoxes: 
+-+--------------+----------+
| |BlackBox name |Instances |
+-+--------------+----------+
+-+--------------+----------+

Report Cell Usage: 
+------+-----+------+
|      |Cell |Count |
+------+-----+------+
|1     |BUFG |     1|
|2     |LUT2 |     4|
|3     |LUT3 |     7|
|4     |LUT4 |    11|
|5     |LUT5 |     4|
|6     |LUT6 |     3|
|7     |FDCE |     5|
|8     |FDPE |     2|
|9     |FDRE |    43|
|10    |FDSE |     8|
+------+-----+------+
---------------------------------------------------------------------------------
Finished Writing Synthesis Report : Time (s): cpu = 00:00:46 ; elapsed = 00:00:55 . Memory (MB): peak = 4201.730 ; gain = 861.652 ; free physical = 1757 ; free virtual = 13163
---------------------------------------------------------------------------------
Synthesis finished with 0 errors, 0 critical warnings and 12 warnings.
Synthesis Optimization Runtime : Time (s): cpu = 00:00:34 ; elapsed = 00:00:42 . Memory (MB): peak = 4201.730 ; gain = 768.969 ; free physical = 1757 ; free virtual = 13182
Synthesis Optimization Complete : Time (s): cpu = 00:00:46 ; elapsed = 00:00:55 . Memory (MB): peak = 4201.738 ; gain = 861.652 ; free physical = 2141 ; free virtual = 13567
INFO: [Project 1-571] Translating synthesized netlist
Netlist sorting complete. Time (s): cpu = 00:00:00 ; elapsed = 00:00:00.01 . Memory (MB): peak = 4201.738 ; gain = 0.000 ; free physical = 2984 ; free virtual = 14417
INFO: [Netlist 29-17] Analyzing 1 Unisim elements for replacement
INFO: [Netlist 29-28] Unisim Transformation completed in 0 CPU seconds
INFO: [Project 1-570] Preparing netlist for logic optimization
INFO: [Opt 31-138] Pushed 0 inverter(s) to 0 load pin(s).
Netlist sorting complete. Time (s): cpu = 00:00:00 ; elapsed = 00:00:00 . Memory (MB): peak = 4281.301 ; gain = 0.000 ; free physical = 2979 ; free virtual = 14525
INFO: [Project 1-111] Unisim Transformation Summary:
  A total of 1 instances were transformed.
  BUFG => BUFGCE: 1 instance 

Synth Design complete | Checksum: 13a88161
INFO: [Common 17-83] Releasing license: Synthesis
30 Infos, 28 Warnings, 0 Critical Warnings and 0 Errors encountered.
synth_design completed successfully
synth_design: Time (s): cpu = 00:01:05 ; elapsed = 00:01:19 . Memory (MB): peak = 4281.301 ; gain = 2079.590 ; free physical = 2958 ; free virtual = 14512
INFO: [Common 17-2834] synth_design peak Physical Memory [PSS] (MB): overall = 3162.605; main = 2848.053; forked = 319.995
INFO: [Common 17-2834] synth_design peak Virtual Memory [VSS] (MB): overall = 5179.844; main = 4281.305; forked = 978.109
INFO: [Common 17-600] The following parameters have non-default value.
general.maxThreads
INFO: [Common 17-1381] The checkpoint '/net/myshella/home/grodzki/PyVectors/.dacecache/atax/build/_x/link/vivado/vpl/prj/prj.runs/bd_53f9_bsip_0_synth_1/bd_53f9_bsip_0.dcp' has been generated.
INFO: [Coretcl 2-1648] Added synthesis output to IP cache for IP bd_53f9_bsip_0, cache-ID = eff55ab9bb2499f5
INFO: [Coretcl 2-1174] Renamed 7 cell refs.
INFO: [Common 17-1381] The checkpoint '/net/myshella/home/grodzki/PyVectors/.dacecache/atax/build/_x/link/vivado/vpl/prj/prj.runs/bd_53f9_bsip_0_synth_1/bd_53f9_bsip_0.dcp' has been generated.
INFO: [runtcl-4] Executing : report_utilization -file bd_53f9_bsip_0_utilization_synth.rpt -pb bd_53f9_bsip_0_utilization_synth.pb
INFO: [Common 17-206] Exiting Vivado at Wed Nov 20 16:48:34 2024...
