
*** Running vivado
    with args -log bd_53f9_bs_switch_1_0.vds -m64 -product Vivado -mode batch -messageDb vivado.pb -notrace -source bd_53f9_bs_switch_1_0.tcl


****** Vivado v2023.1 (64-bit)
  **** SW Build 3865809 on Sun May  7 15:04:56 MDT 2023
  **** IP Build 3864474 on Sun May  7 20:36:21 MDT 2023
  **** SharedData Build 3865790 on Sun May 07 13:33:03 MDT 2023
    ** Copyright 1986-2022 Xilinx, Inc. All Rights Reserved.
    ** Copyright 2022-2023 Advanced Micro Devices, Inc. All Rights Reserved.

source bd_53f9_bs_switch_1_0.tcl -notrace
INFO: Dispatch client connection id - 43863
create_project: Time (s): cpu = 00:00:09 ; elapsed = 00:00:10 . Memory (MB): peak = 2092.328 ; gain = 129.039 ; free physical = 350 ; free virtual = 15609
INFO: [IP_Flow 19-234] Refreshing IP repositories
INFO: [IP_Flow 19-1700] Loaded user IP repository '/net/myshella/home/grodzki/PyVectors/.dacecache/atax/build/_x/link/int/xo/ip_repo/xilinx_com_hls_atax_0_0_1_0'.
INFO: [IP_Flow 19-1700] Loaded user IP repository '/net/myshella/home/grodzki/PyVectors/.dacecache/atax/build/_x/link/vivado/vpl/.local/hw_platform/iprepo'.
INFO: [IP_Flow 19-1700] Loaded user IP repository '/net/myshella/home/grodzki/PyVectors/.dacecache/atax/build/_x/link/vivado/vpl/.local/hw_platform/ipcache'.
INFO: [IP_Flow 19-1700] Loaded user IP repository '/home/rasr/pkgs/vitis_2023.1/Vitis/2023.1/data/ip'.
INFO: [IP_Flow 19-2313] Loaded Vivado IP repository '/home/rasr/pkgs/vitis_2023.1/Vivado/2023.1/data/ip'.
WARNING: [IP_Flow 19-1663] Duplicate IP found for 'xilinx.com:ip:pipeline_reg:1.0'. The one found in IP location '/net/myshella/home/grodzki/PyVectors/.dacecache/atax/build/_x/link/vivado/vpl/.local/hw_platform/iprepo/ip_repo/pxi_ii_infra/pipeline_reg_v1_0' will take precedence over the same IP in location /net/myshella/home/grodzki/PyVectors/.dacecache/atax/build/_x/link/vivado/vpl/.local/hw_platform/iprepo/ip_repo/shell_subsystem_ipdefs/pipeline_reg_v1_0
WARNING: [IP_Flow 19-1663] Duplicate IP found for 'xilinx.com:ip:clk_metadata_adapter:1.0'. The one found in IP location '/net/myshella/home/grodzki/PyVectors/.dacecache/atax/build/_x/link/vivado/vpl/.local/hw_platform/iprepo/ip_repo/pxi_ii_infra/clk_metadata_adapter_v1_0' will take precedence over the same IP in location /net/myshella/home/grodzki/PyVectors/.dacecache/atax/build/_x/link/vivado/vpl/.local/hw_platform/iprepo/ip_repo/shell_subsystem_ipdefs/clk_metadata_adapter_v1_0
WARNING: [IP_Flow 19-1663] Duplicate IP found for 'xilinx.com:ip:axis_clk_metadata_adapter:1.0'. The one found in IP location '/net/myshella/home/grodzki/PyVectors/.dacecache/atax/build/_x/link/vivado/vpl/.local/hw_platform/iprepo/ip_repo/shell_subsystem_ipdefs/axis_clk_metadata_adapter_v1_0' will take precedence over the same IP in location /net/myshella/home/grodzki/PyVectors/.dacecache/atax/build/_x/link/vivado/vpl/.local/hw_platform/iprepo/ip_repo/pxi_ii_infra/axis_clk_metadata_adapter_v1_0
WARNING: [IP_Flow 19-1663] Duplicate IP found for 'xilinx.com:ip:axi_clk_metadata_adapter:1.0'. The one found in IP location '/net/myshella/home/grodzki/PyVectors/.dacecache/atax/build/_x/link/vivado/vpl/.local/hw_platform/iprepo/ip_repo/shell_subsystem_ipdefs/axi_clk_metadata_adapter_v1_0' will take precedence over the same IP in location /net/myshella/home/grodzki/PyVectors/.dacecache/atax/build/_x/link/vivado/vpl/.local/hw_platform/iprepo/ip_repo/pxi_ii_infra/axi_clk_metadata_adapter_v1_0
WARNING: [IP_Flow 19-1663] Duplicate IP found for 'xilinx.com:ip:shell_utils_build_info:1.0'. The one found in IP location '/net/myshella/home/grodzki/PyVectors/.dacecache/atax/build/_x/link/vivado/vpl/.local/hw_platform/iprepo/ip_repo/shell_subsystem_ipdefs/shell_utils_build_info_v1_0' will take precedence over the same IP in the Xilinx installed IP.
INFO: [IP_Flow 19-6924] IPCACHE: Running cache check for IP inst: bd_53f9_bs_switch_1_0
Command: synth_design -top bd_53f9_bs_switch_1_0 -part xcu250-figd2104-2L-e -incremental_mode off -mode out_of_context
Starting synth_design
Attempting to get a license for feature 'Synthesis' and/or device 'xcu250'
INFO: [Common 17-349] Got license for feature 'Synthesis' and/or device 'xcu250'
INFO: [Device 21-403] Loading part xcu250-figd2104-2L-e
INFO: [Synth 8-7079] Multithreading enabled for synth_design using a maximum of 1 processes.
INFO: [Synth 8-7078] Launching helper process for spawning children vivado processes
INFO: [Synth 8-7075] Helper process launched with PID 2073743
INFO: [Synth 8-11241] undeclared symbol 'bscanid_en_int', assumed default net type 'wire' [/net/myshella/home/grodzki/PyVectors/.dacecache/atax/build/_x/link/vivado/vpl/prj/prj.gen/my_rm/bd/ulp/ipshared/6bce/hdl/bs_switch_v1_0_vl_rfs.v:362]
INFO: [Synth 8-11241] undeclared symbol 'bscanid_en_int', assumed default net type 'wire' [/net/myshella/home/grodzki/PyVectors/.dacecache/atax/build/_x/link/vivado/vpl/prj/prj.gen/my_rm/bd/ulp/ipshared/6bce/hdl/bs_switch_v1_0_vl_rfs.v:397]
INFO: [Synth 8-11241] undeclared symbol 'bscanid_en_int', assumed default net type 'wire' [/net/myshella/home/grodzki/PyVectors/.dacecache/atax/build/_x/link/vivado/vpl/prj/prj.gen/my_rm/bd/ulp/ipshared/6bce/hdl/verilog/bs_switch_v1_0_2_bs_ext.vh:31]
INFO: [Synth 8-11241] undeclared symbol 'bscanid_en_int', assumed default net type 'wire' [/net/myshella/home/grodzki/PyVectors/.dacecache/atax/build/_x/link/vivado/vpl/prj/prj.gen/my_rm/bd/ulp/ipshared/6bce/hdl/verilog/bs_switch_v1_0_2_bs_ext.vh:68]
INFO: [Synth 8-11241] undeclared symbol 'bscanid_en_int', assumed default net type 'wire' [/net/myshella/home/grodzki/PyVectors/.dacecache/atax/build/_x/link/vivado/vpl/prj/prj.gen/my_rm/bd/ulp/ipshared/6bce/hdl/verilog/bs_switch_v1_0_2_bs_ext.vh:106]
INFO: [Synth 8-11241] undeclared symbol 'bscanid_en_int', assumed default net type 'wire' [/net/myshella/home/grodzki/PyVectors/.dacecache/atax/build/_x/link/vivado/vpl/prj/prj.gen/my_rm/bd/ulp/ipshared/6bce/hdl/verilog/bs_switch_v1_0_2_bs_ext.vh:145]
INFO: [Synth 8-11241] undeclared symbol 'bscanid_en_int', assumed default net type 'wire' [/net/myshella/home/grodzki/PyVectors/.dacecache/atax/build/_x/link/vivado/vpl/prj/prj.gen/my_rm/bd/ulp/ipshared/6bce/hdl/verilog/bs_switch_v1_0_2_bs_ext.vh:185]
INFO: [Synth 8-11241] undeclared symbol 'bscanid_en_int', assumed default net type 'wire' [/net/myshella/home/grodzki/PyVectors/.dacecache/atax/build/_x/link/vivado/vpl/prj/prj.gen/my_rm/bd/ulp/ipshared/6bce/hdl/verilog/bs_switch_v1_0_2_bs_ext.vh:226]
INFO: [Synth 8-11241] undeclared symbol 'bscanid_en_int', assumed default net type 'wire' [/net/myshella/home/grodzki/PyVectors/.dacecache/atax/build/_x/link/vivado/vpl/prj/prj.gen/my_rm/bd/ulp/ipshared/6bce/hdl/verilog/bs_switch_v1_0_2_bs_ext.vh:268]
INFO: [Synth 8-11241] undeclared symbol 'bscanid_en_int', assumed default net type 'wire' [/net/myshella/home/grodzki/PyVectors/.dacecache/atax/build/_x/link/vivado/vpl/prj/prj.gen/my_rm/bd/ulp/ipshared/6bce/hdl/verilog/bs_switch_v1_0_2_bs_ext.vh:311]
INFO: [Synth 8-11241] undeclared symbol 'bscanid_en_int', assumed default net type 'wire' [/net/myshella/home/grodzki/PyVectors/.dacecache/atax/build/_x/link/vivado/vpl/prj/prj.gen/my_rm/bd/ulp/ipshared/6bce/hdl/verilog/bs_switch_v1_0_2_bs_ext.vh:355]
INFO: [Synth 8-11241] undeclared symbol 'bscanid_en_int', assumed default net type 'wire' [/net/myshella/home/grodzki/PyVectors/.dacecache/atax/build/_x/link/vivado/vpl/prj/prj.gen/my_rm/bd/ulp/ipshared/6bce/hdl/verilog/bs_switch_v1_0_2_bs_ext.vh:400]
INFO: [Synth 8-11241] undeclared symbol 'bscanid_en_int', assumed default net type 'wire' [/net/myshella/home/grodzki/PyVectors/.dacecache/atax/build/_x/link/vivado/vpl/prj/prj.gen/my_rm/bd/ulp/ipshared/6bce/hdl/verilog/bs_switch_v1_0_2_bs_ext.vh:446]
INFO: [Synth 8-11241] undeclared symbol 'bscanid_en_int', assumed default net type 'wire' [/net/myshella/home/grodzki/PyVectors/.dacecache/atax/build/_x/link/vivado/vpl/prj/prj.gen/my_rm/bd/ulp/ipshared/6bce/hdl/verilog/bs_switch_v1_0_2_bs_ext.vh:493]
INFO: [Synth 8-11241] undeclared symbol 'bscanid_en_int', assumed default net type 'wire' [/net/myshella/home/grodzki/PyVectors/.dacecache/atax/build/_x/link/vivado/vpl/prj/prj.gen/my_rm/bd/ulp/ipshared/6bce/hdl/verilog/bs_switch_v1_0_2_bs_ext.vh:541]
INFO: [Synth 8-11241] undeclared symbol 'bscanid_en_int', assumed default net type 'wire' [/net/myshella/home/grodzki/PyVectors/.dacecache/atax/build/_x/link/vivado/vpl/prj/prj.gen/my_rm/bd/ulp/ipshared/6bce/hdl/verilog/bs_switch_v1_0_2_bs_ext.vh:590]
INFO: [Synth 8-11241] undeclared symbol 'bscanid_en_int', assumed default net type 'wire' [/net/myshella/home/grodzki/PyVectors/.dacecache/atax/build/_x/link/vivado/vpl/prj/prj.gen/my_rm/bd/ulp/ipshared/6bce/hdl/verilog/bs_switch_v1_0_2_bs_ext.vh:640]
---------------------------------------------------------------------------------
Starting RTL Elaboration : Time (s): cpu = 00:00:07 ; elapsed = 00:00:15 . Memory (MB): peak = 3709.086 ; gain = 369.766 ; free physical = 299 ; free virtual = 6788
---------------------------------------------------------------------------------
INFO: [Synth 8-6157] synthesizing module 'bd_53f9_bs_switch_1_0' [/net/myshella/home/grodzki/PyVectors/.dacecache/atax/build/_x/link/vivado/vpl/prj/prj.gen/my_rm/bd/ulp/ip/ulp_shell_cmp_subsystem_0_0/bd_1/ip/ip_2/synth/bd_53f9_bs_switch_1_0.v:53]
INFO: [Synth 8-6155] done synthesizing module 'bd_53f9_bs_switch_1_0' (0#1) [/net/myshella/home/grodzki/PyVectors/.dacecache/atax/build/_x/link/vivado/vpl/prj/prj.gen/my_rm/bd/ulp/ip/ulp_shell_cmp_subsystem_0_0/bd_1/ip/ip_2/synth/bd_53f9_bs_switch_1_0.v:53]
WARNING: [Synth 8-7129] Port drck_1 in module bs_switch_v1_0_2_bs_switch is either unconnected or has no load
WARNING: [Synth 8-7129] Port reset_1 in module bs_switch_v1_0_2_bs_switch is either unconnected or has no load
WARNING: [Synth 8-7129] Port sel_1 in module bs_switch_v1_0_2_bs_switch is either unconnected or has no load
WARNING: [Synth 8-7129] Port capture_1 in module bs_switch_v1_0_2_bs_switch is either unconnected or has no load
WARNING: [Synth 8-7129] Port shift_1 in module bs_switch_v1_0_2_bs_switch is either unconnected or has no load
WARNING: [Synth 8-7129] Port update_1 in module bs_switch_v1_0_2_bs_switch is either unconnected or has no load
WARNING: [Synth 8-7129] Port tdi_1 in module bs_switch_v1_0_2_bs_switch is either unconnected or has no load
WARNING: [Synth 8-7129] Port runtest_1 in module bs_switch_v1_0_2_bs_switch is either unconnected or has no load
WARNING: [Synth 8-7129] Port tck_1 in module bs_switch_v1_0_2_bs_switch is either unconnected or has no load
WARNING: [Synth 8-7129] Port tms_1 in module bs_switch_v1_0_2_bs_switch is either unconnected or has no load
WARNING: [Synth 8-7129] Port bscanid_en_1 in module bs_switch_v1_0_2_bs_switch is either unconnected or has no load
WARNING: [Synth 8-7129] Port drck_2 in module bs_switch_v1_0_2_bs_switch is either unconnected or has no load
WARNING: [Synth 8-7129] Port reset_2 in module bs_switch_v1_0_2_bs_switch is either unconnected or has no load
WARNING: [Synth 8-7129] Port sel_2 in module bs_switch_v1_0_2_bs_switch is either unconnected or has no load
WARNING: [Synth 8-7129] Port capture_2 in module bs_switch_v1_0_2_bs_switch is either unconnected or has no load
WARNING: [Synth 8-7129] Port shift_2 in module bs_switch_v1_0_2_bs_switch is either unconnected or has no load
WARNING: [Synth 8-7129] Port update_2 in module bs_switch_v1_0_2_bs_switch is either unconnected or has no load
WARNING: [Synth 8-7129] Port tdi_2 in module bs_switch_v1_0_2_bs_switch is either unconnected or has no load
WARNING: [Synth 8-7129] Port runtest_2 in module bs_switch_v1_0_2_bs_switch is either unconnected or has no load
WARNING: [Synth 8-7129] Port tck_2 in module bs_switch_v1_0_2_bs_switch is either unconnected or has no load
WARNING: [Synth 8-7129] Port tms_2 in module bs_switch_v1_0_2_bs_switch is either unconnected or has no load
WARNING: [Synth 8-7129] Port bscanid_en_2 in module bs_switch_v1_0_2_bs_switch is either unconnected or has no load
WARNING: [Synth 8-7129] Port drck_3 in module bs_switch_v1_0_2_bs_switch is either unconnected or has no load
WARNING: [Synth 8-7129] Port reset_3 in module bs_switch_v1_0_2_bs_switch is either unconnected or has no load
WARNING: [Synth 8-7129] Port sel_3 in module bs_switch_v1_0_2_bs_switch is either unconnected or has no load
WARNING: [Synth 8-7129] Port capture_3 in module bs_switch_v1_0_2_bs_switch is either unconnected or has no load
WARNING: [Synth 8-7129] Port shift_3 in module bs_switch_v1_0_2_bs_switch is either unconnected or has no load
WARNING: [Synth 8-7129] Port update_3 in module bs_switch_v1_0_2_bs_switch is either unconnected or has no load
WARNING: [Synth 8-7129] Port tdi_3 in module bs_switch_v1_0_2_bs_switch is either unconnected or has no load
WARNING: [Synth 8-7129] Port runtest_3 in module bs_switch_v1_0_2_bs_switch is either unconnected or has no load
WARNING: [Synth 8-7129] Port tck_3 in module bs_switch_v1_0_2_bs_switch is either unconnected or has no load
WARNING: [Synth 8-7129] Port tms_3 in module bs_switch_v1_0_2_bs_switch is either unconnected or has no load
WARNING: [Synth 8-7129] Port bscanid_en_3 in module bs_switch_v1_0_2_bs_switch is either unconnected or has no load
WARNING: [Synth 8-7129] Port drck_4 in module bs_switch_v1_0_2_bs_switch is either unconnected or has no load
WARNING: [Synth 8-7129] Port reset_4 in module bs_switch_v1_0_2_bs_switch is either unconnected or has no load
WARNING: [Synth 8-7129] Port sel_4 in module bs_switch_v1_0_2_bs_switch is either unconnected or has no load
WARNING: [Synth 8-7129] Port capture_4 in module bs_switch_v1_0_2_bs_switch is either unconnected or has no load
WARNING: [Synth 8-7129] Port shift_4 in module bs_switch_v1_0_2_bs_switch is either unconnected or has no load
WARNING: [Synth 8-7129] Port update_4 in module bs_switch_v1_0_2_bs_switch is either unconnected or has no load
WARNING: [Synth 8-7129] Port tdi_4 in module bs_switch_v1_0_2_bs_switch is either unconnected or has no load
WARNING: [Synth 8-7129] Port runtest_4 in module bs_switch_v1_0_2_bs_switch is either unconnected or has no load
WARNING: [Synth 8-7129] Port tck_4 in module bs_switch_v1_0_2_bs_switch is either unconnected or has no load
WARNING: [Synth 8-7129] Port tms_4 in module bs_switch_v1_0_2_bs_switch is either unconnected or has no load
WARNING: [Synth 8-7129] Port bscanid_en_4 in module bs_switch_v1_0_2_bs_switch is either unconnected or has no load
WARNING: [Synth 8-7129] Port drck_5 in module bs_switch_v1_0_2_bs_switch is either unconnected or has no load
WARNING: [Synth 8-7129] Port reset_5 in module bs_switch_v1_0_2_bs_switch is either unconnected or has no load
WARNING: [Synth 8-7129] Port sel_5 in module bs_switch_v1_0_2_bs_switch is either unconnected or has no load
WARNING: [Synth 8-7129] Port capture_5 in module bs_switch_v1_0_2_bs_switch is either unconnected or has no load
WARNING: [Synth 8-7129] Port shift_5 in module bs_switch_v1_0_2_bs_switch is either unconnected or has no load
WARNING: [Synth 8-7129] Port update_5 in module bs_switch_v1_0_2_bs_switch is either unconnected or has no load
WARNING: [Synth 8-7129] Port tdi_5 in module bs_switch_v1_0_2_bs_switch is either unconnected or has no load
WARNING: [Synth 8-7129] Port runtest_5 in module bs_switch_v1_0_2_bs_switch is either unconnected or has no load
WARNING: [Synth 8-7129] Port tck_5 in module bs_switch_v1_0_2_bs_switch is either unconnected or has no load
WARNING: [Synth 8-7129] Port tms_5 in module bs_switch_v1_0_2_bs_switch is either unconnected or has no load
WARNING: [Synth 8-7129] Port bscanid_en_5 in module bs_switch_v1_0_2_bs_switch is either unconnected or has no load
WARNING: [Synth 8-7129] Port drck_6 in module bs_switch_v1_0_2_bs_switch is either unconnected or has no load
WARNING: [Synth 8-7129] Port reset_6 in module bs_switch_v1_0_2_bs_switch is either unconnected or has no load
WARNING: [Synth 8-7129] Port sel_6 in module bs_switch_v1_0_2_bs_switch is either unconnected or has no load
WARNING: [Synth 8-7129] Port capture_6 in module bs_switch_v1_0_2_bs_switch is either unconnected or has no load
WARNING: [Synth 8-7129] Port shift_6 in module bs_switch_v1_0_2_bs_switch is either unconnected or has no load
WARNING: [Synth 8-7129] Port update_6 in module bs_switch_v1_0_2_bs_switch is either unconnected or has no load
WARNING: [Synth 8-7129] Port tdi_6 in module bs_switch_v1_0_2_bs_switch is either unconnected or has no load
WARNING: [Synth 8-7129] Port runtest_6 in module bs_switch_v1_0_2_bs_switch is either unconnected or has no load
WARNING: [Synth 8-7129] Port tck_6 in module bs_switch_v1_0_2_bs_switch is either unconnected or has no load
WARNING: [Synth 8-7129] Port tms_6 in module bs_switch_v1_0_2_bs_switch is either unconnected or has no load
WARNING: [Synth 8-7129] Port bscanid_en_6 in module bs_switch_v1_0_2_bs_switch is either unconnected or has no load
WARNING: [Synth 8-7129] Port drck_7 in module bs_switch_v1_0_2_bs_switch is either unconnected or has no load
WARNING: [Synth 8-7129] Port reset_7 in module bs_switch_v1_0_2_bs_switch is either unconnected or has no load
WARNING: [Synth 8-7129] Port sel_7 in module bs_switch_v1_0_2_bs_switch is either unconnected or has no load
WARNING: [Synth 8-7129] Port capture_7 in module bs_switch_v1_0_2_bs_switch is either unconnected or has no load
WARNING: [Synth 8-7129] Port shift_7 in module bs_switch_v1_0_2_bs_switch is either unconnected or has no load
WARNING: [Synth 8-7129] Port update_7 in module bs_switch_v1_0_2_bs_switch is either unconnected or has no load
WARNING: [Synth 8-7129] Port tdi_7 in module bs_switch_v1_0_2_bs_switch is either unconnected or has no load
WARNING: [Synth 8-7129] Port runtest_7 in module bs_switch_v1_0_2_bs_switch is either unconnected or has no load
WARNING: [Synth 8-7129] Port tck_7 in module bs_switch_v1_0_2_bs_switch is either unconnected or has no load
WARNING: [Synth 8-7129] Port tms_7 in module bs_switch_v1_0_2_bs_switch is either unconnected or has no load
WARNING: [Synth 8-7129] Port bscanid_en_7 in module bs_switch_v1_0_2_bs_switch is either unconnected or has no load
WARNING: [Synth 8-7129] Port drck_8 in module bs_switch_v1_0_2_bs_switch is either unconnected or has no load
WARNING: [Synth 8-7129] Port reset_8 in module bs_switch_v1_0_2_bs_switch is either unconnected or has no load
WARNING: [Synth 8-7129] Port sel_8 in module bs_switch_v1_0_2_bs_switch is either unconnected or has no load
WARNING: [Synth 8-7129] Port capture_8 in module bs_switch_v1_0_2_bs_switch is either unconnected or has no load
WARNING: [Synth 8-7129] Port shift_8 in module bs_switch_v1_0_2_bs_switch is either unconnected or has no load
WARNING: [Synth 8-7129] Port update_8 in module bs_switch_v1_0_2_bs_switch is either unconnected or has no load
WARNING: [Synth 8-7129] Port tdi_8 in module bs_switch_v1_0_2_bs_switch is either unconnected or has no load
WARNING: [Synth 8-7129] Port runtest_8 in module bs_switch_v1_0_2_bs_switch is either unconnected or has no load
WARNING: [Synth 8-7129] Port tck_8 in module bs_switch_v1_0_2_bs_switch is either unconnected or has no load
WARNING: [Synth 8-7129] Port tms_8 in module bs_switch_v1_0_2_bs_switch is either unconnected or has no load
WARNING: [Synth 8-7129] Port bscanid_en_8 in module bs_switch_v1_0_2_bs_switch is either unconnected or has no load
WARNING: [Synth 8-7129] Port drck_9 in module bs_switch_v1_0_2_bs_switch is either unconnected or has no load
WARNING: [Synth 8-7129] Port reset_9 in module bs_switch_v1_0_2_bs_switch is either unconnected or has no load
WARNING: [Synth 8-7129] Port sel_9 in module bs_switch_v1_0_2_bs_switch is either unconnected or has no load
WARNING: [Synth 8-7129] Port capture_9 in module bs_switch_v1_0_2_bs_switch is either unconnected or has no load
WARNING: [Synth 8-7129] Port shift_9 in module bs_switch_v1_0_2_bs_switch is either unconnected or has no load
WARNING: [Synth 8-7129] Port update_9 in module bs_switch_v1_0_2_bs_switch is either unconnected or has no load
WARNING: [Synth 8-7129] Port tdi_9 in module bs_switch_v1_0_2_bs_switch is either unconnected or has no load
WARNING: [Synth 8-7129] Port runtest_9 in module bs_switch_v1_0_2_bs_switch is either unconnected or has no load
WARNING: [Synth 8-7129] Port tck_9 in module bs_switch_v1_0_2_bs_switch is either unconnected or has no load
WARNING: [Synth 8-7129] Port tms_9 in module bs_switch_v1_0_2_bs_switch is either unconnected or has no load
WARNING: [Synth 8-7129] Port bscanid_en_9 in module bs_switch_v1_0_2_bs_switch is either unconnected or has no load
WARNING: [Synth 8-7129] Port drck_10 in module bs_switch_v1_0_2_bs_switch is either unconnected or has no load
INFO: [Common 17-14] Message 'Synth 8-7129' appears 100 times and further instances of the messages will be disabled. Use the Tcl command set_msg_config to change the current settings.
---------------------------------------------------------------------------------
Finished RTL Elaboration : Time (s): cpu = 00:00:12 ; elapsed = 00:00:22 . Memory (MB): peak = 3783.992 ; gain = 444.672 ; free physical = 324 ; free virtual = 6189
---------------------------------------------------------------------------------
---------------------------------------------------------------------------------
Start Handling Custom Attributes
---------------------------------------------------------------------------------
---------------------------------------------------------------------------------
Finished Handling Custom Attributes : Time (s): cpu = 00:00:12 ; elapsed = 00:00:22 . Memory (MB): peak = 3795.867 ; gain = 456.547 ; free physical = 298 ; free virtual = 6181
---------------------------------------------------------------------------------
---------------------------------------------------------------------------------
Finished RTL Optimization Phase 1 : Time (s): cpu = 00:00:12 ; elapsed = 00:00:22 . Memory (MB): peak = 3795.867 ; gain = 456.547 ; free physical = 298 ; free virtual = 6180
---------------------------------------------------------------------------------
Netlist sorting complete. Time (s): cpu = 00:00:00.02 ; elapsed = 00:00:00.03 . Memory (MB): peak = 3795.867 ; gain = 0.000 ; free physical = 358 ; free virtual = 6176
INFO: [Project 1-570] Preparing netlist for logic optimization

Processing XDC Constraints
Initializing timing engine
Parsing XDC File [/net/myshella/home/grodzki/PyVectors/.dacecache/atax/build/_x/link/vivado/vpl/prj/prj.gen/my_rm/bd/ulp/ip/ulp_shell_cmp_subsystem_0_0/bd_1/ip/ip_2/bd_53f9_bs_switch_1_0_ooc.xdc] for cell 'inst'
Finished Parsing XDC File [/net/myshella/home/grodzki/PyVectors/.dacecache/atax/build/_x/link/vivado/vpl/prj/prj.gen/my_rm/bd/ulp/ip/ulp_shell_cmp_subsystem_0_0/bd_1/ip/ip_2/bd_53f9_bs_switch_1_0_ooc.xdc] for cell 'inst'
Parsing XDC File [/net/myshella/home/grodzki/PyVectors/.dacecache/atax/build/_x/link/vivado/vpl/prj/prj.gen/my_rm/bd/ulp/ip/ulp_shell_cmp_subsystem_0_0/bd_1/ip/ip_2/constraints/bs_switch.xdc] for cell 'inst'
Finished Parsing XDC File [/net/myshella/home/grodzki/PyVectors/.dacecache/atax/build/_x/link/vivado/vpl/prj/prj.gen/my_rm/bd/ulp/ip/ulp_shell_cmp_subsystem_0_0/bd_1/ip/ip_2/constraints/bs_switch.xdc] for cell 'inst'
INFO: [Project 1-236] Implementation specific constraints were found while reading constraint file [/net/myshella/home/grodzki/PyVectors/.dacecache/atax/build/_x/link/vivado/vpl/prj/prj.gen/my_rm/bd/ulp/ip/ulp_shell_cmp_subsystem_0_0/bd_1/ip/ip_2/constraints/bs_switch.xdc]. These constraints will be ignored for synthesis but will be used in implementation. Impacted constraints are listed in the file [.Xil/bd_53f9_bs_switch_1_0_propImpl.xdc].
Resolution: To avoid this warning, move constraints listed in [.Xil/bd_53f9_bs_switch_1_0_propImpl.xdc] to another XDC file and exclude this new file from synthesis with the used_in_synthesis property (File Properties dialog in GUI) and re-run elaboration/synthesis.
Parsing XDC File [/net/myshella/home/grodzki/PyVectors/.dacecache/atax/build/_x/link/vivado/vpl/prj/prj.runs/bd_53f9_bs_switch_1_0_synth_1/dont_touch.xdc]
Finished Parsing XDC File [/net/myshella/home/grodzki/PyVectors/.dacecache/atax/build/_x/link/vivado/vpl/prj/prj.runs/bd_53f9_bs_switch_1_0_synth_1/dont_touch.xdc]
Completed Processing XDC Constraints

Netlist sorting complete. Time (s): cpu = 00:00:00 ; elapsed = 00:00:00 . Memory (MB): peak = 3891.457 ; gain = 0.000 ; free physical = 344 ; free virtual = 5878
INFO: [Project 1-111] Unisim Transformation Summary:
No Unisim elements were transformed.

Constraint Validation Runtime : Time (s): cpu = 00:00:00.06 ; elapsed = 00:00:00.08 . Memory (MB): peak = 3891.457 ; gain = 0.000 ; free physical = 320 ; free virtual = 5863
INFO: [Designutils 20-5008] Incremental synthesis strategy off
---------------------------------------------------------------------------------
Finished Constraint Validation : Time (s): cpu = 00:00:24 ; elapsed = 00:00:35 . Memory (MB): peak = 3891.457 ; gain = 552.137 ; free physical = 291 ; free virtual = 7917
---------------------------------------------------------------------------------
---------------------------------------------------------------------------------
Start Loading Part and Timing Information
---------------------------------------------------------------------------------
Loading part: xcu250-figd2104-2L-e
INFO: [Synth 8-6742] Reading net delay rules and data
---------------------------------------------------------------------------------
Finished Loading Part and Timing Information : Time (s): cpu = 00:00:24 ; elapsed = 00:00:36 . Memory (MB): peak = 3891.457 ; gain = 552.137 ; free physical = 286 ; free virtual = 7859
---------------------------------------------------------------------------------
---------------------------------------------------------------------------------
Start Applying 'set_property' XDC Constraints
---------------------------------------------------------------------------------
Applied set_property KEEP_HIERARCHY = SOFT for inst. (constraint file  /net/myshella/home/grodzki/PyVectors/.dacecache/atax/build/_x/link/vivado/vpl/prj/prj.runs/bd_53f9_bs_switch_1_0_synth_1/dont_touch.xdc, line 6).
---------------------------------------------------------------------------------
Finished applying 'set_property' XDC Constraints : Time (s): cpu = 00:00:24 ; elapsed = 00:00:36 . Memory (MB): peak = 3891.457 ; gain = 552.137 ; free physical = 290 ; free virtual = 7753
---------------------------------------------------------------------------------
INFO: [Synth 8-802] inferred FSM for state register 'id_state_reg' in module 'bs_switch_v1_0_2_core'
INFO: [Synth 8-6159] Found Keep on FSM register 'id_state_reg' in module 'bs_switch_v1_0_2_core', re-encoding will not be performed
---------------------------------------------------------------------------------------------------
                   State |                     New Encoding |                Previous Encoding 
---------------------------------------------------------------------------------------------------
*
                  iSTATE |                               00 |                               00
                 iSTATE0 |                               01 |                               01
---------------------------------------------------------------------------------------------------
---------------------------------------------------------------------------------
Finished RTL Optimization Phase 2 : Time (s): cpu = 00:00:25 ; elapsed = 00:00:38 . Memory (MB): peak = 3891.457 ; gain = 552.137 ; free physical = 309 ; free virtual = 7415
---------------------------------------------------------------------------------
---------------------------------------------------------------------------------
Start RTL Component Statistics 
---------------------------------------------------------------------------------
Detailed RTL Component Info : 
+---Adders : 
	   2 Input    8 Bit       Adders := 1     
+---Registers : 
	               32 Bit    Registers := 3     
	                8 Bit    Registers := 1     
	                6 Bit    Registers := 2     
	                3 Bit    Registers := 2     
	                1 Bit    Registers := 1     
+---Muxes : 
	   2 Input   32 Bit        Muxes := 6     
	   2 Input    6 Bit        Muxes := 4     
	   6 Input    3 Bit        Muxes := 1     
	   2 Input    3 Bit        Muxes := 3     
	   3 Input    2 Bit        Muxes := 1     
	   2 Input    2 Bit        Muxes := 2     
	   2 Input    1 Bit        Muxes := 15    
	   3 Input    1 Bit        Muxes := 1     
---------------------------------------------------------------------------------
Finished RTL Component Statistics 
---------------------------------------------------------------------------------
---------------------------------------------------------------------------------
Start Part Resource Summary
---------------------------------------------------------------------------------
Part Resources:
DSPs: 12288 (col length:96)
BRAMs: 5376 (col length: RAMB18 384 RAMB36 192)
---------------------------------------------------------------------------------
Finished Part Resource Summary
---------------------------------------------------------------------------------
---------------------------------------------------------------------------------
Start Cross Boundary and Area Optimization
---------------------------------------------------------------------------------
WARNING: [Synth 8-7080] Parallel synthesis criteria is not met
---------------------------------------------------------------------------------
Finished Cross Boundary and Area Optimization : Time (s): cpu = 00:00:27 ; elapsed = 00:00:40 . Memory (MB): peak = 3891.457 ; gain = 552.137 ; free physical = 347 ; free virtual = 7298
---------------------------------------------------------------------------------
---------------------------------------------------------------------------------
Start Applying XDC Timing Constraints
---------------------------------------------------------------------------------
---------------------------------------------------------------------------------
Finished Applying XDC Timing Constraints : Time (s): cpu = 00:00:40 ; elapsed = 00:00:58 . Memory (MB): peak = 4178.754 ; gain = 839.434 ; free physical = 277 ; free virtual = 9133
---------------------------------------------------------------------------------
---------------------------------------------------------------------------------
Start Timing Optimization
---------------------------------------------------------------------------------
---------------------------------------------------------------------------------
Finished Timing Optimization : Time (s): cpu = 00:00:40 ; elapsed = 00:00:58 . Memory (MB): peak = 4179.754 ; gain = 840.434 ; free physical = 273 ; free virtual = 9118
---------------------------------------------------------------------------------
---------------------------------------------------------------------------------
Start Technology Mapping
---------------------------------------------------------------------------------
---------------------------------------------------------------------------------
Finished Technology Mapping : Time (s): cpu = 00:00:40 ; elapsed = 00:00:59 . Memory (MB): peak = 4198.785 ; gain = 859.465 ; free physical = 277 ; free virtual = 8891
---------------------------------------------------------------------------------
---------------------------------------------------------------------------------
Start IO Insertion
---------------------------------------------------------------------------------
---------------------------------------------------------------------------------
Start Flattening Before IO Insertion
---------------------------------------------------------------------------------
---------------------------------------------------------------------------------
Finished Flattening Before IO Insertion
---------------------------------------------------------------------------------
---------------------------------------------------------------------------------
Start Final Netlist Cleanup
---------------------------------------------------------------------------------
---------------------------------------------------------------------------------
Finished Final Netlist Cleanup
---------------------------------------------------------------------------------
---------------------------------------------------------------------------------
Finished IO Insertion : Time (s): cpu = 00:00:45 ; elapsed = 00:01:04 . Memory (MB): peak = 4204.723 ; gain = 865.402 ; free physical = 312 ; free virtual = 8694
---------------------------------------------------------------------------------
---------------------------------------------------------------------------------
Start Renaming Generated Instances
---------------------------------------------------------------------------------
---------------------------------------------------------------------------------
Finished Renaming Generated Instances : Time (s): cpu = 00:00:45 ; elapsed = 00:01:04 . Memory (MB): peak = 4204.723 ; gain = 865.402 ; free physical = 311 ; free virtual = 8693
---------------------------------------------------------------------------------
---------------------------------------------------------------------------------
Start Rebuilding User Hierarchy
---------------------------------------------------------------------------------
---------------------------------------------------------------------------------
Finished Rebuilding User Hierarchy : Time (s): cpu = 00:00:45 ; elapsed = 00:01:04 . Memory (MB): peak = 4204.723 ; gain = 865.402 ; free physical = 310 ; free virtual = 8692
---------------------------------------------------------------------------------
---------------------------------------------------------------------------------
Start Renaming Generated Ports
---------------------------------------------------------------------------------
---------------------------------------------------------------------------------
Finished Renaming Generated Ports : Time (s): cpu = 00:00:45 ; elapsed = 00:01:04 . Memory (MB): peak = 4204.723 ; gain = 865.402 ; free physical = 309 ; free virtual = 8691
---------------------------------------------------------------------------------
---------------------------------------------------------------------------------
Start Handling Custom Attributes
---------------------------------------------------------------------------------
---------------------------------------------------------------------------------
Finished Handling Custom Attributes : Time (s): cpu = 00:00:45 ; elapsed = 00:01:04 . Memory (MB): peak = 4204.723 ; gain = 865.402 ; free physical = 307 ; free virtual = 8689
---------------------------------------------------------------------------------
---------------------------------------------------------------------------------
Start Renaming Generated Nets
---------------------------------------------------------------------------------
---------------------------------------------------------------------------------
Finished Renaming Generated Nets : Time (s): cpu = 00:00:45 ; elapsed = 00:01:04 . Memory (MB): peak = 4204.723 ; gain = 865.402 ; free physical = 307 ; free virtual = 8689
---------------------------------------------------------------------------------
---------------------------------------------------------------------------------
Start Writing Synthesis Report
---------------------------------------------------------------------------------

Report BlackBoxes: 
+-+--------------+----------+
| |BlackBox name |Instances |
+-+--------------+----------+
+-+--------------+----------+

Report Cell Usage: 
+------+-------+------+
|      |Cell   |Count |
+------+-------+------+
|1     |CARRY8 |     1|
|2     |LUT1   |     1|
|3     |LUT2   |    34|
|4     |LUT3   |    12|
|5     |LUT4   |    36|
|6     |LUT5   |    43|
|7     |LUT6   |    21|
|8     |FDRE   |   120|
|9     |FDSE   |     5|
+------+-------+------+
---------------------------------------------------------------------------------
Finished Writing Synthesis Report : Time (s): cpu = 00:00:45 ; elapsed = 00:01:04 . Memory (MB): peak = 4204.723 ; gain = 865.402 ; free physical = 306 ; free virtual = 8688
---------------------------------------------------------------------------------
Synthesis finished with 0 errors, 0 critical warnings and 193 warnings.
Synthesis Optimization Runtime : Time (s): cpu = 00:00:42 ; elapsed = 00:01:00 . Memory (MB): peak = 4204.723 ; gain = 769.812 ; free physical = 339 ; free virtual = 8633
Synthesis Optimization Complete : Time (s): cpu = 00:00:45 ; elapsed = 00:01:04 . Memory (MB): peak = 4204.730 ; gain = 865.402 ; free physical = 329 ; free virtual = 8625
INFO: [Project 1-571] Translating synthesized netlist
Netlist sorting complete. Time (s): cpu = 00:00:00.01 ; elapsed = 00:00:00.02 . Memory (MB): peak = 4215.691 ; gain = 0.000 ; free physical = 418 ; free virtual = 8631
INFO: [Netlist 29-17] Analyzing 1 Unisim elements for replacement
INFO: [Netlist 29-28] Unisim Transformation completed in 6 CPU seconds
INFO: [Project 1-570] Preparing netlist for logic optimization
INFO: [Opt 31-138] Pushed 0 inverter(s) to 0 load pin(s).
Netlist sorting complete. Time (s): cpu = 00:00:00 ; elapsed = 00:00:00 . Memory (MB): peak = 4284.371 ; gain = 0.000 ; free physical = 306 ; free virtual = 8303
INFO: [Project 1-111] Unisim Transformation Summary:
No Unisim elements were transformed.

Synth Design complete | Checksum: 36babc5
INFO: [Common 17-83] Releasing license: Synthesis
46 Infos, 106 Warnings, 0 Critical Warnings and 0 Errors encountered.
synth_design completed successfully
synth_design: Time (s): cpu = 00:01:07 ; elapsed = 00:01:34 . Memory (MB): peak = 4284.371 ; gain = 2084.480 ; free physical = 285 ; free virtual = 8187
INFO: [Common 17-2834] synth_design peak Physical Memory [PSS] (MB): overall = 2161.363; main = 1862.948; forked = 302.448
INFO: [Common 17-2834] synth_design peak Virtual Memory [VSS] (MB): overall = 5164.219; main = 4284.375; forked = 965.430
INFO: [Common 17-600] The following parameters have non-default value.
general.maxThreads
INFO: [Common 17-1381] The checkpoint '/net/myshella/home/grodzki/PyVectors/.dacecache/atax/build/_x/link/vivado/vpl/prj/prj.runs/bd_53f9_bs_switch_1_0_synth_1/bd_53f9_bs_switch_1_0.dcp' has been generated.
INFO: [Coretcl 2-1648] Added synthesis output to IP cache for IP bd_53f9_bs_switch_1_0, cache-ID = 1c5d0e6a91399798
INFO: [Coretcl 2-1174] Renamed 2 cell refs.
INFO: [Common 17-1381] The checkpoint '/net/myshella/home/grodzki/PyVectors/.dacecache/atax/build/_x/link/vivado/vpl/prj/prj.runs/bd_53f9_bs_switch_1_0_synth_1/bd_53f9_bs_switch_1_0.dcp' has been generated.
INFO: [runtcl-4] Executing : report_utilization -file bd_53f9_bs_switch_1_0_utilization_synth.rpt -pb bd_53f9_bs_switch_1_0_utilization_synth.pb
INFO: [Common 17-206] Exiting Vivado at Wed Nov 20 17:05:21 2024...
