
*** Running vivado
    with args -log bd_7b93_lut_buffer_0.vds -m64 -product Vivado -mode batch -messageDb vivado.pb -notrace -source bd_7b93_lut_buffer_0.tcl


****** Vivado v2023.1 (64-bit)
  **** SW Build 3865809 on Sun May  7 15:04:56 MDT 2023
  **** IP Build 3864474 on Sun May  7 20:36:21 MDT 2023
  **** SharedData Build 3865790 on Sun May 07 13:33:03 MDT 2023
    ** Copyright 1986-2022 Xilinx, Inc. All Rights Reserved.
    ** Copyright 2022-2023 Advanced Micro Devices, Inc. All Rights Reserved.

source bd_7b93_lut_buffer_0.tcl -notrace
INFO: Dispatch client connection id - 43863
create_project: Time (s): cpu = 00:00:11 ; elapsed = 00:00:12 . Memory (MB): peak = 2092.289 ; gain = 130.039 ; free physical = 351 ; free virtual = 15398
INFO: [IP_Flow 19-234] Refreshing IP repositories
INFO: [IP_Flow 19-1700] Loaded user IP repository '/net/myshella/home/grodzki/PyVectors/.dacecache/atax/build/_x/link/int/xo/ip_repo/xilinx_com_hls_atax_0_0_1_0'.
INFO: [IP_Flow 19-1700] Loaded user IP repository '/net/myshella/home/grodzki/PyVectors/.dacecache/atax/build/_x/link/vivado/vpl/.local/hw_platform/iprepo'.
INFO: [IP_Flow 19-1700] Loaded user IP repository '/net/myshella/home/grodzki/PyVectors/.dacecache/atax/build/_x/link/vivado/vpl/.local/hw_platform/ipcache'.
INFO: [IP_Flow 19-1700] Loaded user IP repository '/home/rasr/pkgs/vitis_2023.1/Vitis/2023.1/data/ip'.
INFO: [IP_Flow 19-2313] Loaded Vivado IP repository '/home/rasr/pkgs/vitis_2023.1/Vivado/2023.1/data/ip'.
WARNING: [IP_Flow 19-1663] Duplicate IP found for 'xilinx.com:ip:pipeline_reg:1.0'. The one found in IP location '/net/myshella/home/grodzki/PyVectors/.dacecache/atax/build/_x/link/vivado/vpl/.local/hw_platform/iprepo/ip_repo/pxi_ii_infra/pipeline_reg_v1_0' will take precedence over the same IP in location /net/myshella/home/grodzki/PyVectors/.dacecache/atax/build/_x/link/vivado/vpl/.local/hw_platform/iprepo/ip_repo/shell_subsystem_ipdefs/pipeline_reg_v1_0
WARNING: [IP_Flow 19-1663] Duplicate IP found for 'xilinx.com:ip:clk_metadata_adapter:1.0'. The one found in IP location '/net/myshella/home/grodzki/PyVectors/.dacecache/atax/build/_x/link/vivado/vpl/.local/hw_platform/iprepo/ip_repo/pxi_ii_infra/clk_metadata_adapter_v1_0' will take precedence over the same IP in location /net/myshella/home/grodzki/PyVectors/.dacecache/atax/build/_x/link/vivado/vpl/.local/hw_platform/iprepo/ip_repo/shell_subsystem_ipdefs/clk_metadata_adapter_v1_0
WARNING: [IP_Flow 19-1663] Duplicate IP found for 'xilinx.com:ip:axis_clk_metadata_adapter:1.0'. The one found in IP location '/net/myshella/home/grodzki/PyVectors/.dacecache/atax/build/_x/link/vivado/vpl/.local/hw_platform/iprepo/ip_repo/shell_subsystem_ipdefs/axis_clk_metadata_adapter_v1_0' will take precedence over the same IP in location /net/myshella/home/grodzki/PyVectors/.dacecache/atax/build/_x/link/vivado/vpl/.local/hw_platform/iprepo/ip_repo/pxi_ii_infra/axis_clk_metadata_adapter_v1_0
WARNING: [IP_Flow 19-1663] Duplicate IP found for 'xilinx.com:ip:axi_clk_metadata_adapter:1.0'. The one found in IP location '/net/myshella/home/grodzki/PyVectors/.dacecache/atax/build/_x/link/vivado/vpl/.local/hw_platform/iprepo/ip_repo/shell_subsystem_ipdefs/axi_clk_metadata_adapter_v1_0' will take precedence over the same IP in location /net/myshella/home/grodzki/PyVectors/.dacecache/atax/build/_x/link/vivado/vpl/.local/hw_platform/iprepo/ip_repo/pxi_ii_infra/axi_clk_metadata_adapter_v1_0
WARNING: [IP_Flow 19-1663] Duplicate IP found for 'xilinx.com:ip:shell_utils_build_info:1.0'. The one found in IP location '/net/myshella/home/grodzki/PyVectors/.dacecache/atax/build/_x/link/vivado/vpl/.local/hw_platform/iprepo/ip_repo/shell_subsystem_ipdefs/shell_utils_build_info_v1_0' will take precedence over the same IP in the Xilinx installed IP.
INFO: [IP_Flow 19-6924] IPCACHE: Running cache check for IP inst: bd_7b93_lut_buffer_0
Command: synth_design -top bd_7b93_lut_buffer_0 -part xcu250-figd2104-2L-e -incremental_mode off -mode out_of_context
Starting synth_design
Attempting to get a license for feature 'Synthesis' and/or device 'xcu250'
INFO: [Common 17-349] Got license for feature 'Synthesis' and/or device 'xcu250'
INFO: [Device 21-403] Loading part xcu250-figd2104-2L-e
INFO: [Synth 8-7079] Multithreading enabled for synth_design using a maximum of 1 processes.
INFO: [Synth 8-7078] Launching helper process for spawning children vivado processes
INFO: [Synth 8-7075] Helper process launched with PID 2073815
---------------------------------------------------------------------------------
Starting RTL Elaboration : Time (s): cpu = 00:00:07 ; elapsed = 00:00:13 . Memory (MB): peak = 3708.984 ; gain = 369.766 ; free physical = 299 ; free virtual = 6727
---------------------------------------------------------------------------------
INFO: [Synth 8-6157] synthesizing module 'bd_7b93_lut_buffer_0' [/net/myshella/home/grodzki/PyVectors/.dacecache/atax/build/_x/link/vivado/vpl/prj/prj.gen/my_rm/bd/ulp/ip/ulp_shell_cmp_subsystem_0_0/bd_2/ip/ip_1/synth/bd_7b93_lut_buffer_0.v:53]
INFO: [Synth 8-6157] synthesizing module 'LUT1' [/home/rasr/pkgs/vitis_2023.1/Vivado/2023.1/scripts/rt/data/unisim_comp.v:79430]
INFO: [Synth 8-6155] done synthesizing module 'LUT1' (0#1) [/home/rasr/pkgs/vitis_2023.1/Vivado/2023.1/scripts/rt/data/unisim_comp.v:79430]
INFO: [Synth 8-6155] done synthesizing module 'bd_7b93_lut_buffer_0' (0#1) [/net/myshella/home/grodzki/PyVectors/.dacecache/atax/build/_x/link/vivado/vpl/prj/prj.gen/my_rm/bd/ulp/ip/ulp_shell_cmp_subsystem_0_0/bd_2/ip/ip_1/synth/bd_7b93_lut_buffer_0.v:53]
WARNING: [Synth 8-7129] Port bscanid_i[31] in module lut_buffer_v2_0_0_lut_buffer is either unconnected or has no load
WARNING: [Synth 8-7129] Port bscanid_i[30] in module lut_buffer_v2_0_0_lut_buffer is either unconnected or has no load
WARNING: [Synth 8-7129] Port bscanid_i[29] in module lut_buffer_v2_0_0_lut_buffer is either unconnected or has no load
WARNING: [Synth 8-7129] Port bscanid_i[28] in module lut_buffer_v2_0_0_lut_buffer is either unconnected or has no load
WARNING: [Synth 8-7129] Port bscanid_i[27] in module lut_buffer_v2_0_0_lut_buffer is either unconnected or has no load
WARNING: [Synth 8-7129] Port bscanid_i[26] in module lut_buffer_v2_0_0_lut_buffer is either unconnected or has no load
WARNING: [Synth 8-7129] Port bscanid_i[25] in module lut_buffer_v2_0_0_lut_buffer is either unconnected or has no load
WARNING: [Synth 8-7129] Port bscanid_i[24] in module lut_buffer_v2_0_0_lut_buffer is either unconnected or has no load
WARNING: [Synth 8-7129] Port bscanid_i[23] in module lut_buffer_v2_0_0_lut_buffer is either unconnected or has no load
WARNING: [Synth 8-7129] Port bscanid_i[22] in module lut_buffer_v2_0_0_lut_buffer is either unconnected or has no load
WARNING: [Synth 8-7129] Port bscanid_i[21] in module lut_buffer_v2_0_0_lut_buffer is either unconnected or has no load
WARNING: [Synth 8-7129] Port bscanid_i[20] in module lut_buffer_v2_0_0_lut_buffer is either unconnected or has no load
WARNING: [Synth 8-7129] Port bscanid_i[19] in module lut_buffer_v2_0_0_lut_buffer is either unconnected or has no load
WARNING: [Synth 8-7129] Port bscanid_i[18] in module lut_buffer_v2_0_0_lut_buffer is either unconnected or has no load
WARNING: [Synth 8-7129] Port bscanid_i[17] in module lut_buffer_v2_0_0_lut_buffer is either unconnected or has no load
WARNING: [Synth 8-7129] Port bscanid_i[16] in module lut_buffer_v2_0_0_lut_buffer is either unconnected or has no load
WARNING: [Synth 8-7129] Port bscanid_i[15] in module lut_buffer_v2_0_0_lut_buffer is either unconnected or has no load
WARNING: [Synth 8-7129] Port bscanid_i[14] in module lut_buffer_v2_0_0_lut_buffer is either unconnected or has no load
WARNING: [Synth 8-7129] Port bscanid_i[13] in module lut_buffer_v2_0_0_lut_buffer is either unconnected or has no load
WARNING: [Synth 8-7129] Port bscanid_i[12] in module lut_buffer_v2_0_0_lut_buffer is either unconnected or has no load
WARNING: [Synth 8-7129] Port bscanid_i[11] in module lut_buffer_v2_0_0_lut_buffer is either unconnected or has no load
WARNING: [Synth 8-7129] Port bscanid_i[10] in module lut_buffer_v2_0_0_lut_buffer is either unconnected or has no load
WARNING: [Synth 8-7129] Port bscanid_i[9] in module lut_buffer_v2_0_0_lut_buffer is either unconnected or has no load
WARNING: [Synth 8-7129] Port bscanid_i[8] in module lut_buffer_v2_0_0_lut_buffer is either unconnected or has no load
WARNING: [Synth 8-7129] Port bscanid_i[7] in module lut_buffer_v2_0_0_lut_buffer is either unconnected or has no load
WARNING: [Synth 8-7129] Port bscanid_i[6] in module lut_buffer_v2_0_0_lut_buffer is either unconnected or has no load
WARNING: [Synth 8-7129] Port bscanid_i[5] in module lut_buffer_v2_0_0_lut_buffer is either unconnected or has no load
WARNING: [Synth 8-7129] Port bscanid_i[4] in module lut_buffer_v2_0_0_lut_buffer is either unconnected or has no load
WARNING: [Synth 8-7129] Port bscanid_i[3] in module lut_buffer_v2_0_0_lut_buffer is either unconnected or has no load
WARNING: [Synth 8-7129] Port bscanid_i[2] in module lut_buffer_v2_0_0_lut_buffer is either unconnected or has no load
WARNING: [Synth 8-7129] Port bscanid_i[1] in module lut_buffer_v2_0_0_lut_buffer is either unconnected or has no load
WARNING: [Synth 8-7129] Port bscanid_i[0] in module lut_buffer_v2_0_0_lut_buffer is either unconnected or has no load
---------------------------------------------------------------------------------
Finished RTL Elaboration : Time (s): cpu = 00:00:09 ; elapsed = 00:00:16 . Memory (MB): peak = 3779.891 ; gain = 440.672 ; free physical = 288 ; free virtual = 6445
---------------------------------------------------------------------------------
---------------------------------------------------------------------------------
Start Handling Custom Attributes
---------------------------------------------------------------------------------
---------------------------------------------------------------------------------
Finished Handling Custom Attributes : Time (s): cpu = 00:00:09 ; elapsed = 00:00:16 . Memory (MB): peak = 3788.797 ; gain = 449.578 ; free physical = 329 ; free virtual = 6395
---------------------------------------------------------------------------------
---------------------------------------------------------------------------------
Finished RTL Optimization Phase 1 : Time (s): cpu = 00:00:09 ; elapsed = 00:00:16 . Memory (MB): peak = 3788.797 ; gain = 449.578 ; free physical = 330 ; free virtual = 6396
---------------------------------------------------------------------------------
Netlist sorting complete. Time (s): cpu = 00:00:00 ; elapsed = 00:00:00 . Memory (MB): peak = 3799.766 ; gain = 0.000 ; free physical = 297 ; free virtual = 6371
INFO: [Project 1-570] Preparing netlist for logic optimization

Processing XDC Constraints
Initializing timing engine
Completed Processing XDC Constraints

Netlist sorting complete. Time (s): cpu = 00:00:00 ; elapsed = 00:00:00 . Memory (MB): peak = 3819.645 ; gain = 0.000 ; free physical = 327 ; free virtual = 6149
INFO: [Project 1-111] Unisim Transformation Summary:
No Unisim elements were transformed.

Constraint Validation Runtime : Time (s): cpu = 00:00:00.03 ; elapsed = 00:00:00.08 . Memory (MB): peak = 3819.645 ; gain = 0.000 ; free physical = 313 ; free virtual = 6146
INFO: [Designutils 20-5008] Incremental synthesis strategy off
---------------------------------------------------------------------------------
Finished Constraint Validation : Time (s): cpu = 00:00:18 ; elapsed = 00:00:27 . Memory (MB): peak = 3819.645 ; gain = 480.426 ; free physical = 702 ; free virtual = 8663
---------------------------------------------------------------------------------
---------------------------------------------------------------------------------
Start Loading Part and Timing Information
---------------------------------------------------------------------------------
Loading part: xcu250-figd2104-2L-e
INFO: [Synth 8-6742] Reading net delay rules and data
---------------------------------------------------------------------------------
Finished Loading Part and Timing Information : Time (s): cpu = 00:00:18 ; elapsed = 00:00:27 . Memory (MB): peak = 3819.645 ; gain = 480.426 ; free physical = 699 ; free virtual = 8660
---------------------------------------------------------------------------------
---------------------------------------------------------------------------------
Start Applying 'set_property' XDC Constraints
---------------------------------------------------------------------------------
---------------------------------------------------------------------------------
Finished applying 'set_property' XDC Constraints : Time (s): cpu = 00:00:18 ; elapsed = 00:00:27 . Memory (MB): peak = 3819.645 ; gain = 480.426 ; free physical = 692 ; free virtual = 8656
---------------------------------------------------------------------------------
---------------------------------------------------------------------------------
Finished RTL Optimization Phase 2 : Time (s): cpu = 00:00:18 ; elapsed = 00:00:27 . Memory (MB): peak = 3819.645 ; gain = 480.426 ; free physical = 562 ; free virtual = 8569
---------------------------------------------------------------------------------
---------------------------------------------------------------------------------
Start RTL Component Statistics 
---------------------------------------------------------------------------------
Detailed RTL Component Info : 
---------------------------------------------------------------------------------
Finished RTL Component Statistics 
---------------------------------------------------------------------------------
---------------------------------------------------------------------------------
Start Part Resource Summary
---------------------------------------------------------------------------------
Part Resources:
DSPs: 12288 (col length:96)
BRAMs: 5376 (col length: RAMB18 384 RAMB36 192)
---------------------------------------------------------------------------------
Finished Part Resource Summary
---------------------------------------------------------------------------------
---------------------------------------------------------------------------------
Start Cross Boundary and Area Optimization
---------------------------------------------------------------------------------
WARNING: [Synth 8-7080] Parallel synthesis criteria is not met
WARNING: [Synth 8-7129] Port bscanid_i[31] in module lut_buffer_v2_0_0_lut_buffer is either unconnected or has no load
WARNING: [Synth 8-7129] Port bscanid_i[30] in module lut_buffer_v2_0_0_lut_buffer is either unconnected or has no load
WARNING: [Synth 8-7129] Port bscanid_i[29] in module lut_buffer_v2_0_0_lut_buffer is either unconnected or has no load
WARNING: [Synth 8-7129] Port bscanid_i[28] in module lut_buffer_v2_0_0_lut_buffer is either unconnected or has no load
WARNING: [Synth 8-7129] Port bscanid_i[27] in module lut_buffer_v2_0_0_lut_buffer is either unconnected or has no load
WARNING: [Synth 8-7129] Port bscanid_i[26] in module lut_buffer_v2_0_0_lut_buffer is either unconnected or has no load
WARNING: [Synth 8-7129] Port bscanid_i[25] in module lut_buffer_v2_0_0_lut_buffer is either unconnected or has no load
WARNING: [Synth 8-7129] Port bscanid_i[24] in module lut_buffer_v2_0_0_lut_buffer is either unconnected or has no load
WARNING: [Synth 8-7129] Port bscanid_i[23] in module lut_buffer_v2_0_0_lut_buffer is either unconnected or has no load
WARNING: [Synth 8-7129] Port bscanid_i[22] in module lut_buffer_v2_0_0_lut_buffer is either unconnected or has no load
WARNING: [Synth 8-7129] Port bscanid_i[21] in module lut_buffer_v2_0_0_lut_buffer is either unconnected or has no load
WARNING: [Synth 8-7129] Port bscanid_i[20] in module lut_buffer_v2_0_0_lut_buffer is either unconnected or has no load
WARNING: [Synth 8-7129] Port bscanid_i[19] in module lut_buffer_v2_0_0_lut_buffer is either unconnected or has no load
WARNING: [Synth 8-7129] Port bscanid_i[18] in module lut_buffer_v2_0_0_lut_buffer is either unconnected or has no load
WARNING: [Synth 8-7129] Port bscanid_i[17] in module lut_buffer_v2_0_0_lut_buffer is either unconnected or has no load
WARNING: [Synth 8-7129] Port bscanid_i[16] in module lut_buffer_v2_0_0_lut_buffer is either unconnected or has no load
WARNING: [Synth 8-7129] Port bscanid_i[15] in module lut_buffer_v2_0_0_lut_buffer is either unconnected or has no load
WARNING: [Synth 8-7129] Port bscanid_i[14] in module lut_buffer_v2_0_0_lut_buffer is either unconnected or has no load
WARNING: [Synth 8-7129] Port bscanid_i[13] in module lut_buffer_v2_0_0_lut_buffer is either unconnected or has no load
WARNING: [Synth 8-7129] Port bscanid_i[12] in module lut_buffer_v2_0_0_lut_buffer is either unconnected or has no load
WARNING: [Synth 8-7129] Port bscanid_i[11] in module lut_buffer_v2_0_0_lut_buffer is either unconnected or has no load
WARNING: [Synth 8-7129] Port bscanid_i[10] in module lut_buffer_v2_0_0_lut_buffer is either unconnected or has no load
WARNING: [Synth 8-7129] Port bscanid_i[9] in module lut_buffer_v2_0_0_lut_buffer is either unconnected or has no load
WARNING: [Synth 8-7129] Port bscanid_i[8] in module lut_buffer_v2_0_0_lut_buffer is either unconnected or has no load
WARNING: [Synth 8-7129] Port bscanid_i[7] in module lut_buffer_v2_0_0_lut_buffer is either unconnected or has no load
WARNING: [Synth 8-7129] Port bscanid_i[6] in module lut_buffer_v2_0_0_lut_buffer is either unconnected or has no load
WARNING: [Synth 8-7129] Port bscanid_i[5] in module lut_buffer_v2_0_0_lut_buffer is either unconnected or has no load
WARNING: [Synth 8-7129] Port bscanid_i[4] in module lut_buffer_v2_0_0_lut_buffer is either unconnected or has no load
WARNING: [Synth 8-7129] Port bscanid_i[3] in module lut_buffer_v2_0_0_lut_buffer is either unconnected or has no load
WARNING: [Synth 8-7129] Port bscanid_i[2] in module lut_buffer_v2_0_0_lut_buffer is either unconnected or has no load
WARNING: [Synth 8-7129] Port bscanid_i[1] in module lut_buffer_v2_0_0_lut_buffer is either unconnected or has no load
WARNING: [Synth 8-7129] Port bscanid_i[0] in module lut_buffer_v2_0_0_lut_buffer is either unconnected or has no load
---------------------------------------------------------------------------------
Finished Cross Boundary and Area Optimization : Time (s): cpu = 00:00:20 ; elapsed = 00:00:29 . Memory (MB): peak = 3819.645 ; gain = 480.426 ; free physical = 301 ; free virtual = 8413
---------------------------------------------------------------------------------
---------------------------------------------------------------------------------
Start Applying XDC Timing Constraints
---------------------------------------------------------------------------------
---------------------------------------------------------------------------------
Finished Applying XDC Timing Constraints : Time (s): cpu = 00:00:34 ; elapsed = 00:00:48 . Memory (MB): peak = 4158.980 ; gain = 819.762 ; free physical = 1367 ; free virtual = 10172
---------------------------------------------------------------------------------
---------------------------------------------------------------------------------
Start Timing Optimization
---------------------------------------------------------------------------------
---------------------------------------------------------------------------------
Finished Timing Optimization : Time (s): cpu = 00:00:34 ; elapsed = 00:00:48 . Memory (MB): peak = 4158.980 ; gain = 819.762 ; free physical = 1367 ; free virtual = 10172
---------------------------------------------------------------------------------
---------------------------------------------------------------------------------
Start Technology Mapping
---------------------------------------------------------------------------------
---------------------------------------------------------------------------------
Finished Technology Mapping : Time (s): cpu = 00:00:34 ; elapsed = 00:00:48 . Memory (MB): peak = 4167.996 ; gain = 828.777 ; free physical = 1357 ; free virtual = 10164
---------------------------------------------------------------------------------
---------------------------------------------------------------------------------
Start IO Insertion
---------------------------------------------------------------------------------
---------------------------------------------------------------------------------
Start Flattening Before IO Insertion
---------------------------------------------------------------------------------
---------------------------------------------------------------------------------
Finished Flattening Before IO Insertion
---------------------------------------------------------------------------------
---------------------------------------------------------------------------------
Start Final Netlist Cleanup
---------------------------------------------------------------------------------
---------------------------------------------------------------------------------
Finished Final Netlist Cleanup
---------------------------------------------------------------------------------
---------------------------------------------------------------------------------
Finished IO Insertion : Time (s): cpu = 00:00:41 ; elapsed = 00:00:55 . Memory (MB): peak = 4183.840 ; gain = 844.621 ; free physical = 273 ; free virtual = 9212
---------------------------------------------------------------------------------
---------------------------------------------------------------------------------
Start Renaming Generated Instances
---------------------------------------------------------------------------------
---------------------------------------------------------------------------------
Finished Renaming Generated Instances : Time (s): cpu = 00:00:41 ; elapsed = 00:00:55 . Memory (MB): peak = 4183.840 ; gain = 844.621 ; free physical = 279 ; free virtual = 9210
---------------------------------------------------------------------------------
---------------------------------------------------------------------------------
Start Rebuilding User Hierarchy
---------------------------------------------------------------------------------
---------------------------------------------------------------------------------
Finished Rebuilding User Hierarchy : Time (s): cpu = 00:00:41 ; elapsed = 00:00:55 . Memory (MB): peak = 4183.840 ; gain = 844.621 ; free physical = 276 ; free virtual = 9199
---------------------------------------------------------------------------------
---------------------------------------------------------------------------------
Start Renaming Generated Ports
---------------------------------------------------------------------------------
---------------------------------------------------------------------------------
Finished Renaming Generated Ports : Time (s): cpu = 00:00:41 ; elapsed = 00:00:55 . Memory (MB): peak = 4183.840 ; gain = 844.621 ; free physical = 277 ; free virtual = 9196
---------------------------------------------------------------------------------
---------------------------------------------------------------------------------
Start Handling Custom Attributes
---------------------------------------------------------------------------------
---------------------------------------------------------------------------------
Finished Handling Custom Attributes : Time (s): cpu = 00:00:41 ; elapsed = 00:00:55 . Memory (MB): peak = 4183.840 ; gain = 844.621 ; free physical = 273 ; free virtual = 9191
---------------------------------------------------------------------------------
---------------------------------------------------------------------------------
Start Renaming Generated Nets
---------------------------------------------------------------------------------
---------------------------------------------------------------------------------
Finished Renaming Generated Nets : Time (s): cpu = 00:00:41 ; elapsed = 00:00:55 . Memory (MB): peak = 4183.840 ; gain = 844.621 ; free physical = 275 ; free virtual = 9192
---------------------------------------------------------------------------------
---------------------------------------------------------------------------------
Start Writing Synthesis Report
---------------------------------------------------------------------------------

Report BlackBoxes: 
+-+--------------+----------+
| |BlackBox name |Instances |
+-+--------------+----------+
+-+--------------+----------+

Report Cell Usage: 
+------+-----+------+
|      |Cell |Count |
+------+-----+------+
|1     |LUT1 |     1|
+------+-----+------+
---------------------------------------------------------------------------------
Finished Writing Synthesis Report : Time (s): cpu = 00:00:41 ; elapsed = 00:00:55 . Memory (MB): peak = 4183.840 ; gain = 844.621 ; free physical = 274 ; free virtual = 9179
---------------------------------------------------------------------------------
Synthesis finished with 0 errors, 0 critical warnings and 33 warnings.
Synthesis Optimization Runtime : Time (s): cpu = 00:00:38 ; elapsed = 00:00:51 . Memory (MB): peak = 4183.840 ; gain = 813.773 ; free physical = 275 ; free virtual = 9127
Synthesis Optimization Complete : Time (s): cpu = 00:00:41 ; elapsed = 00:00:55 . Memory (MB): peak = 4183.848 ; gain = 844.621 ; free physical = 275 ; free virtual = 9108
INFO: [Project 1-571] Translating synthesized netlist
Netlist sorting complete. Time (s): cpu = 00:00:00 ; elapsed = 00:00:00 . Memory (MB): peak = 4183.848 ; gain = 0.000 ; free physical = 274 ; free virtual = 8970
INFO: [Project 1-570] Preparing netlist for logic optimization
INFO: [Opt 31-138] Pushed 0 inverter(s) to 0 load pin(s).
Netlist sorting complete. Time (s): cpu = 00:00:00 ; elapsed = 00:00:00 . Memory (MB): peak = 4267.426 ; gain = 0.000 ; free physical = 377 ; free virtual = 9004
INFO: [Project 1-111] Unisim Transformation Summary:
No Unisim elements were transformed.

Synth Design complete | Checksum: 6f11557b
INFO: [Common 17-83] Releasing license: Synthesis
25 Infos, 70 Warnings, 0 Critical Warnings and 0 Errors encountered.
synth_design completed successfully
synth_design: Time (s): cpu = 00:01:01 ; elapsed = 00:01:22 . Memory (MB): peak = 4267.426 ; gain = 2067.574 ; free physical = 353 ; free virtual = 8991
INFO: [Common 17-2834] synth_design peak Physical Memory [PSS] (MB): overall = 2320.722; main = 2061.930; forked = 319.312
INFO: [Common 17-2834] synth_design peak Virtual Memory [VSS] (MB): overall = 5146.055; main = 4267.430; forked = 978.055
INFO: [Common 17-600] The following parameters have non-default value.
general.maxThreads
INFO: [Common 17-1381] The checkpoint '/net/myshella/home/grodzki/PyVectors/.dacecache/atax/build/_x/link/vivado/vpl/prj/prj.runs/bd_7b93_lut_buffer_0_synth_1/bd_7b93_lut_buffer_0.dcp' has been generated.
INFO: [Coretcl 2-1648] Added synthesis output to IP cache for IP bd_7b93_lut_buffer_0, cache-ID = bfb98220dba283b5
INFO: [Common 17-1381] The checkpoint '/net/myshella/home/grodzki/PyVectors/.dacecache/atax/build/_x/link/vivado/vpl/prj/prj.runs/bd_7b93_lut_buffer_0_synth_1/bd_7b93_lut_buffer_0.dcp' has been generated.
INFO: [runtcl-4] Executing : report_utilization -file bd_7b93_lut_buffer_0_utilization_synth.rpt -pb bd_7b93_lut_buffer_0_utilization_synth.pb
INFO: [Common 17-206] Exiting Vivado at Wed Nov 20 17:05:12 2024...
