
*** Running vivado
    with args -log bd_b35e_rs_M00_AXI_0.vds -m64 -product Vivado -mode batch -messageDb vivado.pb -notrace -source bd_b35e_rs_M00_AXI_0.tcl


****** Vivado v2023.1 (64-bit)
  **** SW Build 3865809 on Sun May  7 15:04:56 MDT 2023
  **** IP Build 3864474 on Sun May  7 20:36:21 MDT 2023
  **** SharedData Build 3865790 on Sun May 07 13:33:03 MDT 2023
    ** Copyright 1986-2022 Xilinx, Inc. All Rights Reserved.
    ** Copyright 2022-2023 Advanced Micro Devices, Inc. All Rights Reserved.

source bd_b35e_rs_M00_AXI_0.tcl -notrace
INFO: Dispatch client connection id - 43863
create_project: Time (s): cpu = 00:00:09 ; elapsed = 00:00:11 . Memory (MB): peak = 2108.465 ; gain = 130.047 ; free physical = 382 ; free virtual = 7741
INFO: [IP_Flow 19-234] Refreshing IP repositories
INFO: [IP_Flow 19-1700] Loaded user IP repository '/net/myshella/home/grodzki/PyVectors/.dacecache/atax/build/_x/link/int/xo/ip_repo/xilinx_com_hls_atax_0_0_1_0'.
INFO: [IP_Flow 19-1700] Loaded user IP repository '/net/myshella/home/grodzki/PyVectors/.dacecache/atax/build/_x/link/vivado/vpl/.local/hw_platform/iprepo'.
INFO: [IP_Flow 19-1700] Loaded user IP repository '/net/myshella/home/grodzki/PyVectors/.dacecache/atax/build/_x/link/vivado/vpl/.local/hw_platform/ipcache'.
INFO: [IP_Flow 19-1700] Loaded user IP repository '/home/rasr/pkgs/vitis_2023.1/Vitis/2023.1/data/ip'.
INFO: [IP_Flow 19-2313] Loaded Vivado IP repository '/home/rasr/pkgs/vitis_2023.1/Vivado/2023.1/data/ip'.
WARNING: [IP_Flow 19-1663] Duplicate IP found for 'xilinx.com:ip:pipeline_reg:1.0'. The one found in IP location '/net/myshella/home/grodzki/PyVectors/.dacecache/atax/build/_x/link/vivado/vpl/.local/hw_platform/iprepo/ip_repo/pxi_ii_infra/pipeline_reg_v1_0' will take precedence over the same IP in location /net/myshella/home/grodzki/PyVectors/.dacecache/atax/build/_x/link/vivado/vpl/.local/hw_platform/iprepo/ip_repo/shell_subsystem_ipdefs/pipeline_reg_v1_0
WARNING: [IP_Flow 19-1663] Duplicate IP found for 'xilinx.com:ip:clk_metadata_adapter:1.0'. The one found in IP location '/net/myshella/home/grodzki/PyVectors/.dacecache/atax/build/_x/link/vivado/vpl/.local/hw_platform/iprepo/ip_repo/pxi_ii_infra/clk_metadata_adapter_v1_0' will take precedence over the same IP in location /net/myshella/home/grodzki/PyVectors/.dacecache/atax/build/_x/link/vivado/vpl/.local/hw_platform/iprepo/ip_repo/shell_subsystem_ipdefs/clk_metadata_adapter_v1_0
WARNING: [IP_Flow 19-1663] Duplicate IP found for 'xilinx.com:ip:axis_clk_metadata_adapter:1.0'. The one found in IP location '/net/myshella/home/grodzki/PyVectors/.dacecache/atax/build/_x/link/vivado/vpl/.local/hw_platform/iprepo/ip_repo/shell_subsystem_ipdefs/axis_clk_metadata_adapter_v1_0' will take precedence over the same IP in location /net/myshella/home/grodzki/PyVectors/.dacecache/atax/build/_x/link/vivado/vpl/.local/hw_platform/iprepo/ip_repo/pxi_ii_infra/axis_clk_metadata_adapter_v1_0
WARNING: [IP_Flow 19-1663] Duplicate IP found for 'xilinx.com:ip:axi_clk_metadata_adapter:1.0'. The one found in IP location '/net/myshella/home/grodzki/PyVectors/.dacecache/atax/build/_x/link/vivado/vpl/.local/hw_platform/iprepo/ip_repo/shell_subsystem_ipdefs/axi_clk_metadata_adapter_v1_0' will take precedence over the same IP in location /net/myshella/home/grodzki/PyVectors/.dacecache/atax/build/_x/link/vivado/vpl/.local/hw_platform/iprepo/ip_repo/pxi_ii_infra/axi_clk_metadata_adapter_v1_0
WARNING: [IP_Flow 19-1663] Duplicate IP found for 'xilinx.com:ip:shell_utils_build_info:1.0'. The one found in IP location '/net/myshella/home/grodzki/PyVectors/.dacecache/atax/build/_x/link/vivado/vpl/.local/hw_platform/iprepo/ip_repo/shell_subsystem_ipdefs/shell_utils_build_info_v1_0' will take precedence over the same IP in the Xilinx installed IP.
INFO: [IP_Flow 19-6924] IPCACHE: Running cache check for IP inst: bd_b35e_rs_M00_AXI_0
Command: synth_design -top bd_b35e_rs_M00_AXI_0 -part xcu250-figd2104-2L-e -incremental_mode off -mode out_of_context
Starting synth_design
Attempting to get a license for feature 'Synthesis' and/or device 'xcu250'
INFO: [Common 17-349] Got license for feature 'Synthesis' and/or device 'xcu250'
INFO: [Device 21-403] Loading part xcu250-figd2104-2L-e
INFO: [Synth 8-7079] Multithreading enabled for synth_design using a maximum of 1 processes.
INFO: [Synth 8-7078] Launching helper process for spawning children vivado processes
INFO: [Synth 8-7075] Helper process launched with PID 2089188
---------------------------------------------------------------------------------
Starting RTL Elaboration : Time (s): cpu = 00:00:05 ; elapsed = 00:00:08 . Memory (MB): peak = 3725.160 ; gain = 368.797 ; free physical = 927 ; free virtual = 5911
---------------------------------------------------------------------------------
INFO: [Synth 8-6157] synthesizing module 'bd_b35e_rs_M00_AXI_0' [/net/myshella/home/grodzki/PyVectors/.dacecache/atax/build/_x/link/vivado/vpl/prj/prj.gen/my_rm/bd/ulp/ip/ulp_memory_subsystem_0/bd_0/ip/ip_55/synth/bd_b35e_rs_M00_AXI_0.v:53]
INFO: [Synth 8-6157] synthesizing module 'axi_register_slice_v2_1_28_axi_register_slice' [/net/myshella/home/grodzki/PyVectors/.dacecache/atax/build/_x/link/vivado/vpl/prj/prj.gen/my_rm/bd/ulp/ipshared/87d1/hdl/axi_register_slice_v2_1_vl_rfs.v:3725]
INFO: [Synth 8-6157] synthesizing module 'axi_infrastructure_v1_1_0_axi2vector' [/net/myshella/home/grodzki/PyVectors/.dacecache/atax/build/_x/link/vivado/vpl/prj/prj.gen/my_rm/bd/ulp/ipshared/ec67/hdl/axi_infrastructure_v1_1_vl_rfs.v:59]
INFO: [Synth 8-6155] done synthesizing module 'axi_infrastructure_v1_1_0_axi2vector' (0#1) [/net/myshella/home/grodzki/PyVectors/.dacecache/atax/build/_x/link/vivado/vpl/prj/prj.gen/my_rm/bd/ulp/ipshared/ec67/hdl/axi_infrastructure_v1_1_vl_rfs.v:59]
INFO: [Synth 8-6157] synthesizing module 'axi_infrastructure_v1_1_0_vector2axi' [/net/myshella/home/grodzki/PyVectors/.dacecache/atax/build/_x/link/vivado/vpl/prj/prj.gen/my_rm/bd/ulp/ipshared/ec67/hdl/axi_infrastructure_v1_1_vl_rfs.v:473]
INFO: [Synth 8-6155] done synthesizing module 'axi_infrastructure_v1_1_0_vector2axi' (0#1) [/net/myshella/home/grodzki/PyVectors/.dacecache/atax/build/_x/link/vivado/vpl/prj/prj.gen/my_rm/bd/ulp/ipshared/ec67/hdl/axi_infrastructure_v1_1_vl_rfs.v:473]
INFO: [Synth 8-6157] synthesizing module 'axi_register_slice_v2_1_28_axic_register_slice' [/net/myshella/home/grodzki/PyVectors/.dacecache/atax/build/_x/link/vivado/vpl/prj/prj.gen/my_rm/bd/ulp/ipshared/87d1/hdl/axi_register_slice_v2_1_vl_rfs.v:1497]
INFO: [Synth 8-6155] done synthesizing module 'axi_register_slice_v2_1_28_axic_register_slice' (0#1) [/net/myshella/home/grodzki/PyVectors/.dacecache/atax/build/_x/link/vivado/vpl/prj/prj.gen/my_rm/bd/ulp/ipshared/87d1/hdl/axi_register_slice_v2_1_vl_rfs.v:1497]
INFO: [Synth 8-6157] synthesizing module 'axi_register_slice_v2_1_28_axic_register_slice__parameterized0' [/net/myshella/home/grodzki/PyVectors/.dacecache/atax/build/_x/link/vivado/vpl/prj/prj.gen/my_rm/bd/ulp/ipshared/87d1/hdl/axi_register_slice_v2_1_vl_rfs.v:1497]
INFO: [Synth 8-6155] done synthesizing module 'axi_register_slice_v2_1_28_axic_register_slice__parameterized0' (0#1) [/net/myshella/home/grodzki/PyVectors/.dacecache/atax/build/_x/link/vivado/vpl/prj/prj.gen/my_rm/bd/ulp/ipshared/87d1/hdl/axi_register_slice_v2_1_vl_rfs.v:1497]
INFO: [Synth 8-6157] synthesizing module 'axi_register_slice_v2_1_28_axic_register_slice__parameterized1' [/net/myshella/home/grodzki/PyVectors/.dacecache/atax/build/_x/link/vivado/vpl/prj/prj.gen/my_rm/bd/ulp/ipshared/87d1/hdl/axi_register_slice_v2_1_vl_rfs.v:1497]
INFO: [Synth 8-6155] done synthesizing module 'axi_register_slice_v2_1_28_axic_register_slice__parameterized1' (0#1) [/net/myshella/home/grodzki/PyVectors/.dacecache/atax/build/_x/link/vivado/vpl/prj/prj.gen/my_rm/bd/ulp/ipshared/87d1/hdl/axi_register_slice_v2_1_vl_rfs.v:1497]
INFO: [Synth 8-6157] synthesizing module 'axi_register_slice_v2_1_28_axic_register_slice__parameterized2' [/net/myshella/home/grodzki/PyVectors/.dacecache/atax/build/_x/link/vivado/vpl/prj/prj.gen/my_rm/bd/ulp/ipshared/87d1/hdl/axi_register_slice_v2_1_vl_rfs.v:1497]
INFO: [Synth 8-6155] done synthesizing module 'axi_register_slice_v2_1_28_axic_register_slice__parameterized2' (0#1) [/net/myshella/home/grodzki/PyVectors/.dacecache/atax/build/_x/link/vivado/vpl/prj/prj.gen/my_rm/bd/ulp/ipshared/87d1/hdl/axi_register_slice_v2_1_vl_rfs.v:1497]
INFO: [Synth 8-6155] done synthesizing module 'axi_register_slice_v2_1_28_axi_register_slice' (0#1) [/net/myshella/home/grodzki/PyVectors/.dacecache/atax/build/_x/link/vivado/vpl/prj/prj.gen/my_rm/bd/ulp/ipshared/87d1/hdl/axi_register_slice_v2_1_vl_rfs.v:3725]
INFO: [Synth 8-6155] done synthesizing module 'bd_b35e_rs_M00_AXI_0' (0#1) [/net/myshella/home/grodzki/PyVectors/.dacecache/atax/build/_x/link/vivado/vpl/prj/prj.gen/my_rm/bd/ulp/ip/ulp_memory_subsystem_0/bd_0/ip/ip_55/synth/bd_b35e_rs_M00_AXI_0.v:53]
WARNING: [Synth 8-7129] Port ACLK in module axi_register_slice_v2_1_28_axic_register_slice__parameterized2 is either unconnected or has no load
WARNING: [Synth 8-7129] Port ARESET in module axi_register_slice_v2_1_28_axic_register_slice__parameterized2 is either unconnected or has no load
WARNING: [Synth 8-7129] Port ACLK in module axi_register_slice_v2_1_28_axic_register_slice is either unconnected or has no load
WARNING: [Synth 8-7129] Port ARESET in module axi_register_slice_v2_1_28_axic_register_slice is either unconnected or has no load
WARNING: [Synth 8-7129] Port ACLK in module axi_register_slice_v2_1_28_axic_register_slice__parameterized1 is either unconnected or has no load
WARNING: [Synth 8-7129] Port ARESET in module axi_register_slice_v2_1_28_axic_register_slice__parameterized1 is either unconnected or has no load
WARNING: [Synth 8-7129] Port ACLK in module axi_register_slice_v2_1_28_axic_register_slice__parameterized0 is either unconnected or has no load
WARNING: [Synth 8-7129] Port ARESET in module axi_register_slice_v2_1_28_axic_register_slice__parameterized0 is either unconnected or has no load
WARNING: [Synth 8-7129] Port m_axi_buser[0] in module axi_infrastructure_v1_1_0_vector2axi is either unconnected or has no load
WARNING: [Synth 8-7129] Port m_axi_ruser[0] in module axi_infrastructure_v1_1_0_vector2axi is either unconnected or has no load
WARNING: [Synth 8-7129] Port s_axi_awuser[0] in module axi_infrastructure_v1_1_0_axi2vector is either unconnected or has no load
WARNING: [Synth 8-7129] Port s_axi_wid[3] in module axi_infrastructure_v1_1_0_axi2vector is either unconnected or has no load
WARNING: [Synth 8-7129] Port s_axi_wid[2] in module axi_infrastructure_v1_1_0_axi2vector is either unconnected or has no load
WARNING: [Synth 8-7129] Port s_axi_wid[1] in module axi_infrastructure_v1_1_0_axi2vector is either unconnected or has no load
WARNING: [Synth 8-7129] Port s_axi_wid[0] in module axi_infrastructure_v1_1_0_axi2vector is either unconnected or has no load
WARNING: [Synth 8-7129] Port s_axi_wuser[0] in module axi_infrastructure_v1_1_0_axi2vector is either unconnected or has no load
WARNING: [Synth 8-7129] Port s_axi_aruser[0] in module axi_infrastructure_v1_1_0_axi2vector is either unconnected or has no load
WARNING: [Synth 8-7129] Port aclk2x in module axi_register_slice_v2_1_28_axi_register_slice is either unconnected or has no load
---------------------------------------------------------------------------------
Finished RTL Elaboration : Time (s): cpu = 00:00:07 ; elapsed = 00:00:10 . Memory (MB): peak = 3800.066 ; gain = 443.703 ; free physical = 685 ; free virtual = 5704
---------------------------------------------------------------------------------
---------------------------------------------------------------------------------
Start Handling Custom Attributes
---------------------------------------------------------------------------------
---------------------------------------------------------------------------------
Finished Handling Custom Attributes : Time (s): cpu = 00:00:07 ; elapsed = 00:00:10 . Memory (MB): peak = 3803.035 ; gain = 446.672 ; free physical = 651 ; free virtual = 5671
---------------------------------------------------------------------------------
---------------------------------------------------------------------------------
Finished RTL Optimization Phase 1 : Time (s): cpu = 00:00:07 ; elapsed = 00:00:10 . Memory (MB): peak = 3803.035 ; gain = 446.672 ; free physical = 651 ; free virtual = 5670
---------------------------------------------------------------------------------
Netlist sorting complete. Time (s): cpu = 00:00:00.03 ; elapsed = 00:00:00.04 . Memory (MB): peak = 3803.035 ; gain = 0.000 ; free physical = 508 ; free virtual = 5539
INFO: [Project 1-570] Preparing netlist for logic optimization

Processing XDC Constraints
Initializing timing engine
Parsing XDC File [/net/myshella/home/grodzki/PyVectors/.dacecache/atax/build/_x/link/vivado/vpl/prj/prj.gen/my_rm/bd/ulp/ip/ulp_memory_subsystem_0/bd_0/ip/ip_55/bd_b35e_rs_M00_AXI_0_ooc.xdc] for cell 'inst'
create_clock: Time (s): cpu = 00:00:06 ; elapsed = 00:00:06 . Memory (MB): peak = 3841.633 ; gain = 0.000 ; free physical = 289 ; free virtual = 3496
Finished Parsing XDC File [/net/myshella/home/grodzki/PyVectors/.dacecache/atax/build/_x/link/vivado/vpl/prj/prj.gen/my_rm/bd/ulp/ip/ulp_memory_subsystem_0/bd_0/ip/ip_55/bd_b35e_rs_M00_AXI_0_ooc.xdc] for cell 'inst'
Parsing XDC File [/net/myshella/home/grodzki/PyVectors/.dacecache/atax/build/_x/link/vivado/vpl/prj/prj.runs/bd_b35e_rs_M00_AXI_0_synth_1/dont_touch.xdc]
Finished Parsing XDC File [/net/myshella/home/grodzki/PyVectors/.dacecache/atax/build/_x/link/vivado/vpl/prj/prj.runs/bd_b35e_rs_M00_AXI_0_synth_1/dont_touch.xdc]
Parsing XDC File [/net/myshella/home/grodzki/PyVectors/.dacecache/atax/build/_x/link/vivado/vpl/prj/prj.gen/my_rm/bd/ulp/ip/ulp_memory_subsystem_0/bd_0/ip/ip_55/bd_b35e_rs_M00_AXI_0_clocks.xdc] for cell 'inst'
Finished Parsing XDC File [/net/myshella/home/grodzki/PyVectors/.dacecache/atax/build/_x/link/vivado/vpl/prj/prj.gen/my_rm/bd/ulp/ip/ulp_memory_subsystem_0/bd_0/ip/ip_55/bd_b35e_rs_M00_AXI_0_clocks.xdc] for cell 'inst'
INFO: [Project 1-236] Implementation specific constraints were found while reading constraint file [/net/myshella/home/grodzki/PyVectors/.dacecache/atax/build/_x/link/vivado/vpl/prj/prj.gen/my_rm/bd/ulp/ip/ulp_memory_subsystem_0/bd_0/ip/ip_55/bd_b35e_rs_M00_AXI_0_clocks.xdc]. These constraints will be ignored for synthesis but will be used in implementation. Impacted constraints are listed in the file [.Xil/bd_b35e_rs_M00_AXI_0_propImpl.xdc].
Resolution: To avoid this warning, move constraints listed in [.Xil/bd_b35e_rs_M00_AXI_0_propImpl.xdc] to another XDC file and exclude this new file from synthesis with the used_in_synthesis property (File Properties dialog in GUI) and re-run elaboration/synthesis.
Completed Processing XDC Constraints

Netlist sorting complete. Time (s): cpu = 00:00:00 ; elapsed = 00:00:00 . Memory (MB): peak = 3841.633 ; gain = 0.000 ; free physical = 284 ; free virtual = 3494
INFO: [Project 1-111] Unisim Transformation Summary:
No Unisim elements were transformed.

Constraint Validation Runtime : Time (s): cpu = 00:00:00.08 ; elapsed = 00:00:00.15 . Memory (MB): peak = 3841.633 ; gain = 0.000 ; free physical = 281 ; free virtual = 3478
INFO: [Designutils 20-5008] Incremental synthesis strategy off
---------------------------------------------------------------------------------
Finished Constraint Validation : Time (s): cpu = 00:00:23 ; elapsed = 00:00:29 . Memory (MB): peak = 3841.633 ; gain = 485.270 ; free physical = 296 ; free virtual = 2823
---------------------------------------------------------------------------------
---------------------------------------------------------------------------------
Start Loading Part and Timing Information
---------------------------------------------------------------------------------
Loading part: xcu250-figd2104-2L-e
INFO: [Synth 8-6742] Reading net delay rules and data
---------------------------------------------------------------------------------
Finished Loading Part and Timing Information : Time (s): cpu = 00:00:23 ; elapsed = 00:00:29 . Memory (MB): peak = 3841.633 ; gain = 485.270 ; free physical = 295 ; free virtual = 2823
---------------------------------------------------------------------------------
---------------------------------------------------------------------------------
Start Applying 'set_property' XDC Constraints
---------------------------------------------------------------------------------
Applied set_property KEEP_HIERARCHY = SOFT for inst. (constraint file  /net/myshella/home/grodzki/PyVectors/.dacecache/atax/build/_x/link/vivado/vpl/prj/prj.runs/bd_b35e_rs_M00_AXI_0_synth_1/dont_touch.xdc, line 6).
---------------------------------------------------------------------------------
Finished applying 'set_property' XDC Constraints : Time (s): cpu = 00:00:23 ; elapsed = 00:00:29 . Memory (MB): peak = 3841.633 ; gain = 485.270 ; free physical = 287 ; free virtual = 2816
---------------------------------------------------------------------------------
---------------------------------------------------------------------------------
Finished RTL Optimization Phase 2 : Time (s): cpu = 00:00:23 ; elapsed = 00:00:29 . Memory (MB): peak = 3841.633 ; gain = 485.270 ; free physical = 314 ; free virtual = 2731
---------------------------------------------------------------------------------
---------------------------------------------------------------------------------
Start RTL Component Statistics 
---------------------------------------------------------------------------------
Detailed RTL Component Info : 
---------------------------------------------------------------------------------
Finished RTL Component Statistics 
---------------------------------------------------------------------------------
---------------------------------------------------------------------------------
Start Part Resource Summary
---------------------------------------------------------------------------------
Part Resources:
DSPs: 12288 (col length:96)
BRAMs: 5376 (col length: RAMB18 384 RAMB36 192)
---------------------------------------------------------------------------------
Finished Part Resource Summary
---------------------------------------------------------------------------------
---------------------------------------------------------------------------------
Start Cross Boundary and Area Optimization
---------------------------------------------------------------------------------
WARNING: [Synth 8-7080] Parallel synthesis criteria is not met
WARNING: [Synth 8-7129] Port aclk in module axi_register_slice_v2_1_28_axi_register_slice is either unconnected or has no load
WARNING: [Synth 8-7129] Port aclk2x in module axi_register_slice_v2_1_28_axi_register_slice is either unconnected or has no load
WARNING: [Synth 8-7129] Port aresetn in module axi_register_slice_v2_1_28_axi_register_slice is either unconnected or has no load
WARNING: [Synth 8-7129] Port s_axi_awuser[0] in module axi_register_slice_v2_1_28_axi_register_slice is either unconnected or has no load
WARNING: [Synth 8-7129] Port s_axi_wid[3] in module axi_register_slice_v2_1_28_axi_register_slice is either unconnected or has no load
WARNING: [Synth 8-7129] Port s_axi_wid[2] in module axi_register_slice_v2_1_28_axi_register_slice is either unconnected or has no load
WARNING: [Synth 8-7129] Port s_axi_wid[1] in module axi_register_slice_v2_1_28_axi_register_slice is either unconnected or has no load
WARNING: [Synth 8-7129] Port s_axi_wid[0] in module axi_register_slice_v2_1_28_axi_register_slice is either unconnected or has no load
WARNING: [Synth 8-7129] Port s_axi_wuser[0] in module axi_register_slice_v2_1_28_axi_register_slice is either unconnected or has no load
WARNING: [Synth 8-7129] Port s_axi_aruser[0] in module axi_register_slice_v2_1_28_axi_register_slice is either unconnected or has no load
WARNING: [Synth 8-7129] Port m_axi_buser[0] in module axi_register_slice_v2_1_28_axi_register_slice is either unconnected or has no load
WARNING: [Synth 8-7129] Port m_axi_ruser[0] in module axi_register_slice_v2_1_28_axi_register_slice is either unconnected or has no load
---------------------------------------------------------------------------------
Finished Cross Boundary and Area Optimization : Time (s): cpu = 00:00:25 ; elapsed = 00:00:31 . Memory (MB): peak = 3841.633 ; gain = 485.270 ; free physical = 313 ; free virtual = 2627
---------------------------------------------------------------------------------
---------------------------------------------------------------------------------
Start Applying XDC Timing Constraints
---------------------------------------------------------------------------------
---------------------------------------------------------------------------------
Finished Applying XDC Timing Constraints : Time (s): cpu = 00:00:38 ; elapsed = 00:00:48 . Memory (MB): peak = 4177.094 ; gain = 820.730 ; free physical = 848 ; free virtual = 2907
---------------------------------------------------------------------------------
---------------------------------------------------------------------------------
Start Timing Optimization
---------------------------------------------------------------------------------
---------------------------------------------------------------------------------
Finished Timing Optimization : Time (s): cpu = 00:00:38 ; elapsed = 00:00:48 . Memory (MB): peak = 4178.094 ; gain = 821.730 ; free physical = 832 ; free virtual = 2896
---------------------------------------------------------------------------------
---------------------------------------------------------------------------------
Start Technology Mapping
---------------------------------------------------------------------------------
---------------------------------------------------------------------------------
Finished Technology Mapping : Time (s): cpu = 00:00:38 ; elapsed = 00:00:48 . Memory (MB): peak = 4189.109 ; gain = 832.746 ; free physical = 791 ; free virtual = 2862
---------------------------------------------------------------------------------
---------------------------------------------------------------------------------
Start IO Insertion
---------------------------------------------------------------------------------
---------------------------------------------------------------------------------
Start Flattening Before IO Insertion
---------------------------------------------------------------------------------
---------------------------------------------------------------------------------
Finished Flattening Before IO Insertion
---------------------------------------------------------------------------------
---------------------------------------------------------------------------------
Start Final Netlist Cleanup
---------------------------------------------------------------------------------
---------------------------------------------------------------------------------
Finished Final Netlist Cleanup
---------------------------------------------------------------------------------
---------------------------------------------------------------------------------
Finished IO Insertion : Time (s): cpu = 00:00:43 ; elapsed = 00:00:53 . Memory (MB): peak = 4201.984 ; gain = 845.621 ; free physical = 1044 ; free virtual = 2668
---------------------------------------------------------------------------------
---------------------------------------------------------------------------------
Start Renaming Generated Instances
---------------------------------------------------------------------------------
---------------------------------------------------------------------------------
Finished Renaming Generated Instances : Time (s): cpu = 00:00:43 ; elapsed = 00:00:53 . Memory (MB): peak = 4201.984 ; gain = 845.621 ; free physical = 1044 ; free virtual = 2668
---------------------------------------------------------------------------------
---------------------------------------------------------------------------------
Start Rebuilding User Hierarchy
---------------------------------------------------------------------------------
---------------------------------------------------------------------------------
Finished Rebuilding User Hierarchy : Time (s): cpu = 00:00:43 ; elapsed = 00:00:53 . Memory (MB): peak = 4201.984 ; gain = 845.621 ; free physical = 1042 ; free virtual = 2668
---------------------------------------------------------------------------------
---------------------------------------------------------------------------------
Start Renaming Generated Ports
---------------------------------------------------------------------------------
---------------------------------------------------------------------------------
Finished Renaming Generated Ports : Time (s): cpu = 00:00:43 ; elapsed = 00:00:53 . Memory (MB): peak = 4201.984 ; gain = 845.621 ; free physical = 1041 ; free virtual = 2668
---------------------------------------------------------------------------------
---------------------------------------------------------------------------------
Start Handling Custom Attributes
---------------------------------------------------------------------------------
---------------------------------------------------------------------------------
Finished Handling Custom Attributes : Time (s): cpu = 00:00:43 ; elapsed = 00:00:53 . Memory (MB): peak = 4201.984 ; gain = 845.621 ; free physical = 1041 ; free virtual = 2668
---------------------------------------------------------------------------------
---------------------------------------------------------------------------------
Start Renaming Generated Nets
---------------------------------------------------------------------------------
---------------------------------------------------------------------------------
Finished Renaming Generated Nets : Time (s): cpu = 00:00:43 ; elapsed = 00:00:53 . Memory (MB): peak = 4201.984 ; gain = 845.621 ; free physical = 1040 ; free virtual = 2668
---------------------------------------------------------------------------------
---------------------------------------------------------------------------------
Start Writing Synthesis Report
---------------------------------------------------------------------------------

Report BlackBoxes: 
+-+--------------+----------+
| |BlackBox name |Instances |
+-+--------------+----------+
+-+--------------+----------+

Report Cell Usage: 
+-+-----+------+
| |Cell |Count |
+-+-----+------+
+-+-----+------+
---------------------------------------------------------------------------------
Finished Writing Synthesis Report : Time (s): cpu = 00:00:43 ; elapsed = 00:00:53 . Memory (MB): peak = 4201.984 ; gain = 845.621 ; free physical = 1038 ; free virtual = 2667
---------------------------------------------------------------------------------
Synthesis finished with 0 errors, 0 critical warnings and 13 warnings.
Synthesis Optimization Runtime : Time (s): cpu = 00:00:34 ; elapsed = 00:00:41 . Memory (MB): peak = 4201.984 ; gain = 807.023 ; free physical = 1028 ; free virtual = 2666
Synthesis Optimization Complete : Time (s): cpu = 00:00:43 ; elapsed = 00:00:53 . Memory (MB): peak = 4201.992 ; gain = 845.621 ; free physical = 1016 ; free virtual = 2660
INFO: [Project 1-571] Translating synthesized netlist
Netlist sorting complete. Time (s): cpu = 00:00:00.01 ; elapsed = 00:00:00 . Memory (MB): peak = 4201.992 ; gain = 0.000 ; free physical = 1266 ; free virtual = 2894
INFO: [Project 1-570] Preparing netlist for logic optimization
INFO: [Opt 31-138] Pushed 0 inverter(s) to 0 load pin(s).
Netlist sorting complete. Time (s): cpu = 00:00:00 ; elapsed = 00:00:00 . Memory (MB): peak = 4288.523 ; gain = 0.000 ; free physical = 998 ; free virtual = 2661
INFO: [Project 1-111] Unisim Transformation Summary:
No Unisim elements were transformed.

Synth Design complete | Checksum: e1bbf020
INFO: [Common 17-83] Releasing license: Synthesis
38 Infos, 36 Warnings, 0 Critical Warnings and 0 Errors encountered.
synth_design completed successfully
synth_design: Time (s): cpu = 00:01:02 ; elapsed = 00:01:16 . Memory (MB): peak = 4302.461 ; gain = 2086.434 ; free physical = 957 ; free virtual = 2645
INFO: [Common 17-2834] synth_design peak Physical Memory [PSS] (MB): overall = 3284.008; main = 2950.845; forked = 333.163
INFO: [Common 17-2834] synth_design peak Virtual Memory [VSS] (MB): overall = 5167.227; main = 4302.465; forked = 978.113
INFO: [Common 17-600] The following parameters have non-default value.
general.maxThreads
INFO: [Common 17-1381] The checkpoint '/net/myshella/home/grodzki/PyVectors/.dacecache/atax/build/_x/link/vivado/vpl/prj/prj.runs/bd_b35e_rs_M00_AXI_0_synth_1/bd_b35e_rs_M00_AXI_0.dcp' has been generated.
INFO: [Coretcl 2-1648] Added synthesis output to IP cache for IP bd_b35e_rs_M00_AXI_0, cache-ID = aaf1306abf13cb30
INFO: [Common 17-1381] The checkpoint '/net/myshella/home/grodzki/PyVectors/.dacecache/atax/build/_x/link/vivado/vpl/prj/prj.runs/bd_b35e_rs_M00_AXI_0_synth_1/bd_b35e_rs_M00_AXI_0.dcp' has been generated.
INFO: [runtcl-4] Executing : report_utilization -file bd_b35e_rs_M00_AXI_0_utilization_synth.rpt -pb bd_b35e_rs_M00_AXI_0_utilization_synth.pb
INFO: [Common 17-206] Exiting Vivado at Wed Nov 20 17:31:19 2024...
