
*** Running vivado
    with args -log ulp_s00_regslice_39.vds -m64 -product Vivado -mode batch -messageDb vivado.pb -notrace -source ulp_s00_regslice_39.tcl


****** Vivado v2023.1 (64-bit)
  **** SW Build 3865809 on Sun May  7 15:04:56 MDT 2023
  **** IP Build 3864474 on Sun May  7 20:36:21 MDT 2023
  **** SharedData Build 3865790 on Sun May 07 13:33:03 MDT 2023
    ** Copyright 1986-2022 Xilinx, Inc. All Rights Reserved.
    ** Copyright 2022-2023 Advanced Micro Devices, Inc. All Rights Reserved.

source ulp_s00_regslice_39.tcl -notrace
INFO: Dispatch client connection id - 43863
create_project: Time (s): cpu = 00:00:09 ; elapsed = 00:00:10 . Memory (MB): peak = 2092.320 ; gain = 130.039 ; free physical = 186 ; free virtual = 18747
INFO: [IP_Flow 19-234] Refreshing IP repositories
INFO: [IP_Flow 19-1700] Loaded user IP repository '/net/myshella/home/grodzki/PyVectors/.dacecache/atax/build/_x/link/int/xo/ip_repo/xilinx_com_hls_atax_0_0_1_0'.
INFO: [IP_Flow 19-1700] Loaded user IP repository '/net/myshella/home/grodzki/PyVectors/.dacecache/atax/build/_x/link/vivado/vpl/.local/hw_platform/iprepo'.
INFO: [IP_Flow 19-1700] Loaded user IP repository '/net/myshella/home/grodzki/PyVectors/.dacecache/atax/build/_x/link/vivado/vpl/.local/hw_platform/ipcache'.
INFO: [IP_Flow 19-1700] Loaded user IP repository '/home/rasr/pkgs/vitis_2023.1/Vitis/2023.1/data/ip'.
INFO: [IP_Flow 19-2313] Loaded Vivado IP repository '/home/rasr/pkgs/vitis_2023.1/Vivado/2023.1/data/ip'.
WARNING: [IP_Flow 19-1663] Duplicate IP found for 'xilinx.com:ip:pipeline_reg:1.0'. The one found in IP location '/net/myshella/home/grodzki/PyVectors/.dacecache/atax/build/_x/link/vivado/vpl/.local/hw_platform/iprepo/ip_repo/pxi_ii_infra/pipeline_reg_v1_0' will take precedence over the same IP in location /net/myshella/home/grodzki/PyVectors/.dacecache/atax/build/_x/link/vivado/vpl/.local/hw_platform/iprepo/ip_repo/shell_subsystem_ipdefs/pipeline_reg_v1_0
WARNING: [IP_Flow 19-1663] Duplicate IP found for 'xilinx.com:ip:clk_metadata_adapter:1.0'. The one found in IP location '/net/myshella/home/grodzki/PyVectors/.dacecache/atax/build/_x/link/vivado/vpl/.local/hw_platform/iprepo/ip_repo/pxi_ii_infra/clk_metadata_adapter_v1_0' will take precedence over the same IP in location /net/myshella/home/grodzki/PyVectors/.dacecache/atax/build/_x/link/vivado/vpl/.local/hw_platform/iprepo/ip_repo/shell_subsystem_ipdefs/clk_metadata_adapter_v1_0
WARNING: [IP_Flow 19-1663] Duplicate IP found for 'xilinx.com:ip:axis_clk_metadata_adapter:1.0'. The one found in IP location '/net/myshella/home/grodzki/PyVectors/.dacecache/atax/build/_x/link/vivado/vpl/.local/hw_platform/iprepo/ip_repo/shell_subsystem_ipdefs/axis_clk_metadata_adapter_v1_0' will take precedence over the same IP in location /net/myshella/home/grodzki/PyVectors/.dacecache/atax/build/_x/link/vivado/vpl/.local/hw_platform/iprepo/ip_repo/pxi_ii_infra/axis_clk_metadata_adapter_v1_0
WARNING: [IP_Flow 19-1663] Duplicate IP found for 'xilinx.com:ip:axi_clk_metadata_adapter:1.0'. The one found in IP location '/net/myshella/home/grodzki/PyVectors/.dacecache/atax/build/_x/link/vivado/vpl/.local/hw_platform/iprepo/ip_repo/shell_subsystem_ipdefs/axi_clk_metadata_adapter_v1_0' will take precedence over the same IP in location /net/myshella/home/grodzki/PyVectors/.dacecache/atax/build/_x/link/vivado/vpl/.local/hw_platform/iprepo/ip_repo/pxi_ii_infra/axi_clk_metadata_adapter_v1_0
WARNING: [IP_Flow 19-1663] Duplicate IP found for 'xilinx.com:ip:shell_utils_build_info:1.0'. The one found in IP location '/net/myshella/home/grodzki/PyVectors/.dacecache/atax/build/_x/link/vivado/vpl/.local/hw_platform/iprepo/ip_repo/shell_subsystem_ipdefs/shell_utils_build_info_v1_0' will take precedence over the same IP in the Xilinx installed IP.
INFO: [IP_Flow 19-6924] IPCACHE: Running cache check for IP inst: ulp_s00_regslice_39
Command: synth_design -top ulp_s00_regslice_39 -part xcu250-figd2104-2L-e -incremental_mode off -mode out_of_context
Starting synth_design
Attempting to get a license for feature 'Synthesis' and/or device 'xcu250'
INFO: [Common 17-349] Got license for feature 'Synthesis' and/or device 'xcu250'
INFO: [Device 21-403] Loading part xcu250-figd2104-2L-e
INFO: [Synth 8-7079] Multithreading enabled for synth_design using a maximum of 1 processes.
INFO: [Synth 8-7078] Launching helper process for spawning children vivado processes
INFO: [Synth 8-7075] Helper process launched with PID 2031717
---------------------------------------------------------------------------------
Starting RTL Elaboration : Time (s): cpu = 00:00:08 ; elapsed = 00:00:22 . Memory (MB): peak = 3709.078 ; gain = 368.797 ; free physical = 213 ; free virtual = 4045
---------------------------------------------------------------------------------
INFO: [Synth 8-6157] synthesizing module 'ulp_s00_regslice_39' [/net/myshella/home/grodzki/PyVectors/.dacecache/atax/build/_x/link/vivado/vpl/prj/prj.gen/my_rm/bd/ulp/ip/ulp_s00_regslice_39/synth/ulp_s00_regslice_39.v:53]
INFO: [Synth 8-6157] synthesizing module 'axi_register_slice_v2_1_28_axi_register_slice' [/net/myshella/home/grodzki/PyVectors/.dacecache/atax/build/_x/link/vivado/vpl/prj/prj.gen/my_rm/bd/ulp/ipshared/87d1/hdl/axi_register_slice_v2_1_vl_rfs.v:3725]
INFO: [Synth 8-6157] synthesizing module 'axi_infrastructure_v1_1_0_axi2vector' [/net/myshella/home/grodzki/PyVectors/.dacecache/atax/build/_x/link/vivado/vpl/prj/prj.gen/my_rm/bd/ulp/ipshared/ec67/hdl/axi_infrastructure_v1_1_vl_rfs.v:59]
INFO: [Synth 8-6155] done synthesizing module 'axi_infrastructure_v1_1_0_axi2vector' (0#1) [/net/myshella/home/grodzki/PyVectors/.dacecache/atax/build/_x/link/vivado/vpl/prj/prj.gen/my_rm/bd/ulp/ipshared/ec67/hdl/axi_infrastructure_v1_1_vl_rfs.v:59]
INFO: [Synth 8-6157] synthesizing module 'axi_infrastructure_v1_1_0_vector2axi' [/net/myshella/home/grodzki/PyVectors/.dacecache/atax/build/_x/link/vivado/vpl/prj/prj.gen/my_rm/bd/ulp/ipshared/ec67/hdl/axi_infrastructure_v1_1_vl_rfs.v:473]
INFO: [Synth 8-6155] done synthesizing module 'axi_infrastructure_v1_1_0_vector2axi' (0#1) [/net/myshella/home/grodzki/PyVectors/.dacecache/atax/build/_x/link/vivado/vpl/prj/prj.gen/my_rm/bd/ulp/ipshared/ec67/hdl/axi_infrastructure_v1_1_vl_rfs.v:473]
INFO: [Synth 8-6157] synthesizing module 'axi_register_slice_v2_1_28_axic_register_slice' [/net/myshella/home/grodzki/PyVectors/.dacecache/atax/build/_x/link/vivado/vpl/prj/prj.gen/my_rm/bd/ulp/ipshared/87d1/hdl/axi_register_slice_v2_1_vl_rfs.v:1497]
INFO: [Synth 8-6155] done synthesizing module 'axi_register_slice_v2_1_28_axic_register_slice' (0#1) [/net/myshella/home/grodzki/PyVectors/.dacecache/atax/build/_x/link/vivado/vpl/prj/prj.gen/my_rm/bd/ulp/ipshared/87d1/hdl/axi_register_slice_v2_1_vl_rfs.v:1497]
INFO: [Synth 8-6157] synthesizing module 'axi_register_slice_v2_1_28_axic_register_slice__parameterized0' [/net/myshella/home/grodzki/PyVectors/.dacecache/atax/build/_x/link/vivado/vpl/prj/prj.gen/my_rm/bd/ulp/ipshared/87d1/hdl/axi_register_slice_v2_1_vl_rfs.v:1497]
INFO: [Synth 8-6155] done synthesizing module 'axi_register_slice_v2_1_28_axic_register_slice__parameterized0' (0#1) [/net/myshella/home/grodzki/PyVectors/.dacecache/atax/build/_x/link/vivado/vpl/prj/prj.gen/my_rm/bd/ulp/ipshared/87d1/hdl/axi_register_slice_v2_1_vl_rfs.v:1497]
INFO: [Synth 8-6157] synthesizing module 'axi_register_slice_v2_1_28_axic_register_slice__parameterized1' [/net/myshella/home/grodzki/PyVectors/.dacecache/atax/build/_x/link/vivado/vpl/prj/prj.gen/my_rm/bd/ulp/ipshared/87d1/hdl/axi_register_slice_v2_1_vl_rfs.v:1497]
INFO: [Synth 8-6155] done synthesizing module 'axi_register_slice_v2_1_28_axic_register_slice__parameterized1' (0#1) [/net/myshella/home/grodzki/PyVectors/.dacecache/atax/build/_x/link/vivado/vpl/prj/prj.gen/my_rm/bd/ulp/ipshared/87d1/hdl/axi_register_slice_v2_1_vl_rfs.v:1497]
INFO: [Synth 8-6157] synthesizing module 'axi_register_slice_v2_1_28_axic_register_slice__parameterized2' [/net/myshella/home/grodzki/PyVectors/.dacecache/atax/build/_x/link/vivado/vpl/prj/prj.gen/my_rm/bd/ulp/ipshared/87d1/hdl/axi_register_slice_v2_1_vl_rfs.v:1497]
INFO: [Synth 8-6155] done synthesizing module 'axi_register_slice_v2_1_28_axic_register_slice__parameterized2' (0#1) [/net/myshella/home/grodzki/PyVectors/.dacecache/atax/build/_x/link/vivado/vpl/prj/prj.gen/my_rm/bd/ulp/ipshared/87d1/hdl/axi_register_slice_v2_1_vl_rfs.v:1497]
INFO: [Synth 8-6155] done synthesizing module 'axi_register_slice_v2_1_28_axi_register_slice' (0#1) [/net/myshella/home/grodzki/PyVectors/.dacecache/atax/build/_x/link/vivado/vpl/prj/prj.gen/my_rm/bd/ulp/ipshared/87d1/hdl/axi_register_slice_v2_1_vl_rfs.v:3725]
INFO: [Synth 8-6155] done synthesizing module 'ulp_s00_regslice_39' (0#1) [/net/myshella/home/grodzki/PyVectors/.dacecache/atax/build/_x/link/vivado/vpl/prj/prj.gen/my_rm/bd/ulp/ip/ulp_s00_regslice_39/synth/ulp_s00_regslice_39.v:53]
WARNING: [Synth 8-7129] Port m_axi_bid[0] in module axi_infrastructure_v1_1_0_vector2axi is either unconnected or has no load
WARNING: [Synth 8-7129] Port m_axi_buser[0] in module axi_infrastructure_v1_1_0_vector2axi is either unconnected or has no load
WARNING: [Synth 8-7129] Port m_axi_rid[0] in module axi_infrastructure_v1_1_0_vector2axi is either unconnected or has no load
WARNING: [Synth 8-7129] Port m_axi_rlast in module axi_infrastructure_v1_1_0_vector2axi is either unconnected or has no load
WARNING: [Synth 8-7129] Port m_axi_ruser[0] in module axi_infrastructure_v1_1_0_vector2axi is either unconnected or has no load
WARNING: [Synth 8-7129] Port s_axi_awid[0] in module axi_infrastructure_v1_1_0_axi2vector is either unconnected or has no load
WARNING: [Synth 8-7129] Port s_axi_awlen[7] in module axi_infrastructure_v1_1_0_axi2vector is either unconnected or has no load
WARNING: [Synth 8-7129] Port s_axi_awlen[6] in module axi_infrastructure_v1_1_0_axi2vector is either unconnected or has no load
WARNING: [Synth 8-7129] Port s_axi_awlen[5] in module axi_infrastructure_v1_1_0_axi2vector is either unconnected or has no load
WARNING: [Synth 8-7129] Port s_axi_awlen[4] in module axi_infrastructure_v1_1_0_axi2vector is either unconnected or has no load
WARNING: [Synth 8-7129] Port s_axi_awlen[3] in module axi_infrastructure_v1_1_0_axi2vector is either unconnected or has no load
WARNING: [Synth 8-7129] Port s_axi_awlen[2] in module axi_infrastructure_v1_1_0_axi2vector is either unconnected or has no load
WARNING: [Synth 8-7129] Port s_axi_awlen[1] in module axi_infrastructure_v1_1_0_axi2vector is either unconnected or has no load
WARNING: [Synth 8-7129] Port s_axi_awlen[0] in module axi_infrastructure_v1_1_0_axi2vector is either unconnected or has no load
WARNING: [Synth 8-7129] Port s_axi_awsize[2] in module axi_infrastructure_v1_1_0_axi2vector is either unconnected or has no load
WARNING: [Synth 8-7129] Port s_axi_awsize[1] in module axi_infrastructure_v1_1_0_axi2vector is either unconnected or has no load
WARNING: [Synth 8-7129] Port s_axi_awsize[0] in module axi_infrastructure_v1_1_0_axi2vector is either unconnected or has no load
WARNING: [Synth 8-7129] Port s_axi_awburst[1] in module axi_infrastructure_v1_1_0_axi2vector is either unconnected or has no load
WARNING: [Synth 8-7129] Port s_axi_awburst[0] in module axi_infrastructure_v1_1_0_axi2vector is either unconnected or has no load
WARNING: [Synth 8-7129] Port s_axi_awlock[0] in module axi_infrastructure_v1_1_0_axi2vector is either unconnected or has no load
WARNING: [Synth 8-7129] Port s_axi_awcache[3] in module axi_infrastructure_v1_1_0_axi2vector is either unconnected or has no load
WARNING: [Synth 8-7129] Port s_axi_awcache[2] in module axi_infrastructure_v1_1_0_axi2vector is either unconnected or has no load
WARNING: [Synth 8-7129] Port s_axi_awcache[1] in module axi_infrastructure_v1_1_0_axi2vector is either unconnected or has no load
WARNING: [Synth 8-7129] Port s_axi_awcache[0] in module axi_infrastructure_v1_1_0_axi2vector is either unconnected or has no load
WARNING: [Synth 8-7129] Port s_axi_awregion[3] in module axi_infrastructure_v1_1_0_axi2vector is either unconnected or has no load
WARNING: [Synth 8-7129] Port s_axi_awregion[2] in module axi_infrastructure_v1_1_0_axi2vector is either unconnected or has no load
WARNING: [Synth 8-7129] Port s_axi_awregion[1] in module axi_infrastructure_v1_1_0_axi2vector is either unconnected or has no load
WARNING: [Synth 8-7129] Port s_axi_awregion[0] in module axi_infrastructure_v1_1_0_axi2vector is either unconnected or has no load
WARNING: [Synth 8-7129] Port s_axi_awqos[3] in module axi_infrastructure_v1_1_0_axi2vector is either unconnected or has no load
WARNING: [Synth 8-7129] Port s_axi_awqos[2] in module axi_infrastructure_v1_1_0_axi2vector is either unconnected or has no load
WARNING: [Synth 8-7129] Port s_axi_awqos[1] in module axi_infrastructure_v1_1_0_axi2vector is either unconnected or has no load
WARNING: [Synth 8-7129] Port s_axi_awqos[0] in module axi_infrastructure_v1_1_0_axi2vector is either unconnected or has no load
WARNING: [Synth 8-7129] Port s_axi_awuser[0] in module axi_infrastructure_v1_1_0_axi2vector is either unconnected or has no load
WARNING: [Synth 8-7129] Port s_axi_wid[0] in module axi_infrastructure_v1_1_0_axi2vector is either unconnected or has no load
WARNING: [Synth 8-7129] Port s_axi_wlast in module axi_infrastructure_v1_1_0_axi2vector is either unconnected or has no load
WARNING: [Synth 8-7129] Port s_axi_wuser[0] in module axi_infrastructure_v1_1_0_axi2vector is either unconnected or has no load
WARNING: [Synth 8-7129] Port s_axi_arid[0] in module axi_infrastructure_v1_1_0_axi2vector is either unconnected or has no load
WARNING: [Synth 8-7129] Port s_axi_arlen[7] in module axi_infrastructure_v1_1_0_axi2vector is either unconnected or has no load
WARNING: [Synth 8-7129] Port s_axi_arlen[6] in module axi_infrastructure_v1_1_0_axi2vector is either unconnected or has no load
WARNING: [Synth 8-7129] Port s_axi_arlen[5] in module axi_infrastructure_v1_1_0_axi2vector is either unconnected or has no load
WARNING: [Synth 8-7129] Port s_axi_arlen[4] in module axi_infrastructure_v1_1_0_axi2vector is either unconnected or has no load
WARNING: [Synth 8-7129] Port s_axi_arlen[3] in module axi_infrastructure_v1_1_0_axi2vector is either unconnected or has no load
WARNING: [Synth 8-7129] Port s_axi_arlen[2] in module axi_infrastructure_v1_1_0_axi2vector is either unconnected or has no load
WARNING: [Synth 8-7129] Port s_axi_arlen[1] in module axi_infrastructure_v1_1_0_axi2vector is either unconnected or has no load
WARNING: [Synth 8-7129] Port s_axi_arlen[0] in module axi_infrastructure_v1_1_0_axi2vector is either unconnected or has no load
WARNING: [Synth 8-7129] Port s_axi_arsize[2] in module axi_infrastructure_v1_1_0_axi2vector is either unconnected or has no load
WARNING: [Synth 8-7129] Port s_axi_arsize[1] in module axi_infrastructure_v1_1_0_axi2vector is either unconnected or has no load
WARNING: [Synth 8-7129] Port s_axi_arsize[0] in module axi_infrastructure_v1_1_0_axi2vector is either unconnected or has no load
WARNING: [Synth 8-7129] Port s_axi_arburst[1] in module axi_infrastructure_v1_1_0_axi2vector is either unconnected or has no load
WARNING: [Synth 8-7129] Port s_axi_arburst[0] in module axi_infrastructure_v1_1_0_axi2vector is either unconnected or has no load
WARNING: [Synth 8-7129] Port s_axi_arlock[0] in module axi_infrastructure_v1_1_0_axi2vector is either unconnected or has no load
WARNING: [Synth 8-7129] Port s_axi_arcache[3] in module axi_infrastructure_v1_1_0_axi2vector is either unconnected or has no load
WARNING: [Synth 8-7129] Port s_axi_arcache[2] in module axi_infrastructure_v1_1_0_axi2vector is either unconnected or has no load
WARNING: [Synth 8-7129] Port s_axi_arcache[1] in module axi_infrastructure_v1_1_0_axi2vector is either unconnected or has no load
WARNING: [Synth 8-7129] Port s_axi_arcache[0] in module axi_infrastructure_v1_1_0_axi2vector is either unconnected or has no load
WARNING: [Synth 8-7129] Port s_axi_arregion[3] in module axi_infrastructure_v1_1_0_axi2vector is either unconnected or has no load
WARNING: [Synth 8-7129] Port s_axi_arregion[2] in module axi_infrastructure_v1_1_0_axi2vector is either unconnected or has no load
WARNING: [Synth 8-7129] Port s_axi_arregion[1] in module axi_infrastructure_v1_1_0_axi2vector is either unconnected or has no load
WARNING: [Synth 8-7129] Port s_axi_arregion[0] in module axi_infrastructure_v1_1_0_axi2vector is either unconnected or has no load
WARNING: [Synth 8-7129] Port s_axi_arqos[3] in module axi_infrastructure_v1_1_0_axi2vector is either unconnected or has no load
WARNING: [Synth 8-7129] Port s_axi_arqos[2] in module axi_infrastructure_v1_1_0_axi2vector is either unconnected or has no load
WARNING: [Synth 8-7129] Port s_axi_arqos[1] in module axi_infrastructure_v1_1_0_axi2vector is either unconnected or has no load
WARNING: [Synth 8-7129] Port s_axi_arqos[0] in module axi_infrastructure_v1_1_0_axi2vector is either unconnected or has no load
WARNING: [Synth 8-7129] Port s_axi_aruser[0] in module axi_infrastructure_v1_1_0_axi2vector is either unconnected or has no load
WARNING: [Synth 8-7129] Port aclk2x in module axi_register_slice_v2_1_28_axi_register_slice is either unconnected or has no load
---------------------------------------------------------------------------------
Finished RTL Elaboration : Time (s): cpu = 00:00:10 ; elapsed = 00:00:27 . Memory (MB): peak = 3782.984 ; gain = 442.703 ; free physical = 277 ; free virtual = 3400
---------------------------------------------------------------------------------
---------------------------------------------------------------------------------
Start Handling Custom Attributes
---------------------------------------------------------------------------------
---------------------------------------------------------------------------------
Finished Handling Custom Attributes : Time (s): cpu = 00:00:10 ; elapsed = 00:00:27 . Memory (MB): peak = 3788.922 ; gain = 448.641 ; free physical = 361 ; free virtual = 3377
---------------------------------------------------------------------------------
---------------------------------------------------------------------------------
Finished RTL Optimization Phase 1 : Time (s): cpu = 00:00:10 ; elapsed = 00:00:27 . Memory (MB): peak = 3788.922 ; gain = 448.641 ; free physical = 361 ; free virtual = 3377
---------------------------------------------------------------------------------
Netlist sorting complete. Time (s): cpu = 00:00:00.01 ; elapsed = 00:00:00.02 . Memory (MB): peak = 3788.922 ; gain = 0.000 ; free physical = 308 ; free virtual = 3341
INFO: [Project 1-570] Preparing netlist for logic optimization

Processing XDC Constraints
Initializing timing engine
Parsing XDC File [/net/myshella/home/grodzki/PyVectors/.dacecache/atax/build/_x/link/vivado/vpl/prj/prj.gen/my_rm/bd/ulp/ip/ulp_s00_regslice_39/ulp_s00_regslice_39_ooc.xdc] for cell 'inst'
create_clock: Time (s): cpu = 00:00:06 ; elapsed = 00:00:06 . Memory (MB): peak = 3891.512 ; gain = 0.000 ; free physical = 319 ; free virtual = 2626
Finished Parsing XDC File [/net/myshella/home/grodzki/PyVectors/.dacecache/atax/build/_x/link/vivado/vpl/prj/prj.gen/my_rm/bd/ulp/ip/ulp_s00_regslice_39/ulp_s00_regslice_39_ooc.xdc] for cell 'inst'
Parsing XDC File [/net/myshella/home/grodzki/PyVectors/.dacecache/atax/build/_x/link/vivado/vpl/prj/prj.runs/ulp_s00_regslice_39_synth_1/dont_touch.xdc]
Finished Parsing XDC File [/net/myshella/home/grodzki/PyVectors/.dacecache/atax/build/_x/link/vivado/vpl/prj/prj.runs/ulp_s00_regslice_39_synth_1/dont_touch.xdc]
Parsing XDC File [/net/myshella/home/grodzki/PyVectors/.dacecache/atax/build/_x/link/vivado/vpl/prj/prj.gen/my_rm/bd/ulp/ip/ulp_s00_regslice_39/ulp_s00_regslice_39_clocks.xdc] for cell 'inst'
Finished Parsing XDC File [/net/myshella/home/grodzki/PyVectors/.dacecache/atax/build/_x/link/vivado/vpl/prj/prj.gen/my_rm/bd/ulp/ip/ulp_s00_regslice_39/ulp_s00_regslice_39_clocks.xdc] for cell 'inst'
INFO: [Project 1-236] Implementation specific constraints were found while reading constraint file [/net/myshella/home/grodzki/PyVectors/.dacecache/atax/build/_x/link/vivado/vpl/prj/prj.gen/my_rm/bd/ulp/ip/ulp_s00_regslice_39/ulp_s00_regslice_39_clocks.xdc]. These constraints will be ignored for synthesis but will be used in implementation. Impacted constraints are listed in the file [.Xil/ulp_s00_regslice_39_propImpl.xdc].
Resolution: To avoid this warning, move constraints listed in [.Xil/ulp_s00_regslice_39_propImpl.xdc] to another XDC file and exclude this new file from synthesis with the used_in_synthesis property (File Properties dialog in GUI) and re-run elaboration/synthesis.
Completed Processing XDC Constraints

Netlist sorting complete. Time (s): cpu = 00:00:00 ; elapsed = 00:00:00 . Memory (MB): peak = 3891.512 ; gain = 0.000 ; free physical = 314 ; free virtual = 2624
INFO: [Project 1-111] Unisim Transformation Summary:
No Unisim elements were transformed.

Constraint Validation Runtime : Time (s): cpu = 00:00:00.04 ; elapsed = 00:00:00.05 . Memory (MB): peak = 3891.512 ; gain = 0.000 ; free physical = 308 ; free virtual = 2619
INFO: [Designutils 20-5008] Incremental synthesis strategy off
---------------------------------------------------------------------------------
Finished Constraint Validation : Time (s): cpu = 00:00:26 ; elapsed = 00:00:51 . Memory (MB): peak = 3891.512 ; gain = 551.230 ; free physical = 352 ; free virtual = 2605
---------------------------------------------------------------------------------
---------------------------------------------------------------------------------
Start Loading Part and Timing Information
---------------------------------------------------------------------------------
Loading part: xcu250-figd2104-2L-e
INFO: [Synth 8-6742] Reading net delay rules and data
---------------------------------------------------------------------------------
Finished Loading Part and Timing Information : Time (s): cpu = 00:00:26 ; elapsed = 00:00:51 . Memory (MB): peak = 3891.512 ; gain = 551.230 ; free physical = 351 ; free virtual = 2605
---------------------------------------------------------------------------------
---------------------------------------------------------------------------------
Start Applying 'set_property' XDC Constraints
---------------------------------------------------------------------------------
Applied set_property KEEP_HIERARCHY = SOFT for inst. (constraint file  /net/myshella/home/grodzki/PyVectors/.dacecache/atax/build/_x/link/vivado/vpl/prj/prj.runs/ulp_s00_regslice_39_synth_1/dont_touch.xdc, line 9).
---------------------------------------------------------------------------------
Finished applying 'set_property' XDC Constraints : Time (s): cpu = 00:00:26 ; elapsed = 00:00:51 . Memory (MB): peak = 3891.512 ; gain = 551.230 ; free physical = 349 ; free virtual = 2604
---------------------------------------------------------------------------------
---------------------------------------------------------------------------------
Finished RTL Optimization Phase 2 : Time (s): cpu = 00:00:26 ; elapsed = 00:00:52 . Memory (MB): peak = 3891.512 ; gain = 551.230 ; free physical = 321 ; free virtual = 2585
---------------------------------------------------------------------------------
---------------------------------------------------------------------------------
Start RTL Component Statistics 
---------------------------------------------------------------------------------
Detailed RTL Component Info : 
+---Registers : 
	               36 Bit    Registers := 1     
	               34 Bit    Registers := 1     
	               27 Bit    Registers := 2     
	                2 Bit    Registers := 6     
	                1 Bit    Registers := 10    
+---Muxes : 
	   2 Input    1 Bit        Muxes := 10    
---------------------------------------------------------------------------------
Finished RTL Component Statistics 
---------------------------------------------------------------------------------
---------------------------------------------------------------------------------
Start Part Resource Summary
---------------------------------------------------------------------------------
Part Resources:
DSPs: 12288 (col length:96)
BRAMs: 5376 (col length: RAMB18 384 RAMB36 192)
---------------------------------------------------------------------------------
Finished Part Resource Summary
---------------------------------------------------------------------------------
---------------------------------------------------------------------------------
Start Cross Boundary and Area Optimization
---------------------------------------------------------------------------------
WARNING: [Synth 8-7080] Parallel synthesis criteria is not met
WARNING: [Synth 8-7129] Port aclk2x in module axi_register_slice_v2_1_28_axi_register_slice is either unconnected or has no load
WARNING: [Synth 8-7129] Port s_axi_awid[0] in module axi_register_slice_v2_1_28_axi_register_slice is either unconnected or has no load
WARNING: [Synth 8-7129] Port s_axi_awlen[7] in module axi_register_slice_v2_1_28_axi_register_slice is either unconnected or has no load
WARNING: [Synth 8-7129] Port s_axi_awlen[6] in module axi_register_slice_v2_1_28_axi_register_slice is either unconnected or has no load
WARNING: [Synth 8-7129] Port s_axi_awlen[5] in module axi_register_slice_v2_1_28_axi_register_slice is either unconnected or has no load
WARNING: [Synth 8-7129] Port s_axi_awlen[4] in module axi_register_slice_v2_1_28_axi_register_slice is either unconnected or has no load
WARNING: [Synth 8-7129] Port s_axi_awlen[3] in module axi_register_slice_v2_1_28_axi_register_slice is either unconnected or has no load
WARNING: [Synth 8-7129] Port s_axi_awlen[2] in module axi_register_slice_v2_1_28_axi_register_slice is either unconnected or has no load
WARNING: [Synth 8-7129] Port s_axi_awlen[1] in module axi_register_slice_v2_1_28_axi_register_slice is either unconnected or has no load
WARNING: [Synth 8-7129] Port s_axi_awlen[0] in module axi_register_slice_v2_1_28_axi_register_slice is either unconnected or has no load
WARNING: [Synth 8-7129] Port s_axi_awsize[2] in module axi_register_slice_v2_1_28_axi_register_slice is either unconnected or has no load
WARNING: [Synth 8-7129] Port s_axi_awsize[1] in module axi_register_slice_v2_1_28_axi_register_slice is either unconnected or has no load
WARNING: [Synth 8-7129] Port s_axi_awsize[0] in module axi_register_slice_v2_1_28_axi_register_slice is either unconnected or has no load
WARNING: [Synth 8-7129] Port s_axi_awburst[1] in module axi_register_slice_v2_1_28_axi_register_slice is either unconnected or has no load
WARNING: [Synth 8-7129] Port s_axi_awburst[0] in module axi_register_slice_v2_1_28_axi_register_slice is either unconnected or has no load
WARNING: [Synth 8-7129] Port s_axi_awlock[0] in module axi_register_slice_v2_1_28_axi_register_slice is either unconnected or has no load
WARNING: [Synth 8-7129] Port s_axi_awcache[3] in module axi_register_slice_v2_1_28_axi_register_slice is either unconnected or has no load
WARNING: [Synth 8-7129] Port s_axi_awcache[2] in module axi_register_slice_v2_1_28_axi_register_slice is either unconnected or has no load
WARNING: [Synth 8-7129] Port s_axi_awcache[1] in module axi_register_slice_v2_1_28_axi_register_slice is either unconnected or has no load
WARNING: [Synth 8-7129] Port s_axi_awcache[0] in module axi_register_slice_v2_1_28_axi_register_slice is either unconnected or has no load
WARNING: [Synth 8-7129] Port s_axi_awregion[3] in module axi_register_slice_v2_1_28_axi_register_slice is either unconnected or has no load
WARNING: [Synth 8-7129] Port s_axi_awregion[2] in module axi_register_slice_v2_1_28_axi_register_slice is either unconnected or has no load
WARNING: [Synth 8-7129] Port s_axi_awregion[1] in module axi_register_slice_v2_1_28_axi_register_slice is either unconnected or has no load
WARNING: [Synth 8-7129] Port s_axi_awregion[0] in module axi_register_slice_v2_1_28_axi_register_slice is either unconnected or has no load
WARNING: [Synth 8-7129] Port s_axi_awqos[3] in module axi_register_slice_v2_1_28_axi_register_slice is either unconnected or has no load
WARNING: [Synth 8-7129] Port s_axi_awqos[2] in module axi_register_slice_v2_1_28_axi_register_slice is either unconnected or has no load
WARNING: [Synth 8-7129] Port s_axi_awqos[1] in module axi_register_slice_v2_1_28_axi_register_slice is either unconnected or has no load
WARNING: [Synth 8-7129] Port s_axi_awqos[0] in module axi_register_slice_v2_1_28_axi_register_slice is either unconnected or has no load
WARNING: [Synth 8-7129] Port s_axi_awuser[0] in module axi_register_slice_v2_1_28_axi_register_slice is either unconnected or has no load
WARNING: [Synth 8-7129] Port s_axi_wid[0] in module axi_register_slice_v2_1_28_axi_register_slice is either unconnected or has no load
WARNING: [Synth 8-7129] Port s_axi_wlast in module axi_register_slice_v2_1_28_axi_register_slice is either unconnected or has no load
WARNING: [Synth 8-7129] Port s_axi_wuser[0] in module axi_register_slice_v2_1_28_axi_register_slice is either unconnected or has no load
WARNING: [Synth 8-7129] Port s_axi_arid[0] in module axi_register_slice_v2_1_28_axi_register_slice is either unconnected or has no load
WARNING: [Synth 8-7129] Port s_axi_arlen[7] in module axi_register_slice_v2_1_28_axi_register_slice is either unconnected or has no load
WARNING: [Synth 8-7129] Port s_axi_arlen[6] in module axi_register_slice_v2_1_28_axi_register_slice is either unconnected or has no load
INFO: [Common 17-14] Message 'Synth 8-7129' appears 100 times and further instances of the messages will be disabled. Use the Tcl command set_msg_config to change the current settings.
---------------------------------------------------------------------------------
Finished Cross Boundary and Area Optimization : Time (s): cpu = 00:00:28 ; elapsed = 00:00:53 . Memory (MB): peak = 3891.512 ; gain = 551.230 ; free physical = 369 ; free virtual = 2585
---------------------------------------------------------------------------------
---------------------------------------------------------------------------------
Start Applying XDC Timing Constraints
---------------------------------------------------------------------------------
---------------------------------------------------------------------------------
Finished Applying XDC Timing Constraints : Time (s): cpu = 00:00:42 ; elapsed = 00:01:25 . Memory (MB): peak = 4178.840 ; gain = 838.559 ; free physical = 298 ; free virtual = 1241
---------------------------------------------------------------------------------
---------------------------------------------------------------------------------
Start Timing Optimization
---------------------------------------------------------------------------------
---------------------------------------------------------------------------------
Finished Timing Optimization : Time (s): cpu = 00:00:42 ; elapsed = 00:01:25 . Memory (MB): peak = 4188.855 ; gain = 848.574 ; free physical = 272 ; free virtual = 1207
---------------------------------------------------------------------------------
---------------------------------------------------------------------------------
Start Technology Mapping
---------------------------------------------------------------------------------
---------------------------------------------------------------------------------
Finished Technology Mapping : Time (s): cpu = 00:00:42 ; elapsed = 00:01:26 . Memory (MB): peak = 4189.863 ; gain = 849.582 ; free physical = 273 ; free virtual = 1206
---------------------------------------------------------------------------------
---------------------------------------------------------------------------------
Start IO Insertion
---------------------------------------------------------------------------------
---------------------------------------------------------------------------------
Start Flattening Before IO Insertion
---------------------------------------------------------------------------------
---------------------------------------------------------------------------------
Finished Flattening Before IO Insertion
---------------------------------------------------------------------------------
---------------------------------------------------------------------------------
Start Final Netlist Cleanup
---------------------------------------------------------------------------------
---------------------------------------------------------------------------------
Finished Final Netlist Cleanup
---------------------------------------------------------------------------------
---------------------------------------------------------------------------------
Finished IO Insertion : Time (s): cpu = 00:00:47 ; elapsed = 00:01:31 . Memory (MB): peak = 4203.738 ; gain = 863.457 ; free physical = 276 ; free virtual = 1133
---------------------------------------------------------------------------------
---------------------------------------------------------------------------------
Start Renaming Generated Instances
---------------------------------------------------------------------------------
---------------------------------------------------------------------------------
Finished Renaming Generated Instances : Time (s): cpu = 00:00:47 ; elapsed = 00:01:31 . Memory (MB): peak = 4203.738 ; gain = 863.457 ; free physical = 276 ; free virtual = 1133
---------------------------------------------------------------------------------
---------------------------------------------------------------------------------
Start Rebuilding User Hierarchy
---------------------------------------------------------------------------------
---------------------------------------------------------------------------------
Finished Rebuilding User Hierarchy : Time (s): cpu = 00:00:47 ; elapsed = 00:01:31 . Memory (MB): peak = 4203.738 ; gain = 863.457 ; free physical = 276 ; free virtual = 1133
---------------------------------------------------------------------------------
---------------------------------------------------------------------------------
Start Renaming Generated Ports
---------------------------------------------------------------------------------
---------------------------------------------------------------------------------
Finished Renaming Generated Ports : Time (s): cpu = 00:00:47 ; elapsed = 00:01:31 . Memory (MB): peak = 4203.738 ; gain = 863.457 ; free physical = 276 ; free virtual = 1133
---------------------------------------------------------------------------------
---------------------------------------------------------------------------------
Start Handling Custom Attributes
---------------------------------------------------------------------------------
---------------------------------------------------------------------------------
Finished Handling Custom Attributes : Time (s): cpu = 00:00:47 ; elapsed = 00:01:31 . Memory (MB): peak = 4203.738 ; gain = 863.457 ; free physical = 278 ; free virtual = 1135
---------------------------------------------------------------------------------
---------------------------------------------------------------------------------
Start Renaming Generated Nets
---------------------------------------------------------------------------------
---------------------------------------------------------------------------------
Finished Renaming Generated Nets : Time (s): cpu = 00:00:47 ; elapsed = 00:01:31 . Memory (MB): peak = 4203.738 ; gain = 863.457 ; free physical = 278 ; free virtual = 1135
---------------------------------------------------------------------------------
---------------------------------------------------------------------------------
Start Writing Synthesis Report
---------------------------------------------------------------------------------

Report BlackBoxes: 
+-+--------------+----------+
| |BlackBox name |Instances |
+-+--------------+----------+
+-+--------------+----------+

Report Cell Usage: 
+------+-----+------+
|      |Cell |Count |
+------+-----+------+
|1     |LUT1 |     8|
|2     |LUT3 |     5|
|3     |LUT4 |     5|
|4     |FDRE |   138|
+------+-----+------+
---------------------------------------------------------------------------------
Finished Writing Synthesis Report : Time (s): cpu = 00:00:47 ; elapsed = 00:01:31 . Memory (MB): peak = 4203.738 ; gain = 863.457 ; free physical = 278 ; free virtual = 1134
---------------------------------------------------------------------------------
Synthesis finished with 0 errors, 0 critical warnings and 66 warnings.
Synthesis Optimization Runtime : Time (s): cpu = 00:00:38 ; elapsed = 00:01:20 . Memory (MB): peak = 4203.738 ; gain = 760.867 ; free physical = 322 ; free virtual = 1091
Synthesis Optimization Complete : Time (s): cpu = 00:00:47 ; elapsed = 00:01:36 . Memory (MB): peak = 4203.746 ; gain = 863.457 ; free physical = 312 ; free virtual = 1085
INFO: [Project 1-571] Translating synthesized netlist
Netlist sorting complete. Time (s): cpu = 00:00:00 ; elapsed = 00:00:00.01 . Memory (MB): peak = 4210.676 ; gain = 0.000 ; free physical = 290 ; free virtual = 1030
INFO: [Project 1-570] Preparing netlist for logic optimization
INFO: [Opt 31-138] Pushed 0 inverter(s) to 0 load pin(s).
Netlist sorting complete. Time (s): cpu = 00:00:00 ; elapsed = 00:00:00 . Memory (MB): peak = 4289.215 ; gain = 0.000 ; free physical = 368 ; free virtual = 1024
INFO: [Project 1-111] Unisim Transformation Summary:
No Unisim elements were transformed.

Synth Design complete | Checksum: a71bf1c8
INFO: [Common 17-83] Releasing license: Synthesis
39 Infos, 106 Warnings, 0 Critical Warnings and 0 Errors encountered.
synth_design completed successfully
synth_design: Time (s): cpu = 00:01:12 ; elapsed = 00:02:34 . Memory (MB): peak = 4289.215 ; gain = 2089.332 ; free physical = 428 ; free virtual = 1093
INFO: [Common 17-2834] synth_design peak Physical Memory [PSS] (MB): overall = 1718.920; main = 1532.264; forked = 258.178
INFO: [Common 17-2834] synth_design peak Virtual Memory [VSS] (MB): overall = 5195.879; main = 4289.219; forked = 965.426
INFO: [Common 17-600] The following parameters have non-default value.
general.maxThreads
INFO: [Common 17-1381] The checkpoint '/net/myshella/home/grodzki/PyVectors/.dacecache/atax/build/_x/link/vivado/vpl/prj/prj.runs/ulp_s00_regslice_39_synth_1/ulp_s00_regslice_39.dcp' has been generated.
INFO: [Coretcl 2-1648] Added synthesis output to IP cache for IP ulp_s00_regslice_39, cache-ID = 6fa21d451aec6a8e
INFO: [Coretcl 2-1174] Renamed 6 cell refs.
INFO: [Common 17-1381] The checkpoint '/net/myshella/home/grodzki/PyVectors/.dacecache/atax/build/_x/link/vivado/vpl/prj/prj.runs/ulp_s00_regslice_39_synth_1/ulp_s00_regslice_39.dcp' has been generated.
INFO: [runtcl-4] Executing : report_utilization -file ulp_s00_regslice_39_utilization_synth.rpt -pb ulp_s00_regslice_39_utilization_synth.pb
INFO: [Common 17-206] Exiting Vivado at Wed Nov 20 16:06:00 2024...
