
*** Running vivado
    with args -log ulp_s00_regslice_45.vds -m64 -product Vivado -mode batch -messageDb vivado.pb -notrace -source ulp_s00_regslice_45.tcl


****** Vivado v2023.1 (64-bit)
  **** SW Build 3865809 on Sun May  7 15:04:56 MDT 2023
  **** IP Build 3864474 on Sun May  7 20:36:21 MDT 2023
  **** SharedData Build 3865790 on Sun May 07 13:33:03 MDT 2023
    ** Copyright 1986-2022 Xilinx, Inc. All Rights Reserved.
    ** Copyright 2022-2023 Advanced Micro Devices, Inc. All Rights Reserved.

source ulp_s00_regslice_45.tcl -notrace
INFO: Dispatch client connection id - 43863
create_project: Time (s): cpu = 00:00:09 ; elapsed = 00:00:10 . Memory (MB): peak = 2092.152 ; gain = 129.062 ; free physical = 186 ; free virtual = 18747
INFO: [IP_Flow 19-234] Refreshing IP repositories
INFO: [IP_Flow 19-1700] Loaded user IP repository '/net/myshella/home/grodzki/PyVectors/.dacecache/atax/build/_x/link/int/xo/ip_repo/xilinx_com_hls_atax_0_0_1_0'.
INFO: [IP_Flow 19-1700] Loaded user IP repository '/net/myshella/home/grodzki/PyVectors/.dacecache/atax/build/_x/link/vivado/vpl/.local/hw_platform/iprepo'.
INFO: [IP_Flow 19-1700] Loaded user IP repository '/net/myshella/home/grodzki/PyVectors/.dacecache/atax/build/_x/link/vivado/vpl/.local/hw_platform/ipcache'.
INFO: [IP_Flow 19-1700] Loaded user IP repository '/home/rasr/pkgs/vitis_2023.1/Vitis/2023.1/data/ip'.
INFO: [IP_Flow 19-2313] Loaded Vivado IP repository '/home/rasr/pkgs/vitis_2023.1/Vivado/2023.1/data/ip'.
WARNING: [IP_Flow 19-1663] Duplicate IP found for 'xilinx.com:ip:pipeline_reg:1.0'. The one found in IP location '/net/myshella/home/grodzki/PyVectors/.dacecache/atax/build/_x/link/vivado/vpl/.local/hw_platform/iprepo/ip_repo/pxi_ii_infra/pipeline_reg_v1_0' will take precedence over the same IP in location /net/myshella/home/grodzki/PyVectors/.dacecache/atax/build/_x/link/vivado/vpl/.local/hw_platform/iprepo/ip_repo/shell_subsystem_ipdefs/pipeline_reg_v1_0
WARNING: [IP_Flow 19-1663] Duplicate IP found for 'xilinx.com:ip:clk_metadata_adapter:1.0'. The one found in IP location '/net/myshella/home/grodzki/PyVectors/.dacecache/atax/build/_x/link/vivado/vpl/.local/hw_platform/iprepo/ip_repo/pxi_ii_infra/clk_metadata_adapter_v1_0' will take precedence over the same IP in location /net/myshella/home/grodzki/PyVectors/.dacecache/atax/build/_x/link/vivado/vpl/.local/hw_platform/iprepo/ip_repo/shell_subsystem_ipdefs/clk_metadata_adapter_v1_0
WARNING: [IP_Flow 19-1663] Duplicate IP found for 'xilinx.com:ip:axis_clk_metadata_adapter:1.0'. The one found in IP location '/net/myshella/home/grodzki/PyVectors/.dacecache/atax/build/_x/link/vivado/vpl/.local/hw_platform/iprepo/ip_repo/shell_subsystem_ipdefs/axis_clk_metadata_adapter_v1_0' will take precedence over the same IP in location /net/myshella/home/grodzki/PyVectors/.dacecache/atax/build/_x/link/vivado/vpl/.local/hw_platform/iprepo/ip_repo/pxi_ii_infra/axis_clk_metadata_adapter_v1_0
WARNING: [IP_Flow 19-1663] Duplicate IP found for 'xilinx.com:ip:axi_clk_metadata_adapter:1.0'. The one found in IP location '/net/myshella/home/grodzki/PyVectors/.dacecache/atax/build/_x/link/vivado/vpl/.local/hw_platform/iprepo/ip_repo/shell_subsystem_ipdefs/axi_clk_metadata_adapter_v1_0' will take precedence over the same IP in location /net/myshella/home/grodzki/PyVectors/.dacecache/atax/build/_x/link/vivado/vpl/.local/hw_platform/iprepo/ip_repo/pxi_ii_infra/axi_clk_metadata_adapter_v1_0
WARNING: [IP_Flow 19-1663] Duplicate IP found for 'xilinx.com:ip:shell_utils_build_info:1.0'. The one found in IP location '/net/myshella/home/grodzki/PyVectors/.dacecache/atax/build/_x/link/vivado/vpl/.local/hw_platform/iprepo/ip_repo/shell_subsystem_ipdefs/shell_utils_build_info_v1_0' will take precedence over the same IP in the Xilinx installed IP.
INFO: [IP_Flow 19-6924] IPCACHE: Running cache check for IP inst: ulp_s00_regslice_45
Command: synth_design -top ulp_s00_regslice_45 -part xcu250-figd2104-2L-e -incremental_mode off -mode out_of_context
Starting synth_design
Attempting to get a license for feature 'Synthesis' and/or device 'xcu250'
INFO: [Common 17-349] Got license for feature 'Synthesis' and/or device 'xcu250'
INFO: [Device 21-403] Loading part xcu250-figd2104-2L-e
INFO: [Synth 8-7079] Multithreading enabled for synth_design using a maximum of 1 processes.
INFO: [Synth 8-7078] Launching helper process for spawning children vivado processes
INFO: [Synth 8-7075] Helper process launched with PID 2031728
---------------------------------------------------------------------------------
Starting RTL Elaboration : Time (s): cpu = 00:00:09 ; elapsed = 00:00:23 . Memory (MB): peak = 3709.379 ; gain = 369.766 ; free physical = 196 ; free virtual = 4037
---------------------------------------------------------------------------------
INFO: [Synth 8-6157] synthesizing module 'ulp_s00_regslice_45' [/net/myshella/home/grodzki/PyVectors/.dacecache/atax/build/_x/link/vivado/vpl/prj/prj.gen/my_rm/bd/ulp/ip/ulp_s00_regslice_45/synth/ulp_s00_regslice_45.v:53]
INFO: [Synth 8-6157] synthesizing module 'axi_register_slice_v2_1_28_axi_register_slice' [/net/myshella/home/grodzki/PyVectors/.dacecache/atax/build/_x/link/vivado/vpl/prj/prj.gen/my_rm/bd/ulp/ipshared/87d1/hdl/axi_register_slice_v2_1_vl_rfs.v:3725]
INFO: [Synth 8-6157] synthesizing module 'axi_infrastructure_v1_1_0_axi2vector' [/net/myshella/home/grodzki/PyVectors/.dacecache/atax/build/_x/link/vivado/vpl/prj/prj.gen/my_rm/bd/ulp/ipshared/ec67/hdl/axi_infrastructure_v1_1_vl_rfs.v:59]
INFO: [Synth 8-6155] done synthesizing module 'axi_infrastructure_v1_1_0_axi2vector' (0#1) [/net/myshella/home/grodzki/PyVectors/.dacecache/atax/build/_x/link/vivado/vpl/prj/prj.gen/my_rm/bd/ulp/ipshared/ec67/hdl/axi_infrastructure_v1_1_vl_rfs.v:59]
INFO: [Synth 8-6157] synthesizing module 'axi_infrastructure_v1_1_0_vector2axi' [/net/myshella/home/grodzki/PyVectors/.dacecache/atax/build/_x/link/vivado/vpl/prj/prj.gen/my_rm/bd/ulp/ipshared/ec67/hdl/axi_infrastructure_v1_1_vl_rfs.v:473]
INFO: [Synth 8-6155] done synthesizing module 'axi_infrastructure_v1_1_0_vector2axi' (0#1) [/net/myshella/home/grodzki/PyVectors/.dacecache/atax/build/_x/link/vivado/vpl/prj/prj.gen/my_rm/bd/ulp/ipshared/ec67/hdl/axi_infrastructure_v1_1_vl_rfs.v:473]
INFO: [Synth 8-6157] synthesizing module 'axi_register_slice_v2_1_28_axic_register_slice' [/net/myshella/home/grodzki/PyVectors/.dacecache/atax/build/_x/link/vivado/vpl/prj/prj.gen/my_rm/bd/ulp/ipshared/87d1/hdl/axi_register_slice_v2_1_vl_rfs.v:1497]
INFO: [Synth 8-6155] done synthesizing module 'axi_register_slice_v2_1_28_axic_register_slice' (0#1) [/net/myshella/home/grodzki/PyVectors/.dacecache/atax/build/_x/link/vivado/vpl/prj/prj.gen/my_rm/bd/ulp/ipshared/87d1/hdl/axi_register_slice_v2_1_vl_rfs.v:1497]
INFO: [Synth 8-6157] synthesizing module 'axi_register_slice_v2_1_28_axic_register_slice__parameterized0' [/net/myshella/home/grodzki/PyVectors/.dacecache/atax/build/_x/link/vivado/vpl/prj/prj.gen/my_rm/bd/ulp/ipshared/87d1/hdl/axi_register_slice_v2_1_vl_rfs.v:1497]
INFO: [Synth 8-6155] done synthesizing module 'axi_register_slice_v2_1_28_axic_register_slice__parameterized0' (0#1) [/net/myshella/home/grodzki/PyVectors/.dacecache/atax/build/_x/link/vivado/vpl/prj/prj.gen/my_rm/bd/ulp/ipshared/87d1/hdl/axi_register_slice_v2_1_vl_rfs.v:1497]
INFO: [Synth 8-6157] synthesizing module 'axi_register_slice_v2_1_28_axic_register_slice__parameterized1' [/net/myshella/home/grodzki/PyVectors/.dacecache/atax/build/_x/link/vivado/vpl/prj/prj.gen/my_rm/bd/ulp/ipshared/87d1/hdl/axi_register_slice_v2_1_vl_rfs.v:1497]
INFO: [Synth 8-6155] done synthesizing module 'axi_register_slice_v2_1_28_axic_register_slice__parameterized1' (0#1) [/net/myshella/home/grodzki/PyVectors/.dacecache/atax/build/_x/link/vivado/vpl/prj/prj.gen/my_rm/bd/ulp/ipshared/87d1/hdl/axi_register_slice_v2_1_vl_rfs.v:1497]
INFO: [Synth 8-6157] synthesizing module 'axi_register_slice_v2_1_28_axic_register_slice__parameterized2' [/net/myshella/home/grodzki/PyVectors/.dacecache/atax/build/_x/link/vivado/vpl/prj/prj.gen/my_rm/bd/ulp/ipshared/87d1/hdl/axi_register_slice_v2_1_vl_rfs.v:1497]
INFO: [Synth 8-6155] done synthesizing module 'axi_register_slice_v2_1_28_axic_register_slice__parameterized2' (0#1) [/net/myshella/home/grodzki/PyVectors/.dacecache/atax/build/_x/link/vivado/vpl/prj/prj.gen/my_rm/bd/ulp/ipshared/87d1/hdl/axi_register_slice_v2_1_vl_rfs.v:1497]
INFO: [Synth 8-6155] done synthesizing module 'axi_register_slice_v2_1_28_axi_register_slice' (0#1) [/net/myshella/home/grodzki/PyVectors/.dacecache/atax/build/_x/link/vivado/vpl/prj/prj.gen/my_rm/bd/ulp/ipshared/87d1/hdl/axi_register_slice_v2_1_vl_rfs.v:3725]
INFO: [Synth 8-6155] done synthesizing module 'ulp_s00_regslice_45' (0#1) [/net/myshella/home/grodzki/PyVectors/.dacecache/atax/build/_x/link/vivado/vpl/prj/prj.gen/my_rm/bd/ulp/ip/ulp_s00_regslice_45/synth/ulp_s00_regslice_45.v:53]
WARNING: [Synth 8-7129] Port m_axi_buser[0] in module axi_infrastructure_v1_1_0_vector2axi is either unconnected or has no load
WARNING: [Synth 8-7129] Port m_axi_ruser[0] in module axi_infrastructure_v1_1_0_vector2axi is either unconnected or has no load
WARNING: [Synth 8-7129] Port s_axi_awuser[0] in module axi_infrastructure_v1_1_0_axi2vector is either unconnected or has no load
WARNING: [Synth 8-7129] Port s_axi_wid[3] in module axi_infrastructure_v1_1_0_axi2vector is either unconnected or has no load
WARNING: [Synth 8-7129] Port s_axi_wid[2] in module axi_infrastructure_v1_1_0_axi2vector is either unconnected or has no load
WARNING: [Synth 8-7129] Port s_axi_wid[1] in module axi_infrastructure_v1_1_0_axi2vector is either unconnected or has no load
WARNING: [Synth 8-7129] Port s_axi_wid[0] in module axi_infrastructure_v1_1_0_axi2vector is either unconnected or has no load
WARNING: [Synth 8-7129] Port s_axi_wuser[0] in module axi_infrastructure_v1_1_0_axi2vector is either unconnected or has no load
WARNING: [Synth 8-7129] Port s_axi_aruser[0] in module axi_infrastructure_v1_1_0_axi2vector is either unconnected or has no load
WARNING: [Synth 8-7129] Port aclk2x in module axi_register_slice_v2_1_28_axi_register_slice is either unconnected or has no load
---------------------------------------------------------------------------------
Finished RTL Elaboration : Time (s): cpu = 00:00:12 ; elapsed = 00:00:28 . Memory (MB): peak = 3786.285 ; gain = 446.672 ; free physical = 293 ; free virtual = 3245
---------------------------------------------------------------------------------
---------------------------------------------------------------------------------
Start Handling Custom Attributes
---------------------------------------------------------------------------------
---------------------------------------------------------------------------------
Finished Handling Custom Attributes : Time (s): cpu = 00:00:12 ; elapsed = 00:00:28 . Memory (MB): peak = 3795.191 ; gain = 455.578 ; free physical = 252 ; free virtual = 3224
---------------------------------------------------------------------------------
---------------------------------------------------------------------------------
Finished RTL Optimization Phase 1 : Time (s): cpu = 00:00:12 ; elapsed = 00:00:28 . Memory (MB): peak = 3795.191 ; gain = 455.578 ; free physical = 252 ; free virtual = 3224
---------------------------------------------------------------------------------
Netlist sorting complete. Time (s): cpu = 00:00:00.06 ; elapsed = 00:00:00.06 . Memory (MB): peak = 3795.191 ; gain = 0.000 ; free physical = 256 ; free virtual = 3192
INFO: [Project 1-570] Preparing netlist for logic optimization

Processing XDC Constraints
Initializing timing engine
Parsing XDC File [/net/myshella/home/grodzki/PyVectors/.dacecache/atax/build/_x/link/vivado/vpl/prj/prj.gen/my_rm/bd/ulp/ip/ulp_s00_regslice_45/ulp_s00_regslice_45_ooc.xdc] for cell 'inst'
create_clock: Time (s): cpu = 00:00:10 ; elapsed = 00:00:10 . Memory (MB): peak = 3888.781 ; gain = 2.969 ; free physical = 358 ; free virtual = 2623
Finished Parsing XDC File [/net/myshella/home/grodzki/PyVectors/.dacecache/atax/build/_x/link/vivado/vpl/prj/prj.gen/my_rm/bd/ulp/ip/ulp_s00_regslice_45/ulp_s00_regslice_45_ooc.xdc] for cell 'inst'
Parsing XDC File [/net/myshella/home/grodzki/PyVectors/.dacecache/atax/build/_x/link/vivado/vpl/prj/prj.runs/ulp_s00_regslice_45_synth_1/dont_touch.xdc]
Finished Parsing XDC File [/net/myshella/home/grodzki/PyVectors/.dacecache/atax/build/_x/link/vivado/vpl/prj/prj.runs/ulp_s00_regslice_45_synth_1/dont_touch.xdc]
Parsing XDC File [/net/myshella/home/grodzki/PyVectors/.dacecache/atax/build/_x/link/vivado/vpl/prj/prj.gen/my_rm/bd/ulp/ip/ulp_s00_regslice_45/ulp_s00_regslice_45_clocks.xdc] for cell 'inst'
Finished Parsing XDC File [/net/myshella/home/grodzki/PyVectors/.dacecache/atax/build/_x/link/vivado/vpl/prj/prj.gen/my_rm/bd/ulp/ip/ulp_s00_regslice_45/ulp_s00_regslice_45_clocks.xdc] for cell 'inst'
INFO: [Project 1-236] Implementation specific constraints were found while reading constraint file [/net/myshella/home/grodzki/PyVectors/.dacecache/atax/build/_x/link/vivado/vpl/prj/prj.gen/my_rm/bd/ulp/ip/ulp_s00_regslice_45/ulp_s00_regslice_45_clocks.xdc]. These constraints will be ignored for synthesis but will be used in implementation. Impacted constraints are listed in the file [.Xil/ulp_s00_regslice_45_propImpl.xdc].
Resolution: To avoid this warning, move constraints listed in [.Xil/ulp_s00_regslice_45_propImpl.xdc] to another XDC file and exclude this new file from synthesis with the used_in_synthesis property (File Properties dialog in GUI) and re-run elaboration/synthesis.
Completed Processing XDC Constraints

Netlist sorting complete. Time (s): cpu = 00:00:00 ; elapsed = 00:00:00 . Memory (MB): peak = 3888.781 ; gain = 0.000 ; free physical = 379 ; free virtual = 2611
INFO: [Project 1-111] Unisim Transformation Summary:
No Unisim elements were transformed.

Constraint Validation Runtime : Time (s): cpu = 00:00:00.09 ; elapsed = 00:00:00.14 . Memory (MB): peak = 3888.781 ; gain = 0.000 ; free physical = 375 ; free virtual = 2607
INFO: [Designutils 20-5008] Incremental synthesis strategy off
---------------------------------------------------------------------------------
Finished Constraint Validation : Time (s): cpu = 00:00:32 ; elapsed = 00:00:54 . Memory (MB): peak = 3888.781 ; gain = 549.168 ; free physical = 353 ; free virtual = 2582
---------------------------------------------------------------------------------
---------------------------------------------------------------------------------
Start Loading Part and Timing Information
---------------------------------------------------------------------------------
Loading part: xcu250-figd2104-2L-e
INFO: [Synth 8-6742] Reading net delay rules and data
---------------------------------------------------------------------------------
Finished Loading Part and Timing Information : Time (s): cpu = 00:00:32 ; elapsed = 00:00:55 . Memory (MB): peak = 3888.781 ; gain = 549.168 ; free physical = 378 ; free virtual = 2585
---------------------------------------------------------------------------------
---------------------------------------------------------------------------------
Start Applying 'set_property' XDC Constraints
---------------------------------------------------------------------------------
Applied set_property KEEP_HIERARCHY = SOFT for inst. (constraint file  /net/myshella/home/grodzki/PyVectors/.dacecache/atax/build/_x/link/vivado/vpl/prj/prj.runs/ulp_s00_regslice_45_synth_1/dont_touch.xdc, line 9).
---------------------------------------------------------------------------------
Finished applying 'set_property' XDC Constraints : Time (s): cpu = 00:00:32 ; elapsed = 00:00:55 . Memory (MB): peak = 3888.781 ; gain = 549.168 ; free physical = 373 ; free virtual = 2587
---------------------------------------------------------------------------------
---------------------------------------------------------------------------------
Finished RTL Optimization Phase 2 : Time (s): cpu = 00:00:33 ; elapsed = 00:00:56 . Memory (MB): peak = 3888.781 ; gain = 549.168 ; free physical = 370 ; free virtual = 2643
---------------------------------------------------------------------------------
---------------------------------------------------------------------------------
Start RTL Component Statistics 
---------------------------------------------------------------------------------
Detailed RTL Component Info : 
+---Registers : 
	              577 Bit    Registers := 2     
	              519 Bit    Registers := 2     
	               72 Bit    Registers := 2     
	                6 Bit    Registers := 1     
	                2 Bit    Registers := 5     
	                1 Bit    Registers := 10    
+---Muxes : 
	   2 Input  577 Bit        Muxes := 2     
	   2 Input  519 Bit        Muxes := 2     
	   2 Input    1 Bit        Muxes := 6     
---------------------------------------------------------------------------------
Finished RTL Component Statistics 
---------------------------------------------------------------------------------
---------------------------------------------------------------------------------
Start Part Resource Summary
---------------------------------------------------------------------------------
Part Resources:
DSPs: 12288 (col length:96)
BRAMs: 5376 (col length: RAMB18 384 RAMB36 192)
---------------------------------------------------------------------------------
Finished Part Resource Summary
---------------------------------------------------------------------------------
---------------------------------------------------------------------------------
Start Cross Boundary and Area Optimization
---------------------------------------------------------------------------------
WARNING: [Synth 8-7080] Parallel synthesis criteria is not met
WARNING: [Synth 8-7129] Port aclk2x in module axi_register_slice_v2_1_28_axi_register_slice is either unconnected or has no load
WARNING: [Synth 8-7129] Port s_axi_awuser[0] in module axi_register_slice_v2_1_28_axi_register_slice is either unconnected or has no load
WARNING: [Synth 8-7129] Port s_axi_wid[3] in module axi_register_slice_v2_1_28_axi_register_slice is either unconnected or has no load
WARNING: [Synth 8-7129] Port s_axi_wid[2] in module axi_register_slice_v2_1_28_axi_register_slice is either unconnected or has no load
WARNING: [Synth 8-7129] Port s_axi_wid[1] in module axi_register_slice_v2_1_28_axi_register_slice is either unconnected or has no load
WARNING: [Synth 8-7129] Port s_axi_wid[0] in module axi_register_slice_v2_1_28_axi_register_slice is either unconnected or has no load
WARNING: [Synth 8-7129] Port s_axi_wuser[0] in module axi_register_slice_v2_1_28_axi_register_slice is either unconnected or has no load
WARNING: [Synth 8-7129] Port s_axi_aruser[0] in module axi_register_slice_v2_1_28_axi_register_slice is either unconnected or has no load
WARNING: [Synth 8-7129] Port m_axi_buser[0] in module axi_register_slice_v2_1_28_axi_register_slice is either unconnected or has no load
WARNING: [Synth 8-7129] Port m_axi_ruser[0] in module axi_register_slice_v2_1_28_axi_register_slice is either unconnected or has no load
---------------------------------------------------------------------------------
Finished Cross Boundary and Area Optimization : Time (s): cpu = 00:00:35 ; elapsed = 00:00:58 . Memory (MB): peak = 3888.781 ; gain = 549.168 ; free physical = 301 ; free virtual = 2614
---------------------------------------------------------------------------------
---------------------------------------------------------------------------------
Start Applying XDC Timing Constraints
---------------------------------------------------------------------------------
---------------------------------------------------------------------------------
Finished Applying XDC Timing Constraints : Time (s): cpu = 00:00:51 ; elapsed = 00:01:47 . Memory (MB): peak = 4181.078 ; gain = 841.465 ; free physical = 683 ; free virtual = 1536
---------------------------------------------------------------------------------
---------------------------------------------------------------------------------
Start Timing Optimization
---------------------------------------------------------------------------------
---------------------------------------------------------------------------------
Finished Timing Optimization : Time (s): cpu = 00:00:51 ; elapsed = 00:01:48 . Memory (MB): peak = 4196.094 ; gain = 856.480 ; free physical = 547 ; free virtual = 1456
---------------------------------------------------------------------------------
---------------------------------------------------------------------------------
Start Technology Mapping
---------------------------------------------------------------------------------
---------------------------------------------------------------------------------
Finished Technology Mapping : Time (s): cpu = 00:00:52 ; elapsed = 00:01:48 . Memory (MB): peak = 4228.117 ; gain = 888.504 ; free physical = 421 ; free virtual = 1348
---------------------------------------------------------------------------------
---------------------------------------------------------------------------------
Start IO Insertion
---------------------------------------------------------------------------------
---------------------------------------------------------------------------------
Start Flattening Before IO Insertion
---------------------------------------------------------------------------------
---------------------------------------------------------------------------------
Finished Flattening Before IO Insertion
---------------------------------------------------------------------------------
---------------------------------------------------------------------------------
Start Final Netlist Cleanup
---------------------------------------------------------------------------------
---------------------------------------------------------------------------------
Finished Final Netlist Cleanup
---------------------------------------------------------------------------------
---------------------------------------------------------------------------------
Finished IO Insertion : Time (s): cpu = 00:00:58 ; elapsed = 00:01:54 . Memory (MB): peak = 4228.117 ; gain = 888.504 ; free physical = 214 ; free virtual = 1317
---------------------------------------------------------------------------------
---------------------------------------------------------------------------------
Start Renaming Generated Instances
---------------------------------------------------------------------------------
---------------------------------------------------------------------------------
Finished Renaming Generated Instances : Time (s): cpu = 00:00:58 ; elapsed = 00:01:54 . Memory (MB): peak = 4228.117 ; gain = 888.504 ; free physical = 214 ; free virtual = 1317
---------------------------------------------------------------------------------
---------------------------------------------------------------------------------
Start Rebuilding User Hierarchy
---------------------------------------------------------------------------------
---------------------------------------------------------------------------------
Finished Rebuilding User Hierarchy : Time (s): cpu = 00:00:58 ; elapsed = 00:01:54 . Memory (MB): peak = 4228.117 ; gain = 888.504 ; free physical = 204 ; free virtual = 1308
---------------------------------------------------------------------------------
---------------------------------------------------------------------------------
Start Renaming Generated Ports
---------------------------------------------------------------------------------
---------------------------------------------------------------------------------
Finished Renaming Generated Ports : Time (s): cpu = 00:00:58 ; elapsed = 00:01:54 . Memory (MB): peak = 4228.117 ; gain = 888.504 ; free physical = 205 ; free virtual = 1310
---------------------------------------------------------------------------------
---------------------------------------------------------------------------------
Start Handling Custom Attributes
---------------------------------------------------------------------------------
---------------------------------------------------------------------------------
Finished Handling Custom Attributes : Time (s): cpu = 00:00:58 ; elapsed = 00:01:55 . Memory (MB): peak = 4228.117 ; gain = 888.504 ; free physical = 202 ; free virtual = 1314
---------------------------------------------------------------------------------
---------------------------------------------------------------------------------
Start Renaming Generated Nets
---------------------------------------------------------------------------------
---------------------------------------------------------------------------------
Finished Renaming Generated Nets : Time (s): cpu = 00:00:58 ; elapsed = 00:01:55 . Memory (MB): peak = 4228.117 ; gain = 888.504 ; free physical = 202 ; free virtual = 1313
---------------------------------------------------------------------------------
---------------------------------------------------------------------------------
Start Writing Synthesis Report
---------------------------------------------------------------------------------

Report BlackBoxes: 
+-+--------------+----------+
| |BlackBox name |Instances |
+-+--------------+----------+
+-+--------------+----------+

Report Cell Usage: 
+------+-----+------+
|      |Cell |Count |
+------+-----+------+
|1     |LUT1 |     6|
|2     |LUT2 |     2|
|3     |LUT3 |  1099|
|4     |LUT4 |     7|
|5     |FDRE |  2354|
+------+-----+------+
---------------------------------------------------------------------------------
Finished Writing Synthesis Report : Time (s): cpu = 00:00:58 ; elapsed = 00:01:55 . Memory (MB): peak = 4228.117 ; gain = 888.504 ; free physical = 201 ; free virtual = 1312
---------------------------------------------------------------------------------
Synthesis finished with 0 errors, 0 critical warnings and 11 warnings.
Synthesis Optimization Runtime : Time (s): cpu = 00:00:44 ; elapsed = 00:01:35 . Memory (MB): peak = 4228.117 ; gain = 794.914 ; free physical = 168 ; free virtual = 1293
Synthesis Optimization Complete : Time (s): cpu = 00:00:58 ; elapsed = 00:01:55 . Memory (MB): peak = 4228.125 ; gain = 888.504 ; free physical = 191 ; free virtual = 1293
INFO: [Project 1-571] Translating synthesized netlist
Netlist sorting complete. Time (s): cpu = 00:00:00.04 ; elapsed = 00:00:00.03 . Memory (MB): peak = 4239.086 ; gain = 0.000 ; free physical = 441 ; free virtual = 1622
INFO: [Project 1-570] Preparing netlist for logic optimization
INFO: [Opt 31-138] Pushed 0 inverter(s) to 0 load pin(s).
Netlist sorting complete. Time (s): cpu = 00:00:00.01 ; elapsed = 00:00:00 . Memory (MB): peak = 4303.711 ; gain = 0.000 ; free physical = 311 ; free virtual = 1502
INFO: [Project 1-111] Unisim Transformation Summary:
No Unisim elements were transformed.

Synth Design complete | Checksum: cb3f267c
INFO: [Common 17-83] Releasing license: Synthesis
38 Infos, 26 Warnings, 0 Critical Warnings and 0 Errors encountered.
synth_design completed successfully
synth_design: Time (s): cpu = 00:01:23 ; elapsed = 00:02:48 . Memory (MB): peak = 4303.711 ; gain = 2102.996 ; free physical = 308 ; free virtual = 1501
INFO: [Common 17-2834] synth_design peak Physical Memory [PSS] (MB): overall = 1489.211; main = 1298.345; forked = 311.688
INFO: [Common 17-2834] synth_design peak Virtual Memory [VSS] (MB): overall = 5271.391; main = 4303.715; forked = 1043.270
INFO: [Common 17-600] The following parameters have non-default value.
general.maxThreads
INFO: [Common 17-1381] The checkpoint '/net/myshella/home/grodzki/PyVectors/.dacecache/atax/build/_x/link/vivado/vpl/prj/prj.runs/ulp_s00_regslice_45_synth_1/ulp_s00_regslice_45.dcp' has been generated.
INFO: [Coretcl 2-1648] Added synthesis output to IP cache for IP ulp_s00_regslice_45, cache-ID = 3fe9345e4d84ef04
INFO: [Coretcl 2-1174] Renamed 6 cell refs.
INFO: [Common 17-1381] The checkpoint '/net/myshella/home/grodzki/PyVectors/.dacecache/atax/build/_x/link/vivado/vpl/prj/prj.runs/ulp_s00_regslice_45_synth_1/ulp_s00_regslice_45.dcp' has been generated.
INFO: [runtcl-4] Executing : report_utilization -file ulp_s00_regslice_45_utilization_synth.rpt -pb ulp_s00_regslice_45_utilization_synth.pb
INFO: [Common 17-206] Exiting Vivado at Wed Nov 20 16:06:15 2024...
