
*** Running vivado
    with args -log ulp_xbar_3.vds -m64 -product Vivado -mode batch -messageDb vivado.pb -notrace -source ulp_xbar_3.tcl


****** Vivado v2023.1 (64-bit)
  **** SW Build 3865809 on Sun May  7 15:04:56 MDT 2023
  **** IP Build 3864474 on Sun May  7 20:36:21 MDT 2023
  **** SharedData Build 3865790 on Sun May 07 13:33:03 MDT 2023
    ** Copyright 1986-2022 Xilinx, Inc. All Rights Reserved.
    ** Copyright 2022-2023 Advanced Micro Devices, Inc. All Rights Reserved.

source ulp_xbar_3.tcl -notrace
INFO: Dispatch client connection id - 43863
create_project: Time (s): cpu = 00:00:09 ; elapsed = 00:00:10 . Memory (MB): peak = 2092.305 ; gain = 128.070 ; free physical = 327 ; free virtual = 12188
INFO: [IP_Flow 19-234] Refreshing IP repositories
INFO: [IP_Flow 19-1700] Loaded user IP repository '/net/myshella/home/grodzki/PyVectors/.dacecache/atax/build/_x/link/int/xo/ip_repo/xilinx_com_hls_atax_0_0_1_0'.
INFO: [IP_Flow 19-1700] Loaded user IP repository '/net/myshella/home/grodzki/PyVectors/.dacecache/atax/build/_x/link/vivado/vpl/.local/hw_platform/iprepo'.
INFO: [IP_Flow 19-1700] Loaded user IP repository '/net/myshella/home/grodzki/PyVectors/.dacecache/atax/build/_x/link/vivado/vpl/.local/hw_platform/ipcache'.
INFO: [IP_Flow 19-1700] Loaded user IP repository '/home/rasr/pkgs/vitis_2023.1/Vitis/2023.1/data/ip'.
INFO: [IP_Flow 19-2313] Loaded Vivado IP repository '/home/rasr/pkgs/vitis_2023.1/Vivado/2023.1/data/ip'.
WARNING: [IP_Flow 19-1663] Duplicate IP found for 'xilinx.com:ip:pipeline_reg:1.0'. The one found in IP location '/net/myshella/home/grodzki/PyVectors/.dacecache/atax/build/_x/link/vivado/vpl/.local/hw_platform/iprepo/ip_repo/pxi_ii_infra/pipeline_reg_v1_0' will take precedence over the same IP in location /net/myshella/home/grodzki/PyVectors/.dacecache/atax/build/_x/link/vivado/vpl/.local/hw_platform/iprepo/ip_repo/shell_subsystem_ipdefs/pipeline_reg_v1_0
WARNING: [IP_Flow 19-1663] Duplicate IP found for 'xilinx.com:ip:clk_metadata_adapter:1.0'. The one found in IP location '/net/myshella/home/grodzki/PyVectors/.dacecache/atax/build/_x/link/vivado/vpl/.local/hw_platform/iprepo/ip_repo/pxi_ii_infra/clk_metadata_adapter_v1_0' will take precedence over the same IP in location /net/myshella/home/grodzki/PyVectors/.dacecache/atax/build/_x/link/vivado/vpl/.local/hw_platform/iprepo/ip_repo/shell_subsystem_ipdefs/clk_metadata_adapter_v1_0
WARNING: [IP_Flow 19-1663] Duplicate IP found for 'xilinx.com:ip:axis_clk_metadata_adapter:1.0'. The one found in IP location '/net/myshella/home/grodzki/PyVectors/.dacecache/atax/build/_x/link/vivado/vpl/.local/hw_platform/iprepo/ip_repo/shell_subsystem_ipdefs/axis_clk_metadata_adapter_v1_0' will take precedence over the same IP in location /net/myshella/home/grodzki/PyVectors/.dacecache/atax/build/_x/link/vivado/vpl/.local/hw_platform/iprepo/ip_repo/pxi_ii_infra/axis_clk_metadata_adapter_v1_0
WARNING: [IP_Flow 19-1663] Duplicate IP found for 'xilinx.com:ip:axi_clk_metadata_adapter:1.0'. The one found in IP location '/net/myshella/home/grodzki/PyVectors/.dacecache/atax/build/_x/link/vivado/vpl/.local/hw_platform/iprepo/ip_repo/shell_subsystem_ipdefs/axi_clk_metadata_adapter_v1_0' will take precedence over the same IP in location /net/myshella/home/grodzki/PyVectors/.dacecache/atax/build/_x/link/vivado/vpl/.local/hw_platform/iprepo/ip_repo/pxi_ii_infra/axi_clk_metadata_adapter_v1_0
WARNING: [IP_Flow 19-1663] Duplicate IP found for 'xilinx.com:ip:shell_utils_build_info:1.0'. The one found in IP location '/net/myshella/home/grodzki/PyVectors/.dacecache/atax/build/_x/link/vivado/vpl/.local/hw_platform/iprepo/ip_repo/shell_subsystem_ipdefs/shell_utils_build_info_v1_0' will take precedence over the same IP in the Xilinx installed IP.
INFO: [IP_Flow 19-6924] IPCACHE: Running cache check for IP inst: ulp_xbar_3
Command: synth_design -top ulp_xbar_3 -part xcu250-figd2104-2L-e -incremental_mode off -mode out_of_context
Starting synth_design
Attempting to get a license for feature 'Synthesis' and/or device 'xcu250'
INFO: [Common 17-349] Got license for feature 'Synthesis' and/or device 'xcu250'
INFO: [Device 21-403] Loading part xcu250-figd2104-2L-e
INFO: [Synth 8-7079] Multithreading enabled for synth_design using a maximum of 1 processes.
INFO: [Synth 8-7078] Launching helper process for spawning children vivado processes
INFO: [Synth 8-7075] Helper process launched with PID 2045742
---------------------------------------------------------------------------------
Starting RTL Elaboration : Time (s): cpu = 00:00:07 ; elapsed = 00:00:10 . Memory (MB): peak = 3719.070 ; gain = 371.734 ; free physical = 374 ; free virtual = 4848
---------------------------------------------------------------------------------
INFO: [Synth 8-6157] synthesizing module 'ulp_xbar_3' [/net/myshella/home/grodzki/PyVectors/.dacecache/atax/build/_x/link/vivado/vpl/prj/prj.gen/my_rm/bd/ulp/ip/ulp_xbar_3/synth/ulp_xbar_3.v:53]
INFO: [Synth 8-6157] synthesizing module 'axi_crossbar_v2_1_29_axi_crossbar' [/net/myshella/home/grodzki/PyVectors/.dacecache/atax/build/_x/link/vivado/vpl/prj/prj.gen/my_rm/bd/ulp/ipshared/f8f3/hdl/axi_crossbar_v2_1_vl_rfs.v:4883]
INFO: [Synth 8-6157] synthesizing module 'axi_crossbar_v2_1_29_crossbar' [/net/myshella/home/grodzki/PyVectors/.dacecache/atax/build/_x/link/vivado/vpl/prj/prj.gen/my_rm/bd/ulp/ipshared/f8f3/hdl/axi_crossbar_v2_1_vl_rfs.v:2238]
INFO: [Synth 8-6157] synthesizing module 'axi_crossbar_v2_1_29_si_transactor' [/net/myshella/home/grodzki/PyVectors/.dacecache/atax/build/_x/link/vivado/vpl/prj/prj.gen/my_rm/bd/ulp/ipshared/f8f3/hdl/axi_crossbar_v2_1_vl_rfs.v:3799]
INFO: [Synth 8-6157] synthesizing module 'axi_crossbar_v2_1_29_addr_decoder' [/net/myshella/home/grodzki/PyVectors/.dacecache/atax/build/_x/link/vivado/vpl/prj/prj.gen/my_rm/bd/ulp/ipshared/f8f3/hdl/axi_crossbar_v2_1_vl_rfs.v:793]
INFO: [Synth 8-6157] synthesizing module 'generic_baseblocks_v2_1_0_comparator_static' [/net/myshella/home/grodzki/PyVectors/.dacecache/atax/build/_x/link/vivado/vpl/prj/prj.gen/my_rm/bd/ulp/ipshared/b752/hdl/generic_baseblocks_v2_1_vl_rfs.v:2132]
INFO: [Synth 8-6157] synthesizing module 'generic_baseblocks_v2_1_0_carry_and' [/net/myshella/home/grodzki/PyVectors/.dacecache/atax/build/_x/link/vivado/vpl/prj/prj.gen/my_rm/bd/ulp/ipshared/b752/hdl/generic_baseblocks_v2_1_vl_rfs.v:61]
INFO: [Synth 8-6155] done synthesizing module 'generic_baseblocks_v2_1_0_carry_and' (0#1) [/net/myshella/home/grodzki/PyVectors/.dacecache/atax/build/_x/link/vivado/vpl/prj/prj.gen/my_rm/bd/ulp/ipshared/b752/hdl/generic_baseblocks_v2_1_vl_rfs.v:61]
INFO: [Synth 8-6155] done synthesizing module 'generic_baseblocks_v2_1_0_comparator_static' (0#1) [/net/myshella/home/grodzki/PyVectors/.dacecache/atax/build/_x/link/vivado/vpl/prj/prj.gen/my_rm/bd/ulp/ipshared/b752/hdl/generic_baseblocks_v2_1_vl_rfs.v:2132]
INFO: [Synth 8-6157] synthesizing module 'generic_baseblocks_v2_1_0_comparator_static__parameterized0' [/net/myshella/home/grodzki/PyVectors/.dacecache/atax/build/_x/link/vivado/vpl/prj/prj.gen/my_rm/bd/ulp/ipshared/b752/hdl/generic_baseblocks_v2_1_vl_rfs.v:2132]
INFO: [Synth 8-6155] done synthesizing module 'generic_baseblocks_v2_1_0_comparator_static__parameterized0' (0#1) [/net/myshella/home/grodzki/PyVectors/.dacecache/atax/build/_x/link/vivado/vpl/prj/prj.gen/my_rm/bd/ulp/ipshared/b752/hdl/generic_baseblocks_v2_1_vl_rfs.v:2132]
INFO: [Synth 8-6157] synthesizing module 'generic_baseblocks_v2_1_0_comparator_static__parameterized1' [/net/myshella/home/grodzki/PyVectors/.dacecache/atax/build/_x/link/vivado/vpl/prj/prj.gen/my_rm/bd/ulp/ipshared/b752/hdl/generic_baseblocks_v2_1_vl_rfs.v:2132]
INFO: [Synth 8-6155] done synthesizing module 'generic_baseblocks_v2_1_0_comparator_static__parameterized1' (0#1) [/net/myshella/home/grodzki/PyVectors/.dacecache/atax/build/_x/link/vivado/vpl/prj/prj.gen/my_rm/bd/ulp/ipshared/b752/hdl/generic_baseblocks_v2_1_vl_rfs.v:2132]
INFO: [Synth 8-6157] synthesizing module 'generic_baseblocks_v2_1_0_comparator_static__parameterized2' [/net/myshella/home/grodzki/PyVectors/.dacecache/atax/build/_x/link/vivado/vpl/prj/prj.gen/my_rm/bd/ulp/ipshared/b752/hdl/generic_baseblocks_v2_1_vl_rfs.v:2132]
INFO: [Synth 8-6155] done synthesizing module 'generic_baseblocks_v2_1_0_comparator_static__parameterized2' (0#1) [/net/myshella/home/grodzki/PyVectors/.dacecache/atax/build/_x/link/vivado/vpl/prj/prj.gen/my_rm/bd/ulp/ipshared/b752/hdl/generic_baseblocks_v2_1_vl_rfs.v:2132]
INFO: [Synth 8-6155] done synthesizing module 'axi_crossbar_v2_1_29_addr_decoder' (0#1) [/net/myshella/home/grodzki/PyVectors/.dacecache/atax/build/_x/link/vivado/vpl/prj/prj.gen/my_rm/bd/ulp/ipshared/f8f3/hdl/axi_crossbar_v2_1_vl_rfs.v:793]
INFO: [Synth 8-6157] synthesizing module 'axi_data_fifo_v2_1_27_axic_srl_fifo' [/net/myshella/home/grodzki/PyVectors/.dacecache/atax/build/_x/link/vivado/vpl/prj/prj.gen/my_rm/bd/ulp/ipshared/fab7/hdl/axi_data_fifo_v2_1_vl_rfs.v:697]
INFO: [Synth 8-6157] synthesizing module 'axi_data_fifo_v2_1_27_ndeep_srl' [/net/myshella/home/grodzki/PyVectors/.dacecache/atax/build/_x/link/vivado/vpl/prj/prj.gen/my_rm/bd/ulp/ipshared/fab7/hdl/axi_data_fifo_v2_1_vl_rfs.v:1134]
INFO: [Synth 8-6155] done synthesizing module 'axi_data_fifo_v2_1_27_ndeep_srl' (0#1) [/net/myshella/home/grodzki/PyVectors/.dacecache/atax/build/_x/link/vivado/vpl/prj/prj.gen/my_rm/bd/ulp/ipshared/fab7/hdl/axi_data_fifo_v2_1_vl_rfs.v:1134]
INFO: [Synth 8-6155] done synthesizing module 'axi_data_fifo_v2_1_27_axic_srl_fifo' (0#1) [/net/myshella/home/grodzki/PyVectors/.dacecache/atax/build/_x/link/vivado/vpl/prj/prj.gen/my_rm/bd/ulp/ipshared/fab7/hdl/axi_data_fifo_v2_1_vl_rfs.v:697]
INFO: [Synth 8-6157] synthesizing module 'axi_crossbar_v2_1_29_arbiter_resp' [/net/myshella/home/grodzki/PyVectors/.dacecache/atax/build/_x/link/vivado/vpl/prj/prj.gen/my_rm/bd/ulp/ipshared/f8f3/hdl/axi_crossbar_v2_1_vl_rfs.v:1024]
INFO: [Synth 8-6155] done synthesizing module 'axi_crossbar_v2_1_29_arbiter_resp' (0#1) [/net/myshella/home/grodzki/PyVectors/.dacecache/atax/build/_x/link/vivado/vpl/prj/prj.gen/my_rm/bd/ulp/ipshared/f8f3/hdl/axi_crossbar_v2_1_vl_rfs.v:1024]
INFO: [Synth 8-6157] synthesizing module 'generic_baseblocks_v2_1_0_mux_enc' [/net/myshella/home/grodzki/PyVectors/.dacecache/atax/build/_x/link/vivado/vpl/prj/prj.gen/my_rm/bd/ulp/ipshared/b752/hdl/generic_baseblocks_v2_1_vl_rfs.v:2451]
INFO: [Synth 8-6155] done synthesizing module 'generic_baseblocks_v2_1_0_mux_enc' (0#1) [/net/myshella/home/grodzki/PyVectors/.dacecache/atax/build/_x/link/vivado/vpl/prj/prj.gen/my_rm/bd/ulp/ipshared/b752/hdl/generic_baseblocks_v2_1_vl_rfs.v:2451]
INFO: [Synth 8-6155] done synthesizing module 'axi_crossbar_v2_1_29_si_transactor' (0#1) [/net/myshella/home/grodzki/PyVectors/.dacecache/atax/build/_x/link/vivado/vpl/prj/prj.gen/my_rm/bd/ulp/ipshared/f8f3/hdl/axi_crossbar_v2_1_vl_rfs.v:3799]
INFO: [Synth 8-6157] synthesizing module 'axi_crossbar_v2_1_29_si_transactor__parameterized0' [/net/myshella/home/grodzki/PyVectors/.dacecache/atax/build/_x/link/vivado/vpl/prj/prj.gen/my_rm/bd/ulp/ipshared/f8f3/hdl/axi_crossbar_v2_1_vl_rfs.v:3799]
INFO: [Synth 8-6157] synthesizing module 'axi_data_fifo_v2_1_27_axic_srl_fifo__parameterized0' [/net/myshella/home/grodzki/PyVectors/.dacecache/atax/build/_x/link/vivado/vpl/prj/prj.gen/my_rm/bd/ulp/ipshared/fab7/hdl/axi_data_fifo_v2_1_vl_rfs.v:697]
INFO: [Synth 8-6157] synthesizing module 'axi_data_fifo_v2_1_27_ndeep_srl__parameterized0' [/net/myshella/home/grodzki/PyVectors/.dacecache/atax/build/_x/link/vivado/vpl/prj/prj.gen/my_rm/bd/ulp/ipshared/fab7/hdl/axi_data_fifo_v2_1_vl_rfs.v:1134]
INFO: [Synth 8-6155] done synthesizing module 'axi_data_fifo_v2_1_27_ndeep_srl__parameterized0' (0#1) [/net/myshella/home/grodzki/PyVectors/.dacecache/atax/build/_x/link/vivado/vpl/prj/prj.gen/my_rm/bd/ulp/ipshared/fab7/hdl/axi_data_fifo_v2_1_vl_rfs.v:1134]
INFO: [Synth 8-6155] done synthesizing module 'axi_data_fifo_v2_1_27_axic_srl_fifo__parameterized0' (0#1) [/net/myshella/home/grodzki/PyVectors/.dacecache/atax/build/_x/link/vivado/vpl/prj/prj.gen/my_rm/bd/ulp/ipshared/fab7/hdl/axi_data_fifo_v2_1_vl_rfs.v:697]
INFO: [Synth 8-6157] synthesizing module 'generic_baseblocks_v2_1_0_mux_enc__parameterized0' [/net/myshella/home/grodzki/PyVectors/.dacecache/atax/build/_x/link/vivado/vpl/prj/prj.gen/my_rm/bd/ulp/ipshared/b752/hdl/generic_baseblocks_v2_1_vl_rfs.v:2451]
INFO: [Synth 8-6155] done synthesizing module 'generic_baseblocks_v2_1_0_mux_enc__parameterized0' (0#1) [/net/myshella/home/grodzki/PyVectors/.dacecache/atax/build/_x/link/vivado/vpl/prj/prj.gen/my_rm/bd/ulp/ipshared/b752/hdl/generic_baseblocks_v2_1_vl_rfs.v:2451]
INFO: [Synth 8-6155] done synthesizing module 'axi_crossbar_v2_1_29_si_transactor__parameterized0' (0#1) [/net/myshella/home/grodzki/PyVectors/.dacecache/atax/build/_x/link/vivado/vpl/prj/prj.gen/my_rm/bd/ulp/ipshared/f8f3/hdl/axi_crossbar_v2_1_vl_rfs.v:3799]
INFO: [Synth 8-6157] synthesizing module 'axi_crossbar_v2_1_29_splitter' [/net/myshella/home/grodzki/PyVectors/.dacecache/atax/build/_x/link/vivado/vpl/prj/prj.gen/my_rm/bd/ulp/ipshared/f8f3/hdl/axi_crossbar_v2_1_vl_rfs.v:4460]
INFO: [Synth 8-6155] done synthesizing module 'axi_crossbar_v2_1_29_splitter' (0#1) [/net/myshella/home/grodzki/PyVectors/.dacecache/atax/build/_x/link/vivado/vpl/prj/prj.gen/my_rm/bd/ulp/ipshared/f8f3/hdl/axi_crossbar_v2_1_vl_rfs.v:4460]
INFO: [Synth 8-6157] synthesizing module 'axi_crossbar_v2_1_29_wdata_router' [/net/myshella/home/grodzki/PyVectors/.dacecache/atax/build/_x/link/vivado/vpl/prj/prj.gen/my_rm/bd/ulp/ipshared/f8f3/hdl/axi_crossbar_v2_1_vl_rfs.v:4735]
INFO: [Synth 8-6157] synthesizing module 'axi_data_fifo_v2_1_27_axic_reg_srl_fifo' [/net/myshella/home/grodzki/PyVectors/.dacecache/atax/build/_x/link/vivado/vpl/prj/prj.gen/my_rm/bd/ulp/ipshared/fab7/hdl/axi_data_fifo_v2_1_vl_rfs.v:888]
INFO: [Synth 8-155] case statement is not full and has no default [/net/myshella/home/grodzki/PyVectors/.dacecache/atax/build/_x/link/vivado/vpl/prj/prj.gen/my_rm/bd/ulp/ipshared/fab7/hdl/axi_data_fifo_v2_1_vl_rfs.v:986]
INFO: [Synth 8-6155] done synthesizing module 'axi_data_fifo_v2_1_27_axic_reg_srl_fifo' (0#1) [/net/myshella/home/grodzki/PyVectors/.dacecache/atax/build/_x/link/vivado/vpl/prj/prj.gen/my_rm/bd/ulp/ipshared/fab7/hdl/axi_data_fifo_v2_1_vl_rfs.v:888]
INFO: [Synth 8-6155] done synthesizing module 'axi_crossbar_v2_1_29_wdata_router' (0#1) [/net/myshella/home/grodzki/PyVectors/.dacecache/atax/build/_x/link/vivado/vpl/prj/prj.gen/my_rm/bd/ulp/ipshared/f8f3/hdl/axi_crossbar_v2_1_vl_rfs.v:4735]
INFO: [Synth 8-6157] synthesizing module 'axi_crossbar_v2_1_29_wdata_mux' [/net/myshella/home/grodzki/PyVectors/.dacecache/atax/build/_x/link/vivado/vpl/prj/prj.gen/my_rm/bd/ulp/ipshared/f8f3/hdl/axi_crossbar_v2_1_vl_rfs.v:4560]
INFO: [Synth 8-6155] done synthesizing module 'axi_crossbar_v2_1_29_wdata_mux' (0#1) [/net/myshella/home/grodzki/PyVectors/.dacecache/atax/build/_x/link/vivado/vpl/prj/prj.gen/my_rm/bd/ulp/ipshared/f8f3/hdl/axi_crossbar_v2_1_vl_rfs.v:4560]
INFO: [Synth 8-6157] synthesizing module 'axi_register_slice_v2_1_28_axi_register_slice' [/net/myshella/home/grodzki/PyVectors/.dacecache/atax/build/_x/link/vivado/vpl/prj/prj.gen/my_rm/bd/ulp/ipshared/87d1/hdl/axi_register_slice_v2_1_vl_rfs.v:3725]
INFO: [Synth 8-6157] synthesizing module 'axi_infrastructure_v1_1_0_axi2vector' [/net/myshella/home/grodzki/PyVectors/.dacecache/atax/build/_x/link/vivado/vpl/prj/prj.gen/my_rm/bd/ulp/ipshared/ec67/hdl/axi_infrastructure_v1_1_vl_rfs.v:59]
INFO: [Synth 8-6155] done synthesizing module 'axi_infrastructure_v1_1_0_axi2vector' (0#1) [/net/myshella/home/grodzki/PyVectors/.dacecache/atax/build/_x/link/vivado/vpl/prj/prj.gen/my_rm/bd/ulp/ipshared/ec67/hdl/axi_infrastructure_v1_1_vl_rfs.v:59]
INFO: [Synth 8-6157] synthesizing module 'axi_infrastructure_v1_1_0_vector2axi' [/net/myshella/home/grodzki/PyVectors/.dacecache/atax/build/_x/link/vivado/vpl/prj/prj.gen/my_rm/bd/ulp/ipshared/ec67/hdl/axi_infrastructure_v1_1_vl_rfs.v:473]
INFO: [Synth 8-6155] done synthesizing module 'axi_infrastructure_v1_1_0_vector2axi' (0#1) [/net/myshella/home/grodzki/PyVectors/.dacecache/atax/build/_x/link/vivado/vpl/prj/prj.gen/my_rm/bd/ulp/ipshared/ec67/hdl/axi_infrastructure_v1_1_vl_rfs.v:473]
INFO: [Synth 8-6157] synthesizing module 'axi_register_slice_v2_1_28_axic_register_slice' [/net/myshella/home/grodzki/PyVectors/.dacecache/atax/build/_x/link/vivado/vpl/prj/prj.gen/my_rm/bd/ulp/ipshared/87d1/hdl/axi_register_slice_v2_1_vl_rfs.v:1497]
INFO: [Synth 8-6155] done synthesizing module 'axi_register_slice_v2_1_28_axic_register_slice' (0#1) [/net/myshella/home/grodzki/PyVectors/.dacecache/atax/build/_x/link/vivado/vpl/prj/prj.gen/my_rm/bd/ulp/ipshared/87d1/hdl/axi_register_slice_v2_1_vl_rfs.v:1497]
INFO: [Synth 8-6157] synthesizing module 'axi_register_slice_v2_1_28_axic_register_slice__parameterized0' [/net/myshella/home/grodzki/PyVectors/.dacecache/atax/build/_x/link/vivado/vpl/prj/prj.gen/my_rm/bd/ulp/ipshared/87d1/hdl/axi_register_slice_v2_1_vl_rfs.v:1497]
INFO: [Synth 8-6155] done synthesizing module 'axi_register_slice_v2_1_28_axic_register_slice__parameterized0' (0#1) [/net/myshella/home/grodzki/PyVectors/.dacecache/atax/build/_x/link/vivado/vpl/prj/prj.gen/my_rm/bd/ulp/ipshared/87d1/hdl/axi_register_slice_v2_1_vl_rfs.v:1497]
INFO: [Synth 8-6157] synthesizing module 'axi_register_slice_v2_1_28_axic_register_slice__parameterized1' [/net/myshella/home/grodzki/PyVectors/.dacecache/atax/build/_x/link/vivado/vpl/prj/prj.gen/my_rm/bd/ulp/ipshared/87d1/hdl/axi_register_slice_v2_1_vl_rfs.v:1497]
INFO: [Synth 8-6155] done synthesizing module 'axi_register_slice_v2_1_28_axic_register_slice__parameterized1' (0#1) [/net/myshella/home/grodzki/PyVectors/.dacecache/atax/build/_x/link/vivado/vpl/prj/prj.gen/my_rm/bd/ulp/ipshared/87d1/hdl/axi_register_slice_v2_1_vl_rfs.v:1497]
INFO: [Synth 8-6157] synthesizing module 'axi_register_slice_v2_1_28_axic_register_slice__parameterized2' [/net/myshella/home/grodzki/PyVectors/.dacecache/atax/build/_x/link/vivado/vpl/prj/prj.gen/my_rm/bd/ulp/ipshared/87d1/hdl/axi_register_slice_v2_1_vl_rfs.v:1497]
INFO: [Synth 8-6155] done synthesizing module 'axi_register_slice_v2_1_28_axic_register_slice__parameterized2' (0#1) [/net/myshella/home/grodzki/PyVectors/.dacecache/atax/build/_x/link/vivado/vpl/prj/prj.gen/my_rm/bd/ulp/ipshared/87d1/hdl/axi_register_slice_v2_1_vl_rfs.v:1497]
INFO: [Synth 8-6155] done synthesizing module 'axi_register_slice_v2_1_28_axi_register_slice' (0#1) [/net/myshella/home/grodzki/PyVectors/.dacecache/atax/build/_x/link/vivado/vpl/prj/prj.gen/my_rm/bd/ulp/ipshared/87d1/hdl/axi_register_slice_v2_1_vl_rfs.v:3725]
WARNING: [Synth 8-7071] port 'aclk2x' of module 'axi_register_slice_v2_1_28_axi_register_slice' is unconnected for instance 'reg_slice_mi' [/net/myshella/home/grodzki/PyVectors/.dacecache/atax/build/_x/link/vivado/vpl/prj/prj.gen/my_rm/bd/ulp/ipshared/f8f3/hdl/axi_crossbar_v2_1_vl_rfs.v:3122]
WARNING: [Synth 8-7023] instance 'reg_slice_mi' of module 'axi_register_slice_v2_1_28_axi_register_slice' has 93 connections declared, but only 92 given [/net/myshella/home/grodzki/PyVectors/.dacecache/atax/build/_x/link/vivado/vpl/prj/prj.gen/my_rm/bd/ulp/ipshared/f8f3/hdl/axi_crossbar_v2_1_vl_rfs.v:3122]
WARNING: [Synth 8-7071] port 'aclk2x' of module 'axi_register_slice_v2_1_28_axi_register_slice' is unconnected for instance 'reg_slice_mi' [/net/myshella/home/grodzki/PyVectors/.dacecache/atax/build/_x/link/vivado/vpl/prj/prj.gen/my_rm/bd/ulp/ipshared/f8f3/hdl/axi_crossbar_v2_1_vl_rfs.v:3122]
WARNING: [Synth 8-7023] instance 'reg_slice_mi' of module 'axi_register_slice_v2_1_28_axi_register_slice' has 93 connections declared, but only 92 given [/net/myshella/home/grodzki/PyVectors/.dacecache/atax/build/_x/link/vivado/vpl/prj/prj.gen/my_rm/bd/ulp/ipshared/f8f3/hdl/axi_crossbar_v2_1_vl_rfs.v:3122]
INFO: [Synth 8-6157] synthesizing module 'axi_data_fifo_v2_1_27_axic_srl_fifo__parameterized1' [/net/myshella/home/grodzki/PyVectors/.dacecache/atax/build/_x/link/vivado/vpl/prj/prj.gen/my_rm/bd/ulp/ipshared/fab7/hdl/axi_data_fifo_v2_1_vl_rfs.v:697]
INFO: [Synth 8-6157] synthesizing module 'axi_data_fifo_v2_1_27_ndeep_srl__parameterized1' [/net/myshella/home/grodzki/PyVectors/.dacecache/atax/build/_x/link/vivado/vpl/prj/prj.gen/my_rm/bd/ulp/ipshared/fab7/hdl/axi_data_fifo_v2_1_vl_rfs.v:1134]
INFO: [Synth 8-6155] done synthesizing module 'axi_data_fifo_v2_1_27_ndeep_srl__parameterized1' (0#1) [/net/myshella/home/grodzki/PyVectors/.dacecache/atax/build/_x/link/vivado/vpl/prj/prj.gen/my_rm/bd/ulp/ipshared/fab7/hdl/axi_data_fifo_v2_1_vl_rfs.v:1134]
INFO: [Synth 8-6155] done synthesizing module 'axi_data_fifo_v2_1_27_axic_srl_fifo__parameterized1' (0#1) [/net/myshella/home/grodzki/PyVectors/.dacecache/atax/build/_x/link/vivado/vpl/prj/prj.gen/my_rm/bd/ulp/ipshared/fab7/hdl/axi_data_fifo_v2_1_vl_rfs.v:697]
INFO: [Synth 8-6157] synthesizing module 'axi_crossbar_v2_1_29_wdata_mux__parameterized0' [/net/myshella/home/grodzki/PyVectors/.dacecache/atax/build/_x/link/vivado/vpl/prj/prj.gen/my_rm/bd/ulp/ipshared/f8f3/hdl/axi_crossbar_v2_1_vl_rfs.v:4560]
INFO: [Synth 8-6155] done synthesizing module 'axi_crossbar_v2_1_29_wdata_mux__parameterized0' (0#1) [/net/myshella/home/grodzki/PyVectors/.dacecache/atax/build/_x/link/vivado/vpl/prj/prj.gen/my_rm/bd/ulp/ipshared/f8f3/hdl/axi_crossbar_v2_1_vl_rfs.v:4560]
WARNING: [Synth 8-7071] port 'aclk2x' of module 'axi_register_slice_v2_1_28_axi_register_slice' is unconnected for instance 'reg_slice_mi' [/net/myshella/home/grodzki/PyVectors/.dacecache/atax/build/_x/link/vivado/vpl/prj/prj.gen/my_rm/bd/ulp/ipshared/f8f3/hdl/axi_crossbar_v2_1_vl_rfs.v:3122]
WARNING: [Synth 8-7023] instance 'reg_slice_mi' of module 'axi_register_slice_v2_1_28_axi_register_slice' has 93 connections declared, but only 92 given [/net/myshella/home/grodzki/PyVectors/.dacecache/atax/build/_x/link/vivado/vpl/prj/prj.gen/my_rm/bd/ulp/ipshared/f8f3/hdl/axi_crossbar_v2_1_vl_rfs.v:3122]
INFO: [Synth 8-6157] synthesizing module 'axi_crossbar_v2_1_29_decerr_slave' [/net/myshella/home/grodzki/PyVectors/.dacecache/atax/build/_x/link/vivado/vpl/prj/prj.gen/my_rm/bd/ulp/ipshared/f8f3/hdl/axi_crossbar_v2_1_vl_rfs.v:3500]
INFO: [Synth 8-155] case statement is not full and has no default [/net/myshella/home/grodzki/PyVectors/.dacecache/atax/build/_x/link/vivado/vpl/prj/prj.gen/my_rm/bd/ulp/ipshared/f8f3/hdl/axi_crossbar_v2_1_vl_rfs.v:3633]
INFO: [Synth 8-6155] done synthesizing module 'axi_crossbar_v2_1_29_decerr_slave' (0#1) [/net/myshella/home/grodzki/PyVectors/.dacecache/atax/build/_x/link/vivado/vpl/prj/prj.gen/my_rm/bd/ulp/ipshared/f8f3/hdl/axi_crossbar_v2_1_vl_rfs.v:3500]
INFO: [Synth 8-6157] synthesizing module 'axi_crossbar_v2_1_29_addr_arbiter' [/net/myshella/home/grodzki/PyVectors/.dacecache/atax/build/_x/link/vivado/vpl/prj/prj.gen/my_rm/bd/ulp/ipshared/f8f3/hdl/axi_crossbar_v2_1_vl_rfs.v:422]
INFO: [Synth 8-6155] done synthesizing module 'axi_crossbar_v2_1_29_addr_arbiter' (0#1) [/net/myshella/home/grodzki/PyVectors/.dacecache/atax/build/_x/link/vivado/vpl/prj/prj.gen/my_rm/bd/ulp/ipshared/f8f3/hdl/axi_crossbar_v2_1_vl_rfs.v:422]
INFO: [Synth 8-6155] done synthesizing module 'axi_crossbar_v2_1_29_crossbar' (0#1) [/net/myshella/home/grodzki/PyVectors/.dacecache/atax/build/_x/link/vivado/vpl/prj/prj.gen/my_rm/bd/ulp/ipshared/f8f3/hdl/axi_crossbar_v2_1_vl_rfs.v:2238]
INFO: [Synth 8-6155] done synthesizing module 'axi_crossbar_v2_1_29_axi_crossbar' (0#1) [/net/myshella/home/grodzki/PyVectors/.dacecache/atax/build/_x/link/vivado/vpl/prj/prj.gen/my_rm/bd/ulp/ipshared/f8f3/hdl/axi_crossbar_v2_1_vl_rfs.v:4883]
INFO: [Synth 8-6155] done synthesizing module 'ulp_xbar_3' (0#1) [/net/myshella/home/grodzki/PyVectors/.dacecache/atax/build/_x/link/vivado/vpl/prj/prj.gen/my_rm/bd/ulp/ip/ulp_xbar_3/synth/ulp_xbar_3.v:53]
WARNING: [Synth 8-6014] Unused sequential element areset_d1_reg was removed.  [/net/myshella/home/grodzki/PyVectors/.dacecache/atax/build/_x/link/vivado/vpl/prj/prj.gen/my_rm/bd/ulp/ipshared/fab7/hdl/axi_data_fifo_v2_1_vl_rfs.v:750]
WARNING: [Synth 8-6014] Unused sequential element S_READY_i_reg was removed.  [/net/myshella/home/grodzki/PyVectors/.dacecache/atax/build/_x/link/vivado/vpl/prj/prj.gen/my_rm/bd/ulp/ipshared/fab7/hdl/axi_data_fifo_v2_1_vl_rfs.v:789]
WARNING: [Synth 8-6014] Unused sequential element gen_multi_thread.gen_thread_loop[0].gen_debug_r_multi_thread.debug_r_beat_cnt_i_reg was removed.  [/net/myshella/home/grodzki/PyVectors/.dacecache/atax/build/_x/link/vivado/vpl/prj/prj.gen/my_rm/bd/ulp/ipshared/f8f3/hdl/axi_crossbar_v2_1_vl_rfs.v:4346]
WARNING: [Synth 8-6014] Unused sequential element gen_multi_thread.gen_thread_loop[1].gen_debug_r_multi_thread.debug_r_beat_cnt_i_reg was removed.  [/net/myshella/home/grodzki/PyVectors/.dacecache/atax/build/_x/link/vivado/vpl/prj/prj.gen/my_rm/bd/ulp/ipshared/f8f3/hdl/axi_crossbar_v2_1_vl_rfs.v:4346]
WARNING: [Synth 8-6014] Unused sequential element gen_multi_thread.gen_thread_loop[2].gen_debug_r_multi_thread.debug_r_beat_cnt_i_reg was removed.  [/net/myshella/home/grodzki/PyVectors/.dacecache/atax/build/_x/link/vivado/vpl/prj/prj.gen/my_rm/bd/ulp/ipshared/f8f3/hdl/axi_crossbar_v2_1_vl_rfs.v:4346]
WARNING: [Synth 8-6014] Unused sequential element gen_multi_thread.gen_thread_loop[3].gen_debug_r_multi_thread.debug_r_beat_cnt_i_reg was removed.  [/net/myshella/home/grodzki/PyVectors/.dacecache/atax/build/_x/link/vivado/vpl/prj/prj.gen/my_rm/bd/ulp/ipshared/f8f3/hdl/axi_crossbar_v2_1_vl_rfs.v:4346]
WARNING: [Synth 8-6014] Unused sequential element gen_multi_thread.gen_thread_loop[4].gen_debug_r_multi_thread.debug_r_beat_cnt_i_reg was removed.  [/net/myshella/home/grodzki/PyVectors/.dacecache/atax/build/_x/link/vivado/vpl/prj/prj.gen/my_rm/bd/ulp/ipshared/f8f3/hdl/axi_crossbar_v2_1_vl_rfs.v:4346]
WARNING: [Synth 8-6014] Unused sequential element gen_multi_thread.gen_thread_loop[5].gen_debug_r_multi_thread.debug_r_beat_cnt_i_reg was removed.  [/net/myshella/home/grodzki/PyVectors/.dacecache/atax/build/_x/link/vivado/vpl/prj/prj.gen/my_rm/bd/ulp/ipshared/f8f3/hdl/axi_crossbar_v2_1_vl_rfs.v:4346]
WARNING: [Synth 8-6014] Unused sequential element gen_multi_thread.gen_thread_loop[6].gen_debug_r_multi_thread.debug_r_beat_cnt_i_reg was removed.  [/net/myshella/home/grodzki/PyVectors/.dacecache/atax/build/_x/link/vivado/vpl/prj/prj.gen/my_rm/bd/ulp/ipshared/f8f3/hdl/axi_crossbar_v2_1_vl_rfs.v:4346]
WARNING: [Synth 8-6014] Unused sequential element gen_multi_thread.gen_thread_loop[7].gen_debug_r_multi_thread.debug_r_beat_cnt_i_reg was removed.  [/net/myshella/home/grodzki/PyVectors/.dacecache/atax/build/_x/link/vivado/vpl/prj/prj.gen/my_rm/bd/ulp/ipshared/f8f3/hdl/axi_crossbar_v2_1_vl_rfs.v:4346]
WARNING: [Synth 8-6014] Unused sequential element gen_multi_thread.gen_thread_loop[8].gen_debug_r_multi_thread.debug_r_beat_cnt_i_reg was removed.  [/net/myshella/home/grodzki/PyVectors/.dacecache/atax/build/_x/link/vivado/vpl/prj/prj.gen/my_rm/bd/ulp/ipshared/f8f3/hdl/axi_crossbar_v2_1_vl_rfs.v:4346]
WARNING: [Synth 8-6014] Unused sequential element gen_multi_thread.gen_thread_loop[9].gen_debug_r_multi_thread.debug_r_beat_cnt_i_reg was removed.  [/net/myshella/home/grodzki/PyVectors/.dacecache/atax/build/_x/link/vivado/vpl/prj/prj.gen/my_rm/bd/ulp/ipshared/f8f3/hdl/axi_crossbar_v2_1_vl_rfs.v:4346]
WARNING: [Synth 8-6014] Unused sequential element gen_multi_thread.gen_thread_loop[10].gen_debug_r_multi_thread.debug_r_beat_cnt_i_reg was removed.  [/net/myshella/home/grodzki/PyVectors/.dacecache/atax/build/_x/link/vivado/vpl/prj/prj.gen/my_rm/bd/ulp/ipshared/f8f3/hdl/axi_crossbar_v2_1_vl_rfs.v:4346]
WARNING: [Synth 8-6014] Unused sequential element gen_multi_thread.gen_thread_loop[11].gen_debug_r_multi_thread.debug_r_beat_cnt_i_reg was removed.  [/net/myshella/home/grodzki/PyVectors/.dacecache/atax/build/_x/link/vivado/vpl/prj/prj.gen/my_rm/bd/ulp/ipshared/f8f3/hdl/axi_crossbar_v2_1_vl_rfs.v:4346]
WARNING: [Synth 8-6014] Unused sequential element gen_multi_thread.gen_thread_loop[12].gen_debug_r_multi_thread.debug_r_beat_cnt_i_reg was removed.  [/net/myshella/home/grodzki/PyVectors/.dacecache/atax/build/_x/link/vivado/vpl/prj/prj.gen/my_rm/bd/ulp/ipshared/f8f3/hdl/axi_crossbar_v2_1_vl_rfs.v:4346]
WARNING: [Synth 8-6014] Unused sequential element gen_multi_thread.gen_thread_loop[13].gen_debug_r_multi_thread.debug_r_beat_cnt_i_reg was removed.  [/net/myshella/home/grodzki/PyVectors/.dacecache/atax/build/_x/link/vivado/vpl/prj/prj.gen/my_rm/bd/ulp/ipshared/f8f3/hdl/axi_crossbar_v2_1_vl_rfs.v:4346]
WARNING: [Synth 8-6014] Unused sequential element gen_multi_thread.gen_thread_loop[14].gen_debug_r_multi_thread.debug_r_beat_cnt_i_reg was removed.  [/net/myshella/home/grodzki/PyVectors/.dacecache/atax/build/_x/link/vivado/vpl/prj/prj.gen/my_rm/bd/ulp/ipshared/f8f3/hdl/axi_crossbar_v2_1_vl_rfs.v:4346]
WARNING: [Synth 8-6014] Unused sequential element gen_multi_thread.gen_thread_loop[15].gen_debug_r_multi_thread.debug_r_beat_cnt_i_reg was removed.  [/net/myshella/home/grodzki/PyVectors/.dacecache/atax/build/_x/link/vivado/vpl/prj/prj.gen/my_rm/bd/ulp/ipshared/f8f3/hdl/axi_crossbar_v2_1_vl_rfs.v:4346]
WARNING: [Synth 8-6014] Unused sequential element areset_d1_reg was removed.  [/net/myshella/home/grodzki/PyVectors/.dacecache/atax/build/_x/link/vivado/vpl/prj/prj.gen/my_rm/bd/ulp/ipshared/fab7/hdl/axi_data_fifo_v2_1_vl_rfs.v:750]
WARNING: [Synth 8-6014] Unused sequential element S_READY_i_reg was removed.  [/net/myshella/home/grodzki/PyVectors/.dacecache/atax/build/_x/link/vivado/vpl/prj/prj.gen/my_rm/bd/ulp/ipshared/fab7/hdl/axi_data_fifo_v2_1_vl_rfs.v:789]
WARNING: [Synth 8-6014] Unused sequential element gen_multi_thread.gen_thread_loop[0].gen_debug_r_multi_thread.debug_r_beat_cnt_i_reg was removed.  [/net/myshella/home/grodzki/PyVectors/.dacecache/atax/build/_x/link/vivado/vpl/prj/prj.gen/my_rm/bd/ulp/ipshared/f8f3/hdl/axi_crossbar_v2_1_vl_rfs.v:4346]
WARNING: [Synth 8-6014] Unused sequential element gen_multi_thread.gen_thread_loop[1].gen_debug_r_multi_thread.debug_r_beat_cnt_i_reg was removed.  [/net/myshella/home/grodzki/PyVectors/.dacecache/atax/build/_x/link/vivado/vpl/prj/prj.gen/my_rm/bd/ulp/ipshared/f8f3/hdl/axi_crossbar_v2_1_vl_rfs.v:4346]
WARNING: [Synth 8-6014] Unused sequential element gen_multi_thread.gen_thread_loop[2].gen_debug_r_multi_thread.debug_r_beat_cnt_i_reg was removed.  [/net/myshella/home/grodzki/PyVectors/.dacecache/atax/build/_x/link/vivado/vpl/prj/prj.gen/my_rm/bd/ulp/ipshared/f8f3/hdl/axi_crossbar_v2_1_vl_rfs.v:4346]
WARNING: [Synth 8-6014] Unused sequential element gen_multi_thread.gen_thread_loop[3].gen_debug_r_multi_thread.debug_r_beat_cnt_i_reg was removed.  [/net/myshella/home/grodzki/PyVectors/.dacecache/atax/build/_x/link/vivado/vpl/prj/prj.gen/my_rm/bd/ulp/ipshared/f8f3/hdl/axi_crossbar_v2_1_vl_rfs.v:4346]
WARNING: [Synth 8-6014] Unused sequential element gen_multi_thread.gen_thread_loop[4].gen_debug_r_multi_thread.debug_r_beat_cnt_i_reg was removed.  [/net/myshella/home/grodzki/PyVectors/.dacecache/atax/build/_x/link/vivado/vpl/prj/prj.gen/my_rm/bd/ulp/ipshared/f8f3/hdl/axi_crossbar_v2_1_vl_rfs.v:4346]
WARNING: [Synth 8-6014] Unused sequential element gen_multi_thread.gen_thread_loop[5].gen_debug_r_multi_thread.debug_r_beat_cnt_i_reg was removed.  [/net/myshella/home/grodzki/PyVectors/.dacecache/atax/build/_x/link/vivado/vpl/prj/prj.gen/my_rm/bd/ulp/ipshared/f8f3/hdl/axi_crossbar_v2_1_vl_rfs.v:4346]
WARNING: [Synth 8-6014] Unused sequential element gen_multi_thread.gen_thread_loop[6].gen_debug_r_multi_thread.debug_r_beat_cnt_i_reg was removed.  [/net/myshella/home/grodzki/PyVectors/.dacecache/atax/build/_x/link/vivado/vpl/prj/prj.gen/my_rm/bd/ulp/ipshared/f8f3/hdl/axi_crossbar_v2_1_vl_rfs.v:4346]
WARNING: [Synth 8-6014] Unused sequential element gen_multi_thread.gen_thread_loop[7].gen_debug_r_multi_thread.debug_r_beat_cnt_i_reg was removed.  [/net/myshella/home/grodzki/PyVectors/.dacecache/atax/build/_x/link/vivado/vpl/prj/prj.gen/my_rm/bd/ulp/ipshared/f8f3/hdl/axi_crossbar_v2_1_vl_rfs.v:4346]
WARNING: [Synth 8-6014] Unused sequential element gen_multi_thread.gen_thread_loop[8].gen_debug_r_multi_thread.debug_r_beat_cnt_i_reg was removed.  [/net/myshella/home/grodzki/PyVectors/.dacecache/atax/build/_x/link/vivado/vpl/prj/prj.gen/my_rm/bd/ulp/ipshared/f8f3/hdl/axi_crossbar_v2_1_vl_rfs.v:4346]
WARNING: [Synth 8-6014] Unused sequential element gen_multi_thread.gen_thread_loop[9].gen_debug_r_multi_thread.debug_r_beat_cnt_i_reg was removed.  [/net/myshella/home/grodzki/PyVectors/.dacecache/atax/build/_x/link/vivado/vpl/prj/prj.gen/my_rm/bd/ulp/ipshared/f8f3/hdl/axi_crossbar_v2_1_vl_rfs.v:4346]
WARNING: [Synth 8-6014] Unused sequential element gen_multi_thread.gen_thread_loop[10].gen_debug_r_multi_thread.debug_r_beat_cnt_i_reg was removed.  [/net/myshella/home/grodzki/PyVectors/.dacecache/atax/build/_x/link/vivado/vpl/prj/prj.gen/my_rm/bd/ulp/ipshared/f8f3/hdl/axi_crossbar_v2_1_vl_rfs.v:4346]
WARNING: [Synth 8-6014] Unused sequential element gen_multi_thread.gen_thread_loop[11].gen_debug_r_multi_thread.debug_r_beat_cnt_i_reg was removed.  [/net/myshella/home/grodzki/PyVectors/.dacecache/atax/build/_x/link/vivado/vpl/prj/prj.gen/my_rm/bd/ulp/ipshared/f8f3/hdl/axi_crossbar_v2_1_vl_rfs.v:4346]
WARNING: [Synth 8-6014] Unused sequential element gen_multi_thread.gen_thread_loop[12].gen_debug_r_multi_thread.debug_r_beat_cnt_i_reg was removed.  [/net/myshella/home/grodzki/PyVectors/.dacecache/atax/build/_x/link/vivado/vpl/prj/prj.gen/my_rm/bd/ulp/ipshared/f8f3/hdl/axi_crossbar_v2_1_vl_rfs.v:4346]
WARNING: [Synth 8-6014] Unused sequential element gen_multi_thread.gen_thread_loop[13].gen_debug_r_multi_thread.debug_r_beat_cnt_i_reg was removed.  [/net/myshella/home/grodzki/PyVectors/.dacecache/atax/build/_x/link/vivado/vpl/prj/prj.gen/my_rm/bd/ulp/ipshared/f8f3/hdl/axi_crossbar_v2_1_vl_rfs.v:4346]
WARNING: [Synth 8-6014] Unused sequential element gen_multi_thread.gen_thread_loop[14].gen_debug_r_multi_thread.debug_r_beat_cnt_i_reg was removed.  [/net/myshella/home/grodzki/PyVectors/.dacecache/atax/build/_x/link/vivado/vpl/prj/prj.gen/my_rm/bd/ulp/ipshared/f8f3/hdl/axi_crossbar_v2_1_vl_rfs.v:4346]
WARNING: [Synth 8-6014] Unused sequential element gen_multi_thread.gen_thread_loop[15].gen_debug_r_multi_thread.debug_r_beat_cnt_i_reg was removed.  [/net/myshella/home/grodzki/PyVectors/.dacecache/atax/build/_x/link/vivado/vpl/prj/prj.gen/my_rm/bd/ulp/ipshared/f8f3/hdl/axi_crossbar_v2_1_vl_rfs.v:4346]
WARNING: [Synth 8-6014] Unused sequential element areset_d1_reg was removed.  [/net/myshella/home/grodzki/PyVectors/.dacecache/atax/build/_x/link/vivado/vpl/prj/prj.gen/my_rm/bd/ulp/ipshared/fab7/hdl/axi_data_fifo_v2_1_vl_rfs.v:750]
WARNING: [Synth 8-6014] Unused sequential element S_READY_i_reg was removed.  [/net/myshella/home/grodzki/PyVectors/.dacecache/atax/build/_x/link/vivado/vpl/prj/prj.gen/my_rm/bd/ulp/ipshared/fab7/hdl/axi_data_fifo_v2_1_vl_rfs.v:789]
WARNING: [Synth 8-6014] Unused sequential element gen_master_slots[0].gen_mi_write.gen_debug_w.debug_w_beat_cnt_i_reg was removed.  [/net/myshella/home/grodzki/PyVectors/.dacecache/atax/build/_x/link/vivado/vpl/prj/prj.gen/my_rm/bd/ulp/ipshared/f8f3/hdl/axi_crossbar_v2_1_vl_rfs.v:2997]
WARNING: [Synth 8-6014] Unused sequential element gen_master_slots[1].gen_mi_write.gen_debug_w.debug_w_beat_cnt_i_reg was removed.  [/net/myshella/home/grodzki/PyVectors/.dacecache/atax/build/_x/link/vivado/vpl/prj/prj.gen/my_rm/bd/ulp/ipshared/f8f3/hdl/axi_crossbar_v2_1_vl_rfs.v:2997]
WARNING: [Synth 8-6014] Unused sequential element gen_master_slots[2].gen_mi_write.gen_debug_w.debug_w_beat_cnt_i_reg was removed.  [/net/myshella/home/grodzki/PyVectors/.dacecache/atax/build/_x/link/vivado/vpl/prj/prj.gen/my_rm/bd/ulp/ipshared/f8f3/hdl/axi_crossbar_v2_1_vl_rfs.v:2997]
WARNING: [Synth 8-7129] Port ACLK in module axi_register_slice_v2_1_28_axic_register_slice is either unconnected or has no load
WARNING: [Synth 8-7129] Port ARESET in module axi_register_slice_v2_1_28_axic_register_slice is either unconnected or has no load
WARNING: [Synth 8-7129] Port ACLK in module axi_register_slice_v2_1_28_axic_register_slice__parameterized0 is either unconnected or has no load
WARNING: [Synth 8-7129] Port ARESET in module axi_register_slice_v2_1_28_axic_register_slice__parameterized0 is either unconnected or has no load
WARNING: [Synth 8-7129] Port m_axi_buser[0] in module axi_infrastructure_v1_1_0_vector2axi is either unconnected or has no load
WARNING: [Synth 8-7129] Port m_axi_ruser[0] in module axi_infrastructure_v1_1_0_vector2axi is either unconnected or has no load
WARNING: [Synth 8-7129] Port s_axi_awuser[0] in module axi_infrastructure_v1_1_0_axi2vector is either unconnected or has no load
WARNING: [Synth 8-7129] Port s_axi_wid[3] in module axi_infrastructure_v1_1_0_axi2vector is either unconnected or has no load
WARNING: [Synth 8-7129] Port s_axi_wid[2] in module axi_infrastructure_v1_1_0_axi2vector is either unconnected or has no load
WARNING: [Synth 8-7129] Port s_axi_wid[1] in module axi_infrastructure_v1_1_0_axi2vector is either unconnected or has no load
WARNING: [Synth 8-7129] Port s_axi_wid[0] in module axi_infrastructure_v1_1_0_axi2vector is either unconnected or has no load
WARNING: [Synth 8-7129] Port s_axi_wuser[0] in module axi_infrastructure_v1_1_0_axi2vector is either unconnected or has no load
WARNING: [Synth 8-7129] Port s_axi_aruser[0] in module axi_infrastructure_v1_1_0_axi2vector is either unconnected or has no load
WARNING: [Synth 8-7129] Port aclk2x in module axi_register_slice_v2_1_28_axi_register_slice is either unconnected or has no load
WARNING: [Synth 8-7129] Port ACLK in module axi_crossbar_v2_1_29_wdata_mux__parameterized0 is either unconnected or has no load
WARNING: [Synth 8-7129] Port ARESET in module axi_crossbar_v2_1_29_wdata_mux__parameterized0 is either unconnected or has no load
WARNING: [Synth 8-7129] Port S_ASELECT[0] in module axi_crossbar_v2_1_29_wdata_mux__parameterized0 is either unconnected or has no load
WARNING: [Synth 8-7129] Port S_AVALID in module axi_crossbar_v2_1_29_wdata_mux__parameterized0 is either unconnected or has no load
WARNING: [Synth 8-7129] Port ACLK in module axi_crossbar_v2_1_29_wdata_mux is either unconnected or has no load
WARNING: [Synth 8-7129] Port ARESET in module axi_crossbar_v2_1_29_wdata_mux is either unconnected or has no load
WARNING: [Synth 8-7129] Port S_ASELECT[0] in module axi_crossbar_v2_1_29_wdata_mux is either unconnected or has no load
WARNING: [Synth 8-7129] Port S_AVALID in module axi_crossbar_v2_1_29_wdata_mux is either unconnected or has no load
WARNING: [Synth 8-7129] Port ADDR[1] in module axi_crossbar_v2_1_29_addr_decoder is either unconnected or has no load
WARNING: [Synth 8-7129] Port ADDR[0] in module axi_crossbar_v2_1_29_addr_decoder is either unconnected or has no load
WARNING: [Synth 8-7129] Port S_ABURST[1] in module axi_crossbar_v2_1_29_si_transactor__parameterized0 is either unconnected or has no load
WARNING: [Synth 8-7129] Port S_ABURST[0] in module axi_crossbar_v2_1_29_si_transactor__parameterized0 is either unconnected or has no load
WARNING: [Synth 8-7129] Port S_ABURST[1] in module axi_crossbar_v2_1_29_si_transactor is either unconnected or has no load
WARNING: [Synth 8-7129] Port S_ABURST[0] in module axi_crossbar_v2_1_29_si_transactor is either unconnected or has no load
WARNING: [Synth 8-7129] Port S_AXI_WID[3] in module axi_crossbar_v2_1_29_crossbar is either unconnected or has no load
WARNING: [Synth 8-7129] Port S_AXI_WID[2] in module axi_crossbar_v2_1_29_crossbar is either unconnected or has no load
WARNING: [Synth 8-7129] Port S_AXI_WID[1] in module axi_crossbar_v2_1_29_crossbar is either unconnected or has no load
WARNING: [Synth 8-7129] Port S_AXI_WID[0] in module axi_crossbar_v2_1_29_crossbar is either unconnected or has no load
WARNING: [Synth 8-7129] Port s_axi_awuser[0] in module axi_crossbar_v2_1_29_axi_crossbar is either unconnected or has no load
WARNING: [Synth 8-7129] Port s_axi_wid[3] in module axi_crossbar_v2_1_29_axi_crossbar is either unconnected or has no load
WARNING: [Synth 8-7129] Port s_axi_wid[2] in module axi_crossbar_v2_1_29_axi_crossbar is either unconnected or has no load
WARNING: [Synth 8-7129] Port s_axi_wid[1] in module axi_crossbar_v2_1_29_axi_crossbar is either unconnected or has no load
WARNING: [Synth 8-7129] Port s_axi_wid[0] in module axi_crossbar_v2_1_29_axi_crossbar is either unconnected or has no load
WARNING: [Synth 8-7129] Port s_axi_wuser[0] in module axi_crossbar_v2_1_29_axi_crossbar is either unconnected or has no load
WARNING: [Synth 8-7129] Port s_axi_aruser[0] in module axi_crossbar_v2_1_29_axi_crossbar is either unconnected or has no load
WARNING: [Synth 8-7129] Port m_axi_buser[1] in module axi_crossbar_v2_1_29_axi_crossbar is either unconnected or has no load
WARNING: [Synth 8-7129] Port m_axi_buser[0] in module axi_crossbar_v2_1_29_axi_crossbar is either unconnected or has no load
WARNING: [Synth 8-7129] Port m_axi_ruser[1] in module axi_crossbar_v2_1_29_axi_crossbar is either unconnected or has no load
WARNING: [Synth 8-7129] Port m_axi_ruser[0] in module axi_crossbar_v2_1_29_axi_crossbar is either unconnected or has no load
---------------------------------------------------------------------------------
Finished RTL Elaboration : Time (s): cpu = 00:00:20 ; elapsed = 00:00:26 . Memory (MB): peak = 3934.977 ; gain = 587.641 ; free physical = 331 ; free virtual = 3865
---------------------------------------------------------------------------------
---------------------------------------------------------------------------------
Start Handling Custom Attributes
---------------------------------------------------------------------------------
---------------------------------------------------------------------------------
Finished Handling Custom Attributes : Time (s): cpu = 00:00:20 ; elapsed = 00:00:26 . Memory (MB): peak = 3934.977 ; gain = 587.641 ; free physical = 354 ; free virtual = 3849
---------------------------------------------------------------------------------
---------------------------------------------------------------------------------
Finished RTL Optimization Phase 1 : Time (s): cpu = 00:00:20 ; elapsed = 00:00:26 . Memory (MB): peak = 3934.977 ; gain = 587.641 ; free physical = 354 ; free virtual = 3850
---------------------------------------------------------------------------------
Netlist sorting complete. Time (s): cpu = 00:00:00.4 ; elapsed = 00:00:00.41 . Memory (MB): peak = 3934.977 ; gain = 0.000 ; free physical = 378 ; free virtual = 3796
INFO: [Project 1-570] Preparing netlist for logic optimization

Processing XDC Constraints
Initializing timing engine
Parsing XDC File [/net/myshella/home/grodzki/PyVectors/.dacecache/atax/build/_x/link/vivado/vpl/prj/prj.gen/my_rm/bd/ulp/ip/ulp_xbar_3/ulp_xbar_3_ooc.xdc] for cell 'inst'
create_clock: Time (s): cpu = 00:00:06 ; elapsed = 00:00:06 . Memory (MB): peak = 4005.660 ; gain = 2.969 ; free physical = 1463 ; free virtual = 4763
Finished Parsing XDC File [/net/myshella/home/grodzki/PyVectors/.dacecache/atax/build/_x/link/vivado/vpl/prj/prj.gen/my_rm/bd/ulp/ip/ulp_xbar_3/ulp_xbar_3_ooc.xdc] for cell 'inst'
Parsing XDC File [/net/myshella/home/grodzki/PyVectors/.dacecache/atax/build/_x/link/vivado/vpl/prj/prj.runs/ulp_xbar_3_synth_1/dont_touch.xdc]
Finished Parsing XDC File [/net/myshella/home/grodzki/PyVectors/.dacecache/atax/build/_x/link/vivado/vpl/prj/prj.runs/ulp_xbar_3_synth_1/dont_touch.xdc]
Completed Processing XDC Constraints

Netlist sorting complete. Time (s): cpu = 00:00:00 ; elapsed = 00:00:00.01 . Memory (MB): peak = 4005.660 ; gain = 0.000 ; free physical = 1458 ; free virtual = 4764
INFO: [Project 1-111] Unisim Transformation Summary:
No Unisim elements were transformed.

Constraint Validation Runtime : Time (s): cpu = 00:00:00.74 ; elapsed = 00:00:00.85 . Memory (MB): peak = 4005.660 ; gain = 0.000 ; free physical = 1344 ; free virtual = 4720
INFO: [Designutils 20-5008] Incremental synthesis strategy off
---------------------------------------------------------------------------------
Finished Constraint Validation : Time (s): cpu = 00:00:41 ; elapsed = 00:00:50 . Memory (MB): peak = 4005.660 ; gain = 658.324 ; free physical = 299 ; free virtual = 3668
---------------------------------------------------------------------------------
---------------------------------------------------------------------------------
Start Loading Part and Timing Information
---------------------------------------------------------------------------------
Loading part: xcu250-figd2104-2L-e
INFO: [Synth 8-6742] Reading net delay rules and data
---------------------------------------------------------------------------------
Finished Loading Part and Timing Information : Time (s): cpu = 00:00:41 ; elapsed = 00:00:50 . Memory (MB): peak = 4005.660 ; gain = 658.324 ; free physical = 288 ; free virtual = 3637
---------------------------------------------------------------------------------
---------------------------------------------------------------------------------
Start Applying 'set_property' XDC Constraints
---------------------------------------------------------------------------------
Applied set_property KEEP_HIERARCHY = SOFT for inst. (constraint file  /net/myshella/home/grodzki/PyVectors/.dacecache/atax/build/_x/link/vivado/vpl/prj/prj.runs/ulp_xbar_3_synth_1/dont_touch.xdc, line 9).
---------------------------------------------------------------------------------
Finished applying 'set_property' XDC Constraints : Time (s): cpu = 00:00:41 ; elapsed = 00:00:51 . Memory (MB): peak = 4005.660 ; gain = 658.324 ; free physical = 287 ; free virtual = 3509
---------------------------------------------------------------------------------
INFO: [Synth 8-802] inferred FSM for state register 'state_reg' in module 'axi_data_fifo_v2_1_27_axic_reg_srl_fifo'
INFO: [Synth 8-802] inferred FSM for state register 'gen_axi.write_cs_reg' in module 'axi_crossbar_v2_1_29_decerr_slave'
---------------------------------------------------------------------------------------------------
                   State |                     New Encoding |                Previous Encoding 
---------------------------------------------------------------------------------------------------
                    ZERO |                             1000 |                               10
                     ONE |                             0010 |                               11
                     TWO |                             0001 |                               01
                  iSTATE |                             0100 |                               00
---------------------------------------------------------------------------------------------------
INFO: [Synth 8-3354] encoded FSM with state register 'state_reg' using encoding 'one-hot' in module 'axi_data_fifo_v2_1_27_axic_reg_srl_fifo'
---------------------------------------------------------------------------------------------------
                   State |                     New Encoding |                Previous Encoding 
---------------------------------------------------------------------------------------------------
            P_WRITE_IDLE |                              001 |                               00
            P_WRITE_DATA |                              010 |                               01
            P_WRITE_RESP |                              100 |                               10
---------------------------------------------------------------------------------------------------
INFO: [Synth 8-3354] encoded FSM with state register 'gen_axi.write_cs_reg' using encoding 'one-hot' in module 'axi_crossbar_v2_1_29_decerr_slave'
---------------------------------------------------------------------------------
Finished RTL Optimization Phase 2 : Time (s): cpu = 00:00:44 ; elapsed = 00:00:54 . Memory (MB): peak = 4005.660 ; gain = 658.324 ; free physical = 418 ; free virtual = 3384
---------------------------------------------------------------------------------
---------------------------------------------------------------------------------
Start RTL Component Statistics 
---------------------------------------------------------------------------------
Detailed RTL Component Info : 
+---Adders : 
	   2 Input    8 Bit       Adders := 3     
	   2 Input    6 Bit       Adders := 35    
	   2 Input    5 Bit       Adders := 38    
	   2 Input    2 Bit       Adders := 1     
	   2 Input    1 Bit       Adders := 2     
+---XORs : 
	   2 Input      1 Bit         XORs := 36    
+---Registers : 
	              519 Bit    Registers := 6     
	               74 Bit    Registers := 2     
	                8 Bit    Registers := 3     
	                6 Bit    Registers := 20    
	                5 Bit    Registers := 20    
	                4 Bit    Registers := 34    
	                3 Bit    Registers := 6     
	                2 Bit    Registers := 10    
	                1 Bit    Registers := 63    
+---Muxes : 
	   2 Input  519 Bit        Muxes := 6     
	   2 Input  128 Bit        Muxes := 32    
	   2 Input   24 Bit        Muxes := 6     
	   2 Input    8 Bit        Muxes := 1     
	   3 Input    6 Bit        Muxes := 16    
	   2 Input    6 Bit        Muxes := 2     
	   3 Input    5 Bit        Muxes := 16    
	   2 Input    5 Bit        Muxes := 2     
	   3 Input    4 Bit        Muxes := 1     
	   2 Input    4 Bit        Muxes := 3     
	   2 Input    3 Bit        Muxes := 2     
	   2 Input    2 Bit        Muxes := 81    
	   2 Input    1 Bit        Muxes := 72    
	   4 Input    1 Bit        Muxes := 3     
	   3 Input    1 Bit        Muxes := 9     
---------------------------------------------------------------------------------
Finished RTL Component Statistics 
---------------------------------------------------------------------------------
---------------------------------------------------------------------------------
Start Part Resource Summary
---------------------------------------------------------------------------------
Part Resources:
DSPs: 12288 (col length:96)
BRAMs: 5376 (col length: RAMB18 384 RAMB36 192)
---------------------------------------------------------------------------------
Finished Part Resource Summary
---------------------------------------------------------------------------------
---------------------------------------------------------------------------------
Start Cross Boundary and Area Optimization
---------------------------------------------------------------------------------
WARNING: [Synth 8-7080] Parallel synthesis criteria is not met
WARNING: [Synth 8-7129] Port aclk2x in module axi_register_slice_v2_1_28_axi_register_slice is either unconnected or has no load
WARNING: [Synth 8-7129] Port s_axi_awuser[0] in module axi_register_slice_v2_1_28_axi_register_slice is either unconnected or has no load
WARNING: [Synth 8-7129] Port s_axi_wid[3] in module axi_register_slice_v2_1_28_axi_register_slice is either unconnected or has no load
WARNING: [Synth 8-7129] Port s_axi_wid[2] in module axi_register_slice_v2_1_28_axi_register_slice is either unconnected or has no load
WARNING: [Synth 8-7129] Port s_axi_wid[1] in module axi_register_slice_v2_1_28_axi_register_slice is either unconnected or has no load
WARNING: [Synth 8-7129] Port s_axi_wid[0] in module axi_register_slice_v2_1_28_axi_register_slice is either unconnected or has no load
WARNING: [Synth 8-7129] Port s_axi_wuser[0] in module axi_register_slice_v2_1_28_axi_register_slice is either unconnected or has no load
WARNING: [Synth 8-7129] Port s_axi_aruser[0] in module axi_register_slice_v2_1_28_axi_register_slice is either unconnected or has no load
WARNING: [Synth 8-7129] Port m_axi_buser[0] in module axi_register_slice_v2_1_28_axi_register_slice is either unconnected or has no load
WARNING: [Synth 8-7129] Port m_axi_ruser[0] in module axi_register_slice_v2_1_28_axi_register_slice is either unconnected or has no load
WARNING: [Synth 8-7129] Port S_ABURST[1] in module axi_crossbar_v2_1_29_si_transactor__parameterized0 is either unconnected or has no load
WARNING: [Synth 8-7129] Port S_ABURST[0] in module axi_crossbar_v2_1_29_si_transactor__parameterized0 is either unconnected or has no load
WARNING: [Synth 8-7129] Port S_ABURST[1] in module axi_crossbar_v2_1_29_si_transactor is either unconnected or has no load
WARNING: [Synth 8-7129] Port S_ABURST[0] in module axi_crossbar_v2_1_29_si_transactor is either unconnected or has no load
WARNING: [Synth 8-7129] Port S_AXI_WID[3] in module axi_crossbar_v2_1_29_crossbar is either unconnected or has no load
WARNING: [Synth 8-7129] Port S_AXI_WID[2] in module axi_crossbar_v2_1_29_crossbar is either unconnected or has no load
WARNING: [Synth 8-7129] Port S_AXI_WID[1] in module axi_crossbar_v2_1_29_crossbar is either unconnected or has no load
WARNING: [Synth 8-7129] Port S_AXI_WID[0] in module axi_crossbar_v2_1_29_crossbar is either unconnected or has no load
WARNING: [Synth 8-7129] Port s_axi_awuser[0] in module axi_crossbar_v2_1_29_axi_crossbar is either unconnected or has no load
WARNING: [Synth 8-7129] Port s_axi_wid[3] in module axi_crossbar_v2_1_29_axi_crossbar is either unconnected or has no load
WARNING: [Synth 8-7129] Port s_axi_wid[2] in module axi_crossbar_v2_1_29_axi_crossbar is either unconnected or has no load
WARNING: [Synth 8-7129] Port s_axi_wid[1] in module axi_crossbar_v2_1_29_axi_crossbar is either unconnected or has no load
WARNING: [Synth 8-7129] Port s_axi_wid[0] in module axi_crossbar_v2_1_29_axi_crossbar is either unconnected or has no load
WARNING: [Synth 8-7129] Port s_axi_wuser[0] in module axi_crossbar_v2_1_29_axi_crossbar is either unconnected or has no load
WARNING: [Synth 8-7129] Port s_axi_aruser[0] in module axi_crossbar_v2_1_29_axi_crossbar is either unconnected or has no load
WARNING: [Synth 8-7129] Port m_axi_buser[1] in module axi_crossbar_v2_1_29_axi_crossbar is either unconnected or has no load
WARNING: [Synth 8-7129] Port m_axi_buser[0] in module axi_crossbar_v2_1_29_axi_crossbar is either unconnected or has no load
WARNING: [Synth 8-7129] Port m_axi_ruser[1] in module axi_crossbar_v2_1_29_axi_crossbar is either unconnected or has no load
WARNING: [Synth 8-7129] Port m_axi_ruser[0] in module axi_crossbar_v2_1_29_axi_crossbar is either unconnected or has no load
INFO: [Synth 8-3332] Sequential element (wrouter_aw_fifo/FSM_onehot_state_reg[2]) is unused and will be removed from module axi_crossbar_v2_1_29_wdata_router.
---------------------------------------------------------------------------------
Finished Cross Boundary and Area Optimization : Time (s): cpu = 00:00:59 ; elapsed = 00:01:10 . Memory (MB): peak = 4005.660 ; gain = 658.324 ; free physical = 393 ; free virtual = 2836
---------------------------------------------------------------------------------
---------------------------------------------------------------------------------
Start Applying XDC Timing Constraints
---------------------------------------------------------------------------------
---------------------------------------------------------------------------------
Finished Applying XDC Timing Constraints : Time (s): cpu = 00:01:15 ; elapsed = 00:02:06 . Memory (MB): peak = 4212.301 ; gain = 864.965 ; free physical = 333 ; free virtual = 766
---------------------------------------------------------------------------------
---------------------------------------------------------------------------------
Start Timing Optimization
---------------------------------------------------------------------------------
---------------------------------------------------------------------------------
Finished Timing Optimization : Time (s): cpu = 00:01:19 ; elapsed = 00:02:22 . Memory (MB): peak = 4288.340 ; gain = 941.004 ; free physical = 368 ; free virtual = 550
---------------------------------------------------------------------------------
---------------------------------------------------------------------------------
Start Technology Mapping
---------------------------------------------------------------------------------
---------------------------------------------------------------------------------
Finished Technology Mapping : Time (s): cpu = 00:01:23 ; elapsed = 00:02:31 . Memory (MB): peak = 4288.340 ; gain = 941.004 ; free physical = 339 ; free virtual = 515
---------------------------------------------------------------------------------
---------------------------------------------------------------------------------
Start IO Insertion
---------------------------------------------------------------------------------
---------------------------------------------------------------------------------
Start Flattening Before IO Insertion
---------------------------------------------------------------------------------
---------------------------------------------------------------------------------
Finished Flattening Before IO Insertion
---------------------------------------------------------------------------------
---------------------------------------------------------------------------------
Start Final Netlist Cleanup
---------------------------------------------------------------------------------
---------------------------------------------------------------------------------
Finished Final Netlist Cleanup
---------------------------------------------------------------------------------
---------------------------------------------------------------------------------
Finished IO Insertion : Time (s): cpu = 00:01:29 ; elapsed = 00:02:46 . Memory (MB): peak = 4288.340 ; gain = 941.004 ; free physical = 326 ; free virtual = 473
---------------------------------------------------------------------------------
---------------------------------------------------------------------------------
Start Renaming Generated Instances
---------------------------------------------------------------------------------
---------------------------------------------------------------------------------
Finished Renaming Generated Instances : Time (s): cpu = 00:01:29 ; elapsed = 00:02:47 . Memory (MB): peak = 4288.340 ; gain = 941.004 ; free physical = 327 ; free virtual = 473
---------------------------------------------------------------------------------
---------------------------------------------------------------------------------
Start Rebuilding User Hierarchy
---------------------------------------------------------------------------------
---------------------------------------------------------------------------------
Finished Rebuilding User Hierarchy : Time (s): cpu = 00:01:29 ; elapsed = 00:02:50 . Memory (MB): peak = 4288.340 ; gain = 941.004 ; free physical = 326 ; free virtual = 462
---------------------------------------------------------------------------------
---------------------------------------------------------------------------------
Start Renaming Generated Ports
---------------------------------------------------------------------------------
---------------------------------------------------------------------------------
Finished Renaming Generated Ports : Time (s): cpu = 00:01:29 ; elapsed = 00:02:50 . Memory (MB): peak = 4288.340 ; gain = 941.004 ; free physical = 326 ; free virtual = 462
---------------------------------------------------------------------------------
---------------------------------------------------------------------------------
Start Handling Custom Attributes
---------------------------------------------------------------------------------
---------------------------------------------------------------------------------
Finished Handling Custom Attributes : Time (s): cpu = 00:01:30 ; elapsed = 00:02:50 . Memory (MB): peak = 4288.340 ; gain = 941.004 ; free physical = 325 ; free virtual = 459
---------------------------------------------------------------------------------
---------------------------------------------------------------------------------
Start Renaming Generated Nets
---------------------------------------------------------------------------------
---------------------------------------------------------------------------------
Finished Renaming Generated Nets : Time (s): cpu = 00:01:30 ; elapsed = 00:02:51 . Memory (MB): peak = 4288.340 ; gain = 941.004 ; free physical = 327 ; free virtual = 460
---------------------------------------------------------------------------------
---------------------------------------------------------------------------------
Start ROM, RAM, DSP, Shift Register and Retiming Reporting
---------------------------------------------------------------------------------

Dynamic Shift Register Report:
+------------+-------------------------------------------------+--------+------------+--------+---------+--------+--------+--------+
|Module Name | RTL Name                                        | Length | Data Width | SRL16E | SRLC32E | Mux F7 | Mux F8 | Mux F9 | 
+------------+-------------------------------------------------+--------+------------+--------+---------+--------+--------+--------+
|dsrl        | gen_rtl_shifter.gen_inferred_srl.shift_reg_reg  | 32     | 1          | 0      | 1       | 0      | 0      | 0      | 
|dsrl__1     | gen_rtl_shifter.gen_logic_shifter.shift_reg_reg | 64     | 1          | 0      | 2       | 1      | 0      | 0      | 
|dsrl__2     | gen_rtl_shifter.gen_inferred_srl.shift_reg_reg  | 32     | 1          | 0      | 1       | 0      | 0      | 0      | 
+------------+-------------------------------------------------+--------+------------+--------+---------+--------+--------+--------+

---------------------------------------------------------------------------------
Finished ROM, RAM, DSP, Shift Register and Retiming Reporting
---------------------------------------------------------------------------------
---------------------------------------------------------------------------------
Start Writing Synthesis Report
---------------------------------------------------------------------------------

Report BlackBoxes: 
+-+--------------+----------+
| |BlackBox name |Instances |
+-+--------------+----------+
+-+--------------+----------+

Report Cell Usage: 
+------+--------+------+
|      |Cell    |Count |
+------+--------+------+
|1     |LUT1    |    48|
|2     |LUT2    |    17|
|3     |LUT3    |  1122|
|4     |LUT4    |   407|
|5     |LUT5    |   410|
|6     |LUT6    |   297|
|7     |SRLC32E |     2|
|8     |FDRE    |  2774|
|9     |FDSE    |    15|
+------+--------+------+
---------------------------------------------------------------------------------
Finished Writing Synthesis Report : Time (s): cpu = 00:01:30 ; elapsed = 00:02:51 . Memory (MB): peak = 4288.340 ; gain = 941.004 ; free physical = 325 ; free virtual = 455
---------------------------------------------------------------------------------
Synthesis finished with 0 errors, 0 critical warnings and 30 warnings.
Synthesis Optimization Runtime : Time (s): cpu = 00:01:15 ; elapsed = 00:02:47 . Memory (MB): peak = 4288.340 ; gain = 870.320 ; free physical = 327 ; free virtual = 435
Synthesis Optimization Complete : Time (s): cpu = 00:01:30 ; elapsed = 00:03:04 . Memory (MB): peak = 4288.348 ; gain = 941.004 ; free physical = 326 ; free virtual = 431
INFO: [Project 1-571] Translating synthesized netlist
Netlist sorting complete. Time (s): cpu = 00:00:00.08 ; elapsed = 00:00:00.09 . Memory (MB): peak = 4296.340 ; gain = 0.000 ; free physical = 193 ; free virtual = 394
INFO: [Project 1-570] Preparing netlist for logic optimization
INFO: [Opt 31-138] Pushed 0 inverter(s) to 0 load pin(s).
Netlist sorting complete. Time (s): cpu = 00:00:00.01 ; elapsed = 00:00:00 . Memory (MB): peak = 4356.621 ; gain = 0.000 ; free physical = 325 ; free virtual = 542
INFO: [Project 1-111] Unisim Transformation Summary:
No Unisim elements were transformed.

Synth Design complete | Checksum: ac8539f1
INFO: [Common 17-83] Releasing license: Synthesis
96 Infos, 125 Warnings, 0 Critical Warnings and 0 Errors encountered.
synth_design completed successfully
synth_design: Time (s): cpu = 00:01:54 ; elapsed = 00:04:35 . Memory (MB): peak = 4356.621 ; gain = 2155.723 ; free physical = 328 ; free virtual = 483
INFO: [Common 17-2834] synth_design peak Physical Memory [PSS] (MB): overall = 2286.017; main = 1971.190; forked = 315.005
INFO: [Common 17-2834] synth_design peak Virtual Memory [VSS] (MB): overall = 5337.574; main = 4356.625; forked = 1023.348
INFO: [Common 17-600] The following parameters have non-default value.
general.maxThreads
report_design_analysis: Time (s): cpu = 00:00:00.17 ; elapsed = 00:00:20 . Memory (MB): peak = 4396.641 ; gain = 0.000 ; free physical = 326 ; free virtual = 407
INFO: [Common 17-1381] The checkpoint '/net/myshella/home/grodzki/PyVectors/.dacecache/atax/build/_x/link/vivado/vpl/prj/prj.runs/ulp_xbar_3_synth_1/ulp_xbar_3.dcp' has been generated.
write_checkpoint: Time (s): cpu = 00:00:02 ; elapsed = 00:01:13 . Memory (MB): peak = 4396.641 ; gain = 40.020 ; free physical = 325 ; free virtual = 386
write_verilog: Time (s): cpu = 00:00:00.12 ; elapsed = 00:00:09 . Memory (MB): peak = 4396.641 ; gain = 0.000 ; free physical = 325 ; free virtual = 389
write_vhdl: Time (s): cpu = 00:00:00.13 ; elapsed = 00:00:07 . Memory (MB): peak = 4396.641 ; gain = 0.000 ; free physical = 327 ; free virtual = 381
write_verilog: Time (s): cpu = 00:00:00.78 ; elapsed = 00:00:35 . Memory (MB): peak = 4396.641 ; gain = 0.000 ; free physical = 414 ; free virtual = 872
INFO: [Coretcl 2-1648] Added synthesis output to IP cache for IP ulp_xbar_3, cache-ID = 0d82406cd89a8d7c
INFO: [Coretcl 2-1174] Renamed 24 cell refs.
report_design_analysis: Time (s): cpu = 00:00:00.12 ; elapsed = 00:00:06 . Memory (MB): peak = 4396.641 ; gain = 0.000 ; free physical = 337 ; free virtual = 752
INFO: [Common 17-1381] The checkpoint '/net/myshella/home/grodzki/PyVectors/.dacecache/atax/build/_x/link/vivado/vpl/prj/prj.runs/ulp_xbar_3_synth_1/ulp_xbar_3.dcp' has been generated.
write_checkpoint: Time (s): cpu = 00:00:02 ; elapsed = 00:00:27 . Memory (MB): peak = 4396.641 ; gain = 0.000 ; free physical = 219 ; free virtual = 654
INFO: [runtcl-4] Executing : report_utilization -file ulp_xbar_3_utilization_synth.rpt -pb ulp_xbar_3_utilization_synth.pb
report_utilization: Time (s): cpu = 00:00:00.92 ; elapsed = 00:00:17 . Memory (MB): peak = 4396.641 ; gain = 0.000 ; free physical = 239 ; free virtual = 569
write_verilog: Time (s): cpu = 00:00:00.11 ; elapsed = 00:00:12 . Memory (MB): peak = 4396.641 ; gain = 0.000 ; free physical = 378 ; free virtual = 577
write_verilog: Time (s): cpu = 00:00:00.41 ; elapsed = 00:00:24 . Memory (MB): peak = 4396.641 ; gain = 0.000 ; free physical = 325 ; free virtual = 489
write_vhdl: Time (s): cpu = 00:00:00.8 ; elapsed = 00:00:46 . Memory (MB): peak = 4396.641 ; gain = 0.000 ; free physical = 219 ; free virtual = 373
INFO: [Common 17-206] Exiting Vivado at Wed Nov 20 16:33:01 2024...
