# 
# Steps log generated by v++
# This log file contains a collection of steps that describe the kernel compilation flow
# Note: Some steps are tagged as internal, these steps are for debugging purposes and 
#       are not expected to be able to run independently.
# 

# The following environment variables are set when running v++
Environment variables :
------------------------------------------
SHELL=/bin/bash
QT_ACCESSIBILITY=1
COLORTERM=truecolor
XDG_CONFIG_DIRS=/etc/xdg/xdg-xfce:/etc/xdg
XDG_SESSION_PATH=/org/freedesktop/DisplayManager/Session1
no_proxy=lanl.gov
GTK_IM_MODULE=ibus
RDI_APPROOT=/net/myshella/home/grodzki/PyVectors/.dacecache/kernel/build:/home/rasr/pkgs/vitis_2023.1/Vitis/2023.1
RDI_JAVA_PLATFORM=
LANGUAGE=en_US:en
MAKE_TERMOUT=/dev/pts/1
XIL_SUPPRESS_OVERRIDE_WARNINGS=1
RDI_BINROOT=/home/rasr/pkgs/vitis_2023.1/Vitis/2023.1/bin
XILINX_VIVADO=/home/rasr/pkgs/vitis_2023.1/Vivado/2023.1
SSH_AUTH_SOCK=/tmp/ssh-XXXXXX27PKfS/agent.1999690
RDI_OPT_EXT=.o
RDI_INSTALLVER=2023.1
RDI_INSTALLROOT=/home/rasr/pkgs/vitis_2023.1
XMODIFIERS=@im=ibus
RDI_PATCHROOT=/net/myshella/home/grodzki/PyVectors/.dacecache/kernel/build:
DESKTOP_SESSION=xfce
XILINX_PATH=/net/myshella/home/grodzki/PyVectors/.dacecache/kernel/build
GTK_MODULES=gail:atk-bridge
XIL_NO_OVERRIDE=0
RDI_LIBDIR=/home/rasr/pkgs/vitis_2023.1/Vitis/2023.1/lib/lnx64.o/Ubuntu:/home/rasr/pkgs/vitis_2023.1/Vitis/2023.1/lib/lnx64.o
PWD=/home/grodzki/PyVectors/.dacecache/kernel/build
XDG_SESSION_DESKTOP=xfce
LOGNAME=grodzki
XDG_SESSION_TYPE=x11
_RDI_DONT_SET_XILINX_AS_PATH=True
GPG_AGENT_INFO=/run/user/44578/gnupg/S.gpg-agent:0:1
SYSTEMD_EXEC_PID=2000186
XAUTHORITY=/home/grodzki/.Xauthority
RDI_PREPEND_PATH=/home/rasr/pkgs/vitis_2023.1/Vitis/2023.1/bin
XDG_GREETER_DATA_DIR=/var/lib/lightdm-data/grodzki
XILINX_DSP=
HOME=/home/grodzki
IM_CONFIG_PHASE=1
SYNTH_COMMON=/home/rasr/pkgs/vitis_2023.1/Vitis/2023.1/scripts/rt/data
LANG=en_US.UTF-8
XDG_CURRENT_DESKTOP=XFCE
VTE_VERSION=6800
XILINX_HLS=/home/rasr/pkgs/vitis_2023.1/Vitis_HLS/2023.1
XDG_SEAT_PATH=/org/freedesktop/DisplayManager/Seat0
HDI_PROCESSOR=x86_64
RDI_BUILD=yes
GNOME_TERMINAL_SCREEN=/org/gnome/Terminal/screen/22c0e4f7_9275_4455_bf21_ad03b4698655
https_proxy=http://proxyout.lanl.gov:8080
RDI_PROG=/home/rasr/pkgs/vitis_2023.1/Vitis/2023.1/bin/unwrapped/lnx64.o/v++
RDI_SESSION_INFO=/home/grodzki/PyVectors/.dacecache/kernel/build:kullervo_1732129334_1873628
RT_TCL_PATH=/home/rasr/pkgs/vitis_2023.1/Vitis/2023.1/scripts/rt/base_tcl/tcl
CLUTTER_IM_MODULE=ibus
MFLAGS=-s
XILINX_SDK=/home/rasr/pkgs/vitis_2023.1/Vitis/2023.1
RDI_SHARED_DATA=/home/rasr/pkgs/vitis_2023.1/SharedData/2023.1/data
MAKEFLAGS=s
XDG_SESSION_CLASS=user
TERM=xterm-256color
XAUTHLOCALHOSTNAME=
USER=grodzki
MAKE_TERMERR=/dev/pts/1
XILINX_PLANAHEAD=/home/rasr/pkgs/vitis_2023.1/Vitis/2023.1
GNOME_TERMINAL_SERVICE=:1.82
RDI_BASEROOT=/home/rasr/pkgs/vitis_2023.1/Vitis
RDI_TPS_ROOT=/home/rasr/pkgs/vitis_2023.1/Vivado/2023.1/tps/lnx64
RDI_JAVA_VERSION=17.0.3_7
RDI_DATADIR=/home/rasr/pkgs/vitis_2023.1/SharedData/2023.1/data:/home/rasr/pkgs/vitis_2023.1/Vitis/2023.1/data
DISPLAY=:1
SHLVL=3
MAKELEVEL=4
QT_IM_MODULE=ibus
XILINX_VIVADO_HLS=/home/rasr/pkgs/vitis_2023.1/Vivado/2023.1
XIL_CHECK_TCL_DEBUG=False
http_proxy=http://proxyout.lanl.gov:8080
LM_LICENSE_FILE=2110@tattooyou.lanl.gov:2110@tattooyou.lanl.gov
LD_LIBRARY_PATH=/home/rasr/pkgs/vitis_2023.1/Vitis/2023.1/tps/lnx64/java-cef-95.0.4638.69/bin/lib/linux64:/home/rasr/pkgs/vitis_2023.1/Vitis/2023.1/lib/lnx64.o/Ubuntu:/home/rasr/pkgs/vitis_2023.1/Vitis/2023.1/lib/lnx64.o:/home/rasr/pkgs/vitis_2023.1/Vitis/2023.1/tps/lnx64/jre17.0.3_7/lib/:/home/rasr/pkgs/vitis_2023.1/Vitis/2023.1/tps/lnx64/jre17.0.3_7/lib//server:/home/rasr/pkgs/vitis_2023.1/Vitis/2023.1/lib/lnx64.o/Ubuntu:/home/rasr/pkgs/vitis_2023.1/Vitis/2023.1/lib/lnx64.o:/home/rasr/pkgs/vitis_2023.1/Vitis/2023.1/bin/../lnx64/tools/dot/lib
HDIPRELDPATH=/home/rasr/pkgs/vitis_2023.1/Vitis/2023.1/lib/lnx64.o/Ubuntu:/home/rasr/pkgs/vitis_2023.1/Vitis/2023.1/lib/lnx64.o:/home/rasr/pkgs/vitis_2023.1/Vitis/2023.1/bin/../lnx64/tools/dot/lib
XDG_RUNTIME_DIR=/run/user/44578
TCMALLOC_LARGE_ALLOC_REPORT_THRESHOLD=4294967296
TCL_LIBRARY=/home/rasr/pkgs/vitis_2023.1/Vitis/2023.1/tps/tcl/tcl8.5
LC_ALL=en_US.UTF-8
XDG_DATA_DIRS=/usr/share/xfce4:/usr/share/xfce:/usr/share/gnome:/usr/local/share:/usr/share:/var/lib/snapd/desktop
PATH=/home/rasr/pkgs/vitis_2023.1/Vivado/2023.1/tps/lnx64/binutils-2.26/bin:/home/rasr/pkgs/vitis_2023.1/Vitis/2023.1/bin/../gnu/aarch64/lin/aarch64-linux/bin:/home/rasr/pkgs/vitis_2023.1/Vitis/2023.1/bin/../gnu/ppc64le/4.9.3/lnx64/bin:/home/rasr/pkgs/vitis_2023.1/Vitis/2023.1/bin/../gnu/aarch32/lin/gcc-arm-linux-gnueabi/bin:/home/rasr/pkgs/vitis_2023.1/Vivado/2023.1/tps/lnx64/gcc-8.3.0/bin:/home/rasr/pkgs/vitis_2023.1/Vivado/2023.1/gnu/microblaze/lin/bin:/home/rasr/pkgs/vitis_2023.1/Vitis/2023.1/bin:/home/rasr/pkgs/vitis_2023.1/Vitis/2023.1/tps/lnx64/jre17.0.3_7/bin:/home/rasr/pkgs/vitis_2023.1/Vivado/2023.1/bin:/home/rasr/pkgs/vitis_2023.1/Vitis_HLS/2023.1/bin:/home/rasr/pkgs/vitis_2023.1/Model_Composer/2023.1/bin:/home/rasr/pkgs/vitis_2023.1/Vitis/2023.1/gnu/microblaze/lin/bin:/home/rasr/pkgs/vitis_2023.1/Vitis/2023.1/gnu/arm/lin/bin:/home/rasr/pkgs/vitis_2023.1/Vitis/2023.1/gnu/microblaze/linux_toolchain/lin64_le/bin:/home/rasr/pkgs/vitis_2023.1/Vitis/2023.1/gnu/aarch32/lin/gcc-arm-linux-gnueabi/bin:/home/rasr/pkgs/vitis_2023.1/Vitis/2023.1/gnu/aarch32/lin/gcc-arm-none-eabi/bin:/home/rasr/pkgs/vitis_2023.1/Vitis/2023.1/gnu/aarch64/lin/aarch64-linux/bin:/home/rasr/pkgs/vitis_2023.1/Vitis/2023.1/gnu/aarch64/lin/aarch64-none/bin:/home/rasr/pkgs/vitis_2023.1/Vitis/2023.1/gnu/armr5/lin/gcc-arm-none-eabi/bin:/home/rasr/pkgs/vitis_2023.1/Vitis/2023.1/tps/lnx64/cmake-3.3.2/bin:/home/rasr/pkgs/vitis_2023.1/Vitis/2023.1/aietools/bin:/home/rasr/pkgs/vitis_2023.1/DocNav:/usr/bin/:PATH
RT_LIBPATH=/home/rasr/pkgs/vitis_2023.1/Vitis/2023.1/scripts/rt/data
GDMSESSION=xfce
HDI_APPROOT=/home/rasr/pkgs/vitis_2023.1/Vitis/2023.1
DBUS_SESSION_BUS_ADDRESS=unix:path=/run/user/44578/bus
RDI_PLATFORM=lnx64
MYVIVADO=
ISL_IOSTREAMS_RSA=/home/rasr/pkgs/vitis_2023.1/Vitis/2023.1/tps/isl
XILINX_VITIS=/home/rasr/pkgs/vitis_2023.1/Vitis/2023.1
OLDPWD=/home/rasr/pkgs/vitis_2023.1/Vitis/2023.1/bin
_=/home/rasr/pkgs/vitis_2023.1/Vitis/2023.1/bin/unwrapped/lnx64.o/v++
XILINX_CD_CONNECT_ID=33231
XILINX_CD_SESSION=eabd1c81-0720-490b-bc6a-f9247df89470


V++ command line:
------------------------------------------
/home/rasr/pkgs/vitis_2023.1/Vitis/2023.1/bin/unwrapped/lnx64.o/v++ --link --target sw_emu --platform xilinx_u250_gen3x16_xdma_4_1_202210_1 --config /net/myshella/home/grodzki/PyVectors/.dacecache/kernel/src/xilinx/device/link.cfg -O3 /net/myshella/home/grodzki/PyVectors/.dacecache/kernel/build/kernel_0_0_sw_emu.xo --output /net/myshella/home/grodzki/PyVectors/.dacecache/kernel/build/kernel_sw_emu.xclbin 

FINAL PROGRAM OPTIONS
--config /net/myshella/home/grodzki/PyVectors/.dacecache/kernel/src/xilinx/device/link.cfg
--connectivity.slr kernel_0_0_1:SLR0
--input_files /net/myshella/home/grodzki/PyVectors/.dacecache/kernel/build/kernel_0_0_sw_emu.xo
--link
--optimize 3
--output /net/myshella/home/grodzki/PyVectors/.dacecache/kernel/build/kernel_sw_emu.xclbin
--platform xilinx_u250_gen3x16_xdma_4_1_202210_1
--report_level 0
--target sw_emu

PARSED COMMAND LINE OPTIONS
--link 
--target sw_emu 
--platform xilinx_u250_gen3x16_xdma_4_1_202210_1 
--config /net/myshella/home/grodzki/PyVectors/.dacecache/kernel/src/xilinx/device/link.cfg 
-O3 
/net/myshella/home/grodzki/PyVectors/.dacecache/kernel/build/kernel_0_0_sw_emu.xo 
--output /net/myshella/home/grodzki/PyVectors/.dacecache/kernel/build/kernel_sw_emu.xclbin 

PARSED CONFIG FILE (1) OPTIONS
file: /net/myshella/home/grodzki/PyVectors/.dacecache/kernel/src/xilinx/device/link.cfg
connectivity.slr kernel_0_0_1:SLR0 

EXPANDED PARAMETERS
From application of optMap.xml: 
 --vivado.prop "run.__KERNEL__.{STEPS.SYNTH_DESIGN.ARGS.MORE OPTIONS}={-directive sdx_optimization_effort_high}" --vivado.prop "run.impl_1.{STEPS.PLACE_DESIGN.ARGS.MORE OPTIONS}={-retiming}" --vivado.prop run.impl_1.STEPS.PHYS_OPT_DESIGN.IS_ENABLED=true --vivado.prop run.impl_1.STEPS.POST_ROUTE_PHYS_OPT_DESIGN.IS_ENABLED=true --advanced.misc "report=type report_timing_summary name impl_report_timing_summary_route_design_summary steps {route_design} runs {impl_1} options {-max_paths 10}" --advanced.misc "report=type report_timing_summary name impl_report_timing_summary_post_route_phys_opt_design_summary steps {post_route_phys_opt_design} runs {impl_1} options {-max_paths 10}"


FINAL PLATFORM PATH
/home/rasr/pkgs/vitis_2023.1/Vitis/2023.1/platforms/xilinx_u250_gen3x16_xdma_4_1_202210_1/xilinx_u250_gen3x16_xdma_4_1_202210_1.xpfm

==========================================
new:  steps log generated by v++ for new launch 
timestamp: 20 Nov 2024 12:02:30
------------------------------------------
V++ internal step: generating xclbin xml file
timestamp: 20 Nov 2024 12:02:31
output: /net/myshella/home/grodzki/PyVectors/.dacecache/kernel/build/_x/link/int/kernel_sw_emu.xml
------------------------------------------
V++ internal step: running regiongen
timestamp: 20 Nov 2024 12:02:31
launch dir: /net/myshella/home/grodzki/PyVectors/.dacecache/kernel/build/_x/link/int
cmd: /home/rasr/pkgs/vitis_2023.1/Vitis/2023.1/bin/../runtime/bin/regiongen_new -v -m /net/myshella/home/grodzki/PyVectors/.dacecache/kernel/build/_x/link/int/kernel_sw_emu.xml -r /net/myshella/home/grodzki/PyVectors/.dacecache/kernel/build/_x/link/int/kernel_sw_emu.rtd -t alg -o xcl_top
V++ internal step status: success
------------------------------------------
V++ internal step: running gcc to generate obj files for kernel source
timestamp: 20 Nov 2024 12:02:32
launch dir: /net/myshella/home/grodzki/PyVectors/.dacecache/kernel/build/_x/link/int/kernel_0_0
cmd: /home/rasr/pkgs/vitis_2023.1/Vivado/2023.1/tps/lnx64/gcc-8.3.0/bin/gcc -I . -I /home/rasr/pkgs/vitis_2023.1/Vitis_HLS/2023.1/bin/../include -I /home/rasr/pkgs/vitis_2023.1/Vitis_HLS/2023.1/bin/../lnx64/tools/auto_cc/include -I /home/rasr/pkgs/vitis_2023.1/Vitis_HLS/2023.1/bin/../common/technology/autopilot/opencl -I /home/rasr/pkgs/vitis_2023.1/Vitis/2023.1/bin/../common/technology/autopilot/opencl -I /home/rasr/pkgs/vitis_2023.1/Vitis/2023.1/bin/../data/emulation/include -I /usr/include/x86_64-linux-gnu -std=c++14 -std=c++14 -DDACE_SYNTHESIS -DDACE_XILINX -DDACE_XILINX_DEVICE_CODE -DHLSLIB_SYNTHESIS -DHLSLIB_XILINX -DVITIS_MAJOR_VERSION=2023 -DVITIS_MINOR_VERSION=1 -DVITIS_VERSION=2023.1 -D__VITIS_HLS__ -I/home/grodzki/.local/lib/python3.10/site-packages/dace/codegen/../external/hlslib/include -I/home/grodzki/.local/lib/python3.10/site-packages/dace/codegen/../runtime/include -fPIC -g -c -DHLS_STREAM_THREAD_SAFE -MD -MT obj/kernel_0_0.o -MP -MF obj/kernel_0_0.Cd /net/myshella/home/grodzki/PyVectors/.dacecache/kernel/build/_x/link/int/xo/kernel_0_0/kernel_0_0/cpu_sources/kernel_0_0.cpp -o obj/kernel_0_0.o
V++ internal step status: success
------------------------------------------
V++ internal step: running ar to generate .csim_cu.a
timestamp: 20 Nov 2024 12:02:36
launch dir: /net/myshella/home/grodzki/PyVectors/.dacecache/kernel/build/_x/link/int/kernel_0_0
cmd: /home/rasr/pkgs/vitis_2023.1/Vivado/2023.1/tps/lnx64/binutils-2.26/bin/ar -cr /net/myshella/home/grodzki/PyVectors/.dacecache/kernel/build/_x/link/int/kernel_0_0/kernel_0_0.csim_cu.a /net/myshella/home/grodzki/PyVectors/.dacecache/kernel/build/_x/link/int/kernel_0_0/obj/kernel_0_0.o
V++ internal step status: success
------------------------------------------
V++ internal step: compiling xcl_top.cpp to obj/xcl_top.o
timestamp: 20 Nov 2024 12:02:36
launch dir: /net/myshella/home/grodzki/PyVectors/.dacecache/kernel/build/_x/link/int
cmd: /home/rasr/pkgs/vitis_2023.1/Vivado/2023.1/tps/lnx64/gcc-8.3.0/bin/g++ -I . -I /home/rasr/pkgs/vitis_2023.1/Vitis_HLS/2023.1/bin/../include -I /home/rasr/pkgs/vitis_2023.1/Vitis_HLS/2023.1/bin/../common/technology/autopilot/opencl -I /home/rasr/pkgs/vitis_2023.1/Vitis/2023.1/bin/../common/technology/autopilot/opencl -I /home/rasr/pkgs/vitis_2023.1/Vitis/2023.1/bin/../data/emulation/include -I /home/rasr/pkgs/vitis_2023.1/Vitis_HLS/2023.1/bin/../lnx64/tools/auto_cc/include -fPIC -g -DHLS_STREAM_THREAD_SAFE -std=c++14 -fpermissive -c -MD -MT obj/xcl_top.o -MP -MF obj/xcl_top.CXXd xcl_top.cpp -o obj/xcl_top.o
V++ internal step status: success
------------------------------------------
V++ internal step: running g++ to generate .so
timestamp: 20 Nov 2024 12:02:38
launch dir: /net/myshella/home/grodzki/PyVectors/.dacecache/kernel/build/_x/link/int
cmd: /home/rasr/pkgs/vitis_2023.1/Vivado/2023.1/tps/lnx64/gcc-8.3.0/bin/g++ -fPIC -DHLS_STREAM_THREAD_SAFE -std=c++14 -Wall -shared -Wl,--whole-archive,-soname,kernel_sw_emu.so -o kernel_sw_emu.so kernel_0_0/kernel_0_0.csim_cu.a obj/xcl_top.o -Wl,--no-whole-archive -Wl,--as-needed -L /home/rasr/pkgs/vitis_2023.1/Vitis_HLS/2023.1/bin/../lib/lnx64.o -lhlsmathsim -L /home/rasr/pkgs/vitis_2023.1/Vitis_HLS/2023.1/bin/../lnx64/tools/fpo_v7_1 -lgmp -lmpfr -lIp_floating_point_v7_1_bitacc_cmodel -Wl,-rpath,/home/rasr/pkgs/vitis_2023.1/Vitis_HLS/2023.1/bin/../lnx64/tools/fpo_v7_1 -L /home/rasr/pkgs/vitis_2023.1/Vitis_HLS/2023.1/bin/../lnx64/tools/fft_v9_1 -lIp_xfft_v9_1_bitacc_cmodel -L /home/rasr/pkgs/vitis_2023.1/Vitis_HLS/2023.1/bin/../lnx64/tools/fir_v7_0 -lgmp -lIp_fir_compiler_v7_2_bitacc_cmodel -L /home/rasr/pkgs/vitis_2023.1/Vitis_HLS/2023.1/bin/../lnx64/lib/csim -lhlsmc++-GCC46 -L /home/rasr/pkgs/vitis_2023.1/Vivado/2023.1/tps/lnx64/gcc-8.3.0/bin/../lib/gcc/x86_64-pc-linux-gnu/6.2.0/ -lgcov
V++ internal step status: success
------------------------------------------
V++ internal step: running xclbinutil to generate xclbin
timestamp: 20 Nov 2024 12:02:39
launch dir: /net/myshella/home/grodzki/PyVectors/.dacecache/kernel/build/_x/link/int
cmd: /home/rasr/pkgs/vitis_2023.1/Vitis/2023.1/bin/xclbinutil --add-section BITSTREAM:RAW:/net/myshella/home/grodzki/PyVectors/.dacecache/kernel/build/_x/link/int/kernel_sw_emu.so --force --target sw_emu --add-section :JSON:/net/myshella/home/grodzki/PyVectors/.dacecache/kernel/build/_x/link/int/kernel_sw_emu.rtd --append-section :JSON:/net/myshella/home/grodzki/PyVectors/.dacecache/kernel/build/_x/link/int/appendSection.rtd --add-section CLOCK_FREQ_TOPOLOGY:JSON:/net/myshella/home/grodzki/PyVectors/.dacecache/kernel/build/_x/link/int/kernel_sw_emu_xml.rtd --add-section BUILD_METADATA:JSON:/net/myshella/home/grodzki/PyVectors/.dacecache/kernel/build/_x/link/int/kernel_sw_emu_build.rtd --add-section EMBEDDED_METADATA:RAW:/net/myshella/home/grodzki/PyVectors/.dacecache/kernel/build/_x/link/int/kernel_sw_emu.xml --add-section SYSTEM_METADATA:RAW:/net/myshella/home/grodzki/PyVectors/.dacecache/kernel/build/_x/link/int/systemDiagramModel.json --output /net/myshella/home/grodzki/PyVectors/.dacecache/kernel/build/kernel_sw_emu.xclbin
V++ internal step status: success
------------------------------------------
V++ internal step: running xclbinutil to generate xclbin info
timestamp: 20 Nov 2024 12:02:41
launch dir: /net/myshella/home/grodzki/PyVectors/.dacecache/kernel/build/_x/link/int
cmd: /home/rasr/pkgs/vitis_2023.1/Vitis/2023.1/bin/xclbinutil --quiet --info --input /net/myshella/home/grodzki/PyVectors/.dacecache/kernel/build/kernel_sw_emu.xclbin
V++ internal step status: success
------------------------------------------
sw emulation completed
timestamp: 20 Nov 2024 12:02:42
------------------------------------------
V++ internal step: generating system estimate report file
timestamp: 20 Nov 2024 12:02:42
output: /net/myshella/home/grodzki/PyVectors/.dacecache/kernel/build/_x/reports/link/system_estimate_kernel_sw_emu.xtxt
V++ internal step status: success
------------------------------------------
system estimate report task completed
timestamp: 20 Nov 2024 12:02:42
