#
# A fatal error has been detected by the Java Runtime Environment:
#
#  SIGSEGV (0xb) at pc=0x0000726c48692160, pid=336200, tid=336367
#
# JRE version: OpenJDK Runtime Environment Temurin-11.0.16.1+1 (11.0.16.1+1) (build 11.0.16.1+1)
# Java VM: OpenJDK 64-Bit Server VM Temurin-11.0.16.1+1 (11.0.16.1+1, mixed mode, tiered, compressed oops, g1 gc, linux-amd64)
# Problematic frame:
# C  [libstdc++.so.6+0x92160]  std::_Hash_bytes(void const*, unsigned long, unsigned long)+0x30
#
# Core dump will be written. Default location: Core dumps may be processed with "/usr/share/apport/apport -p%p -s%s -c%c -d%d -P%P -u%u -g%g -- %E" (or dumping to /net/myshella/home/grodzki/PyVectors/.dacecache/stencil_kernel/build/core.336200)
#
# If you would like to submit a bug report, please visit:
#   https://github.com/adoptium/adoptium-support/issues
# The crash happened outside the Java Virtual Machine in native code.
# See problematic frame for where to report the bug.
#

---------------  S U M M A R Y ------------

Command Line: -Xms512m -Xmx4096m -XX:+HeapDumpOnOutOfMemoryError --add-modules=ALL-SYSTEM /home/rasr/pkgs/vitis_2023.1/Vitis_HLS/2023.1/lnx64/tools/eclipse/plugins/org.eclipse.equinox.launcher_1.5.700.v20200207-2156.jar -showlocation -vm /home/rasr/pkgs/vitis_2023.1/Vitis_HLS/2023.1/tps/lnx64/jre11.0.16_1/bin/java -clean -configuration /home/grodzki/.Xilinx/vitis_hls/2023.1/workspace9 -data /home/grodzki/.Xilinx/vitis_hls/2023.1/workspace9 -perspective com.autoesl.autopilot.ui.platform.perspective -application com.autoesl.autopilot.ui.platform.application -showsplash /home/rasr/pkgs/vitis_2023.1/Vitis_HLS/2023.1/common/icons/splash_dark.bmp

Host: Intel(R) Xeon(R) Gold 5118 CPU @ 2.30GHz, 24 cores, 15G, Ubuntu 22.04.4 LTS
Time: Mon Nov 18 16:14:45 2024 MST elapsed time: 25.040168 seconds (0d 0h 0m 25s)

---------------  T H R E A D  ---------------

Current thread (0x0000726da8d9a000):  JavaThread "Worker-1: Initialize the SWIG data" [_thread_in_native, id=336367, stack(0x0000726cafd00000,0x0000726cafe00000)]

Stack: [0x0000726cafd00000,0x0000726cafe00000],  sp=0x0000726cafdfc318,  free space=1008k
Native frames: (J=compiled Java code, A=aot compiled Java code, j=interpreted, Vv=VM code, C=native code)
C  [libstdc++.so.6+0x92160]  std::_Hash_bytes(void const*, unsigned long, unsigned long)+0x30
C  [libxv_board.so+0x14351f]  HBOBoardParser::parsePinFile(std::__cxx11::basic_string<char, std::char_traits<char>, std::allocator<char> > const&, std::map<std::__cxx11::basic_string<char, std::char_traits<char>, std::allocator<char> >, HBOPinProps*, std::less<std::__cxx11::basic_string<char, std::char_traits<char>, std::allocator<char> > >, std::allocator<std::pair<std::__cxx11::basic_string<char, std::char_traits<char>, std::allocator<char> > const, HBOPinProps*> > >&, std::vector<boost::variant<HBOBoardComponent::DciCascadeConstr, HBOBoardComponent::InternalVrefConstr>, std::allocator<boost::variant<HBOBoardComponent::DciCascadeConstr, HBOBoardComponent::InternalVrefConstr> > >&)+0x30f