Wed Nov  6 12:44:06 2024: Running xcd server. This server was built by gradle.
Wed Nov  6 12:44:06 2024: Server was asked to start on port: '35843'
Wed Nov  6 12:44:06 2024: Server is using token UUID: '16b412c6-b832-4931-8610-9cda5403f24d'
Wed Nov  6 12:44:06 2024: SESSION_MGR: creating session with session uuid: '6d04a3e9-ade5-4ab9-8d63-1f78fcd2ec76' and name 'default'
Wed Nov  6 12:44:06 2024: Attempting to start server on port '35843'
Wed Nov  6 12:44:06 2024: XCD main fifo: created main fifo '/tmp/xcdmain16b412c6-b832-4931-8610-9cda5403f24d', fd read = 12
Wed Nov  6 12:44:06 2024: Running Dispatch Server
Wed Nov  6 12:44:06 2024: Version 2.2.0
Wed Nov  6 12:44:15 2024: Dispatch Server: Accepted socket connection from client
Wed Nov  6 12:44:15 2024: Starting Socket connection
Wed Nov  6 12:44:15 2024: EXCHANGE_TOKEN received, server token: 16b412c6-b832-4931-8610-9cda5403f24d, passed token: 16b412c6-b832-4931-8610-9cda5403f24d
Wed Nov  6 12:44:15 2024: DISPATCH_HANDLER: Adding handler from function makeHandler in library libxv_system_diagram
Wed Nov  6 12:44:15 2024: SESSION_MGR: creating session with session uuid: 'bfafe068-a9d9-4660-acc3-c94221029f17' and name 'v++_compile_kernel_0_0_hw'
Wed Nov  6 12:44:15 2024: KERNEL_SVC: creating session with uuid: 'bfafe068-a9d9-4660-acc3-c94221029f17' and name 'v++_compile_kernel_0_0_hw'
Wed Nov  6 12:44:15 2024: GUIDANCE_SMGR: creating guidance session with uuid: 'bfafe068-a9d9-4660-acc3-c94221029f17' and name 'v++_compile_kernel_0_0_hw'
Wed Nov  6 12:44:15 2024: SYSTEM_DIAGRAM: creating session with uuid: 'bfafe068-a9d9-4660-acc3-c94221029f17' and name 'v++_compile_kernel_0_0_hw'
Wed Nov  6 12:44:15 2024: SESSION_MGR: closing session for UUID 'bfafe068-a9d9-4660-acc3-c94221029f17' with name 'v++_compile_kernel_0_0_hw'
Wed Nov  6 12:44:15 2024: KERNEL_SVC: closing session for UUID 'bfafe068-a9d9-4660-acc3-c94221029f17' with name 'v++_compile_kernel_0_0_hw'
Wed Nov  6 12:44:15 2024: GUIDANCE_SMGR: closing session for UUID 'bfafe068-a9d9-4660-acc3-c94221029f17' with name 'v++_compile_kernel_0_0_hw'
Wed Nov  6 12:44:16 2024: SYSTEM_DIAGRAM: closing session for UUID 'bfafe068-a9d9-4660-acc3-c94221029f17' with name 'v++_compile_kernel_0_0_hw'
Wed Nov  6 12:44:16 2024: STOP_SERVER received, server token: 16b412c6-b832-4931-8610-9cda5403f24d, passed token: 16b412c6-b832-4931-8610-9cda5403f24d
Wed Nov  6 12:44:16 2024: Socket received request to stop server.
Wed Nov  6 12:44:16 2024: Dispatch Server: do_await_stop
Wed Nov  6 12:44:16 2024: Dispatch Server: stopping mainFifo_
Wed Nov  6 12:44:16 2024: XCD main fifo: Stopping
Wed Nov  6 12:44:16 2024: XCD main fifo: do_read error code: Operation canceled
Wed Nov  6 12:44:16 2024: XCD main fifo: bytes_transferred: 0
Wed Nov  6 12:44:16 2024: SERVER: destructor for server bound to port 35843
Wed Nov  6 12:44:16 2024: XCD main fifo: Good unlink of /tmp/xcdmain16b412c6-b832-4931-8610-9cda5403f24d
Wed Nov  6 12:44:16 2024: Server exiting with status 0.
Wed Nov  6 12:44:16 2024: Closing log file.
