remark: /home/grodzki/.local/lib/python3.10/site-packages/dace/codegen/../external/hlslib/include/hlslib/xilinx/Stream.h:497:36: Inlining function 'hlslib::Stream<double, 0ul, (hlslib::Storage)0>::Stream(char const*, unsigned long, hlslib::Storage)' into 'hlslib::Stream<double, 32ul, (hlslib::Storage)0>::Stream(char const*)'
remark: /home/grodzki/.local/lib/python3.10/site-packages/dace/codegen/../external/hlslib/include/hlslib/xilinx/Stream.h:493:14: Inlining function 'hlslib::Stream<double, 32ul, (hlslib::Storage)0>::Stream(char const*)' into 'hlslib::Stream<double, 32ul, (hlslib::Storage)0>::Stream()'
remark: /home/grodzki/.local/lib/python3.10/site-packages/dace/codegen/../runtime/include/dace/xilinx/stream.h:17:12: Inlining function 'hlslib::Stream<double, 32ul, (hlslib::Storage)0>::Stream()' into 'dace::FIFO<double, 1u, 32u>::FIFO()'
remark: /home/grodzki/.local/lib/python3.10/site-packages/dace/codegen/../external/hlslib/include/hlslib/xilinx/Stream.h:497:36: Inlining function 'hlslib::Stream<double, 0ul, (hlslib::Storage)0>::Stream(char const*, unsigned long, hlslib::Storage)' into 'hlslib::Stream<double, 1ul, (hlslib::Storage)0>::Stream(char const*)'
remark: /home/grodzki/.local/lib/python3.10/site-packages/dace/codegen/../external/hlslib/include/hlslib/xilinx/Stream.h:493:14: Inlining function 'hlslib::Stream<double, 1ul, (hlslib::Storage)0>::Stream(char const*)' into 'hlslib::Stream<double, 1ul, (hlslib::Storage)0>::Stream()'
remark: /home/grodzki/.local/lib/python3.10/site-packages/dace/codegen/../runtime/include/dace/xilinx/stream.h:17:12: Inlining function 'hlslib::Stream<double, 1ul, (hlslib::Storage)0>::Stream()' into 'dace::FIFO<double, 1u, 1u>::FIFO()'
remark: /home/grodzki/.local/lib/python3.10/site-packages/dace/codegen/../external/hlslib/include/hlslib/xilinx/Stream.h:497:36: Inlining function 'hlslib::Stream<double, 0ul, (hlslib::Storage)0>::Stream(char const*, unsigned long, hlslib::Storage)' into 'hlslib::Stream<double, 70ul, (hlslib::Storage)0>::Stream(char const*)'
remark: /home/grodzki/.local/lib/python3.10/site-packages/dace/codegen/../external/hlslib/include/hlslib/xilinx/Stream.h:493:14: Inlining function 'hlslib::Stream<double, 70ul, (hlslib::Storage)0>::Stream(char const*)' into 'hlslib::Stream<double, 70ul, (hlslib::Storage)0>::Stream()'
remark: /home/grodzki/.local/lib/python3.10/site-packages/dace/codegen/../runtime/include/dace/xilinx/stream.h:17:12: Inlining function 'hlslib::Stream<double, 70ul, (hlslib::Storage)0>::Stream()' into 'dace::FIFO<double, 1u, 70u>::FIFO()'
remark: /home/grodzki/.local/lib/python3.10/site-packages/dace/codegen/../external/hlslib/include/hlslib/xilinx/Stream.h:277:2: Inlining function 'hlslib::Stream<double, 0ul, (hlslib::Storage)0>::WriteBlocking(double const&, unsigned long)' into 'hlslib::Stream<double, 0ul, (hlslib::Storage)0>::WriteBlocking(double const&)'
remark: /home/grodzki/.local/lib/python3.10/site-packages/dace/codegen/../runtime/include/dace/xilinx/stream.h:49:10: Inlining function 'hlslib::Stream<double, 0ul, (hlslib::Storage)0>::WriteBlocking(double const&)' into 'void dace::FIFO<double, 1u, 32u>::push_blocking<double&>(double&)'
remark: /home/grodzki/.local/lib/python3.10/site-packages/dace/codegen/../runtime/include/dace/xilinx/stream.h:55:2: Inlining function 'void dace::FIFO<double, 1u, 32u>::push_blocking<double&>(double&)' into 'void dace::FIFO<double, 1u, 32u>::push<double&>(double&)'
remark: /net/myshella/home/grodzki/PyVectors/.dacecache/kernel/src/xilinx/device/kernel_0_0.cpp:50:47: Inlining function 'void dace::FIFO<double, 1u, 32u>::push<double&>(double&)' into 'module__Mult__7_0(dace::FIFO<double, 1u, 32u>*, double*, double, double*)'
remark: /home/grodzki/.local/lib/python3.10/site-packages/dace/codegen/../runtime/include/dace/xilinx/stream.h:49:10: Inlining function 'hlslib::Stream<double, 0ul, (hlslib::Storage)0>::WriteBlocking(double const&)' into 'void dace::FIFO<double, 1u, 1u>::push_blocking<double&>(double&)'
remark: /home/grodzki/.local/lib/python3.10/site-packages/dace/codegen/../runtime/include/dace/xilinx/stream.h:55:2: Inlining function 'void dace::FIFO<double, 1u, 1u>::push_blocking<double&>(double&)' into 'void dace::FIFO<double, 1u, 1u>::push<double&>(double&)'
remark: /net/myshella/home/grodzki/PyVectors/.dacecache/kernel/src/xilinx/device/kernel_0_0.cpp:90:39: Inlining function 'void dace::FIFO<double, 1u, 1u>::push<double&>(double&)' into 'module_init_dummy_B_25_read_B_27_0(dace::FIFO<double, 1u, 1u>*, double*)'
remark: /home/grodzki/.local/lib/python3.10/site-packages/dace/codegen/../runtime/include/dace/xilinx/stream.h:33:17: Inlining function 'hlslib::Stream<double, 0ul, (hlslib::Storage)0>::ReadBlocking()' into 'dace::FIFO<double, 1u, 32u>::pop_blocking()'
remark: /home/grodzki/.local/lib/python3.10/site-packages/dace/codegen/../runtime/include/dace/xilinx/stream.h:38:9: Inlining function 'dace::FIFO<double, 1u, 32u>::pop_blocking()' into 'dace::FIFO<double, 1u, 32u>::pop()'
remark: /home/grodzki/.local/lib/python3.10/site-packages/dace/codegen/../runtime/include/dace/xilinx/stream.h:33:17: Inlining function 'hlslib::Stream<double, 0ul, (hlslib::Storage)0>::ReadBlocking()' into 'dace::FIFO<double, 1u, 1u>::pop_blocking()'
remark: /home/grodzki/.local/lib/python3.10/site-packages/dace/codegen/../runtime/include/dace/xilinx/stream.h:38:9: Inlining function 'dace::FIFO<double, 1u, 1u>::pop_blocking()' into 'dace::FIFO<double, 1u, 1u>::pop()'
remark: /home/grodzki/.local/lib/python3.10/site-packages/dace/codegen/../runtime/include/dace/xilinx/stream.h:33:17: Inlining function 'hlslib::Stream<double, 0ul, (hlslib::Storage)0>::ReadBlocking()' into 'dace::FIFO<double, 1u, 70u>::pop_blocking()'
remark: /home/grodzki/.local/lib/python3.10/site-packages/dace/codegen/../runtime/include/dace/xilinx/stream.h:38:9: Inlining function 'dace::FIFO<double, 1u, 70u>::pop_blocking()' into 'dace::FIFO<double, 1u, 70u>::pop()'
remark: /home/grodzki/.local/lib/python3.10/site-packages/dace/codegen/../runtime/include/dace/xilinx/stream.h:49:10: Inlining function 'hlslib::Stream<double, 0ul, (hlslib::Storage)0>::WriteBlocking(double const&)' into 'void dace::FIFO<double, 1u, 70u>::push_blocking<double&>(double&)'
remark: /home/grodzki/.local/lib/python3.10/site-packages/dace/codegen/../runtime/include/dace/xilinx/stream.h:55:2: Inlining function 'void dace::FIFO<double, 1u, 70u>::push_blocking<double&>(double&)' into 'void dace::FIFO<double, 1u, 70u>::push<double>(double&&)'
remark: /net/myshella/home/grodzki/PyVectors/.dacecache/kernel/src/xilinx/device/kernel_0_0.cpp:135:69: Inlining function 'dace::FIFO<double, 1u, 32u>::pop()' into 'module_compute_and_drain_44_buffer_b_43_buffer_a_41_C_data_init_40_0(dace::FIFO<double, 1u, 32u>*, dace::FIFO<double, 1u, 1u>*, dace::FIFO<double, 1u, 70u>*, int)'
remark: /net/myshella/home/grodzki/PyVectors/.dacecache/kernel/src/xilinx/device/kernel_0_0.cpp:170:165: Inlining function 'void dace::FIFO<double, 1u, 70u>::push<double>(double&&)' into 'module_compute_and_drain_44_buffer_b_43_buffer_a_41_C_data_init_40_0(dace::FIFO<double, 1u, 32u>*, dace::FIFO<double, 1u, 1u>*, dace::FIFO<double, 1u, 70u>*, int)'
remark: /net/myshella/home/grodzki/PyVectors/.dacecache/kernel/src/xilinx/device/kernel_0_0.cpp:146:69: Inlining function 'dace::FIFO<double, 1u, 1u>::pop()' into 'module_compute_and_drain_44_buffer_b_43_buffer_a_41_C_data_init_40_0(dace::FIFO<double, 1u, 32u>*, dace::FIFO<double, 1u, 1u>*, dace::FIFO<double, 1u, 70u>*, int)'
remark: /net/myshella/home/grodzki/PyVectors/.dacecache/kernel/src/xilinx/device/kernel_0_0.cpp:170:253: Inlining function 'dace::FIFO<double, 1u, 70u>::pop()' into 'module_compute_and_drain_44_buffer_b_43_buffer_a_41_C_data_init_40_0(dace::FIFO<double, 1u, 32u>*, dace::FIFO<double, 1u, 1u>*, dace::FIFO<double, 1u, 70u>*, int)'
remark: /net/myshella/home/grodzki/PyVectors/.dacecache/kernel/src/xilinx/device/kernel_0_0.cpp:167:58: Inlining function 'void dace::FIFO<double, 1u, 1u>::push<double&>(double&)' into 'module_compute_and_drain_44_buffer_b_43_buffer_a_41_C_data_init_40_0(dace::FIFO<double, 1u, 32u>*, dace::FIFO<double, 1u, 1u>*, dace::FIFO<double, 1u, 70u>*, int)'
remark: /net/myshella/home/grodzki/PyVectors/.dacecache/kernel/src/xilinx/device/kernel_0_0.cpp:258:77: Inlining function 'dace::FIFO<double, 1u, 70u>::pop()' into 'module_write_C_51__Mult__12_0(dace::FIFO<double, 1u, 70u>*, double*, double*, double, double*)'
remark: /net/myshella/home/grodzki/PyVectors/.dacecache/kernel/src/xilinx/device/kernel_0_0.cpp:315:31: Inlining function 'dace::FIFO<double, 1u, 32u>::FIFO()' into 'kernel_0_0'
remark: /net/myshella/home/grodzki/PyVectors/.dacecache/kernel/src/xilinx/device/kernel_0_0.cpp:317:30: Inlining function 'dace::FIFO<double, 1u, 1u>::FIFO()' into 'kernel_0_0'
remark: /net/myshella/home/grodzki/PyVectors/.dacecache/kernel/src/xilinx/device/kernel_0_0.cpp:319:31: Inlining function 'dace::FIFO<double, 1u, 70u>::FIFO()' into 'kernel_0_0'
remark: /home/grodzki/.local/lib/python3.10/site-packages/dace/codegen/../external/hlslib/include/hlslib/xilinx/Stream.h:500:9: Adding 'C_pipe' into disaggregation list because there's stream pragma applied on the struct field
remark: /home/grodzki/.local/lib/python3.10/site-packages/dace/codegen/../external/hlslib/include/hlslib/xilinx/Stream.h:500:9: Adding 'B_pipe' into disaggregation list because there's stream pragma applied on the struct field
remark: /home/grodzki/.local/lib/python3.10/site-packages/dace/codegen/../external/hlslib/include/hlslib/xilinx/Stream.h:500:9: Adding 'A_pipe' into disaggregation list because there's stream pragma applied on the struct field
warning: /net/myshella/home/grodzki/PyVectors/.dacecache/kernel/src/xilinx/device/kernel_0_0.cpp:295:0: A depth specification is required for MAXI interface port '__tmp0_0' for cosimulation.
warning: /net/myshella/home/grodzki/PyVectors/.dacecache/kernel/src/xilinx/device/kernel_0_0.cpp:295:0: A depth specification is required for MAXI interface port '__tmp1_0' for cosimulation.
warning: /net/myshella/home/grodzki/PyVectors/.dacecache/kernel/src/xilinx/device/kernel_0_0.cpp:295:0: A depth specification is required for MAXI interface port '__tmp2_0' for cosimulation.
warning: /net/myshella/home/grodzki/PyVectors/.dacecache/kernel/src/xilinx/device/kernel_0_0.cpp:295:0: A depth specification is required for MAXI interface port 'fpga_A_0' for cosimulation.
warning: /net/myshella/home/grodzki/PyVectors/.dacecache/kernel/src/xilinx/device/kernel_0_0.cpp:295:0: A depth specification is required for MAXI interface port 'fpga_B_0' for cosimulation.
warning: /net/myshella/home/grodzki/PyVectors/.dacecache/kernel/src/xilinx/device/kernel_0_0.cpp:295:0: A depth specification is required for MAXI interface port 'fpga_C_0' for cosimulation.
remark: /home/grodzki/.local/lib/python3.10/site-packages/dace/codegen/../external/hlslib/include/hlslib/xilinx/Stream.h:500:9: Adding 'C_pipe' into disaggregation list because there's stream pragma applied on the struct field
remark: /home/grodzki/.local/lib/python3.10/site-packages/dace/codegen/../external/hlslib/include/hlslib/xilinx/Stream.h:500:9: Adding 'B_pipe' into disaggregation list because there's stream pragma applied on the struct field
remark: /home/grodzki/.local/lib/python3.10/site-packages/dace/codegen/../external/hlslib/include/hlslib/xilinx/Stream.h:500:9: Adding 'A_pipe' into disaggregation list because there's stream pragma applied on the struct field
error: /net/myshella/home/grodzki/PyVectors/.dacecache/kernel/src/xilinx/device/kernel_0_0.cpp:329:1: in function 'kernel_0_0': Cannot apply disaggregate pragma/directive on object 'A_pipe' as there is an unresolved Phi node on it
error: /net/myshella/home/grodzki/PyVectors/.dacecache/kernel/src/xilinx/device/kernel_0_0.cpp:329:1: in function 'kernel_0_0': Cannot apply disaggregate pragma/directive on object 'B_pipe' as there is an unresolved Phi node on it
error: /net/myshella/home/grodzki/PyVectors/.dacecache/kernel/src/xilinx/device/kernel_0_0.cpp:329:1: in function 'kernel_0_0': Cannot apply disaggregate pragma/directive on object 'C_pipe' as there is an unresolved Phi node on it
error: Fail to Synthesize.
