INFO-FLOW: Workspace /net/myshella/home/grodzki/PyVectors/.dacecache/kernel/build/_x/kernel_0_0_hw_emu/kernel_0_0/kernel_0_0/solution opened at Wed Nov 20 12:07:10 MST 2024
Execute       send_msg_by_id INFO @200-1505@%s%s  vitis 
INFO: [HLS 200-1505] Using flow_target 'vitis'
Execute       send_msg_by_id INFO @200-435@%s%s 'open_solution -flow_target vitis' config_interface -m_axi_latency=64 
INFO: [HLS 200-435] Setting 'open_solution -flow_target vitis' configuration: config_interface -m_axi_latency=64
Execute       config_interface -m_axi_latency=64 
Execute       send_msg_by_id INFO @200-435@%s%s 'open_solution -flow_target vitis' config_interface -m_axi_alignment_byte_size=64 
INFO: [HLS 200-435] Setting 'open_solution -flow_target vitis' configuration: config_interface -m_axi_alignment_byte_size=64
Execute       config_interface -m_axi_alignment_byte_size=64 
Execute       send_msg_by_id INFO @200-435@%s%s 'open_solution -flow_target vitis' config_interface -m_axi_max_widen_bitwidth=512 
INFO: [HLS 200-435] Setting 'open_solution -flow_target vitis' configuration: config_interface -m_axi_max_widen_bitwidth=512
Execute       config_interface -m_axi_max_widen_bitwidth=512 
INFO-FLOW: Setting macro_cmd open_solution -flow_target vitis configuration: config_interface -default_interface=kernel
Execute       config_interface -default_interface=kernel 
Execute       send_msg_by_id INFO @200-435@%s%s 'open_solution -flow_target vitis' config_rtl -register_reset_num=3 
INFO: [HLS 200-435] Setting 'open_solution -flow_target vitis' configuration: config_rtl -register_reset_num=3
Execute       config_rtl -register_reset_num=3 
Command     open_solution done; 0.4 sec.
Execute     set_part xcu250-figd2104-2L-e 
INFO: [HLS 200-1510] Running: set_part xcu250-figd2104-2L-e 
Execute       create_platform xcu250-figd2104-2L-e -board  
DBG:HLSDevice: Trying to load device library: /home/rasr/pkgs/vitis_2023.1/Vitis_HLS/2023.1/lib/lnx64.o/libxv_hlsvwrap.so
DBG:HLSDevice: first parts/arch.xml in RDI_DATADIR: /home/rasr/pkgs/vitis_2023.1/Vivado/2023.1/data/parts/arch.xml
DBG:HLSDevice: init success
INFO: [HLS 200-1611] Setting target device to 'xcu250-figd2104-2L-e'
Command       create_platform done; 5.51 sec.
Execute       source /home/rasr/pkgs/vitis_2023.1/Vitis_HLS/2023.1/common/technology/xilinx/common/xilinx.gen 
Execute         source /home/rasr/pkgs/vitis_2023.1/Vitis_HLS/2023.1/common/technology/xilinx/interface/plb46.gen 
Execute         source /home/rasr/pkgs/vitis_2023.1/Vitis_HLS/2023.1/common/technology/xilinx/interface/axi4.gen 
Execute         source /home/rasr/pkgs/vitis_2023.1/Vitis_HLS/2023.1/common/technology/xilinx/interface/nativeAXI4.gen 
Execute           source /home/rasr/pkgs/vitis_2023.1/Vitis_HLS/2023.1/common/technology/xilinx/interface/saxilite.gen 
Execute         source /home/rasr/pkgs/vitis_2023.1/Vitis_HLS/2023.1/common/technology/xilinx/scripts/xilinxcoregen.gen 
Execute         source /home/rasr/pkgs/vitis_2023.1/Vitis_HLS/2023.1/common/technology/xilinx/interface/XilEDKCoreGen.gen 
Execute         source /home/rasr/pkgs/vitis_2023.1/Vitis_HLS/2023.1/common/technology/xilinx/ip/xfft.gen 
Execute         source /home/rasr/pkgs/vitis_2023.1/Vitis_HLS/2023.1/common/technology/xilinx/ip/dds_compiler.gen 
Execute         source /home/rasr/pkgs/vitis_2023.1/Vitis_HLS/2023.1/common/technology/xilinx/ip/xfir.gen 
Execute         source /home/rasr/pkgs/vitis_2023.1/Vitis_HLS/2023.1/common/technology/xilinx/ip/util.gen 
Execute         source /home/rasr/pkgs/vitis_2023.1/Vitis_HLS/2023.1/common/technology/xilinx/DSP48/dsp48.gen 
Command       ap_source done; 0.16 sec.
Execute       ap_part_info -name xcu250-figd2104-2L-e -data info 
Execute       config_compile -quiet -complex-mul-dsp=0 
Command     set_part done; 5.83 sec.
Execute     create_clock -period 300.000000MHz -name default 
INFO: [HLS 200-1510] Running: create_clock -period 300.000000MHz -name default 
Execute       ap_set_clock -name default -period 3.333 -unit ns -default=false 
INFO: [SYN 201-201] Setting up clock 'default' with a period of 3.333ns.
Execute     config_dataflow -strict_mode warning 
INFO: [HLS 200-1510] Running: config_dataflow -strict_mode warning 
Execute     config_rtl -deadlock_detection sim 
INFO: [HLS 200-1510] Running: config_rtl -deadlock_detection sim 
Execute     config_interface -m_axi_conservative_mode=1 
INFO: [HLS 200-1510] Running: config_interface -m_axi_conservative_mode=1 
Execute     config_interface -m_axi_addr64 
INFO: [HLS 200-1510] Running: config_interface -m_axi_addr64 
Execute     config_interface -m_axi_auto_max_ports=0 
INFO: [HLS 200-1510] Running: config_interface -m_axi_auto_max_ports=0 
Execute     config_export -format xo -ipname kernel_0_0 
INFO: [HLS 200-1510] Running: config_export -format xo -ipname kernel_0_0 
Execute     source /net/myshella/home/grodzki/PyVectors/.dacecache/kernel/build/kernel_0_0_config.tcl 
Execute       config_compile -pipeline_style frp 
INFO: [HLS 200-1510] Running: config_compile -pipeline_style frp 
Execute     csynth_design 
INFO: [HLS 200-1510] Running: csynth_design 
INFO-FLOW: Running SLX 'csynth' proc: ::SLX::run_csynth
Execute       elaborate -effort=medium -skip_syncheck=0 -keep_printf=0 -skip_cdt=0 -skip_transform=0 -ng=0 -g=0 -opt_fp=0 -from_csynth_design=1 
INFO: [HLS 200-111] Finished File checks and directory preparation: CPU user time: 0.1 seconds. CPU system time: 0.03 seconds. Elapsed time: 0.18 seconds; current allocated memory: 1.079 GB.
Execute         set_directive_top kernel_0_0 -name=kernel_0_0 
Execute         source /home/rasr/pkgs/vitis_2023.1/Vitis_HLS/2023.1/tps/tcl/tcllib1.11.1/yaml/huddle.tcl 
Execute         source /home/rasr/pkgs/vitis_2023.1/Vitis_HLS/2023.1/tps/tcl/tcllib1.11.1/yaml/json2huddle.tcl 
Execute           source /home/rasr/pkgs/vitis_2023.1/Vitis_HLS/2023.1/tps/tcl/tcllib1.11.1/try/try.tcl 
INFO: [HLS 200-10] Analyzing design file '/net/myshella/home/grodzki/PyVectors/.dacecache/kernel/src/xilinx/device/kernel_0_0.cpp' ... 
INFO-FLOW: Compiling one TU...
INFO-FLOW: Handling /net/myshella/home/grodzki/PyVectors/.dacecache/kernel/src/xilinx/device/kernel_0_0.cpp as C++
Execute         ap_part_info -name xcu250-figd2104-2L-e -data info 
INFO-FLOW: Running: GCC PP 39
INFO-FLOW: Source preprocessing
INFO-FLOW: run_clang exec: /home/rasr/pkgs/vitis_2023.1/Vitis_HLS/2023.1/lnx64/tools/clang-3.9-csynth/bin/clang /net/myshella/home/grodzki/PyVectors/.dacecache/kernel/src/xilinx/device/kernel_0_0.cpp -foptimization-record-file=/net/myshella/home/grodzki/PyVectors/.dacecache/kernel/build/_x/kernel_0_0_hw_emu/kernel_0_0/kernel_0_0/solution/.autopilot/db/kernel_0_0.cpp.clang.diag.yml -mllvm -pass-remarks-missed=reflow|pasta|unroll -mllvm -pass-remarks=reflow|pasta|unroll|inline -fno-limit-debug-info -gcc-toolchain /home/rasr/pkgs/vitis_2023.1/Vitis_HLS/2023.1/tps/lnx64/gcc-8.3.0 -fhls -fno-exceptions -insert-hls-directive=/net/myshella/home/grodzki/PyVectors/.dacecache/kernel/build/_x/kernel_0_0_hw_emu/kernel_0_0/kernel_0_0/solution/.autopilot/db/all.directive.json -E -std=c++14 -DDACE_SYNTHESIS -DDACE_XILINX -DDACE_XILINX_DEVICE_CODE -DHLSLIB_SYNTHESIS -DHLSLIB_XILINX -DVITIS_MAJOR_VERSION=2023 -DVITIS_MINOR_VERSION=1 -DVITIS_VERSION=2023.1 -D__VITIS_HLS__ -I/home/grodzki/.local/lib/python3.10/site-packages/dace/codegen/../external/hlslib/include -I/home/grodzki/.local/lib/python3.10/site-packages/dace/codegen/../runtime/include -fno-math-errno -c -emit-llvm -mllvm -disable-llvm-optzns -Werror=implicit-function-declaration -Werror=implicit-hls-streams -Werror=return-type -Wpragmas -Wunused-parameter -Wdump-hls-pragmas -Wno-error=dump-hls-pragmas -fno-threadsafe-statics -fno-use-cxa-atexit -target fpga64-xilinx-linux-gnu -fno-threadsafe-statics -fno-use-cxa-atexit -D__VITIS_HLS__ -DAESL_SYN -D__SYNTHESIS__ -D__HLS_SYN__ -I /home/rasr/pkgs/vitis_2023.1/Vitis_HLS/2023.1/common/technology/autopilot -I /home/rasr/pkgs/vitis_2023.1/Vitis_HLS/2023.1/common/technology/autopilot/ap_sysc -include etc/autopilot_ssdm_op.h -D__DSP48E2__ -I /usr/include/x86_64-linux-gnu -o /net/myshella/home/grodzki/PyVectors/.dacecache/kernel/build/_x/kernel_0_0_hw_emu/kernel_0_0/kernel_0_0/solution/.autopilot/db/kernel_0_0.pp.0.cpp -hls-platform-db-name=/home/rasr/pkgs/vitis_2023.1/Vitis_HLS/2023.1/common/technology/xilinx/common/platform.db -hls-platform-name=virtexuplus_medium -device-resource-info=BRAM_5376.000000_DSP_12288.000000_FF_3456000.000000_LUT_1728000.000000_SLICE_216000.000000_SLR_4.000000_URAM_1280.000000 -device-name-info=xcu250-figd2104-2L-e > /net/myshella/home/grodzki/PyVectors/.dacecache/kernel/build/_x/kernel_0_0_hw_emu/kernel_0_0/kernel_0_0/solution/.autopilot/db/kernel_0_0.cpp.clang.out.log 2> /net/myshella/home/grodzki/PyVectors/.dacecache/kernel/build/_x/kernel_0_0_hw_emu/kernel_0_0/kernel_0_0/solution/.autopilot/db/kernel_0_0.cpp.clang.err.log
INFO-FLOW: Done: GCC PP 39 time: 0.7 seconds per iteration
INFO-FLOW: Source syntax check for synthesis
INFO-FLOW: run_clang exec: /home/rasr/pkgs/vitis_2023.1/Vitis_HLS/2023.1/lnx64/tools/clang-3.9-csynth/bin/clang -foptimization-record-file=/net/myshella/home/grodzki/PyVectors/.dacecache/kernel/build/_x/kernel_0_0_hw_emu/kernel_0_0/kernel_0_0/solution/.autopilot/db/clang.diag.yml -mllvm -pass-remarks-missed=reflow|pasta|unroll -mllvm -pass-remarks=reflow|pasta|unroll|inline -fsyntax-only -fhls -target fpga64-xilinx-linux-gnu /net/myshella/home/grodzki/PyVectors/.dacecache/kernel/build/_x/kernel_0_0_hw_emu/kernel_0_0/kernel_0_0/solution/.autopilot/db/kernel_0_0.pp.0.cpp -hls-platform-db-name=/home/rasr/pkgs/vitis_2023.1/Vitis_HLS/2023.1/common/technology/xilinx/common/platform.db -hls-platform-name=virtexuplus_medium -device-resource-info=BRAM_5376.000000_DSP_12288.000000_FF_3456000.000000_LUT_1728000.000000_SLICE_216000.000000_SLR_4.000000_URAM_1280.000000 -device-name-info=xcu250-figd2104-2L-e > /net/myshella/home/grodzki/PyVectors/.dacecache/kernel/build/_x/kernel_0_0_hw_emu/kernel_0_0/kernel_0_0/solution/.autopilot/db/clang.out.log 2> /net/myshella/home/grodzki/PyVectors/.dacecache/kernel/build/_x/kernel_0_0_hw_emu/kernel_0_0/kernel_0_0/solution/.autopilot/db/clang.err.log
Execute         clang_tidy xilinx-systemc-detector -desc systemc-detector /net/myshella/home/grodzki/PyVectors/.dacecache/kernel/build/_x/kernel_0_0_hw_emu/kernel_0_0/kernel_0_0/solution/.autopilot/db/kernel_0_0.pp.0.cpp std=c++14 -target fpga  -directive=/net/myshella/home/grodzki/PyVectors/.dacecache/kernel/build/_x/kernel_0_0_hw_emu/kernel_0_0/kernel_0_0/solution/.autopilot/db/.systemc_flag 
INFO-FLOW: exec /home/rasr/pkgs/vitis_2023.1/Vitis_HLS/2023.1/lnx64/tools/clang-3.9-csynth/bin/clang-tidy -header-filter=.* --checks=-*,xilinx-systemc-detector -import-directive=/net/myshella/home/grodzki/PyVectors/.dacecache/kernel/build/_x/kernel_0_0_hw_emu/kernel_0_0/kernel_0_0/solution/.autopilot/db/.systemc_flag -fix-errors /net/myshella/home/grodzki/PyVectors/.dacecache/kernel/build/_x/kernel_0_0_hw_emu/kernel_0_0/kernel_0_0/solution/.autopilot/db/kernel_0_0.pp.0.cpp -- -std=c++14 -target fpga -fhls -ferror-limit=0
Command         clang_tidy done; 0.97 sec.
INFO-FLOW: Running: clang-tidy CDT preprocess 39
Execute         clang_tidy xilinx-directive2pragma -desc directive2pragma /net/myshella/home/grodzki/PyVectors/.dacecache/kernel/build/_x/kernel_0_0_hw_emu/kernel_0_0/kernel_0_0/solution/.autopilot/db/kernel_0_0.pp.0.cpp std=c++14 -target fpga  -directive=/net/myshella/home/grodzki/PyVectors/.dacecache/kernel/build/_x/kernel_0_0_hw_emu/kernel_0_0/kernel_0_0/solution/.autopilot/db/all.directive.json 
INFO-FLOW: exec /home/rasr/pkgs/vitis_2023.1/Vitis_HLS/2023.1/lnx64/tools/clang-3.9-csynth/bin/clang-tidy -header-filter=.* --checks=-*,xilinx-directive2pragma -import-directive=/net/myshella/home/grodzki/PyVectors/.dacecache/kernel/build/_x/kernel_0_0_hw_emu/kernel_0_0/kernel_0_0/solution/.autopilot/db/all.directive.json -fix-errors /net/myshella/home/grodzki/PyVectors/.dacecache/kernel/build/_x/kernel_0_0_hw_emu/kernel_0_0/kernel_0_0/solution/.autopilot/db/kernel_0_0.pp.0.cpp -- -std=c++14 -target fpga -fhls -ferror-limit=0
Command         clang_tidy done; 2.56 sec.
INFO-FLOW: Done: clang-tidy CDT preprocess 39 time: 2.6 seconds per iteration
INFO-FLOW: Calling xilinx-label-all-loops ... 
INFO-FLOW: Calling xilinx-aggregate-on-hls-vector ... 
Execute         clang_tidy -errorcheck -desc loop-label xilinx-label-all-loops,xilinx-aggregate-on-hls-vector,,xilinx-warn-mayneed-no-ctor-attribute /net/myshella/home/grodzki/PyVectors/.dacecache/kernel/build/_x/kernel_0_0_hw_emu/kernel_0_0/kernel_0_0/solution/.autopilot/db/kernel_0_0.pp.0.cpp std=c++14 -target fpga  
INFO-FLOW: run_clang exec: /home/rasr/pkgs/vitis_2023.1/Vitis_HLS/2023.1/lnx64/tools/clang-3.9-csynth/bin/clang-tidy -export-fixes=/net/myshella/home/grodzki/PyVectors/.dacecache/kernel/build/_x/kernel_0_0_hw_emu/kernel_0_0/kernel_0_0/solution/.autopilot/db/kernel_0_0.pp.0.cpp.clang-tidy.loop-label.diag.yml -header-filter=.* --checks=-*,xilinx-label-all-loops,xilinx-aggregate-on-hls-vector,,xilinx-warn-mayneed-no-ctor-attribute -fix-errors /net/myshella/home/grodzki/PyVectors/.dacecache/kernel/build/_x/kernel_0_0_hw_emu/kernel_0_0/kernel_0_0/solution/.autopilot/db/kernel_0_0.pp.0.cpp -- -std=c++14 -target fpga -fhls -ferror-limit=0 > /net/myshella/home/grodzki/PyVectors/.dacecache/kernel/build/_x/kernel_0_0_hw_emu/kernel_0_0/kernel_0_0/solution/.autopilot/db/kernel_0_0.pp.0.cpp.clang-tidy.loop-label.out.log 2> /net/myshella/home/grodzki/PyVectors/.dacecache/kernel/build/_x/kernel_0_0_hw_emu/kernel_0_0/kernel_0_0/solution/.autopilot/db/kernel_0_0.pp.0.cpp.clang-tidy.loop-label.err.log
Execute           source /home/rasr/pkgs/vitis_2023.1/Vitis_HLS/2023.1/tps/tcl/tcllib1.11.1/yaml/yaml.tcl 
Command         clang_tidy done; 2.65 sec.
INFO-FLOW: run_clang exec: /home/rasr/pkgs/vitis_2023.1/Vitis_HLS/2023.1/lnx64/tools/clang-3.9-csynth/bin/xilinx-dataflow-lawyer -export-fixes=/net/myshella/home/grodzki/PyVectors/.dacecache/kernel/build/_x/kernel_0_0_hw_emu/kernel_0_0/kernel_0_0/solution/.autopilot/db/kernel_0_0.pp.0.cpp.xilinx-dataflow-lawyer.diag.yml /net/myshella/home/grodzki/PyVectors/.dacecache/kernel/build/_x/kernel_0_0_hw_emu/kernel_0_0/kernel_0_0/solution/.autopilot/db/kernel_0_0.pp.0.cpp -- -std=c++14 -target fpga -fhls -ferror-limit=0 -fstrict-dataflow > /net/myshella/home/grodzki/PyVectors/.dacecache/kernel/build/_x/kernel_0_0_hw_emu/kernel_0_0/kernel_0_0/solution/.autopilot/db/kernel_0_0.pp.0.cpp.xilinx-dataflow-lawyer.out.log 2> /net/myshella/home/grodzki/PyVectors/.dacecache/kernel/build/_x/kernel_0_0_hw_emu/kernel_0_0/kernel_0_0/solution/.autopilot/db/kernel_0_0.pp.0.cpp.xilinx-dataflow-lawyer.err.log
WARNING: [HLS 214-114] Since the only kind of statements allowed in a canonical dataflow region are variable declarations and function calls, the compiler may not be able to correctly handle the region (/net/myshella/home/grodzki/PyVectors/.dacecache/kernel/src/xilinx/device/kernel_0_0.cpp:312:9)
Execute         send_msg_by_id WARNING @200-471@%s%s 1 /net/myshella/home/grodzki/PyVectors/.dacecache/kernel/src/xilinx/device/kernel_0_0.cpp 
WARNING: [HLS 200-471] Dataflow form checks found 1 issue(s) in file /net/myshella/home/grodzki/PyVectors/.dacecache/kernel/src/xilinx/device/kernel_0_0.cpp
Execute         ap_part_info -name xcu250-figd2104-2L-e -data info 
INFO-FLOW: compiling source code to llvm bc
INFO-FLOW: run_clang exec: /home/rasr/pkgs/vitis_2023.1/Vitis_HLS/2023.1/lnx64/tools/clang-3.9-csynth/bin/clang -foptimization-record-file=/net/myshella/home/grodzki/PyVectors/.dacecache/kernel/build/_x/kernel_0_0_hw_emu/kernel_0_0/kernel_0_0/solution/.autopilot/db/kernel_0_0.pp.0.cpp.clang.diag.yml -mllvm -pass-remarks-missed=reflow|pasta|unroll -mllvm -pass-remarks=reflow|pasta|unroll|inline -fno-limit-debug-info -fhls -flto -fno-exceptions -Wno-error=c++11-narrowing /net/myshella/home/grodzki/PyVectors/.dacecache/kernel/build/_x/kernel_0_0_hw_emu/kernel_0_0/kernel_0_0/solution/.autopilot/db/kernel_0_0.pp.0.cpp -std=c++14 -DDACE_SYNTHESIS -DDACE_XILINX -DDACE_XILINX_DEVICE_CODE -DHLSLIB_SYNTHESIS -DHLSLIB_XILINX -DVITIS_MAJOR_VERSION=2023 -DVITIS_MINOR_VERSION=1 -DVITIS_VERSION=2023.1 -D__VITIS_HLS__ -I/home/grodzki/.local/lib/python3.10/site-packages/dace/codegen/../external/hlslib/include -I/home/grodzki/.local/lib/python3.10/site-packages/dace/codegen/../runtime/include -fno-math-errno -c -emit-llvm -mllvm -disable-llvm-optzns -Werror=implicit-function-declaration -Werror=implicit-hls-streams -Werror=return-type -Wpragmas -Wunused-parameter -Wdump-hls-pragmas -Wno-error=dump-hls-pragmas -fno-threadsafe-statics -fno-use-cxa-atexit -target fpga64-xilinx-linux-gnu -D__VITIS_HLS__ -DAESL_SYN -D__SYNTHESIS__ -D__HLS_SYN__ -I /home/rasr/pkgs/vitis_2023.1/Vitis_HLS/2023.1/common/technology/autopilot -I /home/rasr/pkgs/vitis_2023.1/Vitis_HLS/2023.1/common/technology/autopilot/ap_sysc -include etc/autopilot_ssdm_op.h -D__DSP48E2__ -g -o /net/myshella/home/grodzki/PyVectors/.dacecache/kernel/build/_x/kernel_0_0_hw_emu/kernel_0_0/kernel_0_0/solution/.autopilot/db/kernel_0_0.bc -hls-platform-db-name=/home/rasr/pkgs/vitis_2023.1/Vitis_HLS/2023.1/common/technology/xilinx/common/platform.db -hls-platform-name=virtexuplus_medium -device-resource-info=BRAM_5376.000000_DSP_12288.000000_FF_3456000.000000_LUT_1728000.000000_SLICE_216000.000000_SLR_4.000000_URAM_1280.000000 -device-name-info=xcu250-figd2104-2L-e > /net/myshella/home/grodzki/PyVectors/.dacecache/kernel/build/_x/kernel_0_0_hw_emu/kernel_0_0/kernel_0_0/solution/.autopilot/db/kernel_0_0.pp.0.cpp.clang.out.log 2> /net/myshella/home/grodzki/PyVectors/.dacecache/kernel/build/_x/kernel_0_0_hw_emu/kernel_0_0/kernel_0_0/solution/.autopilot/db/kernel_0_0.pp.0.cpp.clang.err.log
WARNING: [HLS 207-5292] unused parameter 'a' (/home/grodzki/.local/lib/python3.10/site-packages/dace/codegen/../runtime/include/dace/reduction.h:499:38)
WARNING: [HLS 207-5292] unused parameter 'fifos' (/home/grodzki/.local/lib/python3.10/site-packages/dace/codegen/../runtime/include/dace/xilinx/stream.h:88:48)
WARNING: [HLS 207-5292] unused parameter 'str' (/home/grodzki/.local/lib/python3.10/site-packages/dace/codegen/../runtime/include/dace/xilinx/stream.h:88:75)
WARNING: [HLS 207-5292] unused parameter 'num' (/home/grodzki/.local/lib/python3.10/site-packages/dace/codegen/../runtime/include/dace/xilinx/stream.h:89:30)
INFO: [HLS 200-111] Finished Source Code Analysis and Preprocessing: CPU user time: 6.95 seconds. CPU system time: 1.36 seconds. Elapsed time: 11.9 seconds; current allocated memory: 1.086 GB.
INFO-FLOW: Linking Debug ...
INFO-FLOW: Linking dut bc code.
Execute         run_link_or_opt -out /net/myshella/home/grodzki/PyVectors/.dacecache/kernel/build/_x/kernel_0_0_hw_emu/kernel_0_0/kernel_0_0/solution/.autopilot/db/a.g.ld.0.bc -args  "/net/myshella/home/grodzki/PyVectors/.dacecache/kernel/build/_x/kernel_0_0_hw_emu/kernel_0_0/kernel_0_0/solution/.autopilot/db/kernel_0_0.g.bc"  
INFO-FLOW: run_clang exec: /home/rasr/pkgs/vitis_2023.1/Vitis_HLS/2023.1/lnx64/tools/clang-3.9-csynth/bin/llvm-link /net/myshella/home/grodzki/PyVectors/.dacecache/kernel/build/_x/kernel_0_0_hw_emu/kernel_0_0/kernel_0_0/solution/.autopilot/db/kernel_0_0.g.bc -o /net/myshella/home/grodzki/PyVectors/.dacecache/kernel/build/_x/kernel_0_0_hw_emu/kernel_0_0/kernel_0_0/solution/.autopilot/db/a.g.ld.0.bc > /net/myshella/home/grodzki/PyVectors/.dacecache/kernel/build/_x/kernel_0_0_hw_emu/kernel_0_0/kernel_0_0/solution/.autopilot/db/a.g.ld.0.bc.llvm-link.out.log 2> /net/myshella/home/grodzki/PyVectors/.dacecache/kernel/build/_x/kernel_0_0_hw_emu/kernel_0_0/kernel_0_0/solution/.autopilot/db/a.g.ld.0.bc.llvm-link.err.log
INFO-FLOW: 
Command         run_link_or_opt done; 0.14 sec.
Execute         run_link_or_opt -opt -out /net/myshella/home/grodzki/PyVectors/.dacecache/kernel/build/_x/kernel_0_0_hw_emu/kernel_0_0/kernel_0_0/solution/.autopilot/db/a.g.ld.1.lower.bc -args /net/myshella/home/grodzki/PyVectors/.dacecache/kernel/build/_x/kernel_0_0_hw_emu/kernel_0_0/kernel_0_0/solution/.autopilot/db/a.g.ld.0.bc -reflow-lower-math-intrinsics 
INFO-FLOW: run_clang exec: /home/rasr/pkgs/vitis_2023.1/Vitis_HLS/2023.1/lnx64/tools/clang-3.9-csynth/bin/opt -pass-remarks-missed=reflow|pasta|unroll -pass-remarks=reflow|pasta|unroll|inline -pass-remarks-output=/net/myshella/home/grodzki/PyVectors/.dacecache/kernel/build/_x/kernel_0_0_hw_emu/kernel_0_0/kernel_0_0/solution/.autopilot/db/a.g.ld.1.lower.bc.opt.diag.yml /net/myshella/home/grodzki/PyVectors/.dacecache/kernel/build/_x/kernel_0_0_hw_emu/kernel_0_0/kernel_0_0/solution/.autopilot/db/a.g.ld.0.bc -reflow-lower-math-intrinsics -o /net/myshella/home/grodzki/PyVectors/.dacecache/kernel/build/_x/kernel_0_0_hw_emu/kernel_0_0/kernel_0_0/solution/.autopilot/db/a.g.ld.1.lower.bc > /net/myshella/home/grodzki/PyVectors/.dacecache/kernel/build/_x/kernel_0_0_hw_emu/kernel_0_0/kernel_0_0/solution/.autopilot/db/a.g.ld.1.lower.bc.opt.out.log 2> /net/myshella/home/grodzki/PyVectors/.dacecache/kernel/build/_x/kernel_0_0_hw_emu/kernel_0_0/kernel_0_0/solution/.autopilot/db/a.g.ld.1.lower.bc.opt.err.log
INFO-FLOW: 
INFO-FLOW: Running: gen_design_size_report post-opt
INFO-FLOW: Done: gen_design_size_report post-opt time: 0 seconds per iteration
Command         run_link_or_opt done; 0.17 sec.
INFO-FLOW: Linking math bc lib
Execute         run_link_or_opt -out /net/myshella/home/grodzki/PyVectors/.dacecache/kernel/build/_x/kernel_0_0_hw_emu/kernel_0_0/kernel_0_0/solution/.autopilot/db/a.g.ld.2.m1.bc -args /net/myshella/home/grodzki/PyVectors/.dacecache/kernel/build/_x/kernel_0_0_hw_emu/kernel_0_0/kernel_0_0/solution/.autopilot/db/a.g.ld.1.lower.bc -only-needed /home/rasr/pkgs/vitis_2023.1/Vitis_HLS/2023.1/lnx64/lib/libhlsm_39.bc /home/rasr/pkgs/vitis_2023.1/Vitis_HLS/2023.1/lnx64/lib/libhlsmc++_39.bc 
INFO-FLOW: run_clang exec: /home/rasr/pkgs/vitis_2023.1/Vitis_HLS/2023.1/lnx64/tools/clang-3.9-csynth/bin/llvm-link /net/myshella/home/grodzki/PyVectors/.dacecache/kernel/build/_x/kernel_0_0_hw_emu/kernel_0_0/kernel_0_0/solution/.autopilot/db/a.g.ld.1.lower.bc -only-needed /home/rasr/pkgs/vitis_2023.1/Vitis_HLS/2023.1/lnx64/lib/libhlsm_39.bc /home/rasr/pkgs/vitis_2023.1/Vitis_HLS/2023.1/lnx64/lib/libhlsmc++_39.bc -o /net/myshella/home/grodzki/PyVectors/.dacecache/kernel/build/_x/kernel_0_0_hw_emu/kernel_0_0/kernel_0_0/solution/.autopilot/db/a.g.ld.2.m1.bc > /net/myshella/home/grodzki/PyVectors/.dacecache/kernel/build/_x/kernel_0_0_hw_emu/kernel_0_0/kernel_0_0/solution/.autopilot/db/a.g.ld.2.m1.bc.llvm-link.out.log 2> /net/myshella/home/grodzki/PyVectors/.dacecache/kernel/build/_x/kernel_0_0_hw_emu/kernel_0_0/kernel_0_0/solution/.autopilot/db/a.g.ld.2.m1.bc.llvm-link.err.log
INFO-FLOW: 
Command         run_link_or_opt done; 2.02 sec.
Execute         run_link_or_opt -opt -out /net/myshella/home/grodzki/PyVectors/.dacecache/kernel/build/_x/kernel_0_0_hw_emu/kernel_0_0/kernel_0_0/solution/.autopilot/db/a.g.ld.3.fpc.bc -args /net/myshella/home/grodzki/PyVectors/.dacecache/kernel/build/_x/kernel_0_0_hw_emu/kernel_0_0/kernel_0_0/solution/.autopilot/db/a.g.ld.2.m1.bc -reflow-globaldce -hls-top-function-name=kernel_0_0 -reflow-float-conversion 
INFO-FLOW: run_clang exec: /home/rasr/pkgs/vitis_2023.1/Vitis_HLS/2023.1/lnx64/tools/clang-3.9-csynth/bin/opt -pass-remarks-missed=reflow|pasta|unroll -pass-remarks=reflow|pasta|unroll|inline -pass-remarks-output=/net/myshella/home/grodzki/PyVectors/.dacecache/kernel/build/_x/kernel_0_0_hw_emu/kernel_0_0/kernel_0_0/solution/.autopilot/db/a.g.ld.3.fpc.bc.opt.diag.yml /net/myshella/home/grodzki/PyVectors/.dacecache/kernel/build/_x/kernel_0_0_hw_emu/kernel_0_0/kernel_0_0/solution/.autopilot/db/a.g.ld.2.m1.bc -reflow-globaldce -hls-top-function-name=kernel_0_0 -reflow-float-conversion -o /net/myshella/home/grodzki/PyVectors/.dacecache/kernel/build/_x/kernel_0_0_hw_emu/kernel_0_0/kernel_0_0/solution/.autopilot/db/a.g.ld.3.fpc.bc > /net/myshella/home/grodzki/PyVectors/.dacecache/kernel/build/_x/kernel_0_0_hw_emu/kernel_0_0/kernel_0_0/solution/.autopilot/db/a.g.ld.3.fpc.bc.opt.out.log 2> /net/myshella/home/grodzki/PyVectors/.dacecache/kernel/build/_x/kernel_0_0_hw_emu/kernel_0_0/kernel_0_0/solution/.autopilot/db/a.g.ld.3.fpc.bc.opt.err.log
INFO-FLOW: 
INFO-FLOW: Running: gen_design_size_report post-opt
INFO-FLOW: Done: gen_design_size_report post-opt time: 0 seconds per iteration
Command         run_link_or_opt done; 0.91 sec.
Execute         run_link_or_opt -out /net/myshella/home/grodzki/PyVectors/.dacecache/kernel/build/_x/kernel_0_0_hw_emu/kernel_0_0/kernel_0_0/solution/.autopilot/db/a.g.ld.4.m2.bc -args /net/myshella/home/grodzki/PyVectors/.dacecache/kernel/build/_x/kernel_0_0_hw_emu/kernel_0_0/kernel_0_0/solution/.autopilot/db/a.g.ld.3.fpc.bc -only-needed /home/rasr/pkgs/vitis_2023.1/Vitis_HLS/2023.1/lnx64/lib/libfloatconversion_39.bc 
INFO-FLOW: run_clang exec: /home/rasr/pkgs/vitis_2023.1/Vitis_HLS/2023.1/lnx64/tools/clang-3.9-csynth/bin/llvm-link /net/myshella/home/grodzki/PyVectors/.dacecache/kernel/build/_x/kernel_0_0_hw_emu/kernel_0_0/kernel_0_0/solution/.autopilot/db/a.g.ld.3.fpc.bc -only-needed /home/rasr/pkgs/vitis_2023.1/Vitis_HLS/2023.1/lnx64/lib/libfloatconversion_39.bc -o /net/myshella/home/grodzki/PyVectors/.dacecache/kernel/build/_x/kernel_0_0_hw_emu/kernel_0_0/kernel_0_0/solution/.autopilot/db/a.g.ld.4.m2.bc > /net/myshella/home/grodzki/PyVectors/.dacecache/kernel/build/_x/kernel_0_0_hw_emu/kernel_0_0/kernel_0_0/solution/.autopilot/db/a.g.ld.4.m2.bc.llvm-link.out.log 2> /net/myshella/home/grodzki/PyVectors/.dacecache/kernel/build/_x/kernel_0_0_hw_emu/kernel_0_0/kernel_0_0/solution/.autopilot/db/a.g.ld.4.m2.bc.llvm-link.err.log
INFO-FLOW: 
Command         run_link_or_opt done; 0.12 sec.
Execute         run_link_or_opt -opt -out /net/myshella/home/grodzki/PyVectors/.dacecache/kernel/build/_x/kernel_0_0_hw_emu/kernel_0_0/kernel_0_0/solution/.autopilot/db/a.g.ld.5.gdce.bc -args /net/myshella/home/grodzki/PyVectors/.dacecache/kernel/build/_x/kernel_0_0_hw_emu/kernel_0_0/kernel_0_0/solution/.autopilot/db/a.g.ld.4.m2.bc -reflow-globaldce -hls-top-function-name=kernel_0_0 
INFO-FLOW: run_clang exec: /home/rasr/pkgs/vitis_2023.1/Vitis_HLS/2023.1/lnx64/tools/clang-3.9-csynth/bin/opt -pass-remarks-missed=reflow|pasta|unroll -pass-remarks=reflow|pasta|unroll|inline -pass-remarks-output=/net/myshella/home/grodzki/PyVectors/.dacecache/kernel/build/_x/kernel_0_0_hw_emu/kernel_0_0/kernel_0_0/solution/.autopilot/db/a.g.ld.5.gdce.bc.opt.diag.yml /net/myshella/home/grodzki/PyVectors/.dacecache/kernel/build/_x/kernel_0_0_hw_emu/kernel_0_0/kernel_0_0/solution/.autopilot/db/a.g.ld.4.m2.bc -reflow-globaldce -hls-top-function-name=kernel_0_0 -o /net/myshella/home/grodzki/PyVectors/.dacecache/kernel/build/_x/kernel_0_0_hw_emu/kernel_0_0/kernel_0_0/solution/.autopilot/db/a.g.ld.5.gdce.bc > /net/myshella/home/grodzki/PyVectors/.dacecache/kernel/build/_x/kernel_0_0_hw_emu/kernel_0_0/kernel_0_0/solution/.autopilot/db/a.g.ld.5.gdce.bc.opt.out.log 2> /net/myshella/home/grodzki/PyVectors/.dacecache/kernel/build/_x/kernel_0_0_hw_emu/kernel_0_0/kernel_0_0/solution/.autopilot/db/a.g.ld.5.gdce.bc.opt.err.log
INFO-FLOW: 
INFO-FLOW: Running: gen_design_size_report post-opt
INFO-FLOW: Done: gen_design_size_report post-opt time: 0 seconds per iteration
Command         run_link_or_opt done; 0.17 sec.
Execute         send_msg_by_id INFO @200-777@%s Vitis 
INFO: [HLS 200-777] Using interface defaults for 'Vitis' flow target.
Execute         is_m_axi_addr64 
INFO-FLOW: Doing LTO.
INFO-FLOW: run_clang (background poll_ms 5000) exec: /home/rasr/pkgs/vitis_2023.1/Vitis_HLS/2023.1/lnx64/tools/clang-3.9-csynth/bin/clang -foptimization-record-file=/net/myshella/home/grodzki/PyVectors/.dacecache/kernel/build/_x/kernel_0_0_hw_emu/kernel_0_0/kernel_0_0/solution/.autopilot/db/a.g.ld.0.bc.clang.reflow.diag.yml -mllvm -pass-remarks-missed=reflow|pasta|unroll -mllvm -pass-remarks=reflow|pasta|unroll|inline -fhls -mllvm -hls-top-function-name=kernel_0_0 -mllvm -hls-db-dir -mllvm /net/myshella/home/grodzki/PyVectors/.dacecache/kernel/build/_x/kernel_0_0_hw_emu/kernel_0_0/kernel_0_0/solution/.autopilot/db -emit-llvm -c -target fpga64-xilinx-none -mllvm -xcl-xmlinfo=/net/myshella/home/grodzki/PyVectors/.dacecache/kernel/build/_x/kernel_0_0_hw_emu/kernel_0_0/kernel_0_0/solution/.autopilot/db/../../../kernel.xml -mllvm -top-io-mapping-info=/net/myshella/home/grodzki/PyVectors/.dacecache/kernel/build/_x/kernel_0_0_hw_emu/kernel_0_0/kernel_0_0/solution/.autopilot/db/top-io-fe.xml -mllvm -hls-bitcode-version=3.1 -mllvm -reflow-enable-slave-interface-default-setting=true -mllvm -gen-kernel-xml=true -mllvm -default-maxi-offset=slave -mllvm -maxi-latency=64 -mllvm -hls-maxi-data-size-in-bits=8 -mllvm -hls-maxi-max-data-size-in-bits=1024 -mllvm -hls-max-widen-size-in-bits=512 -mllvm -xcl-kernel-max-mem-ports=0 -mllvm -maxi-read-trans=16 -mllvm -maxi-write-trans=16 -mllvm -maxi-read-burst-len=16 -mllvm -maxi-write-burst-len=16 -mllvm -reflow-enable-saxi-64bits=0 -mllvm -reflow-basic-block-instr-threshold=200000 -mllvm -reflow-auto-pipeline-threshold=64 -mllvm -reflow-enable-maxi-auto-id-channel=0 -mllvm -enable-fp-thr=0 -mllvm -reflow-bdd-simplify-threshold=1024 -mllvm -reflow-fanout-threshold=16 -mllvm -assume-maxi-align=64 -mllvm -reflow-pipeline-style-llvm-setting=2 -mllvm -reflow-enable-dataflow-strict-mode-checking=1 -ftime-report -mllvm -time-passes -mllvm -reflow-auto-array-partition-mode=default -mllvm -reflow-enable-auto-array-partition=true -mllvm -reflow-enable-auto-parallel-performance-driven=true -mllvm -reflow-enable-partition-for-automation=true -mllvm -reflow-aggregate-bitwidth-threshold=4096 -mllvm -reflow-reserved-saxilite-registers=1024 -mllvm -reflow-assume-no-address-wrap=true -mllvm -reflow-enable-occurrence-inference=true -mllvm -hls -mllvm -disable-inlined-alloca-merging=true -mllvm -enable-reflow-vitis-flow-setting=true -mllvm -default-clock-period=3.333 -x ir /net/myshella/home/grodzki/PyVectors/.dacecache/kernel/build/_x/kernel_0_0_hw_emu/kernel_0_0/kernel_0_0/solution/.autopilot/db/a.g.ld.5.gdce.bc -o /net/myshella/home/grodzki/PyVectors/.dacecache/kernel/build/_x/kernel_0_0_hw_emu/kernel_0_0/kernel_0_0/solution/.autopilot/db/a.g.lto.bc -hls-platform-db-name=/home/rasr/pkgs/vitis_2023.1/Vitis_HLS/2023.1/common/technology/xilinx/common/platform.db -hls-platform-name=virtexuplus_medium -device-resource-info=BRAM_5376.000000_DSP_12288.000000_FF_3456000.000000_LUT_1728000.000000_SLICE_216000.000000_SLR_4.000000_URAM_1280.000000 -device-name-info=xcu250-figd2104-2L-e 2> /net/myshella/home/grodzki/PyVectors/.dacecache/kernel/build/_x/kernel_0_0_hw_emu/kernel_0_0/kernel_0_0/solution/.autopilot/db/a.g.ld.0.bc.clang.reflow.err.log
Execute         send_msg_by_id INFO @200-1995@%s%s%s 794 Compile/Link /net/myshella/home/grodzki/PyVectors/.dacecache/kernel/build/_x/kernel_0_0_hw_emu/kernel_0_0/kernel_0_0/solution/syn/report/csynth_design_size.rpt 
INFO: [HLS 200-1995] There were 794 instructions in the design after the 'Compile/Link' phase of compilation. See the Design Size Report for more details: /net/myshella/home/grodzki/PyVectors/.dacecache/kernel/build/_x/kernel_0_0_hw_emu/kernel_0_0/kernel_0_0/solution/syn/report/csynth_design_size.rpt
INFO: [HLS 214-131] Inlining function 'hlslib::Stream<double, 0ul, (hlslib::Storage)0>::Stream(char const*, unsigned long, hlslib::Storage)' into 'hlslib::Stream<double, 32ul, (hlslib::Storage)0>::Stream(char const*)' (/home/grodzki/.local/lib/python3.10/site-packages/dace/codegen/../external/hlslib/include/hlslib/xilinx/Stream.h:497:36)
INFO: [HLS 214-131] Inlining function 'hlslib::Stream<double, 32ul, (hlslib::Storage)0>::Stream(char const*)' into 'hlslib::Stream<double, 32ul, (hlslib::Storage)0>::Stream()' (/home/grodzki/.local/lib/python3.10/site-packages/dace/codegen/../external/hlslib/include/hlslib/xilinx/Stream.h:493:14)
INFO: [HLS 214-131] Inlining function 'hlslib::Stream<double, 32ul, (hlslib::Storage)0>::Stream()' into 'dace::FIFO<double, 1u, 32u>::FIFO()' (/home/grodzki/.local/lib/python3.10/site-packages/dace/codegen/../runtime/include/dace/xilinx/stream.h:17:12)
INFO: [HLS 214-131] Inlining function 'hlslib::Stream<double, 0ul, (hlslib::Storage)0>::Stream(char const*, unsigned long, hlslib::Storage)' into 'hlslib::Stream<double, 1ul, (hlslib::Storage)0>::Stream(char const*)' (/home/grodzki/.local/lib/python3.10/site-packages/dace/codegen/../external/hlslib/include/hlslib/xilinx/Stream.h:497:36)
INFO: [HLS 214-131] Inlining function 'hlslib::Stream<double, 1ul, (hlslib::Storage)0>::Stream(char const*)' into 'hlslib::Stream<double, 1ul, (hlslib::Storage)0>::Stream()' (/home/grodzki/.local/lib/python3.10/site-packages/dace/codegen/../external/hlslib/include/hlslib/xilinx/Stream.h:493:14)
INFO: [HLS 214-131] Inlining function 'hlslib::Stream<double, 1ul, (hlslib::Storage)0>::Stream()' into 'dace::FIFO<double, 1u, 1u>::FIFO()' (/home/grodzki/.local/lib/python3.10/site-packages/dace/codegen/../runtime/include/dace/xilinx/stream.h:17:12)
INFO: [HLS 214-131] Inlining function 'hlslib::Stream<double, 0ul, (hlslib::Storage)0>::Stream(char const*, unsigned long, hlslib::Storage)' into 'hlslib::Stream<double, 70ul, (hlslib::Storage)0>::Stream(char const*)' (/home/grodzki/.local/lib/python3.10/site-packages/dace/codegen/../external/hlslib/include/hlslib/xilinx/Stream.h:497:36)
INFO: [HLS 214-131] Inlining function 'hlslib::Stream<double, 70ul, (hlslib::Storage)0>::Stream(char const*)' into 'hlslib::Stream<double, 70ul, (hlslib::Storage)0>::Stream()' (/home/grodzki/.local/lib/python3.10/site-packages/dace/codegen/../external/hlslib/include/hlslib/xilinx/Stream.h:493:14)
INFO: [HLS 214-131] Inlining function 'hlslib::Stream<double, 70ul, (hlslib::Storage)0>::Stream()' into 'dace::FIFO<double, 1u, 70u>::FIFO()' (/home/grodzki/.local/lib/python3.10/site-packages/dace/codegen/../runtime/include/dace/xilinx/stream.h:17:12)
INFO: [HLS 214-131] Inlining function 'hlslib::Stream<double, 0ul, (hlslib::Storage)0>::WriteBlocking(double const&, unsigned long)' into 'hlslib::Stream<double, 0ul, (hlslib::Storage)0>::WriteBlocking(double const&)' (/home/grodzki/.local/lib/python3.10/site-packages/dace/codegen/../external/hlslib/include/hlslib/xilinx/Stream.h:277:2)
INFO: [HLS 214-131] Inlining function 'hlslib::Stream<double, 0ul, (hlslib::Storage)0>::WriteBlocking(double const&)' into 'void dace::FIFO<double, 1u, 32u>::push_blocking<double&>(double&)' (/home/grodzki/.local/lib/python3.10/site-packages/dace/codegen/../runtime/include/dace/xilinx/stream.h:49:10)
INFO: [HLS 214-131] Inlining function 'void dace::FIFO<double, 1u, 32u>::push_blocking<double&>(double&)' into 'void dace::FIFO<double, 1u, 32u>::push<double&>(double&)' (/home/grodzki/.local/lib/python3.10/site-packages/dace/codegen/../runtime/include/dace/xilinx/stream.h:55:2)
INFO: [HLS 214-131] Inlining function 'void dace::FIFO<double, 1u, 32u>::push<double&>(double&)' into 'module__Mult__7_0(dace::FIFO<double, 1u, 32u>*, double*, double, double*)' (/net/myshella/home/grodzki/PyVectors/.dacecache/kernel/src/xilinx/device/kernel_0_0.cpp:50:47)
INFO: [HLS 214-131] Inlining function 'hlslib::Stream<double, 0ul, (hlslib::Storage)0>::WriteBlocking(double const&)' into 'void dace::FIFO<double, 1u, 1u>::push_blocking<double&>(double&)' (/home/grodzki/.local/lib/python3.10/site-packages/dace/codegen/../runtime/include/dace/xilinx/stream.h:49:10)
INFO: [HLS 214-131] Inlining function 'void dace::FIFO<double, 1u, 1u>::push_blocking<double&>(double&)' into 'void dace::FIFO<double, 1u, 1u>::push<double&>(double&)' (/home/grodzki/.local/lib/python3.10/site-packages/dace/codegen/../runtime/include/dace/xilinx/stream.h:55:2)
INFO: [HLS 214-131] Inlining function 'void dace::FIFO<double, 1u, 1u>::push<double&>(double&)' into 'module_init_dummy_B_25_read_B_27_0(dace::FIFO<double, 1u, 1u>*, double*)' (/net/myshella/home/grodzki/PyVectors/.dacecache/kernel/src/xilinx/device/kernel_0_0.cpp:90:39)
INFO: [HLS 214-131] Inlining function 'hlslib::Stream<double, 0ul, (hlslib::Storage)0>::ReadBlocking()' into 'dace::FIFO<double, 1u, 32u>::pop_blocking()' (/home/grodzki/.local/lib/python3.10/site-packages/dace/codegen/../runtime/include/dace/xilinx/stream.h:33:17)
INFO: [HLS 214-131] Inlining function 'dace::FIFO<double, 1u, 32u>::pop_blocking()' into 'dace::FIFO<double, 1u, 32u>::pop()' (/home/grodzki/.local/lib/python3.10/site-packages/dace/codegen/../runtime/include/dace/xilinx/stream.h:38:9)
INFO: [HLS 214-131] Inlining function 'hlslib::Stream<double, 0ul, (hlslib::Storage)0>::ReadBlocking()' into 'dace::FIFO<double, 1u, 1u>::pop_blocking()' (/home/grodzki/.local/lib/python3.10/site-packages/dace/codegen/../runtime/include/dace/xilinx/stream.h:33:17)
INFO: [HLS 214-131] Inlining function 'dace::FIFO<double, 1u, 1u>::pop_blocking()' into 'dace::FIFO<double, 1u, 1u>::pop()' (/home/grodzki/.local/lib/python3.10/site-packages/dace/codegen/../runtime/include/dace/xilinx/stream.h:38:9)
INFO: [HLS 214-131] Inlining function 'hlslib::Stream<double, 0ul, (hlslib::Storage)0>::ReadBlocking()' into 'dace::FIFO<double, 1u, 70u>::pop_blocking()' (/home/grodzki/.local/lib/python3.10/site-packages/dace/codegen/../runtime/include/dace/xilinx/stream.h:33:17)
INFO: [HLS 214-131] Inlining function 'dace::FIFO<double, 1u, 70u>::pop_blocking()' into 'dace::FIFO<double, 1u, 70u>::pop()' (/home/grodzki/.local/lib/python3.10/site-packages/dace/codegen/../runtime/include/dace/xilinx/stream.h:38:9)
INFO: [HLS 214-131] Inlining function 'hlslib::Stream<double, 0ul, (hlslib::Storage)0>::WriteBlocking(double const&)' into 'void dace::FIFO<double, 1u, 70u>::push_blocking<double&>(double&)' (/home/grodzki/.local/lib/python3.10/site-packages/dace/codegen/../runtime/include/dace/xilinx/stream.h:49:10)
INFO: [HLS 214-131] Inlining function 'void dace::FIFO<double, 1u, 70u>::push_blocking<double&>(double&)' into 'void dace::FIFO<double, 1u, 70u>::push<double>(double&&)' (/home/grodzki/.local/lib/python3.10/site-packages/dace/codegen/../runtime/include/dace/xilinx/stream.h:55:2)
INFO: [HLS 214-131] Inlining function 'dace::FIFO<double, 1u, 32u>::pop()' into 'module_compute_and_drain_44_buffer_b_43_buffer_a_41_C_data_init_40_0(dace::FIFO<double, 1u, 32u>*, dace::FIFO<double, 1u, 1u>*, dace::FIFO<double, 1u, 70u>*, int)' (/net/myshella/home/grodzki/PyVectors/.dacecache/kernel/src/xilinx/device/kernel_0_0.cpp:135:69)
INFO: [HLS 214-131] Inlining function 'void dace::FIFO<double, 1u, 70u>::push<double>(double&&)' into 'module_compute_and_drain_44_buffer_b_43_buffer_a_41_C_data_init_40_0(dace::FIFO<double, 1u, 32u>*, dace::FIFO<double, 1u, 1u>*, dace::FIFO<double, 1u, 70u>*, int)' (/net/myshella/home/grodzki/PyVectors/.dacecache/kernel/src/xilinx/device/kernel_0_0.cpp:170:165)
INFO: [HLS 214-131] Inlining function 'dace::FIFO<double, 1u, 1u>::pop()' into 'module_compute_and_drain_44_buffer_b_43_buffer_a_41_C_data_init_40_0(dace::FIFO<double, 1u, 32u>*, dace::FIFO<double, 1u, 1u>*, dace::FIFO<double, 1u, 70u>*, int)' (/net/myshella/home/grodzki/PyVectors/.dacecache/kernel/src/xilinx/device/kernel_0_0.cpp:146:69)
INFO: [HLS 214-131] Inlining function 'dace::FIFO<double, 1u, 70u>::pop()' into 'module_compute_and_drain_44_buffer_b_43_buffer_a_41_C_data_init_40_0(dace::FIFO<double, 1u, 32u>*, dace::FIFO<double, 1u, 1u>*, dace::FIFO<double, 1u, 70u>*, int)' (/net/myshella/home/grodzki/PyVectors/.dacecache/kernel/src/xilinx/device/kernel_0_0.cpp:170:253)
INFO: [HLS 214-131] Inlining function 'void dace::FIFO<double, 1u, 1u>::push<double&>(double&)' into 'module_compute_and_drain_44_buffer_b_43_buffer_a_41_C_data_init_40_0(dace::FIFO<double, 1u, 32u>*, dace::FIFO<double, 1u, 1u>*, dace::FIFO<double, 1u, 70u>*, int)' (/net/myshella/home/grodzki/PyVectors/.dacecache/kernel/src/xilinx/device/kernel_0_0.cpp:167:58)
INFO: [HLS 214-131] Inlining function 'dace::FIFO<double, 1u, 70u>::pop()' into 'module_write_C_51__Mult__12_0(dace::FIFO<double, 1u, 70u>*, double*, double*, double, double*)' (/net/myshella/home/grodzki/PyVectors/.dacecache/kernel/src/xilinx/device/kernel_0_0.cpp:258:77)
INFO: [HLS 214-131] Inlining function 'dace::FIFO<double, 1u, 32u>::FIFO()' into 'kernel_0_0' (/net/myshella/home/grodzki/PyVectors/.dacecache/kernel/src/xilinx/device/kernel_0_0.cpp:315:31)
INFO: [HLS 214-131] Inlining function 'dace::FIFO<double, 1u, 1u>::FIFO()' into 'kernel_0_0' (/net/myshella/home/grodzki/PyVectors/.dacecache/kernel/src/xilinx/device/kernel_0_0.cpp:317:30)
INFO: [HLS 214-131] Inlining function 'dace::FIFO<double, 1u, 70u>::FIFO()' into 'kernel_0_0' (/net/myshella/home/grodzki/PyVectors/.dacecache/kernel/src/xilinx/device/kernel_0_0.cpp:319:31)
WARNING: [HLS 214-386] A depth specification is required for MAXI interface port '__tmp0_0' for cosimulation. (/net/myshella/home/grodzki/PyVectors/.dacecache/kernel/src/xilinx/device/kernel_0_0.cpp:295:0)
WARNING: [HLS 214-386] A depth specification is required for MAXI interface port '__tmp1_0' for cosimulation. (/net/myshella/home/grodzki/PyVectors/.dacecache/kernel/src/xilinx/device/kernel_0_0.cpp:295:0)
WARNING: [HLS 214-386] A depth specification is required for MAXI interface port '__tmp2_0' for cosimulation. (/net/myshella/home/grodzki/PyVectors/.dacecache/kernel/src/xilinx/device/kernel_0_0.cpp:295:0)
WARNING: [HLS 214-386] A depth specification is required for MAXI interface port 'fpga_A_0' for cosimulation. (/net/myshella/home/grodzki/PyVectors/.dacecache/kernel/src/xilinx/device/kernel_0_0.cpp:295:0)
WARNING: [HLS 214-386] A depth specification is required for MAXI interface port 'fpga_B_0' for cosimulation. (/net/myshella/home/grodzki/PyVectors/.dacecache/kernel/src/xilinx/device/kernel_0_0.cpp:295:0)
WARNING: [HLS 214-386] A depth specification is required for MAXI interface port 'fpga_C_0' for cosimulation. (/net/myshella/home/grodzki/PyVectors/.dacecache/kernel/src/xilinx/device/kernel_0_0.cpp:295:0)
INFO: [HLS 214-377] Adding 'C_pipe' into disaggregation list because there's stream pragma applied on the struct field (/home/grodzki/.local/lib/python3.10/site-packages/dace/codegen/../external/hlslib/include/hlslib/xilinx/Stream.h:500:9)
INFO: [HLS 214-377] Adding 'B_pipe' into disaggregation list because there's stream pragma applied on the struct field (/home/grodzki/.local/lib/python3.10/site-packages/dace/codegen/../external/hlslib/include/hlslib/xilinx/Stream.h:500:9)
INFO: [HLS 214-377] Adding 'A_pipe' into disaggregation list because there's stream pragma applied on the struct field (/home/grodzki/.local/lib/python3.10/site-packages/dace/codegen/../external/hlslib/include/hlslib/xilinx/Stream.h:500:9)
ERROR: [HLS 214-177] in function 'kernel_0_0': Cannot apply disaggregate pragma/directive on object 'A_pipe' as there is an unresolved Phi node on it (/net/myshella/home/grodzki/PyVectors/.dacecache/kernel/src/xilinx/device/kernel_0_0.cpp:329:1)
ERROR: [HLS 214-177] in function 'kernel_0_0': Cannot apply disaggregate pragma/directive on object 'B_pipe' as there is an unresolved Phi node on it (/net/myshella/home/grodzki/PyVectors/.dacecache/kernel/src/xilinx/device/kernel_0_0.cpp:329:1)
ERROR: [HLS 214-177] in function 'kernel_0_0': Cannot apply disaggregate pragma/directive on object 'C_pipe' as there is an unresolved Phi node on it (/net/myshella/home/grodzki/PyVectors/.dacecache/kernel/src/xilinx/device/kernel_0_0.cpp:329:1)
Execute         send_msg_by_id ERROR @200-1715@ 
ERROR: [HLS 200-1715] Encountered problem during source synthesis
INFO-FLOW: Error in clang_39: 
INFO-FLOW: Caught error in elaborate: Pre-synthesis failed.
    while executing
"AP::ap_link_39 [::AP::get_bc_list  $dbgInfo] $skip_transform $LLVMFlags $dbgInfo"
    (procedure "AP::compile_dut_files_39" line 58)
    invoked from within
"AP::compile_dut_files_39 $dut_files $dbgInfo $skip_cdt $skip_transform"
    (procedure "AP::compile" line 103)
    invoked from within
"AP::compile 1 $skip_cdt $skip_transform"
    (procedure "ap_internal_elaborate" line 83)
    invoked from within
"ap_internal_elaborate "
Command       elaborate done; error code: 2; 22.69 sec.
INFO-FLOW: Caught error in csynth_design: Pre-synthesis failed.
    while executing
"ap_internal_csynth_design "
Command     csynth_design done; error code: 2; 22.84 sec.
INFO: [HLS 200-111] Finished Command csynth_design CPU user time: 10.21 seconds. CPU system time: 2.17 seconds. Elapsed time: 22.84 seconds; current allocated memory: 7.898 MB.
Command   ap_source done; error code: 1; 29.45 sec.
Execute   cleanup_all 
